10:59:50.660 [main                     ] DEBUG GameApplication      - Logger initialized
10:59:50.683 [main                     ] DEBUG GameApplication      - Logging settings
Title: Whack a teacher
Version: 1.0
Width: 1024
Height: 768
Fullscreen: false
Intro: false
Menus: false
Profiling: false
Single step:false
App Mode: DEVELOPER
Menu Key: ESCAPE
Stage Style: DECORATED
Scene Factory: class com.almasb.fxgl.app.SceneFactory
Dialog Factory: class com.almasb.fxgl.ui.FXGLDialogFactory
UI Factory: class com.almasb.fxgl.ui.FXGLUIFactory

10:59:50.950 [JavaFX Application Thread] DEBUG Engine               - Initializing FXGL
10:59:50.950 [JavaFX Application Thread] INFO  Engine               - FXGL-11.7 (05.01.2020 09.46) on WINDOWS (J:11.0.4 FX:10.0.2-internal)
10:59:50.950 [JavaFX Application Thread] INFO  Engine               - Source code and latest versions at: https://github.com/AlmasB/FXGL
10:59:50.951 [JavaFX Application Thread] INFO  Engine               -              Join the FXGL chat at: https://gitter.im/AlmasB/FXGL
10:59:50.951 [JavaFX Application Thread] DEBUG Engine               - Initializing environment variables
10:59:50.956 [JavaFX Application Thread] DEBUG Engine               - Logging environment variables
10:59:50.957 [JavaFX Application Thread] DEBUG Engine               - achievements: []
10:59:50.957 [JavaFX Application Thread] DEBUG Engine               - sceneStack: com.almasb.fxgl.app.Engine@74dbe66a
10:59:50.957 [JavaFX Application Thread] DEBUG Engine               - language: ObjectProperty [value: ENGLISH]
10:59:50.958 [JavaFX Application Thread] DEBUG Engine               - isCloseConfirmation: false
10:59:50.958 [JavaFX Application Thread] DEBUG Engine               - isProfilingEnabled: false
10:59:50.958 [JavaFX Application Thread] DEBUG Engine               - soundNotification: core/notification.wav
10:59:50.958 [JavaFX Application Thread] DEBUG Engine               - devShowBBoxProperty: BooleanProperty [value: false]
10:59:50.960 [JavaFX Application Thread] DEBUG Engine               - pixelsPerMeter: 50.0
10:59:50.961 [JavaFX Application Thread] DEBUG Engine               - overlayRoot: Group@28b4bf40
10:59:50.961 [JavaFX Application Thread] DEBUG Engine               - appIcon: fxgl_icon.png
10:59:50.961 [JavaFX Application Thread] DEBUG Engine               - soundMenuBack: menu/back.wav
10:59:50.961 [JavaFX Application Thread] DEBUG Engine               - isFullScreenAllowed: false
10:59:50.961 [JavaFX Application Thread] DEBUG Engine               - isIntroEnabled: false
10:59:50.961 [JavaFX Application Thread] DEBUG Engine               - eventBus: com.almasb.fxgl.event.EventBus@5bd2981a
10:59:50.962 [JavaFX Application Thread] DEBUG Engine               - fontMono: lucida_console.ttf
10:59:50.962 [JavaFX Application Thread] DEBUG Engine               - soundMenuSelect: menu/select.wav
10:59:50.962 [JavaFX Application Thread] DEBUG Engine               - isWindows: true
10:59:50.962 [JavaFX Application Thread] DEBUG Engine               - isMobile: false
10:59:50.962 [JavaFX Application Thread] DEBUG Engine               - height: 768
10:59:50.962 [JavaFX Application Thread] DEBUG Engine               - isExperimentalNative: false
10:59:50.962 [JavaFX Application Thread] DEBUG Engine               - cSSList: [fxgl_dark.css]
10:59:50.962 [JavaFX Application Thread] DEBUG Engine               - isSingleStep: false
10:59:50.962 [JavaFX Application Thread] DEBUG Engine               - fontGame: Abel-Regular.ttf
10:59:50.962 [JavaFX Application Thread] DEBUG Engine               - menuKey: ESCAPE
10:59:50.963 [JavaFX Application Thread] DEBUG Engine               - devShowPositionProperty: BooleanProperty [value: false]
10:59:50.963 [JavaFX Application Thread] DEBUG Engine               - versionCheckDays: 7
10:59:50.963 [JavaFX Application Thread] DEBUG Engine               - masterTimer: com.almasb.fxgl.time.Timer@7091ddbc
10:59:50.963 [JavaFX Application Thread] DEBUG Engine               - configClass: Optional.empty
10:59:50.963 [JavaFX Application Thread] DEBUG Engine               - isFullScreenFromStart: false
10:59:50.963 [JavaFX Application Thread] DEBUG Engine               - version: 1.0
10:59:50.963 [JavaFX Application Thread] DEBUG Engine               - fullScreen: BooleanProperty [value: false]
10:59:50.963 [JavaFX Application Thread] DEBUG Engine               - randomSeed: -1
10:59:50.963 [JavaFX Application Thread] DEBUG Engine               - dialogFactory: com.almasb.fxgl.ui.FXGLDialogFactory@51d2e9d
10:59:50.963 [JavaFX Application Thread] DEBUG Engine               - applicationMode: DEVELOPER
10:59:50.963 [JavaFX Application Thread] DEBUG Engine               - isMac: false
10:59:50.963 [JavaFX Application Thread] DEBUG Engine               - urlGoogleForms: https://goo.gl/forms/6wrMnOBxTE1fEpOy2
10:59:50.964 [JavaFX Application Thread] DEBUG Engine               - isMenuEnabled: false
10:59:50.964 [JavaFX Application Thread] DEBUG Engine               - profileName: user.profile
10:59:50.964 [JavaFX Application Thread] DEBUG Engine               - urlPOM: https://raw.githubusercontent.com/AlmasB/FXGL/master/pom.xml
10:59:50.964 [JavaFX Application Thread] DEBUG Engine               - notificationViewClass: class com.almasb.fxgl.notification.view.XboxNotificationView
10:59:50.964 [JavaFX Application Thread] DEBUG Engine               - devSensorColorProperty: ObjectProperty [value: 0xffff00ff]
10:59:50.964 [JavaFX Application Thread] DEBUG Engine               - sceneFactory: com.almasb.fxgl.app.SceneFactory@8decfc1
10:59:50.964 [JavaFX Application Thread] DEBUG Engine               - dataFileExt: .dat
10:59:50.964 [JavaFX Application Thread] DEBUG Engine               - stageStyle: DECORATED
10:59:50.964 [JavaFX Application Thread] DEBUG Engine               - isManualResizeEnabled: false
10:59:50.964 [JavaFX Application Thread] DEBUG Engine               - title: Whack a teacher
10:59:50.964 [JavaFX Application Thread] DEBUG Engine               - platform: WINDOWS
10:59:50.964 [JavaFX Application Thread] DEBUG Engine               - devBBoxColorProperty: ObjectProperty [value: 0xff0000ff]
10:59:50.965 [JavaFX Application Thread] DEBUG Engine               - isDesktop: true
10:59:50.965 [JavaFX Application Thread] DEBUG Engine               - credits: []
10:59:50.965 [JavaFX Application Thread] DEBUG Engine               - globalMusicVolumeProperty: DoubleProperty [value: 0.5]
10:59:50.965 [JavaFX Application Thread] DEBUG Engine               - isPreserveResizeRatio: false
10:59:50.965 [JavaFX Application Thread] DEBUG Engine               - uIFactory: com.almasb.fxgl.ui.FXGLUIFactory@47839488
10:59:50.965 [JavaFX Application Thread] DEBUG Engine               - fontText: Courier-Prime.ttf
10:59:50.965 [JavaFX Application Thread] DEBUG Engine               - isExperimentalTiledLargeMap: false
10:59:50.965 [JavaFX Application Thread] DEBUG Engine               - secondsIn24h: 60
10:59:50.965 [JavaFX Application Thread] DEBUG Engine               - runtimeInfo: RuntimeInfo(platform=WINDOWS, version=11.7, build=05.01.2020 09.46)
10:59:50.965 [JavaFX Application Thread] DEBUG Engine               - isLinux: false
10:59:50.965 [JavaFX Application Thread] DEBUG Engine               - soundMenuPress: menu/press.wav
10:59:50.966 [JavaFX Application Thread] DEBUG Engine               - urlGithub: https://github.com/AlmasB/FXGL
10:59:50.966 [JavaFX Application Thread] DEBUG Engine               - profileDir: profiles/
10:59:50.966 [JavaFX Application Thread] DEBUG Engine               - isDeveloperMenuEnabled: false
10:59:50.966 [JavaFX Application Thread] DEBUG Engine               - globalSoundVolumeProperty: DoubleProperty [value: 0.5]
10:59:50.966 [JavaFX Application Thread] DEBUG Engine               - isBrowser: false
10:59:50.966 [JavaFX Application Thread] DEBUG Engine               - globalSoundVolume: 0.5
10:59:50.966 [JavaFX Application Thread] DEBUG Engine               - urlLeaderboard: http://fxgl-top.herokuapp.com/
10:59:50.966 [JavaFX Application Thread] DEBUG Engine               - saveDir: saves/
10:59:50.966 [JavaFX Application Thread] DEBUG Engine               - engineServices: [class com.almasb.fxgl.audio.AudioPlayer, class com.almasb.fxgl.notification.impl.NotificationServiceProvider, class com.almasb.fxgl.achievement.AchievementManager, class com.almasb.fxgl.cutscene.CutsceneService, class com.almasb.fxgl.minigames.MiniGameService]
10:59:50.966 [JavaFX Application Thread] DEBUG Engine               - globalMusicVolume: 0.5
10:59:50.966 [JavaFX Application Thread] DEBUG Engine               - width: 1024
10:59:50.967 [JavaFX Application Thread] DEBUG Engine               - saveFileExt: .sav
10:59:50.967 [JavaFX Application Thread] DEBUG Engine               - isAndroid: false
10:59:50.967 [JavaFX Application Thread] DEBUG Engine               - fontUI: VarelaRound-Regular.ttf
10:59:50.967 [JavaFX Application Thread] DEBUG Engine               - enabledMenuItems: []
10:59:50.967 [JavaFX Application Thread] DEBUG Engine               - isIOS: false
10:59:50.970 [JavaFX Application Thread] DEBUG Engine               - Adding new engine service: class com.almasb.fxgl.audio.AudioPlayer
10:59:50.970 [JavaFX Application Thread] DEBUG Engine               - Adding new engine service: class com.almasb.fxgl.notification.impl.NotificationServiceProvider
10:59:50.971 [JavaFX Application Thread] DEBUG Engine               - Adding new engine service: class com.almasb.fxgl.achievement.AchievementManager
10:59:50.971 [JavaFX Application Thread] DEBUG Engine               - Adding new engine service: class com.almasb.fxgl.cutscene.CutsceneService
10:59:50.971 [JavaFX Application Thread] DEBUG Engine               - Adding new engine service: class com.almasb.fxgl.minigames.MiniGameService
10:59:50.974 [JavaFX Application Thread] DEBUG Engine               - Loading localizations
10:59:50.976 [JavaFX Application Thread] DEBUG AssetLoader          - Loading from file system: /assets/properties/languages/english.properties
10:59:50.978 [JavaFX Application Thread] DEBUG AssetLoader          - Loading from file system: /assets/properties/languages/french.properties
10:59:50.979 [JavaFX Application Thread] DEBUG AssetLoader          - Loading from file system: /assets/properties/languages/german.properties
10:59:50.980 [JavaFX Application Thread] DEBUG AssetLoader          - Loading from file system: /assets/properties/languages/russian.properties
10:59:50.981 [JavaFX Application Thread] DEBUG AssetLoader          - Loading from file system: /assets/properties/languages/hungarian.properties
10:59:50.982 [JavaFX Application Thread] DEBUG Engine               - Registering font factories
10:59:50.982 [JavaFX Application Thread] DEBUG AssetLoader          - Loading from file system: /assets/ui/fonts/VarelaRound-Regular.ttf
10:59:51.254 [JavaFX Application Thread] DEBUG AssetLoader          - Loading from file system: /assets/ui/fonts/Abel-Regular.ttf
10:59:51.265 [JavaFX Application Thread] DEBUG AssetLoader          - Loading from file system: /assets/ui/fonts/lucida_console.ttf
10:59:51.277 [JavaFX Application Thread] DEBUG AssetLoader          - Loading from file system: /assets/ui/fonts/Courier-Prime.ttf
10:59:51.289 [JavaFX Application Thread] DEBUG Engine               - Setting UI factory
10:59:51.395 [JavaFX Application Thread] DEBUG AssetLoader          - Loading from file system: /assets/textures/fxgl_logo.png
10:59:51.493 [JavaFX Application Thread] DEBUG MainWindow           - Creating a JavaFX scene
10:59:51.536 [JavaFX Application Thread] DEBUG MainWindow           - Target settings size: 1024.0 x 768.0
10:59:51.537 [JavaFX Application Thread] DEBUG MainWindow           - Scaled scene size:    1024.0 x 768.0
10:59:51.537 [JavaFX Application Thread] DEBUG MainWindow           - Scaled ratio: (1.0, 1.0)
10:59:51.539 [JavaFX Application Thread] DEBUG MainWindow           - Set initial scene to FXGLStartupScene
10:59:51.550 [JavaFX Application Thread] DEBUG AssetLoader          - Loading from file system: /assets/textures/fxgl_icon.png
10:59:51.584 [JavaFX Application Thread] DEBUG Engine               - Applying CSS: fxgl_dark.css
10:59:51.585 [JavaFX Application Thread] DEBUG AssetLoader          - Loading from file system: /assets/ui/css/fxgl_dark.css
10:59:51.588 [JavaFX Application Thread] DEBUG AssetLoader          - Loading from file system: /assets/ui/cursors/fxgl_default.png
10:59:51.590 [JavaFX Application Thread] DEBUG MainWindow           - Opening main window
10:59:51.754 [JavaFX Application Thread] DEBUG MainWindow           - Window border size: (14.4000244140625, 37.5999755859375)
10:59:51.754 [JavaFX Application Thread] DEBUG MainWindow           - Scaled size: 1024.0 x 768.0
10:59:51.755 [JavaFX Application Thread] DEBUG MainWindow           - Scaled ratio: (1.0, 1.0)
10:59:51.755 [JavaFX Application Thread] DEBUG MainWindow           - Scene size: 1024.0 x 768.0
10:59:51.755 [JavaFX Application Thread] DEBUG MainWindow           - Stage size: 1038.4000244140625 x 805.5999755859375
10:59:51.768 [FXGL Background Thread 1 ] DEBUG FS                   - Loaded FSServiceImpl
10:59:51.768 [FXGL Background Thread 1 ] DEBUG Engine               - Loading FXGL system data
10:59:51.773 [FXGL Background Thread 1 ] DEBUG FSServiceImpl        - Reading from: C:\Users\mikpe\IdeaProjects\Whack_A_Teacher\system\fxgl.bundle
10:59:51.784 [FXGL Background Thread 1 ] DEBUG Engine               - Bundle FXGL: {}
10:59:51.784 [FXGL Background Thread 1 ] DEBUG Engine               - Initializing application scenes
10:59:51.814 [FXGL Background Thread 1 ] DEBUG GameWorld            - Game world initialized
10:59:51.868 [FXGL Background Thread 1 ] DEBUG PhysicsWorld         - Physics world initialized: appHeight=768, physics.ppm=50,0
10:59:51.871 [FXGL Background Thread 1 ] DEBUG GameScene            - Game scene initialized: 1024x768
10:59:51.905 [FXGL Background Thread 1 ] DEBUG Input                - Registered new binding: Resume - Esc
10:59:51.905 [FXGL Background Thread 1 ] DEBUG AssetLoader          - Loading from file system: /assets/textures/pause_menu_bg.png
10:59:51.928 [FXGL Background Thread 1 ] DEBUG Input                - Registered new binding: Pause - Esc
10:59:51.928 [FXGL Background Thread 1 ] DEBUG Engine               - Application scenes initialized
10:59:51.935 [JavaFX Application Thread] DEBUG Engine               - Running preInit()
10:59:51.936 [JavaFX Application Thread] DEBUG Input                - Registered new binding: Screenshot - P
10:59:51.936 [JavaFX Application Thread] DEBUG Input                - Registered new binding: System info dump - CTRL+9
10:59:51.936 [JavaFX Application Thread] DEBUG Input                - Registered new binding: Restart - CTRL+R
10:59:51.936 [JavaFX Application Thread] DEBUG Engine               - generateDefaultProfile()
10:59:51.937 [JavaFX Application Thread] DEBUG Engine               - Creating default profile
10:59:51.937 [JavaFX Application Thread] DEBUG EventBus             - Firing event: SaveEvent
10:59:51.950 [JavaFX Application Thread] INFO  Engine               - FXGL initialization took: 0,976 sec
10:59:51.950 [JavaFX Application Thread] DEBUG LoopRunner           - Starting loop
10:59:51.964 [JavaFX Application Thread] DEBUG FXGLStartupScene     - STARTUP
10:59:51.964 [JavaFX Application Thread] DEBUG Engine               - Starting new game
10:59:51.971 [JavaFX Application Thread] DEBUG Input                - Clearing active input actions
10:59:51.971 [FXGL Background Thread 1 ] DEBUG InitAppTask          - Clearing previous game
10:59:51.971 [FXGL Background Thread 1 ] DEBUG GameWorld            - Clearing game world
10:59:51.971 [FXGL Background Thread 1 ] DEBUG PhysicsWorld         - Clearing physics world
10:59:51.971 [FXGL Background Thread 1 ] DEBUG GameScene            - Clearing game scene
10:59:51.971 [FXGL Background Thread 1 ] DEBUG InitAppTask          - Initializing Game
10:59:51.973 [FXGL Background Thread 1 ] DEBUG AssetLoader          - Loading from file system: /assets/textures/background.png
10:59:51.984 [JavaFX Application Thread] DEBUG Engine               - Removing overlay from FXGLStartupScene and adding to LoadingScene
10:59:51.985 [JavaFX Application Thread] DEBUG MainWindow           - FXGLStartupScene -> LoadingScene
10:59:51.994 [FXGL Background Thread 1 ] DEBUG AssetLoader          - Loading from file system: /assets/textures/hammer.jpg
10:59:52.009 [FXGL Background Thread 1 ] DEBUG AssetLoader          - Loading from file system: /assets/music/BHT.mp3
10:59:52.131 [FXGL Background Thread 1 ] DEBUG AudioPlayer          - Playing music com.almasb.fxgl.audio.Music@6f3cc544
10:59:52.132 [FXGL Background Thread 1 ] DEBUG InitAppTask          - Initializing Physics
10:59:52.134 [FXGL Background Thread 1 ] DEBUG InitAppTask          - Initializing UI
10:59:52.134 [FXGL Background Thread 1 ] DEBUG InitAppTask          - Initialization Complete
10:59:52.134 [FXGL Background Thread 1 ] INFO  InitAppTask          - Game initialization took: 0,163 sec
10:59:52.137 [JavaFX Application Thread] DEBUG Input                - Clearing active input actions
10:59:52.145 [JavaFX Application Thread] DEBUG Engine               - Removing overlay from LoadingScene and adding to GameScene
10:59:52.146 [JavaFX Application Thread] DEBUG MainWindow           - LoadingScene -> GameScene
10:59:53.946 [JavaFX Application Thread] DEBUG AssetLoader          - Loading from file system: /assets/textures/anders.jpg
10:59:54.509 [JavaFX Application Thread] DEBUG AssetLoader          - Loading from file system: /assets/sounds/slap.wav
10:59:54.873 [JavaFX Application Thread] DEBUG AssetLoader          - Loading from file system: /assets/textures/andras.jpg
10:59:55.353 [JavaFX Application Thread] DEBUG AssetLoader          - Loading from cache: /assets/sounds/slap.wav
10:59:55.768 [JavaFX Application Thread] DEBUG AssetLoader          - Loading from cache: /assets/textures/anders.jpg
10:59:56.184 [JavaFX Application Thread] DEBUG AssetLoader          - Loading from cache: /assets/sounds/slap.wav
10:59:57.513 [JavaFX Application Thread] DEBUG AssetLoader          - Loading from file system: /assets/textures/karsten.jpg
10:59:57.529 [JavaFX Application Thread] DEBUG AssetLoader          - Loading from cache: /assets/textures/andras.jpg
10:59:57.544 [JavaFX Application Thread] DEBUG AssetLoader          - Loading from cache: /assets/textures/anders.jpg
10:59:58.025 [JavaFX Application Thread] DEBUG AssetLoader          - Loading from cache: /assets/sounds/slap.wav
10:59:58.026 [JavaFX Application Thread] DEBUG AssetLoader          - Loading from cache: /assets/sounds/slap.wav
10:59:58.280 [JavaFX Application Thread] DEBUG AssetLoader          - Loading from cache: /assets/sounds/slap.wav
10:59:59.401 [JavaFX Application Thread] DEBUG AssetLoader          - Loading from cache: /assets/textures/anders.jpg
10:59:59.770 [JavaFX Application Thread] DEBUG AssetLoader          - Loading from cache: /assets/sounds/slap.wav
11:00:00.276 [JavaFX Application Thread] DEBUG AssetLoader          - Loading from cache: /assets/textures/andras.jpg
11:00:00.745 [JavaFX Application Thread] DEBUG AssetLoader          - Loading from cache: /assets/sounds/slap.wav
11:00:01.192 [JavaFX Application Thread] DEBUG AssetLoader          - Loading from cache: /assets/textures/anders.jpg
11:00:01.625 [JavaFX Application Thread] DEBUG AssetLoader          - Loading from cache: /assets/sounds/slap.wav
11:00:02.858 [JavaFX Application Thread] DEBUG AssetLoader          - Loading from cache: /assets/textures/karsten.jpg
11:00:02.865 [JavaFX Application Thread] DEBUG AssetLoader          - Loading from cache: /assets/textures/andras.jpg
11:00:02.889 [JavaFX Application Thread] DEBUG AssetLoader          - Loading from cache: /assets/textures/anders.jpg
11:00:03.384 [JavaFX Application Thread] DEBUG AssetLoader          - Loading from cache: /assets/sounds/slap.wav
11:00:03.641 [JavaFX Application Thread] DEBUG AssetLoader          - Loading from cache: /assets/sounds/slap.wav
11:00:03.658 [JavaFX Application Thread] DEBUG AssetLoader          - Loading from cache: /assets/sounds/slap.wav
11:00:04.729 [JavaFX Application Thread] DEBUG AssetLoader          - Loading from cache: /assets/textures/anders.jpg
11:00:05.465 [JavaFX Application Thread] DEBUG AssetLoader          - Loading from cache: /assets/sounds/slap.wav
11:00:05.675 [JavaFX Application Thread] DEBUG AssetLoader          - Loading from cache: /assets/textures/andras.jpg
11:00:06.184 [JavaFX Application Thread] DEBUG AssetLoader          - Loading from cache: /assets/sounds/slap.wav
11:00:06.634 [JavaFX Application Thread] DEBUG AssetLoader          - Loading from cache: /assets/textures/anders.jpg
11:00:07.080 [JavaFX Application Thread] DEBUG AssetLoader          - Loading from cache: /assets/sounds/slap.wav
11:00:08.225 [JavaFX Application Thread] DEBUG AssetLoader          - Loading from cache: /assets/textures/karsten.jpg
11:00:08.249 [JavaFX Application Thread] DEBUG AssetLoader          - Loading from cache: /assets/textures/andras.jpg
11:00:08.281 [JavaFX Application Thread] DEBUG AssetLoader          - Loading from cache: /assets/textures/anders.jpg
11:00:08.728 [JavaFX Application Thread] DEBUG AssetLoader          - Loading from cache: /assets/sounds/slap.wav
11:00:09.352 [JavaFX Application Thread] DEBUG AssetLoader          - Loading from cache: /assets/sounds/slap.wav
11:00:09.385 [JavaFX Application Thread] DEBUG AssetLoader          - Loading from cache: /assets/sounds/slap.wav
11:00:10.107 [JavaFX Application Thread] DEBUG AssetLoader          - Loading from cache: /assets/textures/anders.jpg
11:00:10.713 [JavaFX Application Thread] DEBUG AssetLoader          - Loading from cache: /assets/sounds/slap.wav
11:00:11.017 [JavaFX Application Thread] DEBUG AssetLoader          - Loading from cache: /assets/textures/andras.jpg
11:00:11.464 [JavaFX Application Thread] DEBUG AssetLoader          - Loading from cache: /assets/sounds/slap.wav
11:00:11.912 [JavaFX Application Thread] DEBUG AssetLoader          - Loading from cache: /assets/textures/anders.jpg
11:00:12.426 [JavaFX Application Thread] DEBUG AssetLoader          - Loading from cache: /assets/sounds/slap.wav
11:00:13.658 [JavaFX Application Thread] DEBUG AssetLoader          - Loading from cache: /assets/textures/karsten.jpg
11:00:13.689 [JavaFX Application Thread] DEBUG AssetLoader          - Loading from cache: /assets/textures/andras.jpg
11:00:13.736 [JavaFX Application Thread] DEBUG AssetLoader          - Loading from cache: /assets/textures/anders.jpg
11:00:14.089 [JavaFX Application Thread] DEBUG AssetLoader          - Loading from cache: /assets/sounds/slap.wav
11:00:14.104 [JavaFX Application Thread] DEBUG AssetLoader          - Loading from cache: /assets/sounds/slap.wav
11:00:14.442 [JavaFX Application Thread] DEBUG AssetLoader          - Loading from cache: /assets/sounds/slap.wav
11:00:15.529 [JavaFX Application Thread] DEBUG AssetLoader          - Loading from cache: /assets/textures/anders.jpg
11:00:15.833 [JavaFX Application Thread] DEBUG AssetLoader          - Loading from cache: /assets/sounds/slap.wav
11:00:16.394 [JavaFX Application Thread] DEBUG AssetLoader          - Loading from cache: /assets/textures/andras.jpg
11:00:16.889 [JavaFX Application Thread] DEBUG AssetLoader          - Loading from cache: /assets/sounds/slap.wav
11:00:17.385 [JavaFX Application Thread] DEBUG AssetLoader          - Loading from cache: /assets/textures/anders.jpg
11:00:17.834 [JavaFX Application Thread] DEBUG AssetLoader          - Loading from cache: /assets/sounds/slap.wav
11:00:19.051 [JavaFX Application Thread] DEBUG AssetLoader          - Loading from cache: /assets/textures/karsten.jpg
11:00:19.114 [JavaFX Application Thread] DEBUG AssetLoader          - Loading from cache: /assets/textures/andras.jpg
11:00:19.176 [JavaFX Application Thread] DEBUG AssetLoader          - Loading from cache: /assets/textures/anders.jpg
11:00:19.753 [JavaFX Application Thread] DEBUG AssetLoader          - Loading from cache: /assets/sounds/slap.wav
11:00:19.768 [JavaFX Application Thread] DEBUG AssetLoader          - Loading from cache: /assets/sounds/slap.wav
11:00:19.784 [JavaFX Application Thread] DEBUG AssetLoader          - Loading from cache: /assets/sounds/slap.wav
11:00:21.048 [JavaFX Application Thread] DEBUG AssetLoader          - Loading from cache: /assets/textures/anders.jpg
11:00:21.595 [JavaFX Application Thread] DEBUG AssetLoader          - Loading from cache: /assets/sounds/slap.wav
11:00:21.930 [JavaFX Application Thread] DEBUG AssetLoader          - Loading from cache: /assets/textures/andras.jpg
11:00:22.490 [JavaFX Application Thread] DEBUG AssetLoader          - Loading from cache: /assets/sounds/slap.wav
11:00:22.970 [JavaFX Application Thread] DEBUG AssetLoader          - Loading from cache: /assets/textures/anders.jpg
11:00:23.528 [JavaFX Application Thread] DEBUG AssetLoader          - Loading from cache: /assets/sounds/slap.wav
11:00:24.634 [JavaFX Application Thread] DEBUG AssetLoader          - Loading from cache: /assets/textures/karsten.jpg
11:00:24.698 [JavaFX Application Thread] DEBUG AssetLoader          - Loading from cache: /assets/textures/andras.jpg
11:00:24.777 [JavaFX Application Thread] DEBUG AssetLoader          - Loading from cache: /assets/textures/anders.jpg
11:00:25.449 [JavaFX Application Thread] DEBUG AssetLoader          - Loading from cache: /assets/sounds/slap.wav
11:00:25.512 [JavaFX Application Thread] DEBUG AssetLoader          - Loading from cache: /assets/sounds/slap.wav
11:00:25.593 [JavaFX Application Thread] DEBUG AssetLoader          - Loading from cache: /assets/sounds/slap.wav
11:00:26.730 [JavaFX Application Thread] DEBUG AssetLoader          - Loading from cache: /assets/textures/anders.jpg
11:00:27.368 [JavaFX Application Thread] DEBUG AssetLoader          - Loading from cache: /assets/sounds/slap.wav
11:00:27.539 [JavaFX Application Thread] DEBUG AssetLoader          - Loading from cache: /assets/textures/andras.jpg
11:00:28.137 [JavaFX Application Thread] DEBUG AssetLoader          - Loading from cache: /assets/sounds/slap.wav
11:00:28.555 [JavaFX Application Thread] DEBUG AssetLoader          - Loading from cache: /assets/textures/anders.jpg
11:00:29.081 [JavaFX Application Thread] DEBUG AssetLoader          - Loading from cache: /assets/sounds/slap.wav
11:00:30.122 [JavaFX Application Thread] DEBUG AssetLoader          - Loading from cache: /assets/textures/karsten.jpg
11:00:30.201 [JavaFX Application Thread] DEBUG AssetLoader          - Loading from cache: /assets/textures/andras.jpg
11:00:30.297 [JavaFX Application Thread] DEBUG AssetLoader          - Loading from cache: /assets/textures/anders.jpg
11:00:31.322 [JavaFX Application Thread] DEBUG AssetLoader          - Loading from cache: /assets/sounds/slap.wav
11:00:31.608 [JavaFX Application Thread] DEBUG AssetLoader          - Loading from cache: /assets/sounds/slap.wav
11:00:31.913 [JavaFX Application Thread] DEBUG AssetLoader          - Loading from cache: /assets/sounds/slap.wav
11:00:32.265 [JavaFX Application Thread] DEBUG AssetLoader          - Loading from cache: /assets/textures/anders.jpg
11:00:32.713 [JavaFX Application Thread] DEBUG AssetLoader          - Loading from cache: /assets/sounds/slap.wav
11:00:33.105 [JavaFX Application Thread] DEBUG AssetLoader          - Loading from cache: /assets/textures/andras.jpg
11:00:33.497 [JavaFX Application Thread] DEBUG AssetLoader          - Loading from cache: /assets/sounds/slap.wav
11:00:34.153 [JavaFX Application Thread] DEBUG AssetLoader          - Loading from cache: /assets/textures/anders.jpg
11:00:34.556 [JavaFX Application Thread] DEBUG AssetLoader          - Loading from cache: /assets/sounds/slap.wav
11:00:35.785 [JavaFX Application Thread] DEBUG AssetLoader          - Loading from cache: /assets/textures/karsten.jpg
11:00:35.882 [JavaFX Application Thread] DEBUG AssetLoader          - Loading from cache: /assets/textures/andras.jpg
11:00:35.993 [JavaFX Application Thread] DEBUG AssetLoader          - Loading from cache: /assets/textures/anders.jpg
11:00:36.297 [JavaFX Application Thread] DEBUG AssetLoader          - Loading from cache: /assets/sounds/slap.wav
11:00:36.408 [JavaFX Application Thread] DEBUG AssetLoader          - Loading from cache: /assets/sounds/slap.wav
11:00:36.537 [JavaFX Application Thread] DEBUG AssetLoader          - Loading from cache: /assets/sounds/slap.wav
11:00:37.801 [JavaFX Application Thread] DEBUG AssetLoader          - Loading from cache: /assets/textures/anders.jpg
11:00:38.297 [JavaFX Application Thread] DEBUG AssetLoader          - Loading from cache: /assets/sounds/slap.wav
11:00:38.632 [JavaFX Application Thread] DEBUG AssetLoader          - Loading from cache: /assets/textures/andras.jpg
11:00:39.096 [JavaFX Application Thread] DEBUG AssetLoader          - Loading from cache: /assets/sounds/slap.wav
11:00:39.658 [JavaFX Application Thread] DEBUG AssetLoader          - Loading from cache: /assets/textures/anders.jpg
11:00:40.088 [JavaFX Application Thread] DEBUG AssetLoader          - Loading from cache: /assets/sounds/slap.wav
11:00:41.241 [JavaFX Application Thread] DEBUG AssetLoader          - Loading from cache: /assets/textures/karsten.jpg
11:00:41.385 [JavaFX Application Thread] DEBUG AssetLoader          - Loading from cache: /assets/textures/andras.jpg
11:00:41.514 [JavaFX Application Thread] DEBUG AssetLoader          - Loading from cache: /assets/textures/anders.jpg
11:00:41.610 [JavaFX Application Thread] DEBUG AssetLoader          - Loading from cache: /assets/sounds/slap.wav
11:00:41.626 [JavaFX Application Thread] DEBUG AssetLoader          - Loading from cache: /assets/sounds/slap.wav
11:00:41.705 [JavaFX Application Thread] DEBUG AssetLoader          - Loading from cache: /assets/sounds/slap.wav
11:00:42.918 [JavaFX Application Thread] DEBUG Engine               - Exiting FXGL
11:00:42.918 [JavaFX Application Thread] DEBUG Engine               - Shutting down background threads
11:00:42.918 [JavaFX Application Thread] DEBUG Engine               - Saving FXGL system data
11:00:42.921 [JavaFX Application Thread] DEBUG FSServiceImpl        - Writing to: C:\Users\mikpe\IdeaProjects\Whack_A_Teacher\system\fxgl.bundle
11:00:42.925 [JavaFX Application Thread] DEBUG Engine               - Closing logger and exiting JavaFX
