10:44:54.885 [main                     ] DEBUG GameApplication      - Logger initialized
10:44:54.915 [main                     ] DEBUG GameApplication      - Logging settings
Title: Whack a teacher
Version: 1.0
Width: 800
Height: 800
Fullscreen: false
Intro: false
Menus: false
Profiling: false
Single step:false
App Mode: DEVELOPER
Menu Key: ESCAPE
Stage Style: DECORATED
Scene Factory: class com.almasb.fxgl.app.SceneFactory
Dialog Factory: class com.almasb.fxgl.ui.FXGLDialogFactory
UI Factory: class com.almasb.fxgl.ui.FXGLUIFactory

10:44:55.153 [JavaFX Application Thread] DEBUG Engine               - Initializing FXGL
10:44:55.153 [JavaFX Application Thread] INFO  Engine               - FXGL-11.7 (05.01.2020 09.46) on WINDOWS (J:11.0.4 FX:10.0.2-internal)
10:44:55.153 [JavaFX Application Thread] INFO  Engine               - Source code and latest versions at: https://github.com/AlmasB/FXGL
10:44:55.153 [JavaFX Application Thread] INFO  Engine               -              Join the FXGL chat at: https://gitter.im/AlmasB/FXGL
10:44:55.154 [JavaFX Application Thread] DEBUG Engine               - Initializing environment variables
10:44:55.158 [JavaFX Application Thread] DEBUG Engine               - Logging environment variables
10:44:55.158 [JavaFX Application Thread] DEBUG Engine               - achievements: []
10:44:55.158 [JavaFX Application Thread] DEBUG Engine               - sceneStack: com.almasb.fxgl.app.Engine@372898c8
10:44:55.158 [JavaFX Application Thread] DEBUG Engine               - isCloseConfirmation: false
10:44:55.158 [JavaFX Application Thread] DEBUG Engine               - language: ObjectProperty [value: ENGLISH]
10:44:55.158 [JavaFX Application Thread] DEBUG Engine               - isProfilingEnabled: false
10:44:55.159 [JavaFX Application Thread] DEBUG Engine               - soundNotification: core/notification.wav
10:44:55.159 [JavaFX Application Thread] DEBUG Engine               - devShowBBoxProperty: BooleanProperty [value: false]
10:44:55.160 [JavaFX Application Thread] DEBUG Engine               - pixelsPerMeter: 50.0
10:44:55.160 [JavaFX Application Thread] DEBUG Engine               - overlayRoot: Group@35262d6a
10:44:55.160 [JavaFX Application Thread] DEBUG Engine               - appIcon: fxgl_icon.png
10:44:55.160 [JavaFX Application Thread] DEBUG Engine               - soundMenuBack: menu/back.wav
10:44:55.160 [JavaFX Application Thread] DEBUG Engine               - isFullScreenAllowed: false
10:44:55.160 [JavaFX Application Thread] DEBUG Engine               - isIntroEnabled: false
10:44:55.160 [JavaFX Application Thread] DEBUG Engine               - eventBus: com.almasb.fxgl.event.EventBus@795e84ac
10:44:55.160 [JavaFX Application Thread] DEBUG Engine               - fontMono: lucida_console.ttf
10:44:55.161 [JavaFX Application Thread] DEBUG Engine               - soundMenuSelect: menu/select.wav
10:44:55.161 [JavaFX Application Thread] DEBUG Engine               - isWindows: true
10:44:55.161 [JavaFX Application Thread] DEBUG Engine               - isMobile: false
10:44:55.161 [JavaFX Application Thread] DEBUG Engine               - height: 800
10:44:55.161 [JavaFX Application Thread] DEBUG Engine               - isExperimentalNative: false
10:44:55.161 [JavaFX Application Thread] DEBUG Engine               - cSSList: [fxgl_dark.css]
10:44:55.161 [JavaFX Application Thread] DEBUG Engine               - isSingleStep: false
10:44:55.161 [JavaFX Application Thread] DEBUG Engine               - fontGame: Abel-Regular.ttf
10:44:55.161 [JavaFX Application Thread] DEBUG Engine               - menuKey: ESCAPE
10:44:55.162 [JavaFX Application Thread] DEBUG Engine               - devShowPositionProperty: BooleanProperty [value: false]
10:44:55.162 [JavaFX Application Thread] DEBUG Engine               - versionCheckDays: 7
10:44:55.162 [JavaFX Application Thread] DEBUG Engine               - masterTimer: com.almasb.fxgl.time.Timer@a43bd97
10:44:55.162 [JavaFX Application Thread] DEBUG Engine               - configClass: Optional.empty
10:44:55.162 [JavaFX Application Thread] DEBUG Engine               - isFullScreenFromStart: false
10:44:55.162 [JavaFX Application Thread] DEBUG Engine               - version: 1.0
10:44:55.162 [JavaFX Application Thread] DEBUG Engine               - fullScreen: BooleanProperty [value: false]
10:44:55.162 [JavaFX Application Thread] DEBUG Engine               - randomSeed: -1
10:44:55.162 [JavaFX Application Thread] DEBUG Engine               - dialogFactory: com.almasb.fxgl.ui.FXGLDialogFactory@591da70f
10:44:55.162 [JavaFX Application Thread] DEBUG Engine               - applicationMode: DEVELOPER
10:44:55.162 [JavaFX Application Thread] DEBUG Engine               - isMac: false
10:44:55.162 [JavaFX Application Thread] DEBUG Engine               - urlGoogleForms: https://goo.gl/forms/6wrMnOBxTE1fEpOy2
10:44:55.163 [JavaFX Application Thread] DEBUG Engine               - isMenuEnabled: false
10:44:55.163 [JavaFX Application Thread] DEBUG Engine               - urlPOM: https://raw.githubusercontent.com/AlmasB/FXGL/master/pom.xml
10:44:55.163 [JavaFX Application Thread] DEBUG Engine               - profileName: user.profile
10:44:55.163 [JavaFX Application Thread] DEBUG Engine               - notificationViewClass: class com.almasb.fxgl.notification.view.XboxNotificationView
10:44:55.163 [JavaFX Application Thread] DEBUG Engine               - devSensorColorProperty: ObjectProperty [value: 0xffff00ff]
10:44:55.163 [JavaFX Application Thread] DEBUG Engine               - sceneFactory: com.almasb.fxgl.app.SceneFactory@5dd48c3b
10:44:55.163 [JavaFX Application Thread] DEBUG Engine               - dataFileExt: .dat
10:44:55.163 [JavaFX Application Thread] DEBUG Engine               - stageStyle: DECORATED
10:44:55.163 [JavaFX Application Thread] DEBUG Engine               - isManualResizeEnabled: false
10:44:55.163 [JavaFX Application Thread] DEBUG Engine               - title: Whack a teacher
10:44:55.164 [JavaFX Application Thread] DEBUG Engine               - platform: WINDOWS
10:44:55.164 [JavaFX Application Thread] DEBUG Engine               - devBBoxColorProperty: ObjectProperty [value: 0xff0000ff]
10:44:55.164 [JavaFX Application Thread] DEBUG Engine               - isDesktop: true
10:44:55.164 [JavaFX Application Thread] DEBUG Engine               - credits: []
10:44:55.164 [JavaFX Application Thread] DEBUG Engine               - globalMusicVolumeProperty: DoubleProperty [value: 0.5]
10:44:55.164 [JavaFX Application Thread] DEBUG Engine               - uIFactory: com.almasb.fxgl.ui.FXGLUIFactory@502218c9
10:44:55.164 [JavaFX Application Thread] DEBUG Engine               - isPreserveResizeRatio: false
10:44:55.164 [JavaFX Application Thread] DEBUG Engine               - fontText: Courier-Prime.ttf
10:44:55.164 [JavaFX Application Thread] DEBUG Engine               - isExperimentalTiledLargeMap: false
10:44:55.164 [JavaFX Application Thread] DEBUG Engine               - secondsIn24h: 60
10:44:55.164 [JavaFX Application Thread] DEBUG Engine               - runtimeInfo: RuntimeInfo(platform=WINDOWS, version=11.7, build=05.01.2020 09.46)
10:44:55.164 [JavaFX Application Thread] DEBUG Engine               - isLinux: false
10:44:55.165 [JavaFX Application Thread] DEBUG Engine               - soundMenuPress: menu/press.wav
10:44:55.165 [JavaFX Application Thread] DEBUG Engine               - urlGithub: https://github.com/AlmasB/FXGL
10:44:55.165 [JavaFX Application Thread] DEBUG Engine               - profileDir: profiles/
10:44:55.165 [JavaFX Application Thread] DEBUG Engine               - isDeveloperMenuEnabled: false
10:44:55.165 [JavaFX Application Thread] DEBUG Engine               - globalSoundVolumeProperty: DoubleProperty [value: 0.5]
10:44:55.165 [JavaFX Application Thread] DEBUG Engine               - isBrowser: false
10:44:55.165 [JavaFX Application Thread] DEBUG Engine               - globalSoundVolume: 0.5
10:44:55.165 [JavaFX Application Thread] DEBUG Engine               - urlLeaderboard: http://fxgl-top.herokuapp.com/
10:44:55.165 [JavaFX Application Thread] DEBUG Engine               - saveDir: saves/
10:44:55.165 [JavaFX Application Thread] DEBUG Engine               - engineServices: [class com.almasb.fxgl.audio.AudioPlayer, class com.almasb.fxgl.notification.impl.NotificationServiceProvider, class com.almasb.fxgl.achievement.AchievementManager, class com.almasb.fxgl.cutscene.CutsceneService, class com.almasb.fxgl.minigames.MiniGameService]
10:44:55.165 [JavaFX Application Thread] DEBUG Engine               - globalMusicVolume: 0.5
10:44:55.165 [JavaFX Application Thread] DEBUG Engine               - width: 800
10:44:55.165 [JavaFX Application Thread] DEBUG Engine               - saveFileExt: .sav
10:44:55.166 [JavaFX Application Thread] DEBUG Engine               - isAndroid: false
10:44:55.166 [JavaFX Application Thread] DEBUG Engine               - fontUI: VarelaRound-Regular.ttf
10:44:55.166 [JavaFX Application Thread] DEBUG Engine               - enabledMenuItems: []
10:44:55.166 [JavaFX Application Thread] DEBUG Engine               - isIOS: false
10:44:55.168 [JavaFX Application Thread] DEBUG Engine               - Adding new engine service: class com.almasb.fxgl.audio.AudioPlayer
10:44:55.169 [JavaFX Application Thread] DEBUG Engine               - Adding new engine service: class com.almasb.fxgl.notification.impl.NotificationServiceProvider
10:44:55.169 [JavaFX Application Thread] DEBUG Engine               - Adding new engine service: class com.almasb.fxgl.achievement.AchievementManager
10:44:55.170 [JavaFX Application Thread] DEBUG Engine               - Adding new engine service: class com.almasb.fxgl.cutscene.CutsceneService
10:44:55.170 [JavaFX Application Thread] DEBUG Engine               - Adding new engine service: class com.almasb.fxgl.minigames.MiniGameService
10:44:55.172 [JavaFX Application Thread] DEBUG Engine               - Loading localizations
10:44:55.174 [JavaFX Application Thread] DEBUG AssetLoader          - Loading from file system: /assets/properties/languages/english.properties
10:44:55.176 [JavaFX Application Thread] DEBUG AssetLoader          - Loading from file system: /assets/properties/languages/french.properties
10:44:55.177 [JavaFX Application Thread] DEBUG AssetLoader          - Loading from file system: /assets/properties/languages/german.properties
10:44:55.178 [JavaFX Application Thread] DEBUG AssetLoader          - Loading from file system: /assets/properties/languages/russian.properties
10:44:55.178 [JavaFX Application Thread] DEBUG AssetLoader          - Loading from file system: /assets/properties/languages/hungarian.properties
10:44:55.180 [JavaFX Application Thread] DEBUG Engine               - Registering font factories
10:44:55.180 [JavaFX Application Thread] DEBUG AssetLoader          - Loading from file system: /assets/ui/fonts/VarelaRound-Regular.ttf
10:44:55.407 [JavaFX Application Thread] DEBUG AssetLoader          - Loading from file system: /assets/ui/fonts/Abel-Regular.ttf
10:44:55.415 [JavaFX Application Thread] DEBUG AssetLoader          - Loading from file system: /assets/ui/fonts/lucida_console.ttf
10:44:55.425 [JavaFX Application Thread] DEBUG AssetLoader          - Loading from file system: /assets/ui/fonts/Courier-Prime.ttf
10:44:55.433 [JavaFX Application Thread] DEBUG Engine               - Setting UI factory
10:44:55.498 [JavaFX Application Thread] DEBUG AssetLoader          - Loading from file system: /assets/textures/fxgl_logo.png
10:44:55.546 [JavaFX Application Thread] DEBUG MainWindow           - Creating a JavaFX scene
10:44:55.583 [JavaFX Application Thread] DEBUG MainWindow           - Target settings size: 800.0 x 800.0
10:44:55.583 [JavaFX Application Thread] DEBUG MainWindow           - Scaled scene size:    800.0 x 800.0
10:44:55.583 [JavaFX Application Thread] DEBUG MainWindow           - Scaled ratio: (1.0, 1.0)
10:44:55.585 [JavaFX Application Thread] DEBUG MainWindow           - Set initial scene to FXGLStartupScene
10:44:55.590 [JavaFX Application Thread] DEBUG AssetLoader          - Loading from file system: /assets/textures/fxgl_icon.png
10:44:55.602 [JavaFX Application Thread] DEBUG Engine               - Applying CSS: fxgl_dark.css
10:44:55.602 [JavaFX Application Thread] DEBUG AssetLoader          - Loading from file system: /assets/ui/css/fxgl_dark.css
10:44:55.604 [JavaFX Application Thread] DEBUG AssetLoader          - Loading from file system: /assets/ui/cursors/fxgl_default.png
10:44:55.605 [JavaFX Application Thread] DEBUG MainWindow           - Opening main window
10:44:55.720 [JavaFX Application Thread] DEBUG MainWindow           - Window border size: (14.4000244140625, 37.5999755859375)
10:44:55.720 [JavaFX Application Thread] DEBUG MainWindow           - Scaled size: 800.0 x 800.0
10:44:55.720 [JavaFX Application Thread] DEBUG MainWindow           - Scaled ratio: (1.0, 1.0)
10:44:55.720 [JavaFX Application Thread] DEBUG MainWindow           - Scene size: 800.0 x 800.0
10:44:55.720 [JavaFX Application Thread] DEBUG MainWindow           - Stage size: 814.4000244140625 x 837.5999755859375
10:44:55.731 [FXGL Background Thread 1 ] DEBUG FS                   - Loaded FSServiceImpl
10:44:55.731 [FXGL Background Thread 1 ] DEBUG Engine               - Loading FXGL system data
10:44:55.735 [FXGL Background Thread 1 ] DEBUG FSServiceImpl        - Reading from: C:\Users\mikpe\IdeaProjects\Whack_A_Teacher\system\fxgl.bundle
10:44:55.742 [FXGL Background Thread 1 ] DEBUG Engine               - Bundle FXGL: {}
10:44:55.743 [FXGL Background Thread 1 ] DEBUG Engine               - Initializing application scenes
10:44:55.770 [FXGL Background Thread 1 ] DEBUG GameWorld            - Game world initialized
10:44:55.821 [FXGL Background Thread 1 ] DEBUG PhysicsWorld         - Physics world initialized: appHeight=800, physics.ppm=50,0
10:44:55.823 [FXGL Background Thread 1 ] DEBUG GameScene            - Game scene initialized: 800x800
10:44:55.850 [FXGL Background Thread 1 ] DEBUG Input                - Registered new binding: Resume - Esc
10:44:55.851 [FXGL Background Thread 1 ] DEBUG AssetLoader          - Loading from file system: /assets/textures/pause_menu_bg.png
10:44:55.872 [FXGL Background Thread 1 ] DEBUG Input                - Registered new binding: Pause - Esc
10:44:55.872 [FXGL Background Thread 1 ] DEBUG Engine               - Application scenes initialized
10:44:55.879 [JavaFX Application Thread] DEBUG Engine               - Running preInit()
10:44:55.880 [JavaFX Application Thread] DEBUG Input                - Registered new binding: Screenshot - P
10:44:55.880 [JavaFX Application Thread] DEBUG Input                - Registered new binding: System info dump - CTRL+9
10:44:55.881 [JavaFX Application Thread] DEBUG Input                - Registered new binding: Restart - CTRL+R
10:44:55.881 [JavaFX Application Thread] DEBUG Engine               - generateDefaultProfile()
10:44:55.881 [JavaFX Application Thread] DEBUG Engine               - Creating default profile
10:44:55.881 [JavaFX Application Thread] DEBUG EventBus             - Firing event: SaveEvent
10:44:55.895 [JavaFX Application Thread] INFO  Engine               - FXGL initialization took: 0,722 sec
10:44:55.895 [JavaFX Application Thread] DEBUG LoopRunner           - Starting loop
10:44:55.914 [JavaFX Application Thread] DEBUG FXGLStartupScene     - STARTUP
10:44:55.914 [JavaFX Application Thread] DEBUG Engine               - Starting new game
10:44:55.918 [JavaFX Application Thread] DEBUG Input                - Clearing active input actions
10:44:55.918 [FXGL Background Thread 1 ] DEBUG InitAppTask          - Clearing previous game
10:44:55.918 [FXGL Background Thread 1 ] DEBUG GameWorld            - Clearing game world
10:44:55.919 [FXGL Background Thread 1 ] DEBUG PhysicsWorld         - Clearing physics world
10:44:55.919 [FXGL Background Thread 1 ] DEBUG GameScene            - Clearing game scene
10:44:55.919 [FXGL Background Thread 1 ] DEBUG InitAppTask          - Initializing Game
10:44:55.921 [FXGL Background Thread 1 ] DEBUG AssetLoader          - Loading from file system: /assets/textures/hammer.jpg
10:44:55.930 [JavaFX Application Thread] DEBUG Engine               - Removing overlay from FXGLStartupScene and adding to LoadingScene
10:44:55.930 [JavaFX Application Thread] DEBUG MainWindow           - FXGLStartupScene -> LoadingScene
10:44:55.944 [FXGL Background Thread 1 ] DEBUG AssetLoader          - Loading from file system: /assets/music/BHT.mp3
10:44:56.063 [FXGL Background Thread 1 ] DEBUG AudioPlayer          - Playing music com.almasb.fxgl.audio.Music@2201546c
10:44:56.064 [FXGL Background Thread 1 ] DEBUG InitAppTask          - Initializing Physics
10:44:56.066 [FXGL Background Thread 1 ] DEBUG InitAppTask          - Initializing UI
10:44:56.067 [FXGL Background Thread 1 ] DEBUG InitAppTask          - Initialization Complete
10:44:56.067 [FXGL Background Thread 1 ] INFO  InitAppTask          - Game initialization took: 0,148 sec
10:44:56.070 [JavaFX Application Thread] DEBUG Input                - Clearing active input actions
10:44:56.078 [JavaFX Application Thread] DEBUG Engine               - Removing overlay from LoadingScene and adding to GameScene
10:44:56.078 [JavaFX Application Thread] DEBUG MainWindow           - LoadingScene -> GameScene
10:44:57.930 [JavaFX Application Thread] DEBUG AssetLoader          - Loading from file system: /assets/textures/anders.jpg
10:44:58.934 [JavaFX Application Thread] DEBUG AssetLoader          - Loading from file system: /assets/textures/andras.jpg
10:44:59.063 [JavaFX Application Thread] DEBUG AssetLoader          - Loading from file system: /assets/sounds/slap.wav
10:44:59.350 [JavaFX Application Thread] DEBUG AssetLoader          - Loading from cache: /assets/sounds/slap.wav
10:44:59.830 [JavaFX Application Thread] DEBUG AssetLoader          - Loading from cache: /assets/textures/anders.jpg
10:45:00.620 [JavaFX Application Thread] DEBUG Engine               - Exiting FXGL
10:45:00.620 [JavaFX Application Thread] DEBUG Engine               - Shutting down background threads
10:45:00.621 [JavaFX Application Thread] DEBUG Engine               - Saving FXGL system data
10:45:00.624 [JavaFX Application Thread] DEBUG FSServiceImpl        - Writing to: C:\Users\mikpe\IdeaProjects\Whack_A_Teacher\system\fxgl.bundle
10:45:00.629 [JavaFX Application Thread] DEBUG Engine               - Closing logger and exiting JavaFX
