11:34:38.698 [main                     ] DEBUG GameApplication      - Logger initialized
11:34:38.724 [main                     ] DEBUG GameApplication      - Logging settings
Title: Whack a teacher
Version: 1.0
Width: 1024
Height: 768
Fullscreen: false
Intro: false
Menus: false
Profiling: false
Single step:false
App Mode: DEVELOPER
Menu Key: ESCAPE
Stage Style: DECORATED
Scene Factory: class com.almasb.fxgl.app.SceneFactory
Dialog Factory: class com.almasb.fxgl.ui.FXGLDialogFactory
UI Factory: class com.almasb.fxgl.ui.FXGLUIFactory

11:34:38.968 [JavaFX Application Thread] DEBUG Engine               - Initializing FXGL
11:34:38.968 [JavaFX Application Thread] INFO  Engine               - FXGL-11.7 (05.01.2020 09.46) on WINDOWS (J:11.0.4 FX:10.0.2-internal)
11:34:38.968 [JavaFX Application Thread] INFO  Engine               - Source code and latest versions at: https://github.com/AlmasB/FXGL
11:34:38.968 [JavaFX Application Thread] INFO  Engine               -              Join the FXGL chat at: https://gitter.im/AlmasB/FXGL
11:34:38.969 [JavaFX Application Thread] DEBUG Engine               - Initializing environment variables
11:34:38.970 [JavaFX Application Thread] DEBUG Engine               - Logging environment variables
11:34:38.971 [JavaFX Application Thread] DEBUG Engine               - achievements: []
11:34:38.971 [JavaFX Application Thread] DEBUG Engine               - sceneStack: com.almasb.fxgl.app.Engine@812c178
11:34:38.971 [JavaFX Application Thread] DEBUG Engine               - language: ObjectProperty [value: ENGLISH]
11:34:38.971 [JavaFX Application Thread] DEBUG Engine               - isCloseConfirmation: false
11:34:38.971 [JavaFX Application Thread] DEBUG Engine               - isProfilingEnabled: false
11:34:38.971 [JavaFX Application Thread] DEBUG Engine               - soundNotification: core/notification.wav
11:34:38.971 [JavaFX Application Thread] DEBUG Engine               - devShowBBoxProperty: BooleanProperty [value: false]
11:34:38.972 [JavaFX Application Thread] DEBUG Engine               - pixelsPerMeter: 50.0
11:34:38.972 [JavaFX Application Thread] DEBUG Engine               - overlayRoot: Group@d400d57
11:34:38.972 [JavaFX Application Thread] DEBUG Engine               - soundMenuBack: menu/back.wav
11:34:38.973 [JavaFX Application Thread] DEBUG Engine               - appIcon: fxgl_icon.png
11:34:38.976 [JavaFX Application Thread] DEBUG Engine               - isFullScreenAllowed: false
11:34:38.976 [JavaFX Application Thread] DEBUG Engine               - isIntroEnabled: false
11:34:38.977 [JavaFX Application Thread] DEBUG Engine               - eventBus: com.almasb.fxgl.event.EventBus@55d83bba
11:34:38.977 [JavaFX Application Thread] DEBUG Engine               - fontMono: lucida_console.ttf
11:34:38.977 [JavaFX Application Thread] DEBUG Engine               - soundMenuSelect: menu/select.wav
11:34:38.977 [JavaFX Application Thread] DEBUG Engine               - isWindows: true
11:34:38.978 [JavaFX Application Thread] DEBUG Engine               - isMobile: false
11:34:38.978 [JavaFX Application Thread] DEBUG Engine               - height: 768
11:34:38.978 [JavaFX Application Thread] DEBUG Engine               - isExperimentalNative: false
11:34:38.978 [JavaFX Application Thread] DEBUG Engine               - isSingleStep: false
11:34:38.979 [JavaFX Application Thread] DEBUG Engine               - cSSList: [fxgl_dark.css]
11:34:38.979 [JavaFX Application Thread] DEBUG Engine               - fontGame: Abel-Regular.ttf
11:34:38.979 [JavaFX Application Thread] DEBUG Engine               - menuKey: ESCAPE
11:34:38.979 [JavaFX Application Thread] DEBUG Engine               - devShowPositionProperty: BooleanProperty [value: false]
11:34:38.979 [JavaFX Application Thread] DEBUG Engine               - versionCheckDays: 7
11:34:38.980 [JavaFX Application Thread] DEBUG Engine               - masterTimer: com.almasb.fxgl.time.Timer@4bdf2978
11:34:38.980 [JavaFX Application Thread] DEBUG Engine               - configClass: Optional.empty
11:34:38.980 [JavaFX Application Thread] DEBUG Engine               - isFullScreenFromStart: false
11:34:38.980 [JavaFX Application Thread] DEBUG Engine               - version: 1.0
11:34:38.980 [JavaFX Application Thread] DEBUG Engine               - fullScreen: BooleanProperty [value: false]
11:34:38.981 [JavaFX Application Thread] DEBUG Engine               - randomSeed: -1
11:34:38.981 [JavaFX Application Thread] DEBUG Engine               - dialogFactory: com.almasb.fxgl.ui.FXGLDialogFactory@54282b2f
11:34:38.981 [JavaFX Application Thread] DEBUG Engine               - applicationMode: DEVELOPER
11:34:38.981 [JavaFX Application Thread] DEBUG Engine               - isMac: false
11:34:38.981 [JavaFX Application Thread] DEBUG Engine               - urlGoogleForms: https://goo.gl/forms/6wrMnOBxTE1fEpOy2
11:34:38.982 [JavaFX Application Thread] DEBUG Engine               - isMenuEnabled: false
11:34:38.982 [JavaFX Application Thread] DEBUG Engine               - profileName: user.profile
11:34:38.982 [JavaFX Application Thread] DEBUG Engine               - urlPOM: https://raw.githubusercontent.com/AlmasB/FXGL/master/pom.xml
11:34:38.982 [JavaFX Application Thread] DEBUG Engine               - notificationViewClass: class com.almasb.fxgl.notification.view.XboxNotificationView
11:34:38.982 [JavaFX Application Thread] DEBUG Engine               - devSensorColorProperty: ObjectProperty [value: 0xffff00ff]
11:34:38.983 [JavaFX Application Thread] DEBUG Engine               - sceneFactory: com.almasb.fxgl.app.SceneFactory@590fae48
11:34:38.983 [JavaFX Application Thread] DEBUG Engine               - dataFileExt: .dat
11:34:38.983 [JavaFX Application Thread] DEBUG Engine               - stageStyle: DECORATED
11:34:38.983 [JavaFX Application Thread] DEBUG Engine               - isManualResizeEnabled: false
11:34:38.983 [JavaFX Application Thread] DEBUG Engine               - title: Whack a teacher
11:34:38.983 [JavaFX Application Thread] DEBUG Engine               - platform: WINDOWS
11:34:38.984 [JavaFX Application Thread] DEBUG Engine               - devBBoxColorProperty: ObjectProperty [value: 0xff0000ff]
11:34:38.984 [JavaFX Application Thread] DEBUG Engine               - isDesktop: true
11:34:38.984 [JavaFX Application Thread] DEBUG Engine               - globalMusicVolumeProperty: DoubleProperty [value: 0.5]
11:34:38.984 [JavaFX Application Thread] DEBUG Engine               - credits: []
11:34:38.984 [JavaFX Application Thread] DEBUG Engine               - isPreserveResizeRatio: false
11:34:38.985 [JavaFX Application Thread] DEBUG Engine               - uIFactory: com.almasb.fxgl.ui.FXGLUIFactory@4d9e5b38
11:34:38.985 [JavaFX Application Thread] DEBUG Engine               - fontText: Courier-Prime.ttf
11:34:38.985 [JavaFX Application Thread] DEBUG Engine               - isExperimentalTiledLargeMap: false
11:34:38.985 [JavaFX Application Thread] DEBUG Engine               - secondsIn24h: 60
11:34:38.985 [JavaFX Application Thread] DEBUG Engine               - runtimeInfo: RuntimeInfo(platform=WINDOWS, version=11.7, build=05.01.2020 09.46)
11:34:38.985 [JavaFX Application Thread] DEBUG Engine               - isLinux: false
11:34:38.985 [JavaFX Application Thread] DEBUG Engine               - soundMenuPress: menu/press.wav
11:34:38.985 [JavaFX Application Thread] DEBUG Engine               - urlGithub: https://github.com/AlmasB/FXGL
11:34:38.985 [JavaFX Application Thread] DEBUG Engine               - profileDir: profiles/
11:34:38.985 [JavaFX Application Thread] DEBUG Engine               - globalSoundVolumeProperty: DoubleProperty [value: 0.5]
11:34:38.985 [JavaFX Application Thread] DEBUG Engine               - isDeveloperMenuEnabled: false
11:34:38.986 [JavaFX Application Thread] DEBUG Engine               - isBrowser: false
11:34:38.986 [JavaFX Application Thread] DEBUG Engine               - urlLeaderboard: http://fxgl-top.herokuapp.com/
11:34:38.986 [JavaFX Application Thread] DEBUG Engine               - globalSoundVolume: 0.5
11:34:38.986 [JavaFX Application Thread] DEBUG Engine               - saveDir: saves/
11:34:38.986 [JavaFX Application Thread] DEBUG Engine               - engineServices: [class com.almasb.fxgl.audio.AudioPlayer, class com.almasb.fxgl.notification.impl.NotificationServiceProvider, class com.almasb.fxgl.achievement.AchievementManager, class com.almasb.fxgl.cutscene.CutsceneService, class com.almasb.fxgl.minigames.MiniGameService]
11:34:38.986 [JavaFX Application Thread] DEBUG Engine               - globalMusicVolume: 0.5
11:34:38.986 [JavaFX Application Thread] DEBUG Engine               - width: 1024
11:34:38.986 [JavaFX Application Thread] DEBUG Engine               - saveFileExt: .sav
11:34:38.986 [JavaFX Application Thread] DEBUG Engine               - isAndroid: false
11:34:38.986 [JavaFX Application Thread] DEBUG Engine               - fontUI: VarelaRound-Regular.ttf
11:34:38.986 [JavaFX Application Thread] DEBUG Engine               - enabledMenuItems: []
11:34:38.986 [JavaFX Application Thread] DEBUG Engine               - isIOS: false
11:34:38.988 [JavaFX Application Thread] DEBUG Engine               - Adding new engine service: class com.almasb.fxgl.audio.AudioPlayer
11:34:38.989 [JavaFX Application Thread] DEBUG Engine               - Adding new engine service: class com.almasb.fxgl.notification.impl.NotificationServiceProvider
11:34:38.990 [JavaFX Application Thread] DEBUG Engine               - Adding new engine service: class com.almasb.fxgl.achievement.AchievementManager
11:34:38.990 [JavaFX Application Thread] DEBUG Engine               - Adding new engine service: class com.almasb.fxgl.cutscene.CutsceneService
11:34:38.990 [JavaFX Application Thread] DEBUG Engine               - Adding new engine service: class com.almasb.fxgl.minigames.MiniGameService
11:34:38.993 [JavaFX Application Thread] DEBUG Engine               - Loading localizations
11:34:38.994 [JavaFX Application Thread] DEBUG AssetLoader          - Loading from file system: /assets/properties/languages/english.properties
11:34:38.996 [JavaFX Application Thread] DEBUG AssetLoader          - Loading from file system: /assets/properties/languages/french.properties
11:34:38.997 [JavaFX Application Thread] DEBUG AssetLoader          - Loading from file system: /assets/properties/languages/german.properties
11:34:38.998 [JavaFX Application Thread] DEBUG AssetLoader          - Loading from file system: /assets/properties/languages/russian.properties
11:34:38.999 [JavaFX Application Thread] DEBUG AssetLoader          - Loading from file system: /assets/properties/languages/hungarian.properties
11:34:39.000 [JavaFX Application Thread] DEBUG Engine               - Registering font factories
11:34:39.000 [JavaFX Application Thread] DEBUG AssetLoader          - Loading from file system: /assets/ui/fonts/VarelaRound-Regular.ttf
11:34:39.228 [JavaFX Application Thread] DEBUG AssetLoader          - Loading from file system: /assets/ui/fonts/Abel-Regular.ttf
11:34:39.238 [JavaFX Application Thread] DEBUG AssetLoader          - Loading from file system: /assets/ui/fonts/lucida_console.ttf
11:34:39.248 [JavaFX Application Thread] DEBUG AssetLoader          - Loading from file system: /assets/ui/fonts/Courier-Prime.ttf
11:34:39.256 [JavaFX Application Thread] DEBUG Engine               - Setting UI factory
11:34:39.322 [JavaFX Application Thread] DEBUG AssetLoader          - Loading from file system: /assets/textures/fxgl_logo.png
11:34:39.374 [JavaFX Application Thread] DEBUG MainWindow           - Creating a JavaFX scene
11:34:39.411 [JavaFX Application Thread] DEBUG MainWindow           - Target settings size: 1024.0 x 768.0
11:34:39.411 [JavaFX Application Thread] DEBUG MainWindow           - Scaled scene size:    1024.0 x 768.0
11:34:39.411 [JavaFX Application Thread] DEBUG MainWindow           - Scaled ratio: (1.0, 1.0)
11:34:39.412 [JavaFX Application Thread] DEBUG MainWindow           - Set initial scene to FXGLStartupScene
11:34:39.419 [JavaFX Application Thread] DEBUG AssetLoader          - Loading from file system: /assets/textures/fxgl_icon.png
11:34:39.429 [JavaFX Application Thread] DEBUG Engine               - Applying CSS: fxgl_dark.css
11:34:39.430 [JavaFX Application Thread] DEBUG AssetLoader          - Loading from file system: /assets/ui/css/fxgl_dark.css
11:34:39.432 [JavaFX Application Thread] DEBUG AssetLoader          - Loading from file system: /assets/ui/cursors/fxgl_default.png
11:34:39.434 [JavaFX Application Thread] DEBUG MainWindow           - Opening main window
11:34:39.550 [JavaFX Application Thread] DEBUG MainWindow           - Window border size: (14.4000244140625, 37.5999755859375)
11:34:39.550 [JavaFX Application Thread] DEBUG MainWindow           - Scaled size: 1024.0 x 768.0
11:34:39.550 [JavaFX Application Thread] DEBUG MainWindow           - Scaled ratio: (1.0, 1.0)
11:34:39.550 [JavaFX Application Thread] DEBUG MainWindow           - Scene size: 1024.0 x 768.0
11:34:39.550 [JavaFX Application Thread] DEBUG MainWindow           - Stage size: 1038.4000244140625 x 805.5999755859375
11:34:39.560 [FXGL Background Thread 1 ] DEBUG FS                   - Loaded FSServiceImpl
11:34:39.561 [FXGL Background Thread 1 ] DEBUG Engine               - Loading FXGL system data
11:34:39.565 [FXGL Background Thread 1 ] DEBUG FSServiceImpl        - Reading from: C:\Users\mikpe\IdeaProjects\Whack_A_Teacher\system\fxgl.bundle
11:34:39.572 [FXGL Background Thread 1 ] DEBUG Engine               - Bundle FXGL: {}
11:34:39.572 [FXGL Background Thread 1 ] DEBUG Engine               - Initializing application scenes
11:34:39.599 [FXGL Background Thread 1 ] DEBUG GameWorld            - Game world initialized
11:34:39.651 [FXGL Background Thread 1 ] DEBUG PhysicsWorld         - Physics world initialized: appHeight=768, physics.ppm=50,0
11:34:39.653 [FXGL Background Thread 1 ] DEBUG GameScene            - Game scene initialized: 1024x768
11:34:39.682 [FXGL Background Thread 1 ] DEBUG Input                - Registered new binding: Resume - Esc
11:34:39.682 [FXGL Background Thread 1 ] DEBUG AssetLoader          - Loading from file system: /assets/textures/pause_menu_bg.png
11:34:39.705 [FXGL Background Thread 1 ] DEBUG Input                - Registered new binding: Pause - Esc
11:34:39.705 [FXGL Background Thread 1 ] DEBUG Engine               - Application scenes initialized
11:34:39.708 [JavaFX Application Thread] DEBUG Engine               - Running preInit()
11:34:39.709 [JavaFX Application Thread] DEBUG Input                - Registered new binding: Screenshot - P
11:34:39.710 [JavaFX Application Thread] DEBUG Input                - Registered new binding: System info dump - CTRL+9
11:34:39.710 [JavaFX Application Thread] DEBUG Input                - Registered new binding: Restart - CTRL+R
11:34:39.710 [JavaFX Application Thread] DEBUG Engine               - generateDefaultProfile()
11:34:39.710 [JavaFX Application Thread] DEBUG Engine               - Creating default profile
11:34:39.710 [JavaFX Application Thread] DEBUG EventBus             - Firing event: SaveEvent
11:34:39.720 [JavaFX Application Thread] INFO  Engine               - FXGL initialization took: 0,727 sec
11:34:39.720 [JavaFX Application Thread] DEBUG LoopRunner           - Starting loop
11:34:39.736 [JavaFX Application Thread] DEBUG FXGLStartupScene     - STARTUP
11:34:39.736 [JavaFX Application Thread] DEBUG Engine               - Starting new game
11:34:39.740 [JavaFX Application Thread] DEBUG Input                - Clearing active input actions
11:34:39.741 [FXGL Background Thread 1 ] DEBUG InitAppTask          - Clearing previous game
11:34:39.741 [FXGL Background Thread 1 ] DEBUG GameWorld            - Clearing game world
11:34:39.741 [FXGL Background Thread 1 ] DEBUG PhysicsWorld         - Clearing physics world
11:34:39.741 [FXGL Background Thread 1 ] DEBUG GameScene            - Clearing game scene
11:34:39.741 [FXGL Background Thread 1 ] DEBUG InitAppTask          - Initializing Game
11:34:39.744 [FXGL Background Thread 1 ] DEBUG AssetLoader          - Loading from file system: /assets/textures/background.png
11:34:39.751 [JavaFX Application Thread] DEBUG Engine               - Removing overlay from FXGLStartupScene and adding to LoadingScene
11:34:39.752 [JavaFX Application Thread] DEBUG MainWindow           - FXGLStartupScene -> LoadingScene
11:34:39.761 [FXGL Background Thread 1 ] DEBUG AssetLoader          - Loading from file system: /assets/textures/hammer.jpg
11:34:39.773 [FXGL Background Thread 1 ] DEBUG AssetLoader          - Loading from file system: /assets/music/BHT.mp3
11:34:39.899 [FXGL Background Thread 1 ] DEBUG AudioPlayer          - Playing music com.almasb.fxgl.audio.Music@32111026
11:34:39.900 [FXGL Background Thread 1 ] DEBUG InitAppTask          - Initializing Physics
11:34:39.902 [FXGL Background Thread 1 ] DEBUG InitAppTask          - Initializing UI
11:34:39.903 [FXGL Background Thread 1 ] DEBUG InitAppTask          - Initialization Complete
11:34:39.903 [FXGL Background Thread 1 ] INFO  InitAppTask          - Game initialization took: 0,162 sec
11:34:39.907 [JavaFX Application Thread] DEBUG Input                - Clearing active input actions
11:34:39.916 [JavaFX Application Thread] DEBUG Engine               - Removing overlay from LoadingScene and adding to GameScene
11:34:39.917 [JavaFX Application Thread] DEBUG MainWindow           - LoadingScene -> GameScene
11:34:41.847 [JavaFX Application Thread] DEBUG AssetLoader          - Loading from file system: /assets/textures/anders.jpg
11:34:42.437 [JavaFX Application Thread] DEBUG AssetLoader          - Loading from file system: /assets/sounds/slap.wav
11:34:42.792 [JavaFX Application Thread] DEBUG AssetLoader          - Loading from file system: /assets/textures/andras.jpg
11:34:43.412 [JavaFX Application Thread] DEBUG AssetLoader          - Loading from cache: /assets/sounds/slap.wav
11:34:43.764 [JavaFX Application Thread] DEBUG AssetLoader          - Loading from cache: /assets/textures/anders.jpg
11:34:44.628 [JavaFX Application Thread] DEBUG AssetLoader          - Loading from cache: /assets/sounds/slap.wav
11:34:45.668 [JavaFX Application Thread] DEBUG AssetLoader          - Loading from file system: /assets/textures/karsten.jpg
11:34:45.670 [JavaFX Application Thread] DEBUG AssetLoader          - Loading from cache: /assets/sounds/slap.wav
11:34:45.672 [JavaFX Application Thread] DEBUG AssetLoader          - Loading from cache: /assets/textures/andras.jpg
11:34:45.684 [JavaFX Application Thread] DEBUG AssetLoader          - Loading from cache: /assets/textures/anders.jpg
11:34:46.147 [JavaFX Application Thread] DEBUG AssetLoader          - Loading from cache: /assets/sounds/slap.wav
11:34:46.883 [JavaFX Application Thread] DEBUG AssetLoader          - Loading from cache: /assets/sounds/slap.wav
11:34:47.622 [JavaFX Application Thread] DEBUG AssetLoader          - Loading from cache: /assets/textures/anders.jpg
11:34:48.212 [JavaFX Application Thread] DEBUG AssetLoader          - Loading from cache: /assets/sounds/slap.wav
11:34:48.548 [JavaFX Application Thread] DEBUG AssetLoader          - Loading from cache: /assets/textures/andras.jpg
11:34:49.268 [JavaFX Application Thread] DEBUG AssetLoader          - Loading from cache: /assets/sounds/slap.wav
11:34:49.541 [JavaFX Application Thread] DEBUG AssetLoader          - Loading from cache: /assets/textures/anders.jpg
11:34:49.683 [JavaFX Application Thread] DEBUG AssetLoader          - Loading from cache: /assets/sounds/slap.wav
11:34:51.285 [JavaFX Application Thread] DEBUG AssetLoader          - Loading from cache: /assets/textures/karsten.jpg
11:34:51.290 [JavaFX Application Thread] DEBUG AssetLoader          - Loading from cache: /assets/textures/andras.jpg
11:34:51.315 [JavaFX Application Thread] DEBUG AssetLoader          - Loading from cache: /assets/textures/anders.jpg
11:34:51.316 [JavaFX Application Thread] DEBUG AssetLoader          - Loading from cache: /assets/sounds/slap.wav
11:34:51.843 [JavaFX Application Thread] DEBUG AssetLoader          - Loading from cache: /assets/sounds/slap.wav
11:34:52.292 [JavaFX Application Thread] DEBUG AssetLoader          - Loading from cache: /assets/sounds/slap.wav
11:34:52.996 [JavaFX Application Thread] DEBUG AssetLoader          - Loading from cache: /assets/textures/anders.jpg
11:34:53.411 [JavaFX Application Thread] DEBUG AssetLoader          - Loading from cache: /assets/sounds/slap.wav
11:34:53.828 [JavaFX Application Thread] DEBUG AssetLoader          - Loading from cache: /assets/textures/andras.jpg
11:34:54.259 [JavaFX Application Thread] DEBUG AssetLoader          - Loading from cache: /assets/sounds/slap.wav
11:34:54.755 [JavaFX Application Thread] DEBUG AssetLoader          - Loading from cache: /assets/textures/anders.jpg
11:34:55.235 [JavaFX Application Thread] DEBUG AssetLoader          - Loading from cache: /assets/sounds/slap.wav
11:34:56.597 [JavaFX Application Thread] DEBUG AssetLoader          - Loading from cache: /assets/textures/karsten.jpg
11:34:56.628 [JavaFX Application Thread] DEBUG AssetLoader          - Loading from cache: /assets/textures/andras.jpg
11:34:56.660 [JavaFX Application Thread] DEBUG AssetLoader          - Loading from cache: /assets/textures/anders.jpg
11:34:57.075 [JavaFX Application Thread] DEBUG AssetLoader          - Loading from cache: /assets/sounds/slap.wav
11:34:57.363 [JavaFX Application Thread] DEBUG AssetLoader          - Loading from cache: /assets/sounds/slap.wav
11:34:57.363 [JavaFX Application Thread] DEBUG AssetLoader          - Loading from cache: /assets/sounds/slap.wav
11:34:58.531 [JavaFX Application Thread] DEBUG AssetLoader          - Loading from cache: /assets/textures/anders.jpg
11:34:58.884 [JavaFX Application Thread] DEBUG AssetLoader          - Loading from cache: /assets/sounds/slap.wav
11:34:59.380 [JavaFX Application Thread] DEBUG AssetLoader          - Loading from cache: /assets/textures/andras.jpg
11:34:59.381 [JavaFX Application Thread] DEBUG AssetLoader          - Loading from cache: /assets/sounds/slap.wav
11:35:00.244 [JavaFX Application Thread] DEBUG AssetLoader          - Loading from cache: /assets/textures/anders.jpg
11:35:00.627 [JavaFX Application Thread] DEBUG AssetLoader          - Loading from cache: /assets/sounds/slap.wav
11:35:01.879 [JavaFX Application Thread] DEBUG AssetLoader          - Loading from cache: /assets/textures/karsten.jpg
11:35:01.910 [JavaFX Application Thread] DEBUG AssetLoader          - Loading from cache: /assets/textures/andras.jpg
11:35:01.971 [JavaFX Application Thread] DEBUG AssetLoader          - Loading from cache: /assets/textures/anders.jpg
11:35:02.275 [JavaFX Application Thread] DEBUG AssetLoader          - Loading from cache: /assets/sounds/slap.wav
11:35:02.307 [JavaFX Application Thread] DEBUG AssetLoader          - Loading from cache: /assets/sounds/slap.wav
11:35:02.419 [JavaFX Application Thread] DEBUG AssetLoader          - Loading from cache: /assets/sounds/slap.wav
11:35:03.652 [JavaFX Application Thread] DEBUG AssetLoader          - Loading from cache: /assets/textures/anders.jpg
11:35:03.654 [JavaFX Application Thread] DEBUG AssetLoader          - Loading from cache: /assets/sounds/slap.wav
11:35:04.403 [JavaFX Application Thread] DEBUG AssetLoader          - Loading from cache: /assets/textures/andras.jpg
11:35:04.483 [JavaFX Application Thread] DEBUG AssetLoader          - Loading from cache: /assets/sounds/slap.wav
11:35:05.348 [JavaFX Application Thread] DEBUG AssetLoader          - Loading from cache: /assets/textures/anders.jpg
11:35:05.349 [JavaFX Application Thread] DEBUG AssetLoader          - Loading from cache: /assets/sounds/slap.wav
11:35:07.123 [JavaFX Application Thread] DEBUG AssetLoader          - Loading from cache: /assets/textures/karsten.jpg
11:35:07.157 [JavaFX Application Thread] DEBUG AssetLoader          - Loading from cache: /assets/textures/andras.jpg
11:35:07.236 [JavaFX Application Thread] DEBUG AssetLoader          - Loading from cache: /assets/textures/anders.jpg
11:35:07.236 [JavaFX Application Thread] DEBUG AssetLoader          - Loading from cache: /assets/sounds/slap.wav
11:35:07.252 [JavaFX Application Thread] DEBUG AssetLoader          - Loading from cache: /assets/sounds/slap.wav
11:35:09.038 [JavaFX Application Thread] DEBUG Engine               - Exiting FXGL
11:35:09.038 [JavaFX Application Thread] DEBUG Engine               - Shutting down background threads
11:35:09.039 [JavaFX Application Thread] DEBUG Engine               - Saving FXGL system data
11:35:09.041 [JavaFX Application Thread] DEBUG FSServiceImpl        - Writing to: C:\Users\mikpe\IdeaProjects\Whack_A_Teacher\system\fxgl.bundle
11:35:09.048 [JavaFX Application Thread] DEBUG Engine               - Closing logger and exiting JavaFX
