11:28:03.723 [main                     ] DEBUG GameApplication      - Logger initialized
11:28:03.748 [main                     ] DEBUG GameApplication      - Logging settings
Title: Whack a teacher
Version: 1.0
Width: 1024
Height: 768
Fullscreen: false
Intro: false
Menus: false
Profiling: false
Single step:false
App Mode: DEVELOPER
Menu Key: ESCAPE
Stage Style: DECORATED
Scene Factory: class com.almasb.fxgl.app.SceneFactory
Dialog Factory: class com.almasb.fxgl.ui.FXGLDialogFactory
UI Factory: class com.almasb.fxgl.ui.FXGLUIFactory

11:28:03.990 [JavaFX Application Thread] DEBUG Engine               - Initializing FXGL
11:28:03.990 [JavaFX Application Thread] INFO  Engine               - FXGL-11.7 (05.01.2020 09.46) on WINDOWS (J:11.0.4 FX:10.0.2-internal)
11:28:03.990 [JavaFX Application Thread] INFO  Engine               - Source code and latest versions at: https://github.com/AlmasB/FXGL
11:28:03.990 [JavaFX Application Thread] INFO  Engine               -              Join the FXGL chat at: https://gitter.im/AlmasB/FXGL
11:28:03.990 [JavaFX Application Thread] DEBUG Engine               - Initializing environment variables
11:28:03.995 [JavaFX Application Thread] DEBUG Engine               - Logging environment variables
11:28:03.996 [JavaFX Application Thread] DEBUG Engine               - achievements: []
11:28:03.996 [JavaFX Application Thread] DEBUG Engine               - sceneStack: com.almasb.fxgl.app.Engine@64f414a3
11:28:03.996 [JavaFX Application Thread] DEBUG Engine               - language: ObjectProperty [value: ENGLISH]
11:28:03.996 [JavaFX Application Thread] DEBUG Engine               - isCloseConfirmation: false
11:28:03.996 [JavaFX Application Thread] DEBUG Engine               - isProfilingEnabled: false
11:28:03.996 [JavaFX Application Thread] DEBUG Engine               - soundNotification: core/notification.wav
11:28:03.996 [JavaFX Application Thread] DEBUG Engine               - devShowBBoxProperty: BooleanProperty [value: false]
11:28:03.998 [JavaFX Application Thread] DEBUG Engine               - pixelsPerMeter: 50.0
11:28:03.998 [JavaFX Application Thread] DEBUG Engine               - overlayRoot: Group@1f2ada00
11:28:03.998 [JavaFX Application Thread] DEBUG Engine               - soundMenuBack: menu/back.wav
11:28:03.998 [JavaFX Application Thread] DEBUG Engine               - appIcon: fxgl_icon.png
11:28:03.998 [JavaFX Application Thread] DEBUG Engine               - isFullScreenAllowed: false
11:28:03.998 [JavaFX Application Thread] DEBUG Engine               - isIntroEnabled: false
11:28:03.998 [JavaFX Application Thread] DEBUG Engine               - eventBus: com.almasb.fxgl.event.EventBus@40cbdcb1
11:28:03.998 [JavaFX Application Thread] DEBUG Engine               - fontMono: lucida_console.ttf
11:28:03.999 [JavaFX Application Thread] DEBUG Engine               - soundMenuSelect: menu/select.wav
11:28:03.999 [JavaFX Application Thread] DEBUG Engine               - isWindows: true
11:28:03.999 [JavaFX Application Thread] DEBUG Engine               - isMobile: false
11:28:03.999 [JavaFX Application Thread] DEBUG Engine               - height: 768
11:28:03.999 [JavaFX Application Thread] DEBUG Engine               - isExperimentalNative: false
11:28:03.999 [JavaFX Application Thread] DEBUG Engine               - isSingleStep: false
11:28:03.999 [JavaFX Application Thread] DEBUG Engine               - cSSList: [fxgl_dark.css]
11:28:03.999 [JavaFX Application Thread] DEBUG Engine               - fontGame: Abel-Regular.ttf
11:28:03.999 [JavaFX Application Thread] DEBUG Engine               - menuKey: ESCAPE
11:28:03.999 [JavaFX Application Thread] DEBUG Engine               - devShowPositionProperty: BooleanProperty [value: false]
11:28:03.999 [JavaFX Application Thread] DEBUG Engine               - versionCheckDays: 7
11:28:04.000 [JavaFX Application Thread] DEBUG Engine               - masterTimer: com.almasb.fxgl.time.Timer@4de9907
11:28:04.000 [JavaFX Application Thread] DEBUG Engine               - configClass: Optional.empty
11:28:04.000 [JavaFX Application Thread] DEBUG Engine               - isFullScreenFromStart: false
11:28:04.000 [JavaFX Application Thread] DEBUG Engine               - version: 1.0
11:28:04.000 [JavaFX Application Thread] DEBUG Engine               - fullScreen: BooleanProperty [value: false]
11:28:04.000 [JavaFX Application Thread] DEBUG Engine               - randomSeed: -1
11:28:04.000 [JavaFX Application Thread] DEBUG Engine               - dialogFactory: com.almasb.fxgl.ui.FXGLDialogFactory@75510745
11:28:04.000 [JavaFX Application Thread] DEBUG Engine               - applicationMode: DEVELOPER
11:28:04.000 [JavaFX Application Thread] DEBUG Engine               - isMac: false
11:28:04.000 [JavaFX Application Thread] DEBUG Engine               - urlGoogleForms: https://goo.gl/forms/6wrMnOBxTE1fEpOy2
11:28:04.000 [JavaFX Application Thread] DEBUG Engine               - isMenuEnabled: false
11:28:04.001 [JavaFX Application Thread] DEBUG Engine               - urlPOM: https://raw.githubusercontent.com/AlmasB/FXGL/master/pom.xml
11:28:04.001 [JavaFX Application Thread] DEBUG Engine               - profileName: user.profile
11:28:04.001 [JavaFX Application Thread] DEBUG Engine               - notificationViewClass: class com.almasb.fxgl.notification.view.XboxNotificationView
11:28:04.001 [JavaFX Application Thread] DEBUG Engine               - devSensorColorProperty: ObjectProperty [value: 0xffff00ff]
11:28:04.001 [JavaFX Application Thread] DEBUG Engine               - sceneFactory: com.almasb.fxgl.app.SceneFactory@3ce23935
11:28:04.001 [JavaFX Application Thread] DEBUG Engine               - dataFileExt: .dat
11:28:04.001 [JavaFX Application Thread] DEBUG Engine               - stageStyle: DECORATED
11:28:04.001 [JavaFX Application Thread] DEBUG Engine               - isManualResizeEnabled: false
11:28:04.001 [JavaFX Application Thread] DEBUG Engine               - title: Whack a teacher
11:28:04.001 [JavaFX Application Thread] DEBUG Engine               - platform: WINDOWS
11:28:04.001 [JavaFX Application Thread] DEBUG Engine               - devBBoxColorProperty: ObjectProperty [value: 0xff0000ff]
11:28:04.002 [JavaFX Application Thread] DEBUG Engine               - isDesktop: true
11:28:04.002 [JavaFX Application Thread] DEBUG Engine               - credits: []
11:28:04.002 [JavaFX Application Thread] DEBUG Engine               - globalMusicVolumeProperty: DoubleProperty [value: 0.5]
11:28:04.002 [JavaFX Application Thread] DEBUG Engine               - isPreserveResizeRatio: false
11:28:04.002 [JavaFX Application Thread] DEBUG Engine               - uIFactory: com.almasb.fxgl.ui.FXGLUIFactory@2252544c
11:28:04.002 [JavaFX Application Thread] DEBUG Engine               - fontText: Courier-Prime.ttf
11:28:04.002 [JavaFX Application Thread] DEBUG Engine               - isExperimentalTiledLargeMap: false
11:28:04.002 [JavaFX Application Thread] DEBUG Engine               - secondsIn24h: 60
11:28:04.002 [JavaFX Application Thread] DEBUG Engine               - runtimeInfo: RuntimeInfo(platform=WINDOWS, version=11.7, build=05.01.2020 09.46)
11:28:04.002 [JavaFX Application Thread] DEBUG Engine               - isLinux: false
11:28:04.002 [JavaFX Application Thread] DEBUG Engine               - soundMenuPress: menu/press.wav
11:28:04.002 [JavaFX Application Thread] DEBUG Engine               - urlGithub: https://github.com/AlmasB/FXGL
11:28:04.002 [JavaFX Application Thread] DEBUG Engine               - profileDir: profiles/
11:28:04.003 [JavaFX Application Thread] DEBUG Engine               - isDeveloperMenuEnabled: false
11:28:04.003 [JavaFX Application Thread] DEBUG Engine               - globalSoundVolumeProperty: DoubleProperty [value: 0.5]
11:28:04.003 [JavaFX Application Thread] DEBUG Engine               - isBrowser: false
11:28:04.003 [JavaFX Application Thread] DEBUG Engine               - urlLeaderboard: http://fxgl-top.herokuapp.com/
11:28:04.003 [JavaFX Application Thread] DEBUG Engine               - globalSoundVolume: 0.5
11:28:04.003 [JavaFX Application Thread] DEBUG Engine               - saveDir: saves/
11:28:04.003 [JavaFX Application Thread] DEBUG Engine               - engineServices: [class com.almasb.fxgl.audio.AudioPlayer, class com.almasb.fxgl.notification.impl.NotificationServiceProvider, class com.almasb.fxgl.achievement.AchievementManager, class com.almasb.fxgl.cutscene.CutsceneService, class com.almasb.fxgl.minigames.MiniGameService]
11:28:04.003 [JavaFX Application Thread] DEBUG Engine               - globalMusicVolume: 0.5
11:28:04.003 [JavaFX Application Thread] DEBUG Engine               - width: 1024
11:28:04.003 [JavaFX Application Thread] DEBUG Engine               - saveFileExt: .sav
11:28:04.003 [JavaFX Application Thread] DEBUG Engine               - isAndroid: false
11:28:04.003 [JavaFX Application Thread] DEBUG Engine               - fontUI: VarelaRound-Regular.ttf
11:28:04.003 [JavaFX Application Thread] DEBUG Engine               - isIOS: false
11:28:04.004 [JavaFX Application Thread] DEBUG Engine               - enabledMenuItems: []
11:28:04.007 [JavaFX Application Thread] DEBUG Engine               - Adding new engine service: class com.almasb.fxgl.audio.AudioPlayer
11:28:04.008 [JavaFX Application Thread] DEBUG Engine               - Adding new engine service: class com.almasb.fxgl.notification.impl.NotificationServiceProvider
11:28:04.009 [JavaFX Application Thread] DEBUG Engine               - Adding new engine service: class com.almasb.fxgl.achievement.AchievementManager
11:28:04.009 [JavaFX Application Thread] DEBUG Engine               - Adding new engine service: class com.almasb.fxgl.cutscene.CutsceneService
11:28:04.009 [JavaFX Application Thread] DEBUG Engine               - Adding new engine service: class com.almasb.fxgl.minigames.MiniGameService
11:28:04.012 [JavaFX Application Thread] DEBUG Engine               - Loading localizations
11:28:04.014 [JavaFX Application Thread] DEBUG AssetLoader          - Loading from file system: /assets/properties/languages/english.properties
11:28:04.016 [JavaFX Application Thread] DEBUG AssetLoader          - Loading from file system: /assets/properties/languages/french.properties
11:28:04.016 [JavaFX Application Thread] DEBUG AssetLoader          - Loading from file system: /assets/properties/languages/german.properties
11:28:04.017 [JavaFX Application Thread] DEBUG AssetLoader          - Loading from file system: /assets/properties/languages/russian.properties
11:28:04.018 [JavaFX Application Thread] DEBUG AssetLoader          - Loading from file system: /assets/properties/languages/hungarian.properties
11:28:04.019 [JavaFX Application Thread] DEBUG Engine               - Registering font factories
11:28:04.020 [JavaFX Application Thread] DEBUG AssetLoader          - Loading from file system: /assets/ui/fonts/VarelaRound-Regular.ttf
11:28:04.250 [JavaFX Application Thread] DEBUG AssetLoader          - Loading from file system: /assets/ui/fonts/Abel-Regular.ttf
11:28:04.258 [JavaFX Application Thread] DEBUG AssetLoader          - Loading from file system: /assets/ui/fonts/lucida_console.ttf
11:28:04.269 [JavaFX Application Thread] DEBUG AssetLoader          - Loading from file system: /assets/ui/fonts/Courier-Prime.ttf
11:28:04.284 [JavaFX Application Thread] DEBUG Engine               - Setting UI factory
11:28:04.353 [JavaFX Application Thread] DEBUG AssetLoader          - Loading from file system: /assets/textures/fxgl_logo.png
11:28:04.410 [JavaFX Application Thread] DEBUG MainWindow           - Creating a JavaFX scene
11:28:04.442 [JavaFX Application Thread] DEBUG MainWindow           - Target settings size: 1024.0 x 768.0
11:28:04.442 [JavaFX Application Thread] DEBUG MainWindow           - Scaled scene size:    1024.0 x 768.0
11:28:04.442 [JavaFX Application Thread] DEBUG MainWindow           - Scaled ratio: (1.0, 1.0)
11:28:04.443 [JavaFX Application Thread] DEBUG MainWindow           - Set initial scene to FXGLStartupScene
11:28:04.451 [JavaFX Application Thread] DEBUG AssetLoader          - Loading from file system: /assets/textures/fxgl_icon.png
11:28:04.466 [JavaFX Application Thread] DEBUG Engine               - Applying CSS: fxgl_dark.css
11:28:04.466 [JavaFX Application Thread] DEBUG AssetLoader          - Loading from file system: /assets/ui/css/fxgl_dark.css
11:28:04.468 [JavaFX Application Thread] DEBUG AssetLoader          - Loading from file system: /assets/ui/cursors/fxgl_default.png
11:28:04.469 [JavaFX Application Thread] DEBUG MainWindow           - Opening main window
11:28:04.582 [JavaFX Application Thread] DEBUG MainWindow           - Window border size: (14.4000244140625, 37.5999755859375)
11:28:04.582 [JavaFX Application Thread] DEBUG MainWindow           - Scaled size: 1024.0 x 768.0
11:28:04.582 [JavaFX Application Thread] DEBUG MainWindow           - Scaled ratio: (1.0, 1.0)
11:28:04.582 [JavaFX Application Thread] DEBUG MainWindow           - Scene size: 1024.0 x 768.0
11:28:04.582 [JavaFX Application Thread] DEBUG MainWindow           - Stage size: 1038.4000244140625 x 805.5999755859375
11:28:04.594 [FXGL Background Thread 1 ] DEBUG FS                   - Loaded FSServiceImpl
11:28:04.595 [FXGL Background Thread 1 ] DEBUG Engine               - Loading FXGL system data
11:28:04.599 [FXGL Background Thread 1 ] DEBUG FSServiceImpl        - Reading from: C:\Users\mikpe\IdeaProjects\Whack_A_Teacher\system\fxgl.bundle
11:28:04.608 [FXGL Background Thread 1 ] DEBUG Engine               - Bundle FXGL: {}
11:28:04.608 [FXGL Background Thread 1 ] DEBUG Engine               - Initializing application scenes
11:28:04.636 [FXGL Background Thread 1 ] DEBUG GameWorld            - Game world initialized
11:28:04.694 [FXGL Background Thread 1 ] DEBUG PhysicsWorld         - Physics world initialized: appHeight=768, physics.ppm=50,0
11:28:04.696 [FXGL Background Thread 1 ] DEBUG GameScene            - Game scene initialized: 1024x768
11:28:04.721 [FXGL Background Thread 1 ] DEBUG Input                - Registered new binding: Resume - Esc
11:28:04.721 [FXGL Background Thread 1 ] DEBUG AssetLoader          - Loading from file system: /assets/textures/pause_menu_bg.png
11:28:04.742 [FXGL Background Thread 1 ] DEBUG Input                - Registered new binding: Pause - Esc
11:28:04.742 [FXGL Background Thread 1 ] DEBUG Engine               - Application scenes initialized
11:28:04.750 [JavaFX Application Thread] DEBUG Engine               - Running preInit()
11:28:04.751 [JavaFX Application Thread] DEBUG Input                - Registered new binding: Screenshot - P
11:28:04.751 [JavaFX Application Thread] DEBUG Input                - Registered new binding: System info dump - CTRL+9
11:28:04.752 [JavaFX Application Thread] DEBUG Input                - Registered new binding: Restart - CTRL+R
11:28:04.752 [JavaFX Application Thread] DEBUG Engine               - generateDefaultProfile()
11:28:04.752 [JavaFX Application Thread] DEBUG Engine               - Creating default profile
11:28:04.752 [JavaFX Application Thread] DEBUG EventBus             - Firing event: SaveEvent
11:28:04.762 [JavaFX Application Thread] INFO  Engine               - FXGL initialization took: 0,750 sec
11:28:04.763 [JavaFX Application Thread] DEBUG LoopRunner           - Starting loop
11:28:04.769 [JavaFX Application Thread] DEBUG FXGLStartupScene     - STARTUP
11:28:04.769 [JavaFX Application Thread] DEBUG Engine               - Starting new game
11:28:04.774 [JavaFX Application Thread] DEBUG Input                - Clearing active input actions
11:28:04.774 [FXGL Background Thread 1 ] DEBUG InitAppTask          - Clearing previous game
11:28:04.774 [FXGL Background Thread 1 ] DEBUG GameWorld            - Clearing game world
11:28:04.774 [FXGL Background Thread 1 ] DEBUG PhysicsWorld         - Clearing physics world
11:28:04.774 [FXGL Background Thread 1 ] DEBUG GameScene            - Clearing game scene
11:28:04.774 [FXGL Background Thread 1 ] DEBUG InitAppTask          - Initializing Game
11:28:04.777 [FXGL Background Thread 1 ] DEBUG AssetLoader          - Loading from file system: /assets/textures/background.png
11:28:04.782 [JavaFX Application Thread] DEBUG Engine               - Removing overlay from FXGLStartupScene and adding to LoadingScene
11:28:04.783 [JavaFX Application Thread] DEBUG MainWindow           - FXGLStartupScene -> LoadingScene
11:28:04.791 [FXGL Background Thread 1 ] DEBUG AssetLoader          - Loading from file system: /assets/textures/hammer.jpg
11:28:04.803 [FXGL Background Thread 1 ] DEBUG AssetLoader          - Loading from file system: /assets/music/BHT.mp3
11:28:04.909 [FXGL Background Thread 1 ] DEBUG AudioPlayer          - Playing music com.almasb.fxgl.audio.Music@6561f853
11:28:04.910 [FXGL Background Thread 1 ] DEBUG InitAppTask          - Initializing Physics
11:28:04.912 [FXGL Background Thread 1 ] DEBUG InitAppTask          - Initializing UI
11:28:04.912 [FXGL Background Thread 1 ] DEBUG InitAppTask          - Initialization Complete
11:28:04.912 [FXGL Background Thread 1 ] INFO  InitAppTask          - Game initialization took: 0,137 sec
11:28:04.928 [JavaFX Application Thread] DEBUG Input                - Clearing active input actions
11:28:04.946 [JavaFX Application Thread] DEBUG Engine               - Removing overlay from LoadingScene and adding to GameScene
11:28:04.947 [JavaFX Application Thread] DEBUG MainWindow           - LoadingScene -> GameScene
11:28:06.736 [JavaFX Application Thread] DEBUG AssetLoader          - Loading from file system: /assets/textures/anders.jpg
11:28:07.727 [JavaFX Application Thread] DEBUG AssetLoader          - Loading from file system: /assets/textures/andras.jpg
11:28:07.730 [JavaFX Application Thread] DEBUG AssetLoader          - Loading from file system: /assets/sounds/slap.wav
11:28:07.871 [JavaFX Application Thread] DEBUG AssetLoader          - Loading from cache: /assets/sounds/slap.wav
11:28:08.655 [JavaFX Application Thread] DEBUG AssetLoader          - Loading from cache: /assets/textures/anders.jpg
11:28:09.039 [JavaFX Application Thread] DEBUG AssetLoader          - Loading from cache: /assets/sounds/slap.wav
11:28:10.433 [JavaFX Application Thread] DEBUG AssetLoader          - Loading from file system: /assets/textures/karsten.jpg
11:28:10.439 [JavaFX Application Thread] DEBUG AssetLoader          - Loading from cache: /assets/textures/andras.jpg
11:28:10.448 [JavaFX Application Thread] DEBUG AssetLoader          - Loading from cache: /assets/textures/anders.jpg
11:28:10.879 [JavaFX Application Thread] DEBUG AssetLoader          - Loading from cache: /assets/sounds/slap.wav
11:28:11.183 [JavaFX Application Thread] DEBUG AssetLoader          - Loading from cache: /assets/sounds/slap.wav
11:28:11.439 [JavaFX Application Thread] DEBUG AssetLoader          - Loading from cache: /assets/sounds/slap.wav
11:28:12.335 [JavaFX Application Thread] DEBUG AssetLoader          - Loading from cache: /assets/textures/anders.jpg
11:28:12.336 [JavaFX Application Thread] DEBUG AssetLoader          - Loading from cache: /assets/sounds/slap.wav
11:28:13.008 [JavaFX Application Thread] DEBUG AssetLoader          - Loading from cache: /assets/textures/andras.jpg
11:28:13.359 [JavaFX Application Thread] DEBUG AssetLoader          - Loading from cache: /assets/sounds/slap.wav
11:28:13.807 [JavaFX Application Thread] DEBUG AssetLoader          - Loading from cache: /assets/textures/anders.jpg
11:28:14.929 [JavaFX Application Thread] DEBUG Engine               - Exiting FXGL
11:28:14.929 [JavaFX Application Thread] DEBUG Engine               - Shutting down background threads
11:28:14.929 [JavaFX Application Thread] DEBUG Engine               - Saving FXGL system data
11:28:14.933 [JavaFX Application Thread] DEBUG FSServiceImpl        - Writing to: C:\Users\mikpe\IdeaProjects\Whack_A_Teacher\system\fxgl.bundle
11:28:14.938 [JavaFX Application Thread] DEBUG Engine               - Closing logger and exiting JavaFX
