00:03:36.827 [main                     ] DEBUG GameApplication      - Logger initialized
00:03:36.852 [main                     ] DEBUG GameApplication      - Logging settings
Title: Whack a teacher
Version: 1.0
Width: 1024
Height: 768
Fullscreen: false
Intro: false
Menus: true
Profiling: false
Single step:false
App Mode: DEVELOPER
Menu Key: ESCAPE
Stage Style: DECORATED
Scene Factory: class demo.WhackApp$1
Dialog Factory: class com.almasb.fxgl.ui.FXGLDialogFactory
UI Factory: class com.almasb.fxgl.ui.FXGLUIFactory

00:03:37.077 [JavaFX Application Thread] DEBUG Engine               - Initializing FXGL
00:03:37.077 [JavaFX Application Thread] INFO  Engine               - FXGL-11.7 (05.01.2020 09.46) on WINDOWS (J:11.0.5 FX:10.0.2-internal)
00:03:37.077 [JavaFX Application Thread] INFO  Engine               - Source code and latest versions at: https://github.com/AlmasB/FXGL
00:03:37.077 [JavaFX Application Thread] INFO  Engine               -              Join the FXGL chat at: https://gitter.im/AlmasB/FXGL
00:03:37.077 [JavaFX Application Thread] DEBUG Engine               - Initializing environment variables
00:03:37.079 [JavaFX Application Thread] DEBUG Engine               - Logging environment variables
00:03:37.079 [JavaFX Application Thread] DEBUG Engine               - achievements: []
00:03:37.079 [JavaFX Application Thread] DEBUG Engine               - sceneStack: com.almasb.fxgl.app.Engine@27fb7377
00:03:37.080 [JavaFX Application Thread] DEBUG Engine               - language: ObjectProperty [value: ENGLISH]
00:03:37.080 [JavaFX Application Thread] DEBUG Engine               - isCloseConfirmation: false
00:03:37.080 [JavaFX Application Thread] DEBUG Engine               - isProfilingEnabled: false
00:03:37.080 [JavaFX Application Thread] DEBUG Engine               - soundNotification: core/notification.wav
00:03:37.080 [JavaFX Application Thread] DEBUG Engine               - devShowBBoxProperty: BooleanProperty [value: false]
00:03:37.081 [JavaFX Application Thread] DEBUG Engine               - pixelsPerMeter: 50.0
00:03:37.081 [JavaFX Application Thread] DEBUG Engine               - overlayRoot: Group@b5c6472
00:03:37.081 [JavaFX Application Thread] DEBUG Engine               - soundMenuBack: menu/back.wav
00:03:37.082 [JavaFX Application Thread] DEBUG Engine               - appIcon: fxgl_icon.png
00:03:37.082 [JavaFX Application Thread] DEBUG Engine               - isFullScreenAllowed: false
00:03:37.082 [JavaFX Application Thread] DEBUG Engine               - isIntroEnabled: false
00:03:37.082 [JavaFX Application Thread] DEBUG Engine               - eventBus: com.almasb.fxgl.event.EventBus@33210f9f
00:03:37.082 [JavaFX Application Thread] DEBUG Engine               - fontMono: lucida_console.ttf
00:03:37.082 [JavaFX Application Thread] DEBUG Engine               - soundMenuSelect: menu/select.wav
00:03:37.082 [JavaFX Application Thread] DEBUG Engine               - isWindows: true
00:03:37.082 [JavaFX Application Thread] DEBUG Engine               - isMobile: false
00:03:37.082 [JavaFX Application Thread] DEBUG Engine               - height: 768
00:03:37.083 [JavaFX Application Thread] DEBUG Engine               - isExperimentalNative: false
00:03:37.083 [JavaFX Application Thread] DEBUG Engine               - isSingleStep: false
00:03:37.083 [JavaFX Application Thread] DEBUG Engine               - cSSList: [fxgl_dark.css]
00:03:37.083 [JavaFX Application Thread] DEBUG Engine               - fontGame: Abel-Regular.ttf
00:03:37.083 [JavaFX Application Thread] DEBUG Engine               - menuKey: ESCAPE
00:03:37.083 [JavaFX Application Thread] DEBUG Engine               - devShowPositionProperty: BooleanProperty [value: false]
00:03:37.084 [JavaFX Application Thread] DEBUG Engine               - versionCheckDays: 7
00:03:37.084 [JavaFX Application Thread] DEBUG Engine               - masterTimer: com.almasb.fxgl.time.Timer@4f3db247
00:03:37.084 [JavaFX Application Thread] DEBUG Engine               - configClass: Optional.empty
00:03:37.084 [JavaFX Application Thread] DEBUG Engine               - isFullScreenFromStart: false
00:03:37.084 [JavaFX Application Thread] DEBUG Engine               - version: 1.0
00:03:37.084 [JavaFX Application Thread] DEBUG Engine               - fullScreen: BooleanProperty [value: false]
00:03:37.084 [JavaFX Application Thread] DEBUG Engine               - randomSeed: -1
00:03:37.084 [JavaFX Application Thread] DEBUG Engine               - dialogFactory: com.almasb.fxgl.ui.FXGLDialogFactory@5f1e302b
00:03:37.085 [JavaFX Application Thread] DEBUG Engine               - applicationMode: DEVELOPER
00:03:37.085 [JavaFX Application Thread] DEBUG Engine               - isMac: false
00:03:37.085 [JavaFX Application Thread] DEBUG Engine               - urlGoogleForms: https://goo.gl/forms/6wrMnOBxTE1fEpOy2
00:03:37.085 [JavaFX Application Thread] DEBUG Engine               - isMenuEnabled: true
00:03:37.085 [JavaFX Application Thread] DEBUG Engine               - urlPOM: https://raw.githubusercontent.com/AlmasB/FXGL/master/pom.xml
00:03:37.085 [JavaFX Application Thread] DEBUG Engine               - profileName: user.profile
00:03:37.085 [JavaFX Application Thread] DEBUG Engine               - notificationViewClass: class com.almasb.fxgl.notification.view.XboxNotificationView
00:03:37.085 [JavaFX Application Thread] DEBUG Engine               - devSensorColorProperty: ObjectProperty [value: 0xffff00ff]
00:03:37.086 [JavaFX Application Thread] DEBUG Engine               - sceneFactory: demo.WhackApp$1@3789a04e
00:03:37.086 [JavaFX Application Thread] DEBUG Engine               - dataFileExt: .dat
00:03:37.086 [JavaFX Application Thread] DEBUG Engine               - stageStyle: DECORATED
00:03:37.086 [JavaFX Application Thread] DEBUG Engine               - isManualResizeEnabled: false
00:03:37.086 [JavaFX Application Thread] DEBUG Engine               - title: Whack a teacher
00:03:37.086 [JavaFX Application Thread] DEBUG Engine               - platform: WINDOWS
00:03:37.086 [JavaFX Application Thread] DEBUG Engine               - devBBoxColorProperty: ObjectProperty [value: 0xff0000ff]
00:03:37.086 [JavaFX Application Thread] DEBUG Engine               - isDesktop: true
00:03:37.086 [JavaFX Application Thread] DEBUG Engine               - credits: []
00:03:37.086 [JavaFX Application Thread] DEBUG Engine               - globalMusicVolumeProperty: DoubleProperty [value: 0.5]
00:03:37.086 [JavaFX Application Thread] DEBUG Engine               - isPreserveResizeRatio: false
00:03:37.086 [JavaFX Application Thread] DEBUG Engine               - uIFactory: com.almasb.fxgl.ui.FXGLUIFactory@c6f0cd7
00:03:37.087 [JavaFX Application Thread] DEBUG Engine               - fontText: Courier-Prime.ttf
00:03:37.087 [JavaFX Application Thread] DEBUG Engine               - isExperimentalTiledLargeMap: false
00:03:37.087 [JavaFX Application Thread] DEBUG Engine               - secondsIn24h: 60
00:03:37.087 [JavaFX Application Thread] DEBUG Engine               - runtimeInfo: RuntimeInfo(platform=WINDOWS, version=11.7, build=05.01.2020 09.46)
00:03:37.087 [JavaFX Application Thread] DEBUG Engine               - isLinux: false
00:03:37.087 [JavaFX Application Thread] DEBUG Engine               - soundMenuPress: menu/press.wav
00:03:37.087 [JavaFX Application Thread] DEBUG Engine               - urlGithub: https://github.com/AlmasB/FXGL
00:03:37.087 [JavaFX Application Thread] DEBUG Engine               - profileDir: profiles/
00:03:37.087 [JavaFX Application Thread] DEBUG Engine               - isDeveloperMenuEnabled: false
00:03:37.087 [JavaFX Application Thread] DEBUG Engine               - globalSoundVolumeProperty: DoubleProperty [value: 0.5]
00:03:37.087 [JavaFX Application Thread] DEBUG Engine               - isBrowser: false
00:03:37.088 [JavaFX Application Thread] DEBUG Engine               - globalSoundVolume: 0.5
00:03:37.091 [JavaFX Application Thread] DEBUG Engine               - urlLeaderboard: http://fxgl-top.herokuapp.com/
00:03:37.091 [JavaFX Application Thread] DEBUG Engine               - saveDir: saves/
00:03:37.091 [JavaFX Application Thread] DEBUG Engine               - engineServices: [class com.almasb.fxgl.audio.AudioPlayer, class com.almasb.fxgl.notification.impl.NotificationServiceProvider, class com.almasb.fxgl.achievement.AchievementManager, class com.almasb.fxgl.cutscene.CutsceneService, class com.almasb.fxgl.minigames.MiniGameService]
00:03:37.091 [JavaFX Application Thread] DEBUG Engine               - globalMusicVolume: 0.5
00:03:37.092 [JavaFX Application Thread] DEBUG Engine               - width: 1024
00:03:37.092 [JavaFX Application Thread] DEBUG Engine               - saveFileExt: .sav
00:03:37.092 [JavaFX Application Thread] DEBUG Engine               - isAndroid: false
00:03:37.092 [JavaFX Application Thread] DEBUG Engine               - fontUI: VarelaRound-Regular.ttf
00:03:37.092 [JavaFX Application Thread] DEBUG Engine               - enabledMenuItems: []
00:03:37.092 [JavaFX Application Thread] DEBUG Engine               - isIOS: false
00:03:37.094 [JavaFX Application Thread] DEBUG Engine               - Adding new engine service: class com.almasb.fxgl.audio.AudioPlayer
00:03:37.095 [JavaFX Application Thread] DEBUG Engine               - Adding new engine service: class com.almasb.fxgl.notification.impl.NotificationServiceProvider
00:03:37.095 [JavaFX Application Thread] DEBUG Engine               - Adding new engine service: class com.almasb.fxgl.achievement.AchievementManager
00:03:37.096 [JavaFX Application Thread] DEBUG Engine               - Adding new engine service: class com.almasb.fxgl.cutscene.CutsceneService
00:03:37.096 [JavaFX Application Thread] DEBUG Engine               - Adding new engine service: class com.almasb.fxgl.minigames.MiniGameService
00:03:37.098 [JavaFX Application Thread] DEBUG Engine               - Loading localizations
00:03:37.100 [JavaFX Application Thread] DEBUG AssetLoader          - Loading from file system: /assets/properties/languages/english.properties
00:03:37.104 [JavaFX Application Thread] DEBUG AssetLoader          - Loading from file system: /assets/properties/languages/french.properties
00:03:37.105 [JavaFX Application Thread] DEBUG AssetLoader          - Loading from file system: /assets/properties/languages/german.properties
00:03:37.106 [JavaFX Application Thread] DEBUG AssetLoader          - Loading from file system: /assets/properties/languages/russian.properties
00:03:37.107 [JavaFX Application Thread] DEBUG AssetLoader          - Loading from file system: /assets/properties/languages/hungarian.properties
00:03:37.109 [JavaFX Application Thread] DEBUG Engine               - Registering font factories
00:03:37.110 [JavaFX Application Thread] DEBUG AssetLoader          - Loading from file system: /assets/ui/fonts/VarelaRound-Regular.ttf
00:03:37.350 [JavaFX Application Thread] DEBUG AssetLoader          - Loading from file system: /assets/ui/fonts/Abel-Regular.ttf
00:03:37.361 [JavaFX Application Thread] DEBUG AssetLoader          - Loading from file system: /assets/ui/fonts/lucida_console.ttf
00:03:37.372 [JavaFX Application Thread] DEBUG AssetLoader          - Loading from file system: /assets/ui/fonts/Courier-Prime.ttf
00:03:37.382 [JavaFX Application Thread] DEBUG Engine               - Setting UI factory
00:03:37.453 [JavaFX Application Thread] DEBUG AssetLoader          - Loading from file system: /assets/textures/fxgl_logo.png
00:03:37.518 [JavaFX Application Thread] DEBUG MainWindow           - Creating a JavaFX scene
00:03:37.552 [JavaFX Application Thread] DEBUG MainWindow           - Target settings size: 1024.0 x 768.0
00:03:37.552 [JavaFX Application Thread] DEBUG MainWindow           - Scaled scene size:    1024.0 x 768.0
00:03:37.552 [JavaFX Application Thread] DEBUG MainWindow           - Scaled ratio: (1.0, 1.0)
00:03:37.553 [JavaFX Application Thread] DEBUG MainWindow           - Set initial scene to FXGLStartupScene
00:03:37.560 [JavaFX Application Thread] DEBUG AssetLoader          - Loading from file system: /assets/textures/fxgl_icon.png
00:03:37.572 [JavaFX Application Thread] DEBUG Engine               - Applying CSS: fxgl_dark.css
00:03:37.572 [JavaFX Application Thread] DEBUG AssetLoader          - Loading from file system: /assets/ui/css/fxgl_dark.css
00:03:37.574 [JavaFX Application Thread] DEBUG AssetLoader          - Loading from file system: /assets/ui/cursors/fxgl_default.png
00:03:37.575 [JavaFX Application Thread] DEBUG MainWindow           - Opening main window
00:03:37.701 [JavaFX Application Thread] DEBUG MainWindow           - Window border size: (14.4000244140625, 37.5999755859375)
00:03:37.701 [JavaFX Application Thread] DEBUG MainWindow           - Scaled size: 1024.0 x 768.0
00:03:37.701 [JavaFX Application Thread] DEBUG MainWindow           - Scaled ratio: (1.0, 1.0)
00:03:37.702 [JavaFX Application Thread] DEBUG MainWindow           - Scene size: 1024.0 x 768.0
00:03:37.702 [JavaFX Application Thread] DEBUG MainWindow           - Stage size: 1038.4000244140625 x 805.5999755859375
00:03:37.711 [FXGL Background Thread 1 ] DEBUG FS                   - Loaded FSServiceImpl
00:03:37.711 [FXGL Background Thread 1 ] DEBUG Engine               - Loading FXGL system data
00:03:37.716 [FXGL Background Thread 1 ] DEBUG FSServiceImpl        - Reading from: C:\Users\mikpe\IdeaProjects\Whack_A_Teacher\system\fxgl.bundle
00:03:37.724 [FXGL Background Thread 1 ] DEBUG Engine               - Bundle FXGL: {}
00:03:37.724 [FXGL Background Thread 1 ] DEBUG Engine               - Initializing application scenes
00:03:37.752 [FXGL Background Thread 1 ] DEBUG GameWorld            - Game world initialized
00:03:37.816 [FXGL Background Thread 1 ] DEBUG PhysicsWorld         - Physics world initialized: appHeight=768, physics.ppm=50,0
00:03:37.818 [FXGL Background Thread 1 ] DEBUG GameScene            - Game scene initialized: 1024x768
00:03:37.850 [FXGL Background Thread 1 ] DEBUG AssetLoader          - Loading from file system: /assets/textures/background.png
00:03:37.890 [FXGL Background Thread 1 ] DEBUG AssetLoader          - Loading from file system: /assets/textures/particles/trace_horizontal.png
00:03:37.915 [FXGL Background Thread 1 ] DEBUG FXGL.DefaultMenu     - createMenuBodyGameMenu()
00:03:37.925 [FXGL Background Thread 1 ] DEBUG FXGL.DefaultMenu     - createOptionsMenu()
00:03:37.930 [FXGL Background Thread 1 ] DEBUG AssetLoader          - Loading from file system: /assets/textures/particles/smoke.png
00:03:37.973 [FXGL Background Thread 1 ] DEBUG Engine               - Application scenes initialized
00:03:37.976 [JavaFX Application Thread] DEBUG Engine               - Running preInit()
00:03:37.986 [JavaFX Application Thread] DEBUG Input                - Registered new binding: Screenshot - P
00:03:37.986 [JavaFX Application Thread] DEBUG Input                - Registered new binding: System info dump - CTRL+9
00:03:37.986 [JavaFX Application Thread] DEBUG Input                - Registered new binding: Restart - CTRL+R
00:03:37.986 [JavaFX Application Thread] DEBUG Engine               - generateDefaultProfile()
00:03:37.986 [JavaFX Application Thread] DEBUG Engine               - Creating default profile
00:03:37.987 [JavaFX Application Thread] DEBUG EventBus             - Firing event: SaveEvent
00:03:37.999 [JavaFX Application Thread] INFO  Engine               - FXGL initialization took: 0,900 sec
00:03:37.999 [JavaFX Application Thread] DEBUG LoopRunner           - Starting loop
00:03:38.017 [JavaFX Application Thread] DEBUG FXGLStartupScene     - STARTUP
00:03:38.018 [JavaFX Application Thread] DEBUG Input                - Clearing active input actions
00:03:38.028 [JavaFX Application Thread] DEBUG Engine               - Removing overlay from FXGLStartupScene and adding to WhackMainMenu
00:03:38.028 [JavaFX Application Thread] DEBUG MainWindow           - FXGLStartupScene -> WhackMainMenu
00:03:39.642 [JavaFX Application Thread] DEBUG Menu                 - fireNewGame()
00:03:39.643 [JavaFX Application Thread] DEBUG Engine               - Starting new game
00:03:39.647 [JavaFX Application Thread] DEBUG Input                - Clearing active input actions
00:03:39.647 [FXGL Background Thread 1 ] DEBUG InitAppTask          - Clearing previous game
00:03:39.647 [FXGL Background Thread 1 ] DEBUG GameWorld            - Clearing game world
00:03:39.647 [FXGL Background Thread 1 ] DEBUG PhysicsWorld         - Clearing physics world
00:03:39.647 [FXGL Background Thread 1 ] DEBUG GameScene            - Clearing game scene
00:03:39.647 [FXGL Background Thread 1 ] DEBUG InitAppTask          - Initializing Game
00:03:39.654 [JavaFX Application Thread] DEBUG Engine               - Removing overlay from WhackMainMenu and adding to LoadingScene
00:03:39.654 [JavaFX Application Thread] DEBUG MainWindow           - WhackMainMenu -> LoadingScene
00:03:39.656 [FXGL Background Thread 1 ] DEBUG AssetLoader          - Loading from cache: /assets/textures/background.png
00:03:39.661 [FXGL Background Thread 1 ] DEBUG AssetLoader          - Loading from file system: /assets/textures/hammer3.jpg
00:03:39.673 [FXGL Background Thread 1 ] DEBUG AssetLoader          - Loading from file system: /assets/music/BHT.mp3
00:03:39.772 [FXGL Background Thread 1 ] DEBUG AudioPlayer          - Playing music com.almasb.fxgl.audio.Music@914eed7
00:03:39.773 [FXGL Background Thread 1 ] DEBUG InitAppTask          - Initializing Physics
00:03:39.775 [FXGL Background Thread 1 ] DEBUG InitAppTask          - Initializing UI
00:03:39.776 [FXGL Background Thread 1 ] DEBUG InitAppTask          - Initialization Complete
00:03:39.776 [FXGL Background Thread 1 ] INFO  InitAppTask          - Game initialization took: 0,129 sec
00:03:39.789 [JavaFX Application Thread] DEBUG Input                - Clearing active input actions
00:03:39.797 [JavaFX Application Thread] DEBUG Engine               - Removing overlay from LoadingScene and adding to GameScene
00:03:39.798 [JavaFX Application Thread] DEBUG MainWindow           - LoadingScene -> GameScene
00:03:41.093 [JavaFX Application Thread] DEBUG Input                - Clearing active input actions
00:03:41.104 [JavaFX Application Thread] DEBUG Engine               - Removing overlay from GameScene and adding to FXGLDefaultMenu
00:03:41.104 [JavaFX Application Thread] DEBUG MainWindow           - GameScene -> FXGLDefaultMenu
00:03:44.422 [JavaFX Application Thread] DEBUG Menu                 - fireExitToMainMenu()
00:03:44.424 [JavaFX Application Thread] DEBUG MainWindow           - Push state: DialogSubState
00:03:44.424 [JavaFX Application Thread] DEBUG Input                - Clearing active input actions
00:03:44.426 [JavaFX Application Thread] DEBUG Engine               - Removing overlay from FXGLDefaultMenu and adding to DialogSubState
00:03:44.426 [JavaFX Application Thread] DEBUG MainWindow           - FXGLDefaultMenu -> DialogSubState
00:03:45.091 [JavaFX Application Thread] DEBUG MainWindow           - Pop state: DialogSubState
00:03:45.091 [JavaFX Application Thread] DEBUG Input                - Clearing active input actions
00:03:45.091 [JavaFX Application Thread] DEBUG Engine               - Removing overlay from DialogSubState and adding to FXGLDefaultMenu
00:03:45.091 [JavaFX Application Thread] DEBUG MainWindow           - FXGLDefaultMenu <- DialogSubState
00:03:45.091 [JavaFX Application Thread] DEBUG Input                - Clearing active input actions
00:03:45.098 [JavaFX Application Thread] DEBUG Engine               - Removing overlay from FXGLDefaultMenu and adding to WhackMainMenu
00:03:45.098 [JavaFX Application Thread] DEBUG MainWindow           - FXGLDefaultMenu -> WhackMainMenu
00:03:47.489 [JavaFX Application Thread] DEBUG Engine               - Exiting FXGL
00:03:47.489 [JavaFX Application Thread] DEBUG Engine               - Shutting down background threads
00:03:47.489 [JavaFX Application Thread] DEBUG Engine               - Saving FXGL system data
00:03:47.491 [JavaFX Application Thread] DEBUG FSServiceImpl        - Writing to: C:\Users\mikpe\IdeaProjects\Whack_A_Teacher\system\fxgl.bundle
00:03:47.493 [JavaFX Application Thread] DEBUG Engine               - Closing logger and exiting JavaFX
