00:35:39.051 [main                     ] DEBUG GameApplication      - Logger initialized
00:35:39.075 [main                     ] DEBUG GameApplication      - Logging settings
Title: Whack a teacher
Version: 1.0
Width: 1024
Height: 768
Fullscreen: false
Intro: false
Menus: true
Profiling: false
Single step:false
App Mode: DEVELOPER
Menu Key: ESCAPE
Stage Style: DECORATED
Scene Factory: class demo.WhackApp$1
Dialog Factory: class com.almasb.fxgl.ui.FXGLDialogFactory
UI Factory: class com.almasb.fxgl.ui.FXGLUIFactory

00:35:39.298 [JavaFX Application Thread] DEBUG Engine               - Initializing FXGL
00:35:39.298 [JavaFX Application Thread] INFO  Engine               - FXGL-11.7 (05.01.2020 09.46) on WINDOWS (J:11.0.5 FX:10.0.2-internal)
00:35:39.299 [JavaFX Application Thread] INFO  Engine               - Source code and latest versions at: https://github.com/AlmasB/FXGL
00:35:39.299 [JavaFX Application Thread] INFO  Engine               -              Join the FXGL chat at: https://gitter.im/AlmasB/FXGL
00:35:39.299 [JavaFX Application Thread] DEBUG Engine               - Initializing environment variables
00:35:39.302 [JavaFX Application Thread] DEBUG Engine               - Logging environment variables
00:35:39.302 [JavaFX Application Thread] DEBUG Engine               - achievements: []
00:35:39.302 [JavaFX Application Thread] DEBUG Engine               - sceneStack: com.almasb.fxgl.app.Engine@3f6761e5
00:35:39.302 [JavaFX Application Thread] DEBUG Engine               - language: ObjectProperty [value: ENGLISH]
00:35:39.302 [JavaFX Application Thread] DEBUG Engine               - isCloseConfirmation: false
00:35:39.303 [JavaFX Application Thread] DEBUG Engine               - isProfilingEnabled: false
00:35:39.303 [JavaFX Application Thread] DEBUG Engine               - soundNotification: core/notification.wav
00:35:39.303 [JavaFX Application Thread] DEBUG Engine               - devShowBBoxProperty: BooleanProperty [value: false]
00:35:39.304 [JavaFX Application Thread] DEBUG Engine               - pixelsPerMeter: 50.0
00:35:39.305 [JavaFX Application Thread] DEBUG Engine               - overlayRoot: Group@3189d85
00:35:39.305 [JavaFX Application Thread] DEBUG Engine               - soundMenuBack: menu/back.wav
00:35:39.305 [JavaFX Application Thread] DEBUG Engine               - appIcon: fxgl_icon.png
00:35:39.305 [JavaFX Application Thread] DEBUG Engine               - isFullScreenAllowed: false
00:35:39.305 [JavaFX Application Thread] DEBUG Engine               - isIntroEnabled: false
00:35:39.305 [JavaFX Application Thread] DEBUG Engine               - eventBus: com.almasb.fxgl.event.EventBus@32e162f
00:35:39.305 [JavaFX Application Thread] DEBUG Engine               - fontMono: lucida_console.ttf
00:35:39.306 [JavaFX Application Thread] DEBUG Engine               - soundMenuSelect: menu/select.wav
00:35:39.306 [JavaFX Application Thread] DEBUG Engine               - isWindows: true
00:35:39.306 [JavaFX Application Thread] DEBUG Engine               - isMobile: false
00:35:39.306 [JavaFX Application Thread] DEBUG Engine               - height: 768
00:35:39.306 [JavaFX Application Thread] DEBUG Engine               - isExperimentalNative: false
00:35:39.306 [JavaFX Application Thread] DEBUG Engine               - isSingleStep: false
00:35:39.306 [JavaFX Application Thread] DEBUG Engine               - cSSList: [fxgl_dark.css]
00:35:39.306 [JavaFX Application Thread] DEBUG Engine               - fontGame: Abel-Regular.ttf
00:35:39.306 [JavaFX Application Thread] DEBUG Engine               - menuKey: ESCAPE
00:35:39.306 [JavaFX Application Thread] DEBUG Engine               - devShowPositionProperty: BooleanProperty [value: false]
00:35:39.307 [JavaFX Application Thread] DEBUG Engine               - versionCheckDays: 7
00:35:39.307 [JavaFX Application Thread] DEBUG Engine               - masterTimer: com.almasb.fxgl.time.Timer@7c237e6
00:35:39.307 [JavaFX Application Thread] DEBUG Engine               - configClass: Optional.empty
00:35:39.307 [JavaFX Application Thread] DEBUG Engine               - isFullScreenFromStart: false
00:35:39.307 [JavaFX Application Thread] DEBUG Engine               - version: 1.0
00:35:39.307 [JavaFX Application Thread] DEBUG Engine               - fullScreen: BooleanProperty [value: false]
00:35:39.307 [JavaFX Application Thread] DEBUG Engine               - randomSeed: -1
00:35:39.307 [JavaFX Application Thread] DEBUG Engine               - dialogFactory: com.almasb.fxgl.ui.FXGLDialogFactory@2ac6453
00:35:39.307 [JavaFX Application Thread] DEBUG Engine               - applicationMode: DEVELOPER
00:35:39.308 [JavaFX Application Thread] DEBUG Engine               - isMac: false
00:35:39.308 [JavaFX Application Thread] DEBUG Engine               - urlGoogleForms: https://goo.gl/forms/6wrMnOBxTE1fEpOy2
00:35:39.308 [JavaFX Application Thread] DEBUG Engine               - isMenuEnabled: true
00:35:39.308 [JavaFX Application Thread] DEBUG Engine               - urlPOM: https://raw.githubusercontent.com/AlmasB/FXGL/master/pom.xml
00:35:39.308 [JavaFX Application Thread] DEBUG Engine               - profileName: user.profile
00:35:39.308 [JavaFX Application Thread] DEBUG Engine               - notificationViewClass: class com.almasb.fxgl.notification.view.XboxNotificationView
00:35:39.308 [JavaFX Application Thread] DEBUG Engine               - devSensorColorProperty: ObjectProperty [value: 0xffff00ff]
00:35:39.308 [JavaFX Application Thread] DEBUG Engine               - sceneFactory: demo.WhackApp$1@459f3536
00:35:39.308 [JavaFX Application Thread] DEBUG Engine               - dataFileExt: .dat
00:35:39.308 [JavaFX Application Thread] DEBUG Engine               - stageStyle: DECORATED
00:35:39.309 [JavaFX Application Thread] DEBUG Engine               - isManualResizeEnabled: false
00:35:39.309 [JavaFX Application Thread] DEBUG Engine               - title: Whack a teacher
00:35:39.309 [JavaFX Application Thread] DEBUG Engine               - platform: WINDOWS
00:35:39.309 [JavaFX Application Thread] DEBUG Engine               - devBBoxColorProperty: ObjectProperty [value: 0xff0000ff]
00:35:39.309 [JavaFX Application Thread] DEBUG Engine               - isDesktop: true
00:35:39.309 [JavaFX Application Thread] DEBUG Engine               - credits: []
00:35:39.309 [JavaFX Application Thread] DEBUG Engine               - globalMusicVolumeProperty: DoubleProperty [value: 0.5]
00:35:39.309 [JavaFX Application Thread] DEBUG Engine               - isPreserveResizeRatio: false
00:35:39.309 [JavaFX Application Thread] DEBUG Engine               - uIFactory: com.almasb.fxgl.ui.FXGLUIFactory@3673ccc4
00:35:39.309 [JavaFX Application Thread] DEBUG Engine               - fontText: Courier-Prime.ttf
00:35:39.309 [JavaFX Application Thread] DEBUG Engine               - isExperimentalTiledLargeMap: false
00:35:39.309 [JavaFX Application Thread] DEBUG Engine               - secondsIn24h: 60
00:35:39.310 [JavaFX Application Thread] DEBUG Engine               - runtimeInfo: RuntimeInfo(platform=WINDOWS, version=11.7, build=05.01.2020 09.46)
00:35:39.310 [JavaFX Application Thread] DEBUG Engine               - isLinux: false
00:35:39.310 [JavaFX Application Thread] DEBUG Engine               - soundMenuPress: menu/press.wav
00:35:39.310 [JavaFX Application Thread] DEBUG Engine               - urlGithub: https://github.com/AlmasB/FXGL
00:35:39.310 [JavaFX Application Thread] DEBUG Engine               - profileDir: profiles/
00:35:39.310 [JavaFX Application Thread] DEBUG Engine               - isDeveloperMenuEnabled: false
00:35:39.310 [JavaFX Application Thread] DEBUG Engine               - globalSoundVolumeProperty: DoubleProperty [value: 0.5]
00:35:39.310 [JavaFX Application Thread] DEBUG Engine               - isBrowser: false
00:35:39.310 [JavaFX Application Thread] DEBUG Engine               - urlLeaderboard: http://fxgl-top.herokuapp.com/
00:35:39.310 [JavaFX Application Thread] DEBUG Engine               - globalSoundVolume: 0.5
00:35:39.310 [JavaFX Application Thread] DEBUG Engine               - saveDir: saves/
00:35:39.310 [JavaFX Application Thread] DEBUG Engine               - engineServices: [class com.almasb.fxgl.audio.AudioPlayer, class com.almasb.fxgl.notification.impl.NotificationServiceProvider, class com.almasb.fxgl.achievement.AchievementManager, class com.almasb.fxgl.cutscene.CutsceneService, class com.almasb.fxgl.minigames.MiniGameService]
00:35:39.310 [JavaFX Application Thread] DEBUG Engine               - globalMusicVolume: 0.5
00:35:39.311 [JavaFX Application Thread] DEBUG Engine               - width: 1024
00:35:39.311 [JavaFX Application Thread] DEBUG Engine               - saveFileExt: .sav
00:35:39.311 [JavaFX Application Thread] DEBUG Engine               - isAndroid: false
00:35:39.311 [JavaFX Application Thread] DEBUG Engine               - fontUI: VarelaRound-Regular.ttf
00:35:39.311 [JavaFX Application Thread] DEBUG Engine               - enabledMenuItems: []
00:35:39.311 [JavaFX Application Thread] DEBUG Engine               - isIOS: false
00:35:39.313 [JavaFX Application Thread] DEBUG Engine               - Adding new engine service: class com.almasb.fxgl.audio.AudioPlayer
00:35:39.314 [JavaFX Application Thread] DEBUG Engine               - Adding new engine service: class com.almasb.fxgl.notification.impl.NotificationServiceProvider
00:35:39.314 [JavaFX Application Thread] DEBUG Engine               - Adding new engine service: class com.almasb.fxgl.achievement.AchievementManager
00:35:39.315 [JavaFX Application Thread] DEBUG Engine               - Adding new engine service: class com.almasb.fxgl.cutscene.CutsceneService
00:35:39.315 [JavaFX Application Thread] DEBUG Engine               - Adding new engine service: class com.almasb.fxgl.minigames.MiniGameService
00:35:39.317 [JavaFX Application Thread] DEBUG Engine               - Loading localizations
00:35:39.323 [JavaFX Application Thread] DEBUG AssetLoader          - Loading from file system: /assets/properties/languages/english.properties
00:35:39.327 [JavaFX Application Thread] DEBUG AssetLoader          - Loading from file system: /assets/properties/languages/french.properties
00:35:39.328 [JavaFX Application Thread] DEBUG AssetLoader          - Loading from file system: /assets/properties/languages/german.properties
00:35:39.329 [JavaFX Application Thread] DEBUG AssetLoader          - Loading from file system: /assets/properties/languages/russian.properties
00:35:39.330 [JavaFX Application Thread] DEBUG AssetLoader          - Loading from file system: /assets/properties/languages/hungarian.properties
00:35:39.332 [JavaFX Application Thread] DEBUG Engine               - Registering font factories
00:35:39.333 [JavaFX Application Thread] DEBUG AssetLoader          - Loading from file system: /assets/ui/fonts/VarelaRound-Regular.ttf
00:35:39.591 [JavaFX Application Thread] DEBUG AssetLoader          - Loading from file system: /assets/ui/fonts/Abel-Regular.ttf
00:35:39.600 [JavaFX Application Thread] DEBUG AssetLoader          - Loading from file system: /assets/ui/fonts/lucida_console.ttf
00:35:39.611 [JavaFX Application Thread] DEBUG AssetLoader          - Loading from file system: /assets/ui/fonts/Courier-Prime.ttf
00:35:39.621 [JavaFX Application Thread] DEBUG Engine               - Setting UI factory
00:35:39.696 [JavaFX Application Thread] DEBUG AssetLoader          - Loading from file system: /assets/textures/fxgl_logo.png
00:35:39.751 [JavaFX Application Thread] DEBUG MainWindow           - Creating a JavaFX scene
00:35:39.785 [JavaFX Application Thread] DEBUG MainWindow           - Target settings size: 1024.0 x 768.0
00:35:39.785 [JavaFX Application Thread] DEBUG MainWindow           - Scaled scene size:    1024.0 x 768.0
00:35:39.785 [JavaFX Application Thread] DEBUG MainWindow           - Scaled ratio: (1.0, 1.0)
00:35:39.786 [JavaFX Application Thread] DEBUG MainWindow           - Set initial scene to FXGLStartupScene
00:35:39.792 [JavaFX Application Thread] DEBUG AssetLoader          - Loading from file system: /assets/textures/fxgl_icon.png
00:35:39.800 [JavaFX Application Thread] DEBUG Engine               - Applying CSS: fxgl_dark.css
00:35:39.801 [JavaFX Application Thread] DEBUG AssetLoader          - Loading from file system: /assets/ui/css/fxgl_dark.css
00:35:39.802 [JavaFX Application Thread] DEBUG AssetLoader          - Loading from file system: /assets/ui/cursors/fxgl_default.png
00:35:39.804 [JavaFX Application Thread] DEBUG MainWindow           - Opening main window
00:35:39.928 [JavaFX Application Thread] DEBUG MainWindow           - Window border size: (14.4000244140625, 37.5999755859375)
00:35:39.928 [JavaFX Application Thread] DEBUG MainWindow           - Scaled size: 1024.0 x 768.0
00:35:39.928 [JavaFX Application Thread] DEBUG MainWindow           - Scaled ratio: (1.0, 1.0)
00:35:39.928 [JavaFX Application Thread] DEBUG MainWindow           - Scene size: 1024.0 x 768.0
00:35:39.928 [JavaFX Application Thread] DEBUG MainWindow           - Stage size: 1038.4000244140625 x 805.5999755859375
00:35:39.942 [FXGL Background Thread 1 ] DEBUG FS                   - Loaded FSServiceImpl
00:35:39.942 [FXGL Background Thread 1 ] DEBUG Engine               - Loading FXGL system data
00:35:39.947 [FXGL Background Thread 1 ] DEBUG FSServiceImpl        - Reading from: C:\Users\mikpe\IdeaProjects\Whack_A_Teacher\system\fxgl.bundle
00:35:39.957 [FXGL Background Thread 1 ] DEBUG Engine               - Bundle FXGL: {}
00:35:39.957 [FXGL Background Thread 1 ] DEBUG Engine               - Initializing application scenes
00:35:39.986 [FXGL Background Thread 1 ] DEBUG GameWorld            - Game world initialized
00:35:40.043 [FXGL Background Thread 1 ] DEBUG PhysicsWorld         - Physics world initialized: appHeight=768, physics.ppm=50,0
00:35:40.045 [FXGL Background Thread 1 ] DEBUG GameScene            - Game scene initialized: 1024x768
00:35:40.079 [FXGL Background Thread 1 ] DEBUG AssetLoader          - Loading from file system: /assets/textures/background.png
00:35:40.107 [FXGL Background Thread 1 ] DEBUG AssetLoader          - Loading from cache: /assets/textures/background.png
00:35:40.110 [FXGL Background Thread 1 ] DEBUG Engine               - Application scenes initialized
00:35:40.112 [JavaFX Application Thread] DEBUG Engine               - Running preInit()
00:35:40.125 [JavaFX Application Thread] DEBUG Input                - Registered new binding: Screenshot - P
00:35:40.125 [JavaFX Application Thread] DEBUG Input                - Registered new binding: System info dump - CTRL+9
00:35:40.125 [JavaFX Application Thread] DEBUG Input                - Registered new binding: Restart - CTRL+R
00:35:40.126 [JavaFX Application Thread] DEBUG Engine               - generateDefaultProfile()
00:35:40.126 [JavaFX Application Thread] DEBUG Engine               - Creating default profile
00:35:40.126 [JavaFX Application Thread] DEBUG EventBus             - Firing event: SaveEvent
00:35:40.137 [JavaFX Application Thread] INFO  Engine               - FXGL initialization took: 0,821 sec
00:35:40.138 [JavaFX Application Thread] DEBUG LoopRunner           - Starting loop
00:35:40.156 [JavaFX Application Thread] DEBUG FXGLStartupScene     - STARTUP
00:35:40.156 [JavaFX Application Thread] DEBUG Input                - Clearing active input actions
00:35:40.166 [JavaFX Application Thread] DEBUG Engine               - Removing overlay from FXGLStartupScene and adding to WhackMainMenu
00:35:40.166 [JavaFX Application Thread] DEBUG MainWindow           - FXGLStartupScene -> WhackMainMenu
00:35:41.499 [JavaFX Application Thread] DEBUG Menu                 - fireNewGame()
00:35:41.499 [JavaFX Application Thread] DEBUG Engine               - Starting new game
00:35:41.506 [JavaFX Application Thread] DEBUG Input                - Clearing active input actions
00:35:41.507 [FXGL Background Thread 1 ] DEBUG InitAppTask          - Clearing previous game
00:35:41.507 [FXGL Background Thread 1 ] DEBUG GameWorld            - Clearing game world
00:35:41.507 [FXGL Background Thread 1 ] DEBUG PhysicsWorld         - Clearing physics world
00:35:41.507 [FXGL Background Thread 1 ] DEBUG GameScene            - Clearing game scene
00:35:41.507 [FXGL Background Thread 1 ] DEBUG InitAppTask          - Initializing Game
00:35:41.517 [JavaFX Application Thread] DEBUG Engine               - Removing overlay from WhackMainMenu and adding to LoadingScene
00:35:41.517 [JavaFX Application Thread] DEBUG MainWindow           - WhackMainMenu -> LoadingScene
00:35:41.519 [FXGL Background Thread 1 ] DEBUG AssetLoader          - Loading from cache: /assets/textures/background.png
00:35:41.526 [FXGL Background Thread 1 ] DEBUG AssetLoader          - Loading from file system: /assets/textures/hammer3.jpg
00:35:41.536 [FXGL Background Thread 1 ] DEBUG AssetLoader          - Loading from file system: /assets/music/BHT.mp3
00:35:41.612 [FXGL Background Thread 1 ] DEBUG AudioPlayer          - Playing music com.almasb.fxgl.audio.Music@b13570e
00:35:41.613 [FXGL Background Thread 1 ] DEBUG InitAppTask          - Initializing Physics
00:35:41.615 [FXGL Background Thread 1 ] DEBUG InitAppTask          - Initializing UI
00:35:41.616 [FXGL Background Thread 1 ] DEBUG InitAppTask          - Initialization Complete
00:35:41.617 [FXGL Background Thread 1 ] INFO  InitAppTask          - Game initialization took: 0,111 sec
00:35:41.623 [JavaFX Application Thread] DEBUG Input                - Clearing active input actions
00:35:41.634 [JavaFX Application Thread] DEBUG Engine               - Removing overlay from LoadingScene and adding to GameScene
00:35:41.634 [JavaFX Application Thread] DEBUG MainWindow           - LoadingScene -> GameScene
00:35:42.535 [JavaFX Application Thread] DEBUG Input                - Clearing active input actions
00:35:42.539 [JavaFX Application Thread] DEBUG Engine               - Removing overlay from GameScene and adding to WhackGameMenu
00:35:42.540 [JavaFX Application Thread] DEBUG MainWindow           - GameScene -> WhackGameMenu
00:35:50.082 [JavaFX Application Thread] DEBUG Engine               - Exiting FXGL
00:35:50.082 [JavaFX Application Thread] DEBUG Engine               - Shutting down background threads
00:35:50.083 [JavaFX Application Thread] DEBUG Engine               - Saving FXGL system data
00:35:50.087 [JavaFX Application Thread] DEBUG FSServiceImpl        - Writing to: C:\Users\mikpe\IdeaProjects\Whack_A_Teacher\system\fxgl.bundle
00:35:50.091 [JavaFX Application Thread] DEBUG Engine               - Closing logger and exiting JavaFX
