11:10:19.103 [main                     ] DEBUG GameApplication      - Logger initialized
11:10:19.147 [main                     ] DEBUG GameApplication      - Logging settings
Title: Whack a teacher
Version: 1.0
Width: 1024
Height: 768
Fullscreen: false
Intro: false
Menus: true
Profiling: false
Single step:false
App Mode: DEVELOPER
Menu Key: ESCAPE
Stage Style: DECORATED
Scene Factory: class demo.WhackApp$1
Dialog Factory: class com.almasb.fxgl.ui.FXGLDialogFactory
UI Factory: class com.almasb.fxgl.ui.FXGLUIFactory

11:10:19.648 [JavaFX Application Thread] DEBUG Engine               - Initializing FXGL
11:10:19.648 [JavaFX Application Thread] INFO  Engine               - FXGL-11.7 (05.01.2020 09.46) on WINDOWS (J:11.0.5 FX:10.0.2-internal)
11:10:19.649 [JavaFX Application Thread] INFO  Engine               - Source code and latest versions at: https://github.com/AlmasB/FXGL
11:10:19.649 [JavaFX Application Thread] INFO  Engine               -              Join the FXGL chat at: https://gitter.im/AlmasB/FXGL
11:10:19.649 [JavaFX Application Thread] DEBUG Engine               - Initializing environment variables
11:10:19.652 [JavaFX Application Thread] DEBUG Engine               - Logging environment variables
11:10:19.653 [JavaFX Application Thread] DEBUG Engine               - achievements: []
11:10:19.653 [JavaFX Application Thread] DEBUG Engine               - sceneStack: com.almasb.fxgl.app.Engine@5c90f6b3
11:10:19.654 [JavaFX Application Thread] DEBUG Engine               - language: ObjectProperty [value: ENGLISH]
11:10:19.654 [JavaFX Application Thread] DEBUG Engine               - isCloseConfirmation: false
11:10:19.654 [JavaFX Application Thread] DEBUG Engine               - isProfilingEnabled: false
11:10:19.654 [JavaFX Application Thread] DEBUG Engine               - soundNotification: core/notification.wav
11:10:19.654 [JavaFX Application Thread] DEBUG Engine               - devShowBBoxProperty: BooleanProperty [value: false]
11:10:19.656 [JavaFX Application Thread] DEBUG Engine               - pixelsPerMeter: 50.0
11:10:19.657 [JavaFX Application Thread] DEBUG Engine               - overlayRoot: Group@16657e1d
11:10:19.657 [JavaFX Application Thread] DEBUG Engine               - appIcon: fxgl_icon.png
11:10:19.657 [JavaFX Application Thread] DEBUG Engine               - soundMenuBack: menu/back.wav
11:10:19.657 [JavaFX Application Thread] DEBUG Engine               - isFullScreenAllowed: false
11:10:19.657 [JavaFX Application Thread] DEBUG Engine               - isIntroEnabled: false
11:10:19.658 [JavaFX Application Thread] DEBUG Engine               - eventBus: com.almasb.fxgl.event.EventBus@377e0732
11:10:19.658 [JavaFX Application Thread] DEBUG Engine               - fontMono: lucida_console.ttf
11:10:19.658 [JavaFX Application Thread] DEBUG Engine               - soundMenuSelect: menu/select.wav
11:10:19.658 [JavaFX Application Thread] DEBUG Engine               - isWindows: true
11:10:19.659 [JavaFX Application Thread] DEBUG Engine               - isMobile: false
11:10:19.659 [JavaFX Application Thread] DEBUG Engine               - height: 768
11:10:19.659 [JavaFX Application Thread] DEBUG Engine               - isExperimentalNative: false
11:10:19.659 [JavaFX Application Thread] DEBUG Engine               - cSSList: [fxgl_dark.css]
11:10:19.660 [JavaFX Application Thread] DEBUG Engine               - isSingleStep: false
11:10:19.660 [JavaFX Application Thread] DEBUG Engine               - fontGame: Abel-Regular.ttf
11:10:19.660 [JavaFX Application Thread] DEBUG Engine               - menuKey: ESCAPE
11:10:19.660 [JavaFX Application Thread] DEBUG Engine               - devShowPositionProperty: BooleanProperty [value: false]
11:10:19.660 [JavaFX Application Thread] DEBUG Engine               - versionCheckDays: 7
11:10:19.661 [JavaFX Application Thread] DEBUG Engine               - masterTimer: com.almasb.fxgl.time.Timer@6c005a00
11:10:19.661 [JavaFX Application Thread] DEBUG Engine               - configClass: Optional.empty
11:10:19.661 [JavaFX Application Thread] DEBUG Engine               - isFullScreenFromStart: false
11:10:19.661 [JavaFX Application Thread] DEBUG Engine               - version: 1.0
11:10:19.661 [JavaFX Application Thread] DEBUG Engine               - fullScreen: BooleanProperty [value: false]
11:10:19.662 [JavaFX Application Thread] DEBUG Engine               - randomSeed: -1
11:10:19.662 [JavaFX Application Thread] DEBUG Engine               - dialogFactory: com.almasb.fxgl.ui.FXGLDialogFactory@60dba1a7
11:10:19.662 [JavaFX Application Thread] DEBUG Engine               - applicationMode: DEVELOPER
11:10:19.662 [JavaFX Application Thread] DEBUG Engine               - isMac: false
11:10:19.663 [JavaFX Application Thread] DEBUG Engine               - urlGoogleForms: https://goo.gl/forms/6wrMnOBxTE1fEpOy2
11:10:19.663 [JavaFX Application Thread] DEBUG Engine               - isMenuEnabled: true
11:10:19.663 [JavaFX Application Thread] DEBUG Engine               - profileName: user.profile
11:10:19.663 [JavaFX Application Thread] DEBUG Engine               - urlPOM: https://raw.githubusercontent.com/AlmasB/FXGL/master/pom.xml
11:10:19.663 [JavaFX Application Thread] DEBUG Engine               - devSensorColorProperty: ObjectProperty [value: 0xffff00ff]
11:10:19.664 [JavaFX Application Thread] DEBUG Engine               - notificationViewClass: class com.almasb.fxgl.notification.view.XboxNotificationView
11:10:19.664 [JavaFX Application Thread] DEBUG Engine               - dataFileExt: .dat
11:10:19.664 [JavaFX Application Thread] DEBUG Engine               - sceneFactory: demo.WhackApp$1@5df3be37
11:10:19.664 [JavaFX Application Thread] DEBUG Engine               - stageStyle: DECORATED
11:10:19.664 [JavaFX Application Thread] DEBUG Engine               - isManualResizeEnabled: false
11:10:19.665 [JavaFX Application Thread] DEBUG Engine               - title: Whack a teacher
11:10:19.665 [JavaFX Application Thread] DEBUG Engine               - platform: WINDOWS
11:10:19.665 [JavaFX Application Thread] DEBUG Engine               - devBBoxColorProperty: ObjectProperty [value: 0xff0000ff]
11:10:19.665 [JavaFX Application Thread] DEBUG Engine               - isDesktop: true
11:10:19.665 [JavaFX Application Thread] DEBUG Engine               - credits: []
11:10:19.665 [JavaFX Application Thread] DEBUG Engine               - globalMusicVolumeProperty: DoubleProperty [value: 0.5]
11:10:19.666 [JavaFX Application Thread] DEBUG Engine               - isPreserveResizeRatio: false
11:10:19.666 [JavaFX Application Thread] DEBUG Engine               - uIFactory: com.almasb.fxgl.ui.FXGLUIFactory@1af3652c
11:10:19.666 [JavaFX Application Thread] DEBUG Engine               - fontText: Courier-Prime.ttf
11:10:19.666 [JavaFX Application Thread] DEBUG Engine               - isExperimentalTiledLargeMap: false
11:10:19.666 [JavaFX Application Thread] DEBUG Engine               - secondsIn24h: 60
11:10:19.666 [JavaFX Application Thread] DEBUG Engine               - runtimeInfo: RuntimeInfo(platform=WINDOWS, version=11.7, build=05.01.2020 09.46)
11:10:19.667 [JavaFX Application Thread] DEBUG Engine               - isLinux: false
11:10:19.667 [JavaFX Application Thread] DEBUG Engine               - soundMenuPress: menu/press.wav
11:10:19.667 [JavaFX Application Thread] DEBUG Engine               - urlGithub: https://github.com/AlmasB/FXGL
11:10:19.667 [JavaFX Application Thread] DEBUG Engine               - profileDir: profiles/
11:10:19.667 [JavaFX Application Thread] DEBUG Engine               - isDeveloperMenuEnabled: false
11:10:19.667 [JavaFX Application Thread] DEBUG Engine               - globalSoundVolumeProperty: DoubleProperty [value: 0.5]
11:10:19.668 [JavaFX Application Thread] DEBUG Engine               - isBrowser: false
11:10:19.668 [JavaFX Application Thread] DEBUG Engine               - globalSoundVolume: 0.5
11:10:19.668 [JavaFX Application Thread] DEBUG Engine               - urlLeaderboard: http://fxgl-top.herokuapp.com/
11:10:19.668 [JavaFX Application Thread] DEBUG Engine               - saveDir: saves/
11:10:19.668 [JavaFX Application Thread] DEBUG Engine               - engineServices: [class com.almasb.fxgl.audio.AudioPlayer, class com.almasb.fxgl.notification.impl.NotificationServiceProvider, class com.almasb.fxgl.achievement.AchievementManager, class com.almasb.fxgl.cutscene.CutsceneService, class com.almasb.fxgl.minigames.MiniGameService]
11:10:19.668 [JavaFX Application Thread] DEBUG Engine               - globalMusicVolume: 0.5
11:10:19.669 [JavaFX Application Thread] DEBUG Engine               - width: 1024
11:10:19.676 [JavaFX Application Thread] DEBUG Engine               - saveFileExt: .sav
11:10:19.676 [JavaFX Application Thread] DEBUG Engine               - isAndroid: false
11:10:19.676 [JavaFX Application Thread] DEBUG Engine               - fontUI: VarelaRound-Regular.ttf
11:10:19.676 [JavaFX Application Thread] DEBUG Engine               - isIOS: false
11:10:19.676 [JavaFX Application Thread] DEBUG Engine               - enabledMenuItems: []
11:10:19.680 [JavaFX Application Thread] DEBUG Engine               - Adding new engine service: class com.almasb.fxgl.audio.AudioPlayer
11:10:19.681 [JavaFX Application Thread] DEBUG Engine               - Adding new engine service: class com.almasb.fxgl.notification.impl.NotificationServiceProvider
11:10:19.682 [JavaFX Application Thread] DEBUG Engine               - Adding new engine service: class com.almasb.fxgl.achievement.AchievementManager
11:10:19.683 [JavaFX Application Thread] DEBUG Engine               - Adding new engine service: class com.almasb.fxgl.cutscene.CutsceneService
11:10:19.683 [JavaFX Application Thread] DEBUG Engine               - Adding new engine service: class com.almasb.fxgl.minigames.MiniGameService
11:10:19.687 [JavaFX Application Thread] DEBUG Engine               - Loading localizations
11:10:19.691 [JavaFX Application Thread] DEBUG AssetLoader          - Loading from file system: /assets/properties/languages/english.properties
11:10:19.699 [JavaFX Application Thread] DEBUG AssetLoader          - Loading from file system: /assets/properties/languages/french.properties
11:10:19.701 [JavaFX Application Thread] DEBUG AssetLoader          - Loading from file system: /assets/properties/languages/german.properties
11:10:19.703 [JavaFX Application Thread] DEBUG AssetLoader          - Loading from file system: /assets/properties/languages/russian.properties
11:10:19.705 [JavaFX Application Thread] DEBUG AssetLoader          - Loading from file system: /assets/properties/languages/hungarian.properties
11:10:19.709 [JavaFX Application Thread] DEBUG Engine               - Registering font factories
11:10:19.709 [JavaFX Application Thread] DEBUG AssetLoader          - Loading from file system: /assets/ui/fonts/VarelaRound-Regular.ttf
11:10:20.225 [JavaFX Application Thread] DEBUG AssetLoader          - Loading from file system: /assets/ui/fonts/Abel-Regular.ttf
11:10:20.244 [JavaFX Application Thread] DEBUG AssetLoader          - Loading from file system: /assets/ui/fonts/lucida_console.ttf
11:10:20.267 [JavaFX Application Thread] DEBUG AssetLoader          - Loading from file system: /assets/ui/fonts/Courier-Prime.ttf
11:10:20.287 [JavaFX Application Thread] DEBUG Engine               - Setting UI factory
11:10:20.447 [JavaFX Application Thread] DEBUG AssetLoader          - Loading from file system: /assets/textures/fxgl_logo.png
11:10:20.552 [JavaFX Application Thread] DEBUG MainWindow           - Creating a JavaFX scene
11:10:20.625 [JavaFX Application Thread] DEBUG MainWindow           - Target settings size: 1024.0 x 768.0
11:10:20.625 [JavaFX Application Thread] DEBUG MainWindow           - Scaled scene size:    1024.0 x 768.0
11:10:20.625 [JavaFX Application Thread] DEBUG MainWindow           - Scaled ratio: (1.0, 1.0)
11:10:20.630 [JavaFX Application Thread] DEBUG MainWindow           - Set initial scene to FXGLStartupScene
11:10:20.687 [JavaFX Application Thread] DEBUG AssetLoader          - Loading from file system: /assets/textures/fxgl_icon.png
11:10:20.780 [JavaFX Application Thread] DEBUG Engine               - Applying CSS: fxgl_dark.css
11:10:20.782 [JavaFX Application Thread] DEBUG AssetLoader          - Loading from file system: /assets/ui/css/fxgl_dark.css
11:10:20.789 [JavaFX Application Thread] DEBUG AssetLoader          - Loading from file system: /assets/ui/cursors/fxgl_default.png
11:10:20.793 [JavaFX Application Thread] DEBUG MainWindow           - Opening main window
11:10:21.051 [JavaFX Application Thread] DEBUG MainWindow           - Window border size: (14.4000244140625, 37.5999755859375)
11:10:21.052 [JavaFX Application Thread] DEBUG MainWindow           - Scaled size: 1024.0 x 768.0
11:10:21.052 [JavaFX Application Thread] DEBUG MainWindow           - Scaled ratio: (1.0, 1.0)
11:10:21.052 [JavaFX Application Thread] DEBUG MainWindow           - Scene size: 1024.0 x 768.0
11:10:21.052 [JavaFX Application Thread] DEBUG MainWindow           - Stage size: 1038.4000244140625 x 805.5999755859375
11:10:21.075 [FXGL Background Thread 1 ] DEBUG FS                   - Loaded FSServiceImpl
11:10:21.075 [FXGL Background Thread 1 ] DEBUG Engine               - Loading FXGL system data
11:10:21.087 [FXGL Background Thread 1 ] DEBUG FSServiceImpl        - Reading from: C:\Users\mikpe\IdeaProjects\Whack_A_Teacher\system\fxgl.bundle
11:10:21.108 [FXGL Background Thread 1 ] DEBUG Engine               - Bundle FXGL: {}
11:10:21.109 [FXGL Background Thread 1 ] DEBUG Engine               - Initializing application scenes
11:10:21.180 [FXGL Background Thread 1 ] DEBUG GameWorld            - Game world initialized
11:10:21.273 [FXGL Background Thread 1 ] DEBUG PhysicsWorld         - Physics world initialized: appHeight=768, physics.ppm=50,0
11:10:21.278 [FXGL Background Thread 1 ] DEBUG GameScene            - Game scene initialized: 1024x768
11:10:21.331 [FXGL Background Thread 1 ] DEBUG AssetLoader          - Loading from file system: /assets/textures/background.png
11:10:21.379 [FXGL Background Thread 1 ] DEBUG AssetLoader          - Loading from cache: /assets/textures/background.png
11:10:21.385 [FXGL Background Thread 1 ] DEBUG Engine               - Application scenes initialized
11:10:21.391 [JavaFX Application Thread] DEBUG Engine               - Running preInit()
11:10:21.414 [JavaFX Application Thread] DEBUG Input                - Registered new binding: Screenshot - P
11:10:21.414 [JavaFX Application Thread] DEBUG Input                - Registered new binding: System info dump - CTRL+9
11:10:21.415 [JavaFX Application Thread] DEBUG Input                - Registered new binding: Restart - CTRL+R
11:10:21.415 [JavaFX Application Thread] DEBUG Engine               - generateDefaultProfile()
11:10:21.415 [JavaFX Application Thread] DEBUG Engine               - Creating default profile
11:10:21.416 [JavaFX Application Thread] DEBUG EventBus             - Firing event: SaveEvent
11:10:21.440 [JavaFX Application Thread] INFO  Engine               - FXGL initialization took: 1,753 sec
11:10:21.440 [JavaFX Application Thread] DEBUG LoopRunner           - Starting loop
11:10:21.465 [JavaFX Application Thread] DEBUG FXGLStartupScene     - STARTUP
11:10:21.466 [JavaFX Application Thread] DEBUG Input                - Clearing active input actions
11:10:21.494 [JavaFX Application Thread] DEBUG Engine               - Removing overlay from FXGLStartupScene and adding to WhackMainMenu
11:10:21.495 [JavaFX Application Thread] DEBUG MainWindow           - FXGLStartupScene -> WhackMainMenu
11:10:24.320 [JavaFX Application Thread] DEBUG Menu                 - fireNewGame()
11:10:24.320 [JavaFX Application Thread] DEBUG Engine               - Starting new game
11:10:24.335 [JavaFX Application Thread] DEBUG Input                - Clearing active input actions
11:10:24.336 [FXGL Background Thread 1 ] DEBUG InitAppTask          - Clearing previous game
11:10:24.337 [FXGL Background Thread 1 ] DEBUG GameWorld            - Clearing game world
11:10:24.337 [FXGL Background Thread 1 ] DEBUG PhysicsWorld         - Clearing physics world
11:10:24.338 [FXGL Background Thread 1 ] DEBUG GameScene            - Clearing game scene
11:10:24.338 [FXGL Background Thread 1 ] DEBUG InitAppTask          - Initializing Game
11:10:24.364 [JavaFX Application Thread] DEBUG Engine               - Removing overlay from WhackMainMenu and adding to LoadingScene
11:10:24.365 [JavaFX Application Thread] DEBUG MainWindow           - WhackMainMenu -> LoadingScene
11:10:24.372 [FXGL Background Thread 1 ] DEBUG AssetLoader          - Loading from cache: /assets/textures/background.png
11:10:24.393 [FXGL Background Thread 1 ] DEBUG AssetLoader          - Loading from file system: /assets/textures/hammer3.jpg
11:10:24.436 [FXGL Background Thread 1 ] DEBUG AssetLoader          - Loading from file system: /assets/music/BHT.mp3
11:10:24.666 [FXGL Background Thread 1 ] DEBUG AudioPlayer          - Playing music com.almasb.fxgl.audio.Music@4dd79ff4
11:10:24.668 [FXGL Background Thread 1 ] DEBUG InitAppTask          - Initializing Physics
11:10:24.672 [FXGL Background Thread 1 ] DEBUG InitAppTask          - Initializing UI
11:10:24.676 [FXGL Background Thread 1 ] DEBUG InitAppTask          - Initialization Complete
11:10:24.676 [FXGL Background Thread 1 ] INFO  InitAppTask          - Game initialization took: 0,339 sec
11:10:24.683 [JavaFX Application Thread] DEBUG Input                - Clearing active input actions
11:10:24.699 [JavaFX Application Thread] DEBUG Engine               - Removing overlay from LoadingScene and adding to GameScene
11:10:24.699 [JavaFX Application Thread] DEBUG MainWindow           - LoadingScene -> GameScene
11:10:26.543 [JavaFX Application Thread] DEBUG AssetLoader          - Loading from file system: /assets/textures/andras.jpg
11:10:26.610 [JavaFX Application Thread] DEBUG Input                - Clearing active input actions
11:10:26.624 [JavaFX Application Thread] DEBUG Engine               - Removing overlay from GameScene and adding to WhackGameMenu
11:10:26.624 [JavaFX Application Thread] DEBUG MainWindow           - GameScene -> WhackGameMenu
11:10:28.474 [JavaFX Application Thread] DEBUG Menu                 - fireExitToMainMenu()
11:10:28.497 [JavaFX Application Thread] DEBUG MainWindow           - Push state: DialogSubState
11:10:28.498 [JavaFX Application Thread] DEBUG Input                - Clearing active input actions
11:10:28.522 [JavaFX Application Thread] DEBUG Engine               - Removing overlay from WhackGameMenu and adding to DialogSubState
11:10:28.523 [JavaFX Application Thread] DEBUG MainWindow           - WhackGameMenu -> DialogSubState
11:10:28.524 [JavaFX Application Thread] DEBUG AssetLoader          - Loading from cache: /assets/music/BHT.mp3
11:10:28.524 [JavaFX Application Thread] DEBUG AudioPlayer          - Playing music com.almasb.fxgl.audio.Music@4dd79ff4
11:10:28.525 [JavaFX Application Thread] DEBUG AudioPlayer          - Stopping music com.almasb.fxgl.audio.Music@4dd79ff4
11:10:30.138 [JavaFX Application Thread] DEBUG MainWindow           - Pop state: DialogSubState
11:10:30.138 [JavaFX Application Thread] DEBUG Input                - Clearing active input actions
11:10:30.140 [JavaFX Application Thread] DEBUG Engine               - Removing overlay from DialogSubState and adding to WhackGameMenu
11:10:30.140 [JavaFX Application Thread] DEBUG MainWindow           - WhackGameMenu <- DialogSubState
11:10:30.140 [JavaFX Application Thread] DEBUG Input                - Clearing active input actions
11:10:30.150 [JavaFX Application Thread] DEBUG Engine               - Removing overlay from WhackGameMenu and adding to WhackMainMenu
11:10:30.150 [JavaFX Application Thread] DEBUG MainWindow           - WhackGameMenu -> WhackMainMenu
11:10:56.521 [JavaFX Application Thread] DEBUG Menu                 - fireNewGame()
11:10:56.521 [JavaFX Application Thread] DEBUG Engine               - Starting new game
11:10:56.523 [JavaFX Application Thread] DEBUG Input                - Clearing active input actions
11:10:56.523 [FXGL Background Thread 1 ] DEBUG InitAppTask          - Clearing previous game
11:10:56.524 [FXGL Background Thread 1 ] DEBUG GameWorld            - Clearing game world
11:10:56.529 [FXGL Background Thread 1 ] DEBUG PhysicsWorld         - Clearing physics world
11:10:56.529 [FXGL Background Thread 1 ] DEBUG GameScene            - Clearing game scene
11:10:56.530 [FXGL Background Thread 1 ] DEBUG InitAppTask          - Initializing Game
11:10:56.532 [FXGL Background Thread 1 ] DEBUG AssetLoader          - Loading from cache: /assets/textures/background.png
11:10:56.535 [FXGL Background Thread 1 ] DEBUG AssetLoader          - Loading from cache: /assets/textures/hammer3.jpg
11:10:56.537 [FXGL Background Thread 1 ] DEBUG AssetLoader          - Loading from cache: /assets/music/BHT.mp3
11:10:56.537 [FXGL Background Thread 1 ] DEBUG AudioPlayer          - Playing music com.almasb.fxgl.audio.Music@4dd79ff4
11:10:56.538 [FXGL Background Thread 1 ] DEBUG InitAppTask          - Initializing Physics
11:10:56.538 [FXGL Background Thread 1 ] DEBUG InitAppTask          - Initializing UI
11:10:56.540 [FXGL Background Thread 1 ] DEBUG InitAppTask          - Initialization Complete
11:10:56.541 [FXGL Background Thread 1 ] INFO  InitAppTask          - Game initialization took: 0,017 sec
11:10:56.551 [JavaFX Application Thread] DEBUG Engine               - Removing overlay from WhackMainMenu and adding to LoadingScene
11:10:56.552 [JavaFX Application Thread] DEBUG MainWindow           - WhackMainMenu -> LoadingScene
11:10:56.571 [JavaFX Application Thread] DEBUG Input                - Clearing active input actions
11:10:56.592 [JavaFX Application Thread] DEBUG Engine               - Removing overlay from LoadingScene and adding to GameScene
11:10:56.593 [JavaFX Application Thread] DEBUG MainWindow           - LoadingScene -> GameScene
11:10:58.380 [JavaFX Application Thread] DEBUG AssetLoader          - Loading from cache: /assets/textures/andras.jpg
11:10:58.798 [JavaFX Application Thread] DEBUG AssetLoader          - Loading from file system: /assets/sounds/baby.wav
11:10:59.501 [JavaFX Application Thread] DEBUG AssetLoader          - Loading from file system: /assets/textures/anders.jpg
11:10:59.948 [JavaFX Application Thread] DEBUG AssetLoader          - Loading from file system: /assets/sounds/ree.wav
11:11:00.478 [JavaFX Application Thread] DEBUG AssetLoader          - Loading from cache: /assets/textures/andras.jpg
11:11:00.892 [JavaFX Application Thread] DEBUG AssetLoader          - Loading from cache: /assets/sounds/baby.wav
11:11:02.270 [JavaFX Application Thread] DEBUG AssetLoader          - Loading from file system: /assets/textures/karsten.jpg
11:11:02.286 [JavaFX Application Thread] DEBUG AssetLoader          - Loading from cache: /assets/textures/anders.jpg
11:11:02.301 [JavaFX Application Thread] DEBUG AssetLoader          - Loading from cache: /assets/textures/andras.jpg
11:11:02.556 [JavaFX Application Thread] DEBUG AssetLoader          - Loading from cache: /assets/sounds/baby.wav
11:11:02.701 [JavaFX Application Thread] DEBUG AssetLoader          - Loading from file system: /assets/sounds/cyka.wav
11:11:03.294 [JavaFX Application Thread] DEBUG AssetLoader          - Loading from cache: /assets/sounds/ree.wav
11:11:04.144 [JavaFX Application Thread] DEBUG AssetLoader          - Loading from cache: /assets/textures/andras.jpg
11:11:04.636 [JavaFX Application Thread] DEBUG AssetLoader          - Loading from cache: /assets/sounds/baby.wav
11:11:05.117 [JavaFX Application Thread] DEBUG AssetLoader          - Loading from cache: /assets/textures/anders.jpg
11:11:05.676 [JavaFX Application Thread] DEBUG AssetLoader          - Loading from cache: /assets/sounds/ree.wav
11:11:06.060 [JavaFX Application Thread] DEBUG AssetLoader          - Loading from cache: /assets/textures/andras.jpg
11:11:06.781 [JavaFX Application Thread] DEBUG AssetLoader          - Loading from cache: /assets/sounds/baby.wav
11:11:07.803 [JavaFX Application Thread] DEBUG AssetLoader          - Loading from cache: /assets/textures/karsten.jpg
11:11:07.820 [JavaFX Application Thread] DEBUG AssetLoader          - Loading from cache: /assets/textures/anders.jpg
11:11:07.852 [JavaFX Application Thread] DEBUG AssetLoader          - Loading from cache: /assets/textures/andras.jpg
11:11:08.061 [JavaFX Application Thread] DEBUG AssetLoader          - Loading from cache: /assets/sounds/ree.wav
11:11:08.364 [JavaFX Application Thread] DEBUG AssetLoader          - Loading from cache: /assets/sounds/cyka.wav
11:11:08.924 [JavaFX Application Thread] DEBUG AssetLoader          - Loading from cache: /assets/sounds/baby.wav
11:11:09.901 [JavaFX Application Thread] DEBUG AssetLoader          - Loading from cache: /assets/textures/andras.jpg
11:11:10.109 [JavaFX Application Thread] DEBUG AssetLoader          - Loading from cache: /assets/sounds/baby.wav
11:11:10.749 [JavaFX Application Thread] DEBUG AssetLoader          - Loading from cache: /assets/textures/anders.jpg
11:11:10.797 [JavaFX Application Thread] DEBUG AssetLoader          - Loading from cache: /assets/sounds/ree.wav
11:11:11.691 [JavaFX Application Thread] DEBUG AssetLoader          - Loading from cache: /assets/textures/andras.jpg
11:11:12.125 [JavaFX Application Thread] DEBUG AssetLoader          - Loading from cache: /assets/sounds/baby.wav
11:11:13.390 [JavaFX Application Thread] DEBUG AssetLoader          - Loading from cache: /assets/textures/karsten.jpg
11:11:13.437 [JavaFX Application Thread] DEBUG AssetLoader          - Loading from cache: /assets/textures/anders.jpg
11:11:13.469 [JavaFX Application Thread] DEBUG AssetLoader          - Loading from cache: /assets/textures/andras.jpg
11:11:13.613 [JavaFX Application Thread] DEBUG AssetLoader          - Loading from cache: /assets/sounds/ree.wav
11:11:13.869 [JavaFX Application Thread] DEBUG AssetLoader          - Loading from cache: /assets/sounds/cyka.wav
11:11:14.174 [JavaFX Application Thread] DEBUG AssetLoader          - Loading from cache: /assets/sounds/baby.wav
11:11:15.405 [JavaFX Application Thread] DEBUG AssetLoader          - Loading from cache: /assets/textures/andras.jpg
11:11:15.564 [JavaFX Application Thread] DEBUG AssetLoader          - Loading from cache: /assets/sounds/baby.wav
11:11:16.221 [JavaFX Application Thread] DEBUG AssetLoader          - Loading from cache: /assets/textures/anders.jpg
11:11:16.765 [JavaFX Application Thread] DEBUG AssetLoader          - Loading from cache: /assets/sounds/ree.wav
11:11:17.116 [JavaFX Application Thread] DEBUG AssetLoader          - Loading from cache: /assets/textures/andras.jpg
11:11:17.709 [JavaFX Application Thread] DEBUG AssetLoader          - Loading from cache: /assets/sounds/baby.wav
11:11:18.973 [JavaFX Application Thread] DEBUG AssetLoader          - Loading from cache: /assets/textures/karsten.jpg
11:11:18.989 [JavaFX Application Thread] DEBUG AssetLoader          - Loading from cache: /assets/textures/anders.jpg
11:11:19.036 [JavaFX Application Thread] DEBUG AssetLoader          - Loading from cache: /assets/textures/andras.jpg
11:11:19.614 [JavaFX Application Thread] DEBUG AssetLoader          - Loading from cache: /assets/sounds/cyka.wav
11:11:19.900 [JavaFX Application Thread] DEBUG AssetLoader          - Loading from cache: /assets/sounds/ree.wav
11:11:20.348 [JavaFX Application Thread] DEBUG AssetLoader          - Loading from cache: /assets/sounds/baby.wav
11:11:20.957 [JavaFX Application Thread] DEBUG AssetLoader          - Loading from cache: /assets/textures/andras.jpg
11:11:21.691 [JavaFX Application Thread] DEBUG AssetLoader          - Loading from cache: /assets/sounds/baby.wav
11:11:21.900 [JavaFX Application Thread] DEBUG AssetLoader          - Loading from cache: /assets/textures/anders.jpg
11:11:22.011 [JavaFX Application Thread] DEBUG AssetLoader          - Loading from cache: /assets/sounds/ree.wav
11:11:22.940 [JavaFX Application Thread] DEBUG AssetLoader          - Loading from cache: /assets/textures/andras.jpg
11:11:23.533 [JavaFX Application Thread] DEBUG AssetLoader          - Loading from cache: /assets/sounds/baby.wav
11:11:24.429 [JavaFX Application Thread] DEBUG AssetLoader          - Loading from cache: /assets/textures/karsten.jpg
11:11:24.431 [JavaFX Application Thread] DEBUG AssetLoader          - Loading from cache: /assets/sounds/cyka.wav
11:11:24.464 [JavaFX Application Thread] DEBUG AssetLoader          - Loading from cache: /assets/textures/anders.jpg
11:11:24.525 [JavaFX Application Thread] DEBUG AssetLoader          - Loading from cache: /assets/textures/andras.jpg
11:11:25.051 [JavaFX Application Thread] DEBUG AssetLoader          - Loading from cache: /assets/sounds/ree.wav
11:11:25.067 [JavaFX Application Thread] DEBUG AssetLoader          - Loading from cache: /assets/sounds/baby.wav
11:11:26.254 [JavaFX Application Thread] DEBUG AssetLoader          - Loading from cache: /assets/textures/andras.jpg
11:11:27.083 [JavaFX Application Thread] DEBUG AssetLoader          - Loading from cache: /assets/sounds/baby.wav
11:11:27.196 [JavaFX Application Thread] DEBUG AssetLoader          - Loading from cache: /assets/textures/anders.jpg
11:11:27.676 [JavaFX Application Thread] DEBUG AssetLoader          - Loading from cache: /assets/sounds/ree.wav
11:11:28.205 [JavaFX Application Thread] DEBUG AssetLoader          - Loading from cache: /assets/textures/andras.jpg
11:11:28.828 [JavaFX Application Thread] DEBUG AssetLoader          - Loading from cache: /assets/sounds/baby.wav
11:11:29.916 [JavaFX Application Thread] DEBUG AssetLoader          - Loading from cache: /assets/textures/karsten.jpg
11:11:29.980 [JavaFX Application Thread] DEBUG AssetLoader          - Loading from cache: /assets/textures/anders.jpg
11:11:30.060 [JavaFX Application Thread] DEBUG AssetLoader          - Loading from cache: /assets/textures/andras.jpg
11:11:30.203 [JavaFX Application Thread] DEBUG AssetLoader          - Loading from cache: /assets/sounds/ree.wav
11:11:30.363 [JavaFX Application Thread] DEBUG AssetLoader          - Loading from cache: /assets/sounds/cyka.wav
11:11:30.892 [JavaFX Application Thread] DEBUG AssetLoader          - Loading from cache: /assets/sounds/baby.wav
11:11:30.901 [JavaFX Application Thread] DEBUG MainWindow           - Push state: DialogSubState
11:11:30.901 [JavaFX Application Thread] DEBUG Input                - Clearing active input actions
11:11:30.910 [JavaFX Application Thread] DEBUG Engine               - Removing overlay from GameScene and adding to DialogSubState
11:11:30.911 [JavaFX Application Thread] DEBUG MainWindow           - GameScene -> DialogSubState
11:11:30.911 [JavaFX Application Thread] DEBUG AssetLoader          - Loading from cache: /assets/music/BHT.mp3
11:11:30.911 [JavaFX Application Thread] DEBUG AudioPlayer          - Playing music com.almasb.fxgl.audio.Music@4dd79ff4
11:11:30.911 [JavaFX Application Thread] DEBUG AudioPlayer          - Stopping music com.almasb.fxgl.audio.Music@4dd79ff4
11:11:32.833 [JavaFX Application Thread] DEBUG MainWindow           - Pop state: DialogSubState
11:11:32.833 [JavaFX Application Thread] DEBUG Input                - Clearing active input actions
11:11:32.834 [JavaFX Application Thread] DEBUG Engine               - Removing overlay from DialogSubState and adding to GameScene
11:11:32.835 [JavaFX Application Thread] DEBUG MainWindow           - GameScene <- DialogSubState
11:11:32.835 [JavaFX Application Thread] DEBUG Input                - Clearing active input actions
11:11:32.852 [JavaFX Application Thread] DEBUG Engine               - Removing overlay from GameScene and adding to WhackMainMenu
11:11:32.853 [JavaFX Application Thread] DEBUG MainWindow           - GameScene -> WhackMainMenu
11:12:47.978 [JavaFX Application Thread] DEBUG Engine               - Exiting FXGL
11:12:47.979 [JavaFX Application Thread] DEBUG Engine               - Shutting down background threads
11:12:47.979 [JavaFX Application Thread] DEBUG Engine               - Saving FXGL system data
11:12:47.988 [JavaFX Application Thread] DEBUG FSServiceImpl        - Writing to: C:\Users\mikpe\IdeaProjects\Whack_A_Teacher\system\fxgl.bundle
11:12:47.998 [JavaFX Application Thread] DEBUG Engine               - Closing logger and exiting JavaFX
