11:25:14.378 [main                     ] DEBUG GameApplication      - Logger initialized
11:25:14.404 [main                     ] DEBUG GameApplication      - Logging settings
Title: Whack a teacher
Version: 1.0
Width: 1024
Height: 768
Fullscreen: false
Intro: false
Menus: false
Profiling: false
Single step:false
App Mode: DEVELOPER
Menu Key: ESCAPE
Stage Style: DECORATED
Scene Factory: class com.almasb.fxgl.app.SceneFactory
Dialog Factory: class com.almasb.fxgl.ui.FXGLDialogFactory
UI Factory: class com.almasb.fxgl.ui.FXGLUIFactory

11:25:14.693 [JavaFX Application Thread] DEBUG Engine               - Initializing FXGL
11:25:14.693 [JavaFX Application Thread] INFO  Engine               - FXGL-11.7 (05.01.2020 09.46) on WINDOWS (J:11.0.4 FX:10.0.2-internal)
11:25:14.694 [JavaFX Application Thread] INFO  Engine               - Source code and latest versions at: https://github.com/AlmasB/FXGL
11:25:14.694 [JavaFX Application Thread] INFO  Engine               -              Join the FXGL chat at: https://gitter.im/AlmasB/FXGL
11:25:14.694 [JavaFX Application Thread] DEBUG Engine               - Initializing environment variables
11:25:14.701 [JavaFX Application Thread] DEBUG Engine               - Logging environment variables
11:25:14.701 [JavaFX Application Thread] DEBUG Engine               - achievements: []
11:25:14.701 [JavaFX Application Thread] DEBUG Engine               - sceneStack: com.almasb.fxgl.app.Engine@64f414a3
11:25:14.702 [JavaFX Application Thread] DEBUG Engine               - language: ObjectProperty [value: ENGLISH]
11:25:14.702 [JavaFX Application Thread] DEBUG Engine               - isCloseConfirmation: false
11:25:14.702 [JavaFX Application Thread] DEBUG Engine               - isProfilingEnabled: false
11:25:14.702 [JavaFX Application Thread] DEBUG Engine               - soundNotification: core/notification.wav
11:25:14.702 [JavaFX Application Thread] DEBUG Engine               - devShowBBoxProperty: BooleanProperty [value: false]
11:25:14.704 [JavaFX Application Thread] DEBUG Engine               - pixelsPerMeter: 50.0
11:25:14.705 [JavaFX Application Thread] DEBUG Engine               - overlayRoot: Group@1f2ada00
11:25:14.705 [JavaFX Application Thread] DEBUG Engine               - appIcon: fxgl_icon.png
11:25:14.705 [JavaFX Application Thread] DEBUG Engine               - soundMenuBack: menu/back.wav
11:25:14.705 [JavaFX Application Thread] DEBUG Engine               - isFullScreenAllowed: false
11:25:14.705 [JavaFX Application Thread] DEBUG Engine               - isIntroEnabled: false
11:25:14.706 [JavaFX Application Thread] DEBUG Engine               - eventBus: com.almasb.fxgl.event.EventBus@40cbdcb1
11:25:14.706 [JavaFX Application Thread] DEBUG Engine               - fontMono: lucida_console.ttf
11:25:14.706 [JavaFX Application Thread] DEBUG Engine               - soundMenuSelect: menu/select.wav
11:25:14.706 [JavaFX Application Thread] DEBUG Engine               - isWindows: true
11:25:14.706 [JavaFX Application Thread] DEBUG Engine               - isMobile: false
11:25:14.707 [JavaFX Application Thread] DEBUG Engine               - height: 768
11:25:14.707 [JavaFX Application Thread] DEBUG Engine               - isExperimentalNative: false
11:25:14.707 [JavaFX Application Thread] DEBUG Engine               - cSSList: [fxgl_dark.css]
11:25:14.707 [JavaFX Application Thread] DEBUG Engine               - isSingleStep: false
11:25:14.707 [JavaFX Application Thread] DEBUG Engine               - fontGame: Abel-Regular.ttf
11:25:14.707 [JavaFX Application Thread] DEBUG Engine               - menuKey: ESCAPE
11:25:14.708 [JavaFX Application Thread] DEBUG Engine               - devShowPositionProperty: BooleanProperty [value: false]
11:25:14.708 [JavaFX Application Thread] DEBUG Engine               - versionCheckDays: 7
11:25:14.708 [JavaFX Application Thread] DEBUG Engine               - masterTimer: com.almasb.fxgl.time.Timer@4de9907
11:25:14.708 [JavaFX Application Thread] DEBUG Engine               - configClass: Optional.empty
11:25:14.708 [JavaFX Application Thread] DEBUG Engine               - isFullScreenFromStart: false
11:25:14.709 [JavaFX Application Thread] DEBUG Engine               - version: 1.0
11:25:14.709 [JavaFX Application Thread] DEBUG Engine               - fullScreen: BooleanProperty [value: false]
11:25:14.709 [JavaFX Application Thread] DEBUG Engine               - randomSeed: -1
11:25:14.709 [JavaFX Application Thread] DEBUG Engine               - dialogFactory: com.almasb.fxgl.ui.FXGLDialogFactory@75510745
11:25:14.709 [JavaFX Application Thread] DEBUG Engine               - applicationMode: DEVELOPER
11:25:14.709 [JavaFX Application Thread] DEBUG Engine               - isMac: false
11:25:14.710 [JavaFX Application Thread] DEBUG Engine               - urlGoogleForms: https://goo.gl/forms/6wrMnOBxTE1fEpOy2
11:25:14.710 [JavaFX Application Thread] DEBUG Engine               - isMenuEnabled: false
11:25:14.710 [JavaFX Application Thread] DEBUG Engine               - urlPOM: https://raw.githubusercontent.com/AlmasB/FXGL/master/pom.xml
11:25:14.710 [JavaFX Application Thread] DEBUG Engine               - profileName: user.profile
11:25:14.710 [JavaFX Application Thread] DEBUG Engine               - notificationViewClass: class com.almasb.fxgl.notification.view.XboxNotificationView
11:25:14.711 [JavaFX Application Thread] DEBUG Engine               - devSensorColorProperty: ObjectProperty [value: 0xffff00ff]
11:25:14.711 [JavaFX Application Thread] DEBUG Engine               - sceneFactory: com.almasb.fxgl.app.SceneFactory@3ce23935
11:25:14.711 [JavaFX Application Thread] DEBUG Engine               - dataFileExt: .dat
11:25:14.711 [JavaFX Application Thread] DEBUG Engine               - stageStyle: DECORATED
11:25:14.711 [JavaFX Application Thread] DEBUG Engine               - isManualResizeEnabled: false
11:25:14.711 [JavaFX Application Thread] DEBUG Engine               - title: Whack a teacher
11:25:14.711 [JavaFX Application Thread] DEBUG Engine               - platform: WINDOWS
11:25:14.711 [JavaFX Application Thread] DEBUG Engine               - devBBoxColorProperty: ObjectProperty [value: 0xff0000ff]
11:25:14.712 [JavaFX Application Thread] DEBUG Engine               - isDesktop: true
11:25:14.712 [JavaFX Application Thread] DEBUG Engine               - credits: []
11:25:14.712 [JavaFX Application Thread] DEBUG Engine               - globalMusicVolumeProperty: DoubleProperty [value: 0.5]
11:25:14.712 [JavaFX Application Thread] DEBUG Engine               - isPreserveResizeRatio: false
11:25:14.712 [JavaFX Application Thread] DEBUG Engine               - uIFactory: com.almasb.fxgl.ui.FXGLUIFactory@2252544c
11:25:14.712 [JavaFX Application Thread] DEBUG Engine               - fontText: Courier-Prime.ttf
11:25:14.712 [JavaFX Application Thread] DEBUG Engine               - isExperimentalTiledLargeMap: false
11:25:14.712 [JavaFX Application Thread] DEBUG Engine               - secondsIn24h: 60
11:25:14.712 [JavaFX Application Thread] DEBUG Engine               - runtimeInfo: RuntimeInfo(platform=WINDOWS, version=11.7, build=05.01.2020 09.46)
11:25:14.712 [JavaFX Application Thread] DEBUG Engine               - isLinux: false
11:25:14.712 [JavaFX Application Thread] DEBUG Engine               - soundMenuPress: menu/press.wav
11:25:14.713 [JavaFX Application Thread] DEBUG Engine               - urlGithub: https://github.com/AlmasB/FXGL
11:25:14.713 [JavaFX Application Thread] DEBUG Engine               - profileDir: profiles/
11:25:14.713 [JavaFX Application Thread] DEBUG Engine               - isDeveloperMenuEnabled: false
11:25:14.713 [JavaFX Application Thread] DEBUG Engine               - globalSoundVolumeProperty: DoubleProperty [value: 0.5]
11:25:14.713 [JavaFX Application Thread] DEBUG Engine               - isBrowser: false
11:25:14.713 [JavaFX Application Thread] DEBUG Engine               - globalSoundVolume: 0.5
11:25:14.713 [JavaFX Application Thread] DEBUG Engine               - urlLeaderboard: http://fxgl-top.herokuapp.com/
11:25:14.713 [JavaFX Application Thread] DEBUG Engine               - saveDir: saves/
11:25:14.713 [JavaFX Application Thread] DEBUG Engine               - engineServices: [class com.almasb.fxgl.audio.AudioPlayer, class com.almasb.fxgl.notification.impl.NotificationServiceProvider, class com.almasb.fxgl.achievement.AchievementManager, class com.almasb.fxgl.cutscene.CutsceneService, class com.almasb.fxgl.minigames.MiniGameService]
11:25:14.714 [JavaFX Application Thread] DEBUG Engine               - globalMusicVolume: 0.5
11:25:14.714 [JavaFX Application Thread] DEBUG Engine               - width: 1024
11:25:14.714 [JavaFX Application Thread] DEBUG Engine               - saveFileExt: .sav
11:25:14.714 [JavaFX Application Thread] DEBUG Engine               - isAndroid: false
11:25:14.714 [JavaFX Application Thread] DEBUG Engine               - fontUI: VarelaRound-Regular.ttf
11:25:14.715 [JavaFX Application Thread] DEBUG Engine               - enabledMenuItems: []
11:25:14.715 [JavaFX Application Thread] DEBUG Engine               - isIOS: false
11:25:14.718 [JavaFX Application Thread] DEBUG Engine               - Adding new engine service: class com.almasb.fxgl.audio.AudioPlayer
11:25:14.719 [JavaFX Application Thread] DEBUG Engine               - Adding new engine service: class com.almasb.fxgl.notification.impl.NotificationServiceProvider
11:25:14.719 [JavaFX Application Thread] DEBUG Engine               - Adding new engine service: class com.almasb.fxgl.achievement.AchievementManager
11:25:14.720 [JavaFX Application Thread] DEBUG Engine               - Adding new engine service: class com.almasb.fxgl.cutscene.CutsceneService
11:25:14.720 [JavaFX Application Thread] DEBUG Engine               - Adding new engine service: class com.almasb.fxgl.minigames.MiniGameService
11:25:14.724 [JavaFX Application Thread] DEBUG Engine               - Loading localizations
11:25:14.726 [JavaFX Application Thread] DEBUG AssetLoader          - Loading from file system: /assets/properties/languages/english.properties
11:25:14.730 [JavaFX Application Thread] DEBUG AssetLoader          - Loading from file system: /assets/properties/languages/french.properties
11:25:14.732 [JavaFX Application Thread] DEBUG AssetLoader          - Loading from file system: /assets/properties/languages/german.properties
11:25:14.734 [JavaFX Application Thread] DEBUG AssetLoader          - Loading from file system: /assets/properties/languages/russian.properties
11:25:14.735 [JavaFX Application Thread] DEBUG AssetLoader          - Loading from file system: /assets/properties/languages/hungarian.properties
11:25:14.736 [JavaFX Application Thread] DEBUG Engine               - Registering font factories
11:25:14.736 [JavaFX Application Thread] DEBUG AssetLoader          - Loading from file system: /assets/ui/fonts/VarelaRound-Regular.ttf
11:25:15.037 [JavaFX Application Thread] DEBUG AssetLoader          - Loading from file system: /assets/ui/fonts/Abel-Regular.ttf
11:25:15.049 [JavaFX Application Thread] DEBUG AssetLoader          - Loading from file system: /assets/ui/fonts/lucida_console.ttf
11:25:15.060 [JavaFX Application Thread] DEBUG AssetLoader          - Loading from file system: /assets/ui/fonts/Courier-Prime.ttf
11:25:15.070 [JavaFX Application Thread] DEBUG Engine               - Setting UI factory
11:25:15.140 [JavaFX Application Thread] DEBUG AssetLoader          - Loading from file system: /assets/textures/fxgl_logo.png
11:25:15.199 [JavaFX Application Thread] DEBUG MainWindow           - Creating a JavaFX scene
11:25:15.230 [JavaFX Application Thread] DEBUG MainWindow           - Target settings size: 1024.0 x 768.0
11:25:15.230 [JavaFX Application Thread] DEBUG MainWindow           - Scaled scene size:    1024.0 x 768.0
11:25:15.230 [JavaFX Application Thread] DEBUG MainWindow           - Scaled ratio: (1.0, 1.0)
11:25:15.232 [JavaFX Application Thread] DEBUG MainWindow           - Set initial scene to FXGLStartupScene
11:25:15.238 [JavaFX Application Thread] DEBUG AssetLoader          - Loading from file system: /assets/textures/fxgl_icon.png
11:25:15.253 [JavaFX Application Thread] DEBUG Engine               - Applying CSS: fxgl_dark.css
11:25:15.254 [JavaFX Application Thread] DEBUG AssetLoader          - Loading from file system: /assets/ui/css/fxgl_dark.css
11:25:15.256 [JavaFX Application Thread] DEBUG AssetLoader          - Loading from file system: /assets/ui/cursors/fxgl_default.png
11:25:15.257 [JavaFX Application Thread] DEBUG MainWindow           - Opening main window
11:25:15.389 [JavaFX Application Thread] DEBUG MainWindow           - Window border size: (14.4000244140625, 37.5999755859375)
11:25:15.389 [JavaFX Application Thread] DEBUG MainWindow           - Scaled size: 1024.0 x 768.0
11:25:15.389 [JavaFX Application Thread] DEBUG MainWindow           - Scaled ratio: (1.0, 1.0)
11:25:15.389 [JavaFX Application Thread] DEBUG MainWindow           - Scene size: 1024.0 x 768.0
11:25:15.389 [JavaFX Application Thread] DEBUG MainWindow           - Stage size: 1038.4000244140625 x 805.5999755859375
11:25:15.402 [FXGL Background Thread 1 ] DEBUG FS                   - Loaded FSServiceImpl
11:25:15.402 [FXGL Background Thread 1 ] DEBUG Engine               - Loading FXGL system data
11:25:15.407 [FXGL Background Thread 1 ] DEBUG FSServiceImpl        - Reading from: C:\Users\mikpe\IdeaProjects\Whack_A_Teacher\system\fxgl.bundle
11:25:15.418 [FXGL Background Thread 1 ] DEBUG Engine               - Bundle FXGL: {}
11:25:15.418 [FXGL Background Thread 1 ] DEBUG Engine               - Initializing application scenes
11:25:15.449 [FXGL Background Thread 1 ] DEBUG GameWorld            - Game world initialized
11:25:15.513 [FXGL Background Thread 1 ] DEBUG PhysicsWorld         - Physics world initialized: appHeight=768, physics.ppm=50,0
11:25:15.516 [FXGL Background Thread 1 ] DEBUG GameScene            - Game scene initialized: 1024x768
11:25:15.550 [FXGL Background Thread 1 ] DEBUG Input                - Registered new binding: Resume - Esc
11:25:15.550 [FXGL Background Thread 1 ] DEBUG AssetLoader          - Loading from file system: /assets/textures/pause_menu_bg.png
11:25:15.570 [FXGL Background Thread 1 ] DEBUG Input                - Registered new binding: Pause - Esc
11:25:15.570 [FXGL Background Thread 1 ] DEBUG Engine               - Application scenes initialized
11:25:15.576 [JavaFX Application Thread] DEBUG Engine               - Running preInit()
11:25:15.576 [JavaFX Application Thread] DEBUG Input                - Registered new binding: Screenshot - P
11:25:15.577 [JavaFX Application Thread] DEBUG Input                - Registered new binding: System info dump - CTRL+9
11:25:15.577 [JavaFX Application Thread] DEBUG Input                - Registered new binding: Restart - CTRL+R
11:25:15.577 [JavaFX Application Thread] DEBUG Engine               - generateDefaultProfile()
11:25:15.577 [JavaFX Application Thread] DEBUG Engine               - Creating default profile
11:25:15.577 [JavaFX Application Thread] DEBUG EventBus             - Firing event: SaveEvent
11:25:15.590 [JavaFX Application Thread] INFO  Engine               - FXGL initialization took: 0,866 sec
11:25:15.590 [JavaFX Application Thread] DEBUG LoopRunner           - Starting loop
11:25:15.602 [JavaFX Application Thread] DEBUG FXGLStartupScene     - STARTUP
11:25:15.602 [JavaFX Application Thread] DEBUG Engine               - Starting new game
11:25:15.607 [JavaFX Application Thread] DEBUG Input                - Clearing active input actions
11:25:15.607 [FXGL Background Thread 1 ] DEBUG InitAppTask          - Clearing previous game
11:25:15.607 [FXGL Background Thread 1 ] DEBUG GameWorld            - Clearing game world
11:25:15.607 [FXGL Background Thread 1 ] DEBUG PhysicsWorld         - Clearing physics world
11:25:15.607 [FXGL Background Thread 1 ] DEBUG GameScene            - Clearing game scene
11:25:15.607 [FXGL Background Thread 1 ] DEBUG InitAppTask          - Initializing Game
11:25:15.609 [FXGL Background Thread 1 ] DEBUG AssetLoader          - Loading from file system: /assets/textures/background.png
11:25:15.617 [JavaFX Application Thread] DEBUG Engine               - Removing overlay from FXGLStartupScene and adding to LoadingScene
11:25:15.617 [JavaFX Application Thread] DEBUG MainWindow           - FXGLStartupScene -> LoadingScene
11:25:15.627 [FXGL Background Thread 1 ] DEBUG AssetLoader          - Loading from file system: /assets/textures/hammer.jpg
11:25:15.641 [FXGL Background Thread 1 ] DEBUG AssetLoader          - Loading from file system: /assets/music/BHT.mp3
11:25:15.760 [FXGL Background Thread 1 ] DEBUG AudioPlayer          - Playing music com.almasb.fxgl.audio.Music@2247c54f
11:25:15.761 [FXGL Background Thread 1 ] DEBUG InitAppTask          - Initializing Physics
11:25:15.763 [FXGL Background Thread 1 ] DEBUG InitAppTask          - Initializing UI
11:25:15.763 [FXGL Background Thread 1 ] DEBUG InitAppTask          - Initialization Complete
11:25:15.763 [FXGL Background Thread 1 ] INFO  InitAppTask          - Game initialization took: 0,157 sec
11:25:15.772 [JavaFX Application Thread] DEBUG Input                - Clearing active input actions
11:25:15.780 [JavaFX Application Thread] DEBUG Engine               - Removing overlay from LoadingScene and adding to GameScene
11:25:15.780 [JavaFX Application Thread] DEBUG MainWindow           - LoadingScene -> GameScene
11:25:17.454 [JavaFX Application Thread] DEBUG AssetLoader          - Loading from file system: /assets/textures/anders.jpg
11:25:18.142 [JavaFX Application Thread] DEBUG AssetLoader          - Loading from file system: /assets/sounds/slap.wav
11:25:18.381 [JavaFX Application Thread] DEBUG AssetLoader          - Loading from file system: /assets/textures/andras.jpg
11:25:19.166 [JavaFX Application Thread] DEBUG AssetLoader          - Loading from cache: /assets/sounds/slap.wav
11:25:19.374 [JavaFX Application Thread] DEBUG AssetLoader          - Loading from cache: /assets/textures/anders.jpg
11:25:19.884 [JavaFX Application Thread] DEBUG AssetLoader          - Loading from cache: /assets/sounds/slap.wav
11:25:21.165 [JavaFX Application Thread] DEBUG AssetLoader          - Loading from file system: /assets/textures/karsten.jpg
11:25:21.168 [JavaFX Application Thread] DEBUG AssetLoader          - Loading from cache: /assets/sounds/slap.wav
11:25:21.180 [JavaFX Application Thread] DEBUG AssetLoader          - Loading from cache: /assets/textures/andras.jpg
11:25:21.197 [JavaFX Application Thread] DEBUG AssetLoader          - Loading from cache: /assets/textures/anders.jpg
11:25:21.869 [JavaFX Application Thread] DEBUG AssetLoader          - Loading from cache: /assets/sounds/slap.wav
11:25:23.149 [JavaFX Application Thread] DEBUG AssetLoader          - Loading from cache: /assets/sounds/slap.wav
11:25:23.199 [JavaFX Application Thread] DEBUG AssetLoader          - Loading from cache: /assets/textures/anders.jpg
11:25:24.109 [JavaFX Application Thread] DEBUG AssetLoader          - Loading from cache: /assets/sounds/slap.wav
11:25:24.173 [JavaFX Application Thread] DEBUG AssetLoader          - Loading from cache: /assets/textures/andras.jpg
11:25:24.604 [JavaFX Application Thread] DEBUG AssetLoader          - Loading from cache: /assets/sounds/slap.wav
11:25:25.164 [JavaFX Application Thread] DEBUG AssetLoader          - Loading from cache: /assets/textures/anders.jpg
11:25:25.166 [JavaFX Application Thread] DEBUG AssetLoader          - Loading from cache: /assets/sounds/slap.wav
11:25:26.749 [JavaFX Application Thread] DEBUG AssetLoader          - Loading from cache: /assets/textures/karsten.jpg
11:25:26.764 [JavaFX Application Thread] DEBUG AssetLoader          - Loading from cache: /assets/textures/andras.jpg
11:25:26.797 [JavaFX Application Thread] DEBUG AssetLoader          - Loading from cache: /assets/textures/anders.jpg
11:25:26.798 [JavaFX Application Thread] DEBUG AssetLoader          - Loading from cache: /assets/sounds/slap.wav
11:25:27.181 [JavaFX Application Thread] DEBUG AssetLoader          - Loading from cache: /assets/sounds/slap.wav
11:25:27.549 [JavaFX Application Thread] DEBUG AssetLoader          - Loading from cache: /assets/sounds/slap.wav
11:25:28.621 [JavaFX Application Thread] DEBUG AssetLoader          - Loading from cache: /assets/textures/anders.jpg
11:25:29.340 [JavaFX Application Thread] DEBUG AssetLoader          - Loading from cache: /assets/sounds/slap.wav
11:25:29.486 [JavaFX Application Thread] DEBUG AssetLoader          - Loading from cache: /assets/textures/andras.jpg
11:25:30.492 [JavaFX Application Thread] DEBUG AssetLoader          - Loading from cache: /assets/textures/anders.jpg
11:25:32.140 [JavaFX Application Thread] DEBUG AssetLoader          - Loading from cache: /assets/sounds/slap.wav
11:25:32.445 [JavaFX Application Thread] DEBUG AssetLoader          - Loading from cache: /assets/textures/karsten.jpg
11:25:32.477 [JavaFX Application Thread] DEBUG AssetLoader          - Loading from cache: /assets/textures/andras.jpg
11:25:32.492 [JavaFX Application Thread] DEBUG AssetLoader          - Loading from cache: /assets/sounds/slap.wav
11:25:32.508 [JavaFX Application Thread] DEBUG AssetLoader          - Loading from cache: /assets/textures/anders.jpg
11:25:32.670 [JavaFX Application Thread] DEBUG AssetLoader          - Loading from cache: /assets/sounds/slap.wav
11:25:32.956 [JavaFX Application Thread] DEBUG AssetLoader          - Loading from cache: /assets/sounds/slap.wav
11:25:33.484 [JavaFX Application Thread] DEBUG AssetLoader          - Loading from cache: /assets/sounds/slap.wav
11:25:34.398 [JavaFX Application Thread] DEBUG AssetLoader          - Loading from cache: /assets/textures/anders.jpg
11:25:34.956 [JavaFX Application Thread] DEBUG AssetLoader          - Loading from cache: /assets/sounds/slap.wav
11:25:35.278 [JavaFX Application Thread] DEBUG AssetLoader          - Loading from cache: /assets/textures/andras.jpg
11:25:35.279 [JavaFX Application Thread] DEBUG AssetLoader          - Loading from cache: /assets/sounds/slap.wav
11:25:36.060 [JavaFX Application Thread] DEBUG AssetLoader          - Loading from cache: /assets/textures/anders.jpg
11:25:36.413 [JavaFX Application Thread] DEBUG AssetLoader          - Loading from cache: /assets/sounds/slap.wav
11:25:37.741 [JavaFX Application Thread] DEBUG AssetLoader          - Loading from cache: /assets/textures/karsten.jpg
11:25:37.742 [JavaFX Application Thread] DEBUG AssetLoader          - Loading from cache: /assets/sounds/slap.wav
11:25:37.772 [JavaFX Application Thread] DEBUG AssetLoader          - Loading from cache: /assets/textures/andras.jpg
11:25:37.805 [JavaFX Application Thread] DEBUG AssetLoader          - Loading from cache: /assets/textures/anders.jpg
11:25:38.156 [JavaFX Application Thread] DEBUG AssetLoader          - Loading from cache: /assets/sounds/slap.wav
11:25:38.156 [JavaFX Application Thread] DEBUG AssetLoader          - Loading from cache: /assets/sounds/slap.wav
11:25:39.694 [JavaFX Application Thread] DEBUG AssetLoader          - Loading from cache: /assets/textures/anders.jpg
11:25:40.060 [JavaFX Application Thread] DEBUG AssetLoader          - Loading from cache: /assets/sounds/slap.wav
11:25:40.528 [JavaFX Application Thread] DEBUG AssetLoader          - Loading from cache: /assets/textures/andras.jpg
11:25:40.529 [JavaFX Application Thread] DEBUG AssetLoader          - Loading from cache: /assets/sounds/slap.wav
11:25:41.469 [JavaFX Application Thread] DEBUG AssetLoader          - Loading from cache: /assets/textures/anders.jpg
11:25:41.868 [JavaFX Application Thread] DEBUG AssetLoader          - Loading from cache: /assets/sounds/slap.wav
11:25:43.149 [JavaFX Application Thread] DEBUG AssetLoader          - Loading from cache: /assets/textures/karsten.jpg
11:25:43.150 [JavaFX Application Thread] DEBUG AssetLoader          - Loading from cache: /assets/sounds/slap.wav
11:25:43.197 [JavaFX Application Thread] DEBUG AssetLoader          - Loading from cache: /assets/textures/andras.jpg
11:25:43.229 [JavaFX Application Thread] DEBUG AssetLoader          - Loading from cache: /assets/textures/anders.jpg
11:25:43.644 [JavaFX Application Thread] DEBUG AssetLoader          - Loading from cache: /assets/sounds/slap.wav
11:25:44.077 [JavaFX Application Thread] DEBUG AssetLoader          - Loading from cache: /assets/sounds/slap.wav
11:25:45.100 [JavaFX Application Thread] DEBUG AssetLoader          - Loading from cache: /assets/textures/anders.jpg
11:25:45.516 [JavaFX Application Thread] DEBUG AssetLoader          - Loading from cache: /assets/sounds/slap.wav
11:25:45.902 [JavaFX Application Thread] DEBUG AssetLoader          - Loading from cache: /assets/textures/andras.jpg
11:25:45.903 [JavaFX Application Thread] DEBUG AssetLoader          - Loading from cache: /assets/sounds/slap.wav
11:25:46.749 [JavaFX Application Thread] DEBUG AssetLoader          - Loading from cache: /assets/textures/anders.jpg
11:25:48.573 [JavaFX Application Thread] DEBUG AssetLoader          - Loading from cache: /assets/textures/karsten.jpg
11:25:48.573 [JavaFX Application Thread] DEBUG AssetLoader          - Loading from cache: /assets/sounds/slap.wav
11:25:48.653 [JavaFX Application Thread] DEBUG AssetLoader          - Loading from cache: /assets/textures/andras.jpg
11:25:48.733 [JavaFX Application Thread] DEBUG AssetLoader          - Loading from cache: /assets/textures/anders.jpg
11:25:49.181 [JavaFX Application Thread] DEBUG AssetLoader          - Loading from cache: /assets/sounds/slap.wav
11:25:49.182 [JavaFX Application Thread] DEBUG AssetLoader          - Loading from cache: /assets/sounds/slap.wav
11:25:49.564 [JavaFX Application Thread] DEBUG AssetLoader          - Loading from cache: /assets/sounds/slap.wav
11:25:50.668 [JavaFX Application Thread] DEBUG AssetLoader          - Loading from cache: /assets/textures/anders.jpg
11:25:50.926 [JavaFX Application Thread] DEBUG AssetLoader          - Loading from cache: /assets/sounds/slap.wav
11:25:51.493 [JavaFX Application Thread] DEBUG AssetLoader          - Loading from cache: /assets/textures/andras.jpg
11:25:52.141 [JavaFX Application Thread] DEBUG AssetLoader          - Loading from cache: /assets/sounds/slap.wav
11:25:52.508 [JavaFX Application Thread] DEBUG AssetLoader          - Loading from cache: /assets/textures/anders.jpg
11:25:53.004 [JavaFX Application Thread] DEBUG AssetLoader          - Loading from cache: /assets/sounds/slap.wav
11:25:54.027 [JavaFX Application Thread] DEBUG AssetLoader          - Loading from cache: /assets/textures/karsten.jpg
11:25:54.125 [JavaFX Application Thread] DEBUG AssetLoader          - Loading from cache: /assets/textures/andras.jpg
11:25:54.221 [JavaFX Application Thread] DEBUG AssetLoader          - Loading from cache: /assets/textures/anders.jpg
11:25:54.429 [JavaFX Application Thread] DEBUG AssetLoader          - Loading from cache: /assets/sounds/slap.wav
11:25:54.684 [JavaFX Application Thread] DEBUG AssetLoader          - Loading from cache: /assets/sounds/slap.wav
11:25:54.797 [JavaFX Application Thread] DEBUG AssetLoader          - Loading from cache: /assets/sounds/slap.wav
11:25:55.981 [JavaFX Application Thread] DEBUG AssetLoader          - Loading from cache: /assets/textures/anders.jpg
11:25:56.844 [JavaFX Application Thread] DEBUG AssetLoader          - Loading from cache: /assets/textures/andras.jpg
11:25:57.372 [JavaFX Application Thread] DEBUG AssetLoader          - Loading from cache: /assets/sounds/slap.wav
11:25:57.437 [JavaFX Application Thread] DEBUG AssetLoader          - Loading from cache: /assets/sounds/slap.wav
11:25:57.949 [JavaFX Application Thread] DEBUG AssetLoader          - Loading from cache: /assets/textures/anders.jpg
11:25:58.301 [JavaFX Application Thread] DEBUG AssetLoader          - Loading from cache: /assets/sounds/slap.wav
11:25:59.500 [JavaFX Application Thread] DEBUG AssetLoader          - Loading from cache: /assets/textures/karsten.jpg
11:25:59.581 [JavaFX Application Thread] DEBUG AssetLoader          - Loading from cache: /assets/textures/andras.jpg
11:25:59.693 [JavaFX Application Thread] DEBUG AssetLoader          - Loading from cache: /assets/textures/anders.jpg
11:25:59.694 [JavaFX Application Thread] DEBUG AssetLoader          - Loading from cache: /assets/sounds/slap.wav
11:25:59.820 [JavaFX Application Thread] DEBUG AssetLoader          - Loading from cache: /assets/sounds/slap.wav
11:26:00.108 [JavaFX Application Thread] DEBUG AssetLoader          - Loading from cache: /assets/sounds/slap.wav
11:26:01.437 [JavaFX Application Thread] DEBUG AssetLoader          - Loading from cache: /assets/textures/anders.jpg
11:26:01.836 [JavaFX Application Thread] DEBUG AssetLoader          - Loading from cache: /assets/sounds/slap.wav
11:26:02.242 [JavaFX Application Thread] DEBUG AssetLoader          - Loading from cache: /assets/textures/andras.jpg
11:26:02.588 [JavaFX Application Thread] DEBUG AssetLoader          - Loading from cache: /assets/sounds/slap.wav
11:26:03.308 [JavaFX Application Thread] DEBUG AssetLoader          - Loading from cache: /assets/textures/anders.jpg
11:26:03.742 [JavaFX Application Thread] DEBUG AssetLoader          - Loading from cache: /assets/sounds/slap.wav
11:26:04.749 [JavaFX Application Thread] DEBUG AssetLoader          - Loading from cache: /assets/textures/karsten.jpg
11:26:04.844 [JavaFX Application Thread] DEBUG AssetLoader          - Loading from cache: /assets/textures/andras.jpg
11:26:04.990 [JavaFX Application Thread] DEBUG AssetLoader          - Loading from cache: /assets/textures/anders.jpg
11:26:05.244 [JavaFX Application Thread] DEBUG AssetLoader          - Loading from cache: /assets/sounds/slap.wav
11:26:05.260 [JavaFX Application Thread] DEBUG AssetLoader          - Loading from cache: /assets/sounds/slap.wav
11:26:05.645 [JavaFX Application Thread] DEBUG AssetLoader          - Loading from cache: /assets/sounds/slap.wav
11:26:06.668 [JavaFX Application Thread] DEBUG AssetLoader          - Loading from cache: /assets/textures/anders.jpg
11:26:06.668 [JavaFX Application Thread] DEBUG AssetLoader          - Loading from cache: /assets/sounds/slap.wav
11:26:07.468 [JavaFX Application Thread] DEBUG AssetLoader          - Loading from cache: /assets/textures/andras.jpg
11:26:08.589 [JavaFX Application Thread] DEBUG AssetLoader          - Loading from cache: /assets/textures/anders.jpg
11:26:08.869 [JavaFX Application Thread] DEBUG Engine               - Exiting FXGL
11:26:08.869 [JavaFX Application Thread] DEBUG Engine               - Shutting down background threads
11:26:08.870 [JavaFX Application Thread] DEBUG Engine               - Saving FXGL system data
11:26:08.871 [JavaFX Application Thread] DEBUG FSServiceImpl        - Writing to: C:\Users\mikpe\IdeaProjects\Whack_A_Teacher\system\fxgl.bundle
11:26:08.877 [JavaFX Application Thread] DEBUG Engine               - Closing logger and exiting JavaFX
