11:20:31.728 [main                     ] DEBUG GameApplication      - Logger initialized
11:20:31.752 [main                     ] DEBUG GameApplication      - Logging settings
Title: Whack a teacher
Version: 1.0
Width: 1024
Height: 768
Fullscreen: false
Intro: false
Menus: false
Profiling: false
Single step:false
App Mode: DEVELOPER
Menu Key: ESCAPE
Stage Style: DECORATED
Scene Factory: class com.almasb.fxgl.app.SceneFactory
Dialog Factory: class com.almasb.fxgl.ui.FXGLDialogFactory
UI Factory: class com.almasb.fxgl.ui.FXGLUIFactory

11:20:31.996 [JavaFX Application Thread] DEBUG Engine               - Initializing FXGL
11:20:31.996 [JavaFX Application Thread] INFO  Engine               - FXGL-11.7 (05.01.2020 09.46) on WINDOWS (J:11.0.4 FX:10.0.2-internal)
11:20:31.997 [JavaFX Application Thread] INFO  Engine               - Source code and latest versions at: https://github.com/AlmasB/FXGL
11:20:31.997 [JavaFX Application Thread] INFO  Engine               -              Join the FXGL chat at: https://gitter.im/AlmasB/FXGL
11:20:31.997 [JavaFX Application Thread] DEBUG Engine               - Initializing environment variables
11:20:32.002 [JavaFX Application Thread] DEBUG Engine               - Logging environment variables
11:20:32.003 [JavaFX Application Thread] DEBUG Engine               - achievements: []
11:20:32.003 [JavaFX Application Thread] DEBUG Engine               - sceneStack: com.almasb.fxgl.app.Engine@7a9f8859
11:20:32.003 [JavaFX Application Thread] DEBUG Engine               - language: ObjectProperty [value: ENGLISH]
11:20:32.003 [JavaFX Application Thread] DEBUG Engine               - isCloseConfirmation: false
11:20:32.003 [JavaFX Application Thread] DEBUG Engine               - isProfilingEnabled: false
11:20:32.003 [JavaFX Application Thread] DEBUG Engine               - soundNotification: core/notification.wav
11:20:32.003 [JavaFX Application Thread] DEBUG Engine               - devShowBBoxProperty: BooleanProperty [value: false]
11:20:32.004 [JavaFX Application Thread] DEBUG Engine               - pixelsPerMeter: 50.0
11:20:32.004 [JavaFX Application Thread] DEBUG Engine               - overlayRoot: Group@5d38cea6
11:20:32.005 [JavaFX Application Thread] DEBUG Engine               - appIcon: fxgl_icon.png
11:20:32.005 [JavaFX Application Thread] DEBUG Engine               - soundMenuBack: menu/back.wav
11:20:32.005 [JavaFX Application Thread] DEBUG Engine               - isFullScreenAllowed: false
11:20:32.005 [JavaFX Application Thread] DEBUG Engine               - isIntroEnabled: false
11:20:32.005 [JavaFX Application Thread] DEBUG Engine               - eventBus: com.almasb.fxgl.event.EventBus@55bcebcb
11:20:32.005 [JavaFX Application Thread] DEBUG Engine               - fontMono: lucida_console.ttf
11:20:32.005 [JavaFX Application Thread] DEBUG Engine               - soundMenuSelect: menu/select.wav
11:20:32.005 [JavaFX Application Thread] DEBUG Engine               - isWindows: true
11:20:32.005 [JavaFX Application Thread] DEBUG Engine               - isMobile: false
11:20:32.006 [JavaFX Application Thread] DEBUG Engine               - height: 768
11:20:32.006 [JavaFX Application Thread] DEBUG Engine               - isExperimentalNative: false
11:20:32.006 [JavaFX Application Thread] DEBUG Engine               - cSSList: [fxgl_dark.css]
11:20:32.006 [JavaFX Application Thread] DEBUG Engine               - isSingleStep: false
11:20:32.006 [JavaFX Application Thread] DEBUG Engine               - fontGame: Abel-Regular.ttf
11:20:32.006 [JavaFX Application Thread] DEBUG Engine               - menuKey: ESCAPE
11:20:32.006 [JavaFX Application Thread] DEBUG Engine               - devShowPositionProperty: BooleanProperty [value: false]
11:20:32.006 [JavaFX Application Thread] DEBUG Engine               - versionCheckDays: 7
11:20:32.006 [JavaFX Application Thread] DEBUG Engine               - masterTimer: com.almasb.fxgl.time.Timer@53676c65
11:20:32.006 [JavaFX Application Thread] DEBUG Engine               - configClass: Optional.empty
11:20:32.007 [JavaFX Application Thread] DEBUG Engine               - isFullScreenFromStart: false
11:20:32.007 [JavaFX Application Thread] DEBUG Engine               - version: 1.0
11:20:32.007 [JavaFX Application Thread] DEBUG Engine               - fullScreen: BooleanProperty [value: false]
11:20:32.007 [JavaFX Application Thread] DEBUG Engine               - randomSeed: -1
11:20:32.007 [JavaFX Application Thread] DEBUG Engine               - dialogFactory: com.almasb.fxgl.ui.FXGLDialogFactory@24487210
11:20:32.007 [JavaFX Application Thread] DEBUG Engine               - applicationMode: DEVELOPER
11:20:32.007 [JavaFX Application Thread] DEBUG Engine               - isMac: false
11:20:32.007 [JavaFX Application Thread] DEBUG Engine               - urlGoogleForms: https://goo.gl/forms/6wrMnOBxTE1fEpOy2
11:20:32.007 [JavaFX Application Thread] DEBUG Engine               - isMenuEnabled: false
11:20:32.007 [JavaFX Application Thread] DEBUG Engine               - profileName: user.profile
11:20:32.007 [JavaFX Application Thread] DEBUG Engine               - urlPOM: https://raw.githubusercontent.com/AlmasB/FXGL/master/pom.xml
11:20:32.007 [JavaFX Application Thread] DEBUG Engine               - notificationViewClass: class com.almasb.fxgl.notification.view.XboxNotificationView
11:20:32.008 [JavaFX Application Thread] DEBUG Engine               - devSensorColorProperty: ObjectProperty [value: 0xffff00ff]
11:20:32.008 [JavaFX Application Thread] DEBUG Engine               - sceneFactory: com.almasb.fxgl.app.SceneFactory@3f9ed5c1
11:20:32.008 [JavaFX Application Thread] DEBUG Engine               - dataFileExt: .dat
11:20:32.008 [JavaFX Application Thread] DEBUG Engine               - stageStyle: DECORATED
11:20:32.008 [JavaFX Application Thread] DEBUG Engine               - isManualResizeEnabled: false
11:20:32.008 [JavaFX Application Thread] DEBUG Engine               - title: Whack a teacher
11:20:32.008 [JavaFX Application Thread] DEBUG Engine               - platform: WINDOWS
11:20:32.008 [JavaFX Application Thread] DEBUG Engine               - devBBoxColorProperty: ObjectProperty [value: 0xff0000ff]
11:20:32.008 [JavaFX Application Thread] DEBUG Engine               - isDesktop: true
11:20:32.008 [JavaFX Application Thread] DEBUG Engine               - credits: []
11:20:32.009 [JavaFX Application Thread] DEBUG Engine               - globalMusicVolumeProperty: DoubleProperty [value: 0.5]
11:20:32.009 [JavaFX Application Thread] DEBUG Engine               - uIFactory: com.almasb.fxgl.ui.FXGLUIFactory@d4e834a
11:20:32.009 [JavaFX Application Thread] DEBUG Engine               - isPreserveResizeRatio: false
11:20:32.009 [JavaFX Application Thread] DEBUG Engine               - fontText: Courier-Prime.ttf
11:20:32.009 [JavaFX Application Thread] DEBUG Engine               - isExperimentalTiledLargeMap: false
11:20:32.009 [JavaFX Application Thread] DEBUG Engine               - secondsIn24h: 60
11:20:32.009 [JavaFX Application Thread] DEBUG Engine               - runtimeInfo: RuntimeInfo(platform=WINDOWS, version=11.7, build=05.01.2020 09.46)
11:20:32.009 [JavaFX Application Thread] DEBUG Engine               - isLinux: false
11:20:32.009 [JavaFX Application Thread] DEBUG Engine               - soundMenuPress: menu/press.wav
11:20:32.009 [JavaFX Application Thread] DEBUG Engine               - urlGithub: https://github.com/AlmasB/FXGL
11:20:32.009 [JavaFX Application Thread] DEBUG Engine               - profileDir: profiles/
11:20:32.009 [JavaFX Application Thread] DEBUG Engine               - globalSoundVolumeProperty: DoubleProperty [value: 0.5]
11:20:32.009 [JavaFX Application Thread] DEBUG Engine               - isDeveloperMenuEnabled: false
11:20:32.010 [JavaFX Application Thread] DEBUG Engine               - isBrowser: false
11:20:32.010 [JavaFX Application Thread] DEBUG Engine               - urlLeaderboard: http://fxgl-top.herokuapp.com/
11:20:32.010 [JavaFX Application Thread] DEBUG Engine               - globalSoundVolume: 0.5
11:20:32.010 [JavaFX Application Thread] DEBUG Engine               - saveDir: saves/
11:20:32.010 [JavaFX Application Thread] DEBUG Engine               - engineServices: [class com.almasb.fxgl.audio.AudioPlayer, class com.almasb.fxgl.notification.impl.NotificationServiceProvider, class com.almasb.fxgl.achievement.AchievementManager, class com.almasb.fxgl.cutscene.CutsceneService, class com.almasb.fxgl.minigames.MiniGameService]
11:20:32.010 [JavaFX Application Thread] DEBUG Engine               - globalMusicVolume: 0.5
11:20:32.010 [JavaFX Application Thread] DEBUG Engine               - width: 1024
11:20:32.010 [JavaFX Application Thread] DEBUG Engine               - saveFileExt: .sav
11:20:32.010 [JavaFX Application Thread] DEBUG Engine               - isAndroid: false
11:20:32.010 [JavaFX Application Thread] DEBUG Engine               - fontUI: VarelaRound-Regular.ttf
11:20:32.010 [JavaFX Application Thread] DEBUG Engine               - enabledMenuItems: []
11:20:32.011 [JavaFX Application Thread] DEBUG Engine               - isIOS: false
11:20:32.013 [JavaFX Application Thread] DEBUG Engine               - Adding new engine service: class com.almasb.fxgl.audio.AudioPlayer
11:20:32.014 [JavaFX Application Thread] DEBUG Engine               - Adding new engine service: class com.almasb.fxgl.notification.impl.NotificationServiceProvider
11:20:32.014 [JavaFX Application Thread] DEBUG Engine               - Adding new engine service: class com.almasb.fxgl.achievement.AchievementManager
11:20:32.015 [JavaFX Application Thread] DEBUG Engine               - Adding new engine service: class com.almasb.fxgl.cutscene.CutsceneService
11:20:32.015 [JavaFX Application Thread] DEBUG Engine               - Adding new engine service: class com.almasb.fxgl.minigames.MiniGameService
11:20:32.017 [JavaFX Application Thread] DEBUG Engine               - Loading localizations
11:20:32.019 [JavaFX Application Thread] DEBUG AssetLoader          - Loading from file system: /assets/properties/languages/english.properties
11:20:32.020 [JavaFX Application Thread] DEBUG AssetLoader          - Loading from file system: /assets/properties/languages/french.properties
11:20:32.021 [JavaFX Application Thread] DEBUG AssetLoader          - Loading from file system: /assets/properties/languages/german.properties
11:20:32.022 [JavaFX Application Thread] DEBUG AssetLoader          - Loading from file system: /assets/properties/languages/russian.properties
11:20:32.023 [JavaFX Application Thread] DEBUG AssetLoader          - Loading from file system: /assets/properties/languages/hungarian.properties
11:20:32.024 [JavaFX Application Thread] DEBUG Engine               - Registering font factories
11:20:32.024 [JavaFX Application Thread] DEBUG AssetLoader          - Loading from file system: /assets/ui/fonts/VarelaRound-Regular.ttf
11:20:32.254 [JavaFX Application Thread] DEBUG AssetLoader          - Loading from file system: /assets/ui/fonts/Abel-Regular.ttf
11:20:32.263 [JavaFX Application Thread] DEBUG AssetLoader          - Loading from file system: /assets/ui/fonts/lucida_console.ttf
11:20:32.273 [JavaFX Application Thread] DEBUG AssetLoader          - Loading from file system: /assets/ui/fonts/Courier-Prime.ttf
11:20:32.283 [JavaFX Application Thread] DEBUG Engine               - Setting UI factory
11:20:32.355 [JavaFX Application Thread] DEBUG AssetLoader          - Loading from file system: /assets/textures/fxgl_logo.png
11:20:32.405 [JavaFX Application Thread] DEBUG MainWindow           - Creating a JavaFX scene
11:20:32.442 [JavaFX Application Thread] DEBUG MainWindow           - Target settings size: 1024.0 x 768.0
11:20:32.442 [JavaFX Application Thread] DEBUG MainWindow           - Scaled scene size:    1024.0 x 768.0
11:20:32.442 [JavaFX Application Thread] DEBUG MainWindow           - Scaled ratio: (1.0, 1.0)
11:20:32.444 [JavaFX Application Thread] DEBUG MainWindow           - Set initial scene to FXGLStartupScene
11:20:32.454 [JavaFX Application Thread] DEBUG AssetLoader          - Loading from file system: /assets/textures/fxgl_icon.png
11:20:32.468 [JavaFX Application Thread] DEBUG Engine               - Applying CSS: fxgl_dark.css
11:20:32.468 [JavaFX Application Thread] DEBUG AssetLoader          - Loading from file system: /assets/ui/css/fxgl_dark.css
11:20:32.471 [JavaFX Application Thread] DEBUG AssetLoader          - Loading from file system: /assets/ui/cursors/fxgl_default.png
11:20:32.473 [JavaFX Application Thread] DEBUG MainWindow           - Opening main window
11:20:32.593 [JavaFX Application Thread] DEBUG MainWindow           - Window border size: (14.4000244140625, 37.5999755859375)
11:20:32.593 [JavaFX Application Thread] DEBUG MainWindow           - Scaled size: 1024.0 x 768.0
11:20:32.593 [JavaFX Application Thread] DEBUG MainWindow           - Scaled ratio: (1.0, 1.0)
11:20:32.593 [JavaFX Application Thread] DEBUG MainWindow           - Scene size: 1024.0 x 768.0
11:20:32.593 [JavaFX Application Thread] DEBUG MainWindow           - Stage size: 1038.4000244140625 x 805.5999755859375
11:20:32.605 [FXGL Background Thread 1 ] DEBUG FS                   - Loaded FSServiceImpl
11:20:32.605 [FXGL Background Thread 1 ] DEBUG Engine               - Loading FXGL system data
11:20:32.609 [FXGL Background Thread 1 ] DEBUG FSServiceImpl        - Reading from: C:\Users\mikpe\IdeaProjects\Whack_A_Teacher\system\fxgl.bundle
11:20:32.615 [FXGL Background Thread 1 ] DEBUG Engine               - Bundle FXGL: {}
11:20:32.615 [FXGL Background Thread 1 ] DEBUG Engine               - Initializing application scenes
11:20:32.643 [FXGL Background Thread 1 ] DEBUG GameWorld            - Game world initialized
11:20:32.698 [FXGL Background Thread 1 ] DEBUG PhysicsWorld         - Physics world initialized: appHeight=768, physics.ppm=50,0
11:20:32.701 [FXGL Background Thread 1 ] DEBUG GameScene            - Game scene initialized: 1024x768
11:20:32.726 [FXGL Background Thread 1 ] DEBUG Input                - Registered new binding: Resume - Esc
11:20:32.726 [FXGL Background Thread 1 ] DEBUG AssetLoader          - Loading from file system: /assets/textures/pause_menu_bg.png
11:20:32.749 [FXGL Background Thread 1 ] DEBUG Input                - Registered new binding: Pause - Esc
11:20:32.750 [FXGL Background Thread 1 ] DEBUG Engine               - Application scenes initialized
11:20:32.758 [JavaFX Application Thread] DEBUG Engine               - Running preInit()
11:20:32.759 [JavaFX Application Thread] DEBUG Input                - Registered new binding: Screenshot - P
11:20:32.759 [JavaFX Application Thread] DEBUG Input                - Registered new binding: System info dump - CTRL+9
11:20:32.759 [JavaFX Application Thread] DEBUG Input                - Registered new binding: Restart - CTRL+R
11:20:32.759 [JavaFX Application Thread] DEBUG Engine               - generateDefaultProfile()
11:20:32.759 [JavaFX Application Thread] DEBUG Engine               - Creating default profile
11:20:32.760 [JavaFX Application Thread] DEBUG EventBus             - Firing event: SaveEvent
11:20:32.770 [JavaFX Application Thread] INFO  Engine               - FXGL initialization took: 0,753 sec
11:20:32.770 [JavaFX Application Thread] DEBUG LoopRunner           - Starting loop
11:20:32.790 [JavaFX Application Thread] DEBUG FXGLStartupScene     - STARTUP
11:20:32.791 [JavaFX Application Thread] DEBUG Engine               - Starting new game
11:20:32.794 [JavaFX Application Thread] DEBUG Input                - Clearing active input actions
11:20:32.795 [FXGL Background Thread 1 ] DEBUG InitAppTask          - Clearing previous game
11:20:32.795 [FXGL Background Thread 1 ] DEBUG GameWorld            - Clearing game world
11:20:32.795 [FXGL Background Thread 1 ] DEBUG PhysicsWorld         - Clearing physics world
11:20:32.795 [FXGL Background Thread 1 ] DEBUG GameScene            - Clearing game scene
11:20:32.795 [FXGL Background Thread 1 ] DEBUG InitAppTask          - Initializing Game
11:20:32.797 [FXGL Background Thread 1 ] DEBUG AssetLoader          - Loading from file system: /assets/textures/background.png
11:20:32.804 [JavaFX Application Thread] DEBUG Engine               - Removing overlay from FXGLStartupScene and adding to LoadingScene
11:20:32.804 [JavaFX Application Thread] DEBUG MainWindow           - FXGLStartupScene -> LoadingScene
11:20:32.814 [FXGL Background Thread 1 ] DEBUG AssetLoader          - Loading from file system: /assets/textures/hammer.jpg
11:20:32.824 [FXGL Background Thread 1 ] DEBUG AssetLoader          - Loading from file system: /assets/music/BHT.mp3
11:20:32.921 [FXGL Background Thread 1 ] DEBUG AudioPlayer          - Playing music com.almasb.fxgl.audio.Music@4dbc23f9
11:20:32.922 [FXGL Background Thread 1 ] DEBUG InitAppTask          - Initializing Physics
11:20:32.923 [FXGL Background Thread 1 ] DEBUG InitAppTask          - Initializing UI
11:20:32.923 [FXGL Background Thread 1 ] DEBUG InitAppTask          - Initialization Complete
11:20:32.924 [FXGL Background Thread 1 ] INFO  InitAppTask          - Game initialization took: 0,129 sec
11:20:32.930 [JavaFX Application Thread] DEBUG Input                - Clearing active input actions
11:20:32.937 [JavaFX Application Thread] DEBUG Engine               - Removing overlay from LoadingScene and adding to GameScene
11:20:32.937 [JavaFX Application Thread] DEBUG MainWindow           - LoadingScene -> GameScene
11:20:34.903 [JavaFX Application Thread] DEBUG AssetLoader          - Loading from file system: /assets/textures/anders.jpg
11:20:35.491 [JavaFX Application Thread] DEBUG AssetLoader          - Loading from file system: /assets/sounds/slap.wav
11:20:35.842 [JavaFX Application Thread] DEBUG AssetLoader          - Loading from file system: /assets/textures/andras.jpg
11:20:36.211 [JavaFX Application Thread] DEBUG AssetLoader          - Loading from cache: /assets/sounds/slap.wav
11:20:36.803 [JavaFX Application Thread] DEBUG AssetLoader          - Loading from cache: /assets/textures/anders.jpg
11:20:37.155 [JavaFX Application Thread] DEBUG AssetLoader          - Loading from cache: /assets/sounds/slap.wav
11:20:38.594 [JavaFX Application Thread] DEBUG AssetLoader          - Loading from file system: /assets/textures/karsten.jpg
11:20:38.597 [JavaFX Application Thread] DEBUG AssetLoader          - Loading from cache: /assets/sounds/slap.wav
11:20:38.599 [JavaFX Application Thread] DEBUG AssetLoader          - Loading from cache: /assets/textures/andras.jpg
11:20:38.601 [JavaFX Application Thread] DEBUG AssetLoader          - Loading from cache: /assets/sounds/slap.wav
11:20:38.611 [JavaFX Application Thread] DEBUG AssetLoader          - Loading from cache: /assets/textures/anders.jpg
11:20:38.979 [JavaFX Application Thread] DEBUG AssetLoader          - Loading from cache: /assets/sounds/slap.wav
11:20:40.530 [JavaFX Application Thread] DEBUG AssetLoader          - Loading from cache: /assets/textures/anders.jpg
11:20:40.867 [JavaFX Application Thread] DEBUG AssetLoader          - Loading from cache: /assets/sounds/slap.wav
11:20:41.442 [JavaFX Application Thread] DEBUG AssetLoader          - Loading from cache: /assets/textures/andras.jpg
11:20:41.906 [JavaFX Application Thread] DEBUG AssetLoader          - Loading from cache: /assets/sounds/slap.wav
11:20:42.372 [JavaFX Application Thread] DEBUG AssetLoader          - Loading from cache: /assets/textures/anders.jpg
11:20:42.691 [JavaFX Application Thread] DEBUG AssetLoader          - Loading from cache: /assets/sounds/slap.wav
11:20:44.196 [JavaFX Application Thread] DEBUG AssetLoader          - Loading from cache: /assets/textures/karsten.jpg
11:20:44.198 [JavaFX Application Thread] DEBUG AssetLoader          - Loading from cache: /assets/sounds/slap.wav
11:20:44.203 [JavaFX Application Thread] DEBUG AssetLoader          - Loading from cache: /assets/textures/andras.jpg
11:20:44.227 [JavaFX Application Thread] DEBUG AssetLoader          - Loading from cache: /assets/textures/anders.jpg
11:20:44.594 [JavaFX Application Thread] DEBUG AssetLoader          - Loading from cache: /assets/sounds/slap.wav
11:20:45.122 [JavaFX Application Thread] DEBUG AssetLoader          - Loading from cache: /assets/sounds/slap.wav
11:20:46.002 [JavaFX Application Thread] DEBUG AssetLoader          - Loading from cache: /assets/textures/anders.jpg
11:20:46.419 [JavaFX Application Thread] DEBUG AssetLoader          - Loading from cache: /assets/sounds/slap.wav
11:20:46.899 [JavaFX Application Thread] DEBUG AssetLoader          - Loading from cache: /assets/textures/andras.jpg
11:20:47.411 [JavaFX Application Thread] DEBUG AssetLoader          - Loading from cache: /assets/sounds/slap.wav
11:20:47.811 [JavaFX Application Thread] DEBUG AssetLoader          - Loading from cache: /assets/textures/anders.jpg
11:20:48.243 [JavaFX Application Thread] DEBUG AssetLoader          - Loading from cache: /assets/sounds/slap.wav
11:20:49.539 [JavaFX Application Thread] DEBUG AssetLoader          - Loading from cache: /assets/textures/karsten.jpg
11:20:49.540 [JavaFX Application Thread] DEBUG AssetLoader          - Loading from cache: /assets/sounds/slap.wav
11:20:49.555 [JavaFX Application Thread] DEBUG AssetLoader          - Loading from cache: /assets/textures/andras.jpg
11:20:49.565 [JavaFX Application Thread] DEBUG AssetLoader          - Loading from cache: /assets/textures/anders.jpg
11:20:49.566 [JavaFX Application Thread] DEBUG AssetLoader          - Loading from cache: /assets/sounds/slap.wav
11:20:49.602 [JavaFX Application Thread] DEBUG AssetLoader          - Loading from cache: /assets/sounds/slap.wav
11:20:51.331 [JavaFX Application Thread] DEBUG AssetLoader          - Loading from cache: /assets/textures/anders.jpg
11:20:51.699 [JavaFX Application Thread] DEBUG AssetLoader          - Loading from cache: /assets/sounds/slap.wav
11:20:52.212 [JavaFX Application Thread] DEBUG AssetLoader          - Loading from cache: /assets/textures/andras.jpg
11:20:52.627 [JavaFX Application Thread] DEBUG AssetLoader          - Loading from cache: /assets/sounds/slap.wav
11:20:53.091 [JavaFX Application Thread] DEBUG AssetLoader          - Loading from cache: /assets/textures/anders.jpg
11:20:53.491 [JavaFX Application Thread] DEBUG AssetLoader          - Loading from cache: /assets/sounds/slap.wav
11:20:54.898 [JavaFX Application Thread] DEBUG AssetLoader          - Loading from cache: /assets/textures/karsten.jpg
11:20:54.930 [JavaFX Application Thread] DEBUG AssetLoader          - Loading from cache: /assets/textures/andras.jpg
11:20:54.931 [JavaFX Application Thread] DEBUG AssetLoader          - Loading from cache: /assets/sounds/slap.wav
11:20:54.978 [JavaFX Application Thread] DEBUG AssetLoader          - Loading from cache: /assets/textures/anders.jpg
11:20:54.979 [JavaFX Application Thread] DEBUG AssetLoader          - Loading from cache: /assets/sounds/slap.wav
11:20:55.251 [JavaFX Application Thread] DEBUG AssetLoader          - Loading from cache: /assets/sounds/slap.wav
11:20:56.722 [JavaFX Application Thread] DEBUG AssetLoader          - Loading from cache: /assets/textures/anders.jpg
11:20:57.170 [JavaFX Application Thread] DEBUG AssetLoader          - Loading from cache: /assets/sounds/slap.wav
11:20:57.634 [JavaFX Application Thread] DEBUG AssetLoader          - Loading from cache: /assets/textures/andras.jpg
11:20:58.019 [JavaFX Application Thread] DEBUG AssetLoader          - Loading from cache: /assets/sounds/slap.wav
11:20:58.612 [JavaFX Application Thread] DEBUG AssetLoader          - Loading from cache: /assets/textures/anders.jpg
11:20:58.995 [JavaFX Application Thread] DEBUG AssetLoader          - Loading from cache: /assets/sounds/slap.wav
11:21:00.292 [JavaFX Application Thread] DEBUG AssetLoader          - Loading from cache: /assets/textures/karsten.jpg
11:21:00.340 [JavaFX Application Thread] DEBUG AssetLoader          - Loading from cache: /assets/textures/andras.jpg
11:21:00.403 [JavaFX Application Thread] DEBUG AssetLoader          - Loading from cache: /assets/textures/anders.jpg
11:21:00.675 [JavaFX Application Thread] DEBUG AssetLoader          - Loading from cache: /assets/sounds/slap.wav
11:21:00.979 [JavaFX Application Thread] DEBUG AssetLoader          - Loading from cache: /assets/sounds/slap.wav
11:21:01.411 [JavaFX Application Thread] DEBUG AssetLoader          - Loading from cache: /assets/sounds/slap.wav
11:21:02.243 [JavaFX Application Thread] DEBUG AssetLoader          - Loading from cache: /assets/textures/anders.jpg
11:21:02.643 [JavaFX Application Thread] DEBUG AssetLoader          - Loading from cache: /assets/sounds/slap.wav
11:21:03.154 [JavaFX Application Thread] DEBUG AssetLoader          - Loading from cache: /assets/textures/andras.jpg
11:21:03.523 [JavaFX Application Thread] DEBUG AssetLoader          - Loading from cache: /assets/sounds/slap.wav
11:21:04.114 [JavaFX Application Thread] DEBUG AssetLoader          - Loading from cache: /assets/textures/anders.jpg
11:21:04.450 [JavaFX Application Thread] DEBUG AssetLoader          - Loading from cache: /assets/sounds/slap.wav
11:21:05.635 [JavaFX Application Thread] DEBUG AssetLoader          - Loading from cache: /assets/textures/karsten.jpg
11:21:05.684 [JavaFX Application Thread] DEBUG AssetLoader          - Loading from cache: /assets/textures/andras.jpg
11:21:05.685 [JavaFX Application Thread] DEBUG AssetLoader          - Loading from cache: /assets/sounds/slap.wav
11:21:05.779 [JavaFX Application Thread] DEBUG AssetLoader          - Loading from cache: /assets/textures/anders.jpg
11:21:05.955 [JavaFX Application Thread] DEBUG AssetLoader          - Loading from cache: /assets/sounds/slap.wav
11:21:05.970 [JavaFX Application Thread] DEBUG AssetLoader          - Loading from cache: /assets/sounds/slap.wav
11:21:07.603 [JavaFX Application Thread] DEBUG AssetLoader          - Loading from cache: /assets/textures/anders.jpg
11:21:07.604 [JavaFX Application Thread] DEBUG AssetLoader          - Loading from cache: /assets/sounds/slap.wav
11:21:08.261 [JavaFX Application Thread] DEBUG AssetLoader          - Loading from cache: /assets/textures/andras.jpg
11:21:08.659 [JavaFX Application Thread] DEBUG AssetLoader          - Loading from cache: /assets/sounds/slap.wav
11:21:09.252 [JavaFX Application Thread] DEBUG AssetLoader          - Loading from cache: /assets/textures/anders.jpg
11:21:09.685 [JavaFX Application Thread] DEBUG AssetLoader          - Loading from cache: /assets/sounds/slap.wav
11:21:10.755 [JavaFX Application Thread] DEBUG AssetLoader          - Loading from cache: /assets/textures/karsten.jpg
11:21:10.756 [JavaFX Application Thread] DEBUG AssetLoader          - Loading from cache: /assets/sounds/slap.wav
11:21:10.836 [JavaFX Application Thread] DEBUG AssetLoader          - Loading from cache: /assets/textures/andras.jpg
11:21:10.899 [JavaFX Application Thread] DEBUG AssetLoader          - Loading from cache: /assets/textures/anders.jpg
11:21:11.364 [JavaFX Application Thread] DEBUG AssetLoader          - Loading from cache: /assets/sounds/slap.wav
11:21:11.586 [JavaFX Application Thread] DEBUG AssetLoader          - Loading from cache: /assets/sounds/slap.wav
11:21:12.772 [JavaFX Application Thread] DEBUG AssetLoader          - Loading from cache: /assets/textures/anders.jpg
11:21:13.219 [JavaFX Application Thread] DEBUG AssetLoader          - Loading from cache: /assets/sounds/slap.wav
11:21:13.571 [JavaFX Application Thread] DEBUG AssetLoader          - Loading from cache: /assets/textures/andras.jpg
11:21:14.035 [JavaFX Application Thread] DEBUG AssetLoader          - Loading from cache: /assets/sounds/slap.wav
11:21:14.644 [JavaFX Application Thread] DEBUG AssetLoader          - Loading from cache: /assets/textures/anders.jpg
11:21:14.995 [JavaFX Application Thread] DEBUG AssetLoader          - Loading from cache: /assets/sounds/slap.wav
11:21:16.050 [JavaFX Application Thread] DEBUG AssetLoader          - Loading from cache: /assets/textures/karsten.jpg
11:21:16.131 [JavaFX Application Thread] DEBUG AssetLoader          - Loading from cache: /assets/textures/andras.jpg
11:21:16.260 [JavaFX Application Thread] DEBUG AssetLoader          - Loading from cache: /assets/textures/anders.jpg
11:21:16.546 [JavaFX Application Thread] DEBUG AssetLoader          - Loading from cache: /assets/sounds/slap.wav
11:21:16.882 [JavaFX Application Thread] DEBUG AssetLoader          - Loading from cache: /assets/sounds/slap.wav
11:21:17.252 [JavaFX Application Thread] DEBUG AssetLoader          - Loading from cache: /assets/sounds/slap.wav
11:21:18.179 [JavaFX Application Thread] DEBUG AssetLoader          - Loading from cache: /assets/textures/anders.jpg
11:21:18.594 [JavaFX Application Thread] DEBUG AssetLoader          - Loading from cache: /assets/sounds/slap.wav
11:21:18.979 [JavaFX Application Thread] DEBUG AssetLoader          - Loading from cache: /assets/textures/andras.jpg
11:21:19.507 [JavaFX Application Thread] DEBUG AssetLoader          - Loading from cache: /assets/sounds/slap.wav
11:21:20.051 [JavaFX Application Thread] DEBUG AssetLoader          - Loading from cache: /assets/textures/anders.jpg
11:21:20.435 [JavaFX Application Thread] DEBUG AssetLoader          - Loading from cache: /assets/sounds/slap.wav
11:21:21.507 [JavaFX Application Thread] DEBUG AssetLoader          - Loading from cache: /assets/textures/karsten.jpg
11:21:21.508 [JavaFX Application Thread] DEBUG AssetLoader          - Loading from cache: /assets/sounds/slap.wav
11:21:21.619 [JavaFX Application Thread] DEBUG AssetLoader          - Loading from cache: /assets/textures/andras.jpg
11:21:21.715 [JavaFX Application Thread] DEBUG AssetLoader          - Loading from cache: /assets/textures/anders.jpg
11:21:22.130 [JavaFX Application Thread] DEBUG AssetLoader          - Loading from cache: /assets/sounds/slap.wav
11:21:22.290 [JavaFX Application Thread] DEBUG AssetLoader          - Loading from cache: /assets/sounds/slap.wav
11:21:23.556 [JavaFX Application Thread] DEBUG AssetLoader          - Loading from cache: /assets/textures/anders.jpg
11:21:23.557 [JavaFX Application Thread] DEBUG AssetLoader          - Loading from cache: /assets/sounds/slap.wav
11:21:24.372 [JavaFX Application Thread] DEBUG AssetLoader          - Loading from cache: /assets/textures/andras.jpg
11:21:25.491 [JavaFX Application Thread] DEBUG AssetLoader          - Loading from cache: /assets/sounds/slap.wav
11:21:25.508 [JavaFX Application Thread] DEBUG AssetLoader          - Loading from cache: /assets/textures/anders.jpg
11:21:26.292 [JavaFX Application Thread] DEBUG AssetLoader          - Loading from cache: /assets/sounds/slap.wav
11:21:27.123 [JavaFX Application Thread] DEBUG AssetLoader          - Loading from cache: /assets/textures/karsten.jpg
11:21:27.251 [JavaFX Application Thread] DEBUG AssetLoader          - Loading from cache: /assets/textures/andras.jpg
11:21:27.252 [JavaFX Application Thread] DEBUG AssetLoader          - Loading from cache: /assets/sounds/slap.wav
11:21:27.394 [JavaFX Application Thread] DEBUG AssetLoader          - Loading from cache: /assets/textures/anders.jpg
11:21:27.458 [JavaFX Application Thread] DEBUG AssetLoader          - Loading from cache: /assets/sounds/slap.wav
11:21:27.811 [JavaFX Application Thread] DEBUG AssetLoader          - Loading from cache: /assets/sounds/slap.wav
11:21:29.139 [JavaFX Application Thread] DEBUG AssetLoader          - Loading from cache: /assets/textures/anders.jpg
11:21:29.811 [JavaFX Application Thread] DEBUG AssetLoader          - Loading from cache: /assets/sounds/slap.wav
11:21:29.970 [JavaFX Application Thread] DEBUG AssetLoader          - Loading from cache: /assets/textures/andras.jpg
11:21:30.530 [JavaFX Application Thread] DEBUG AssetLoader          - Loading from cache: /assets/sounds/slap.wav
11:21:30.979 [JavaFX Application Thread] DEBUG AssetLoader          - Loading from cache: /assets/textures/anders.jpg
11:21:31.379 [JavaFX Application Thread] DEBUG AssetLoader          - Loading from cache: /assets/sounds/slap.wav
11:21:32.564 [JavaFX Application Thread] DEBUG AssetLoader          - Loading from cache: /assets/textures/karsten.jpg
11:21:32.707 [JavaFX Application Thread] DEBUG AssetLoader          - Loading from cache: /assets/textures/andras.jpg
11:21:32.708 [JavaFX Application Thread] DEBUG AssetLoader          - Loading from cache: /assets/sounds/slap.wav
11:21:32.867 [JavaFX Application Thread] DEBUG AssetLoader          - Loading from cache: /assets/textures/anders.jpg
11:21:32.868 [JavaFX Application Thread] DEBUG AssetLoader          - Loading from cache: /assets/sounds/slap.wav
11:21:33.587 [JavaFX Application Thread] DEBUG AssetLoader          - Loading from cache: /assets/sounds/slap.wav
11:21:34.675 [JavaFX Application Thread] DEBUG AssetLoader          - Loading from cache: /assets/textures/anders.jpg
11:21:34.675 [JavaFX Application Thread] DEBUG AssetLoader          - Loading from cache: /assets/sounds/slap.wav
11:21:35.396 [JavaFX Application Thread] DEBUG AssetLoader          - Loading from cache: /assets/textures/andras.jpg
11:21:35.779 [JavaFX Application Thread] DEBUG AssetLoader          - Loading from cache: /assets/sounds/slap.wav
11:21:36.547 [JavaFX Application Thread] DEBUG AssetLoader          - Loading from cache: /assets/textures/anders.jpg
11:21:37.231 [JavaFX Application Thread] DEBUG Engine               - Exiting FXGL
11:21:37.231 [JavaFX Application Thread] DEBUG Engine               - Shutting down background threads
11:21:37.231 [JavaFX Application Thread] DEBUG Engine               - Saving FXGL system data
11:21:37.235 [JavaFX Application Thread] DEBUG FSServiceImpl        - Writing to: C:\Users\mikpe\IdeaProjects\Whack_A_Teacher\system\fxgl.bundle
11:21:37.239 [JavaFX Application Thread] DEBUG Engine               - Closing logger and exiting JavaFX
