11:25:52.206 [JavaFX Application Thread] DEBUG GameApplication      - Logger initialized
11:25:52.222 [JavaFX Application Thread] DEBUG GameApplication      - Logging settings
Title: Untitled
Version: 0.0
Width: 800
Height: 600
Fullscreen: false
Intro: false
Menus: false
Profiling: false
Single step:false
App Mode: DEVELOPER
Menu Key: ESCAPE
Stage Style: DECORATED
Scene Factory: class com.almasb.fxgl.scene.SceneFactory
Dialog Factory: class com.almasb.fxgl.ui.FXGLDialogFactory
UI Factory: class com.almasb.fxgl.ui.FXGLUIFactory
Notification Service: class com.almasb.fxgl.gameplay.notification.XboxNotificationView
Exception Handler: class com.almasb.fxgl.app.FXGLExceptionHandler
11:25:52.223 [JavaFX Application Thread] DEBUG GameApplication      - Starting FXGL
11:25:52.234 [JavaFX Application Thread] INFO  FXGL                 - FXGL-0.5.4 on DESKTOP
11:25:52.234 [JavaFX Application Thread] INFO  FXGL                 - Source code and latest versions at: https://github.com/AlmasB/FXGL
11:25:52.234 [JavaFX Application Thread] INFO  FXGL                 -              Join the FXGL chat at: https://gitter.im/AlmasB/FXGL
11:25:52.235 [JavaFX Application Thread] DEBUG FXGL                 - FXGL started
11:25:52.235 [JavaFX Application Thread] DEBUG FXGL                 - Initializing FXGL
11:25:52.295 [JavaFX Application Thread] DEBUG AssetLoader          - Loading from disk: /assets/ui/cursors/fxgl_default.png
11:25:52.373 [JavaFX Application Thread] DEBUG AssetLoader          - Loading from disk: /assets/ui/fonts/VarelaRound-Regular.ttf
11:25:52.640 [JavaFX Application Thread] DEBUG MainWindow           - Creating a JavaFX scene
11:25:52.684 [JavaFX Application Thread] DEBUG MainWindow           - Target settings size: 800.0 x 600.0
11:25:52.684 [JavaFX Application Thread] DEBUG MainWindow           - Scaled scene size:    800.0 x 600.0
11:25:52.684 [JavaFX Application Thread] DEBUG MainWindow           - Scaled ratio: (1.0, 1.0)
11:25:52.688 [JavaFX Application Thread] DEBUG AssetLoader          - Loading from disk: /assets/ui/css/fxgl_dark.css
11:25:52.693 [JavaFX Application Thread] DEBUG AssetLoader          - Loading from disk: /assets/textures/fxgl_icon.png
11:25:52.715 [JavaFX Application Thread] DEBUG MainWindow           - Opening main window
11:25:52.867 [JavaFX Application Thread] DEBUG MainWindow           - Window border size: (14.4000244140625, 37.5999755859375)
11:25:52.867 [JavaFX Application Thread] DEBUG MainWindow           - Scaled size: 800.0 x 600.0
11:25:52.867 [JavaFX Application Thread] DEBUG MainWindow           - Scaled ratio: (1.0, 1.0)
11:25:52.867 [JavaFX Application Thread] DEBUG MainWindow           - Scene size: 800.0 x 600.0
11:25:52.868 [JavaFX Application Thread] DEBUG MainWindow           - Stage size: 814.4000244140625 x 637.5999755859375
11:25:52.902 [ForkJoinPool.commonPool-worker-3] DEBUG FS                   - Loaded DesktopFSService
11:25:52.911 [ForkJoinPool.commonPool-worker-3] DEBUG FXGL                 - Loading default FXGL system data
11:25:52.913 [ForkJoinPool.commonPool-worker-3] DEBUG FXGL                 - Initializing state machine and application states
11:25:52.915 [ForkJoinPool.commonPool-worker-5] DEBUG UpdaterTask          - Checking for updates
11:25:52.915 [ForkJoinPool.commonPool-worker-3] DEBUG AssetLoader          - Loading from disk: /assets/ui/cursors/fxgl_default.png
11:25:52.922 [ForkJoinPool.commonPool-worker-3] DEBUG AssetLoader          - Loading from disk: /assets/ui/cursors/fxgl_default.png
11:25:52.929 [ForkJoinPool.commonPool-worker-3] DEBUG AssetLoader          - Loading from cache: /assets/ui/fonts/VarelaRound-Regular.ttf
11:25:52.932 [ForkJoinPool.commonPool-worker-3] DEBUG AssetLoader          - Loading from disk: /assets/ui/cursors/fxgl_default.png
11:25:52.934 [ForkJoinPool.commonPool-worker-3] DEBUG GameScene            - Game scene initialized: 800x600
11:25:52.938 [ForkJoinPool.commonPool-worker-3] DEBUG GameWorld            - Game world initialized
11:25:52.995 [ForkJoinPool.commonPool-worker-3] DEBUG PhysicsWorld         - Physics world initialized: appHeight=600, physics.ppm=50,0
11:25:53.014 [ForkJoinPool.commonPool-worker-3] DEBUG Input                - Registered new binding: Pause - Esc
11:25:53.069 [JavaFX Application Thread] DEBUG FXGL                 - Running preInit()
11:25:53.071 [JavaFX Application Thread] DEBUG Input                - Registered new binding: Screenshot - P
11:25:53.071 [JavaFX Application Thread] DEBUG Input                - Registered new binding: Dev Options - CTRL+0
11:25:53.072 [JavaFX Application Thread] DEBUG Input                - Registered new binding: System info dump - CTRL+9
11:25:53.072 [JavaFX Application Thread] DEBUG Input                - Registered new binding: Restart - CTRL+R
11:25:53.073 [JavaFX Application Thread] INFO  FXGL                 - FXGL initialization took: 0,838 sec
11:25:53.073 [JavaFX Application Thread] DEBUG LoopRunner           - Starting loop
11:25:53.076 [JavaFX Application Thread] DEBUG StartupState         - STARTUP
11:25:53.076 [JavaFX Application Thread] DEBUG GameApplication      - Starting new game
11:25:53.076 [JavaFX Application Thread] DEBUG Input                - Clearing active input actions
11:25:53.077 [JavaFX Application Thread] DEBUG AssetLoader          - Loading from disk: /assets/ui/css/fxgl_dark.css
11:25:53.090 [JavaFX Application Thread] DEBUG AppStateMachine      - StartupState -> LoadingState
11:25:53.104 [FXGL Background Thread 1 ] DEBUG InitAppTask          - Clearing previous game
11:25:53.104 [FXGL Background Thread 1 ] DEBUG GameWorld            - Clearing game world
11:25:53.104 [FXGL Background Thread 1 ] DEBUG PhysicsWorld         - Clearing physics world
11:25:53.104 [FXGL Background Thread 1 ] DEBUG GameScene            - Clearing game scene
11:25:53.106 [FXGL Background Thread 1 ] DEBUG InitAppTask          - Initializing Game
11:25:53.117 [FXGL Background Thread 1 ] DEBUG InitAppTask          - Initializing Physics
11:25:53.117 [FXGL Background Thread 1 ] DEBUG InitAppTask          - Initializing UI
11:25:53.117 [FXGL Background Thread 1 ] DEBUG InitAppTask          - Initialization Complete
11:25:53.117 [FXGL Background Thread 1 ] INFO  InitAppTask          - Game initialization took: 0,013 sec
11:25:53.130 [JavaFX Application Thread] DEBUG Input                - Clearing active input actions
11:25:53.130 [JavaFX Application Thread] DEBUG AssetLoader          - Loading from disk: /assets/ui/css/fxgl_dark.css
11:25:53.138 [JavaFX Application Thread] DEBUG AppStateMachine      - LoadingState -> PlayState
11:25:53.340 [ForkJoinPool.commonPool-worker-5] INFO  UpdaterTask          - Your current version:  0.5.4
11:25:53.340 [ForkJoinPool.commonPool-worker-5] INFO  UpdaterTask          - Latest stable version: 11.7
11:25:56.167 [JavaFX Application Thread] DEBUG FXGL                 - Exiting FXGL
11:25:56.167 [JavaFX Application Thread] DEBUG FXGL                 - Shutting down background threads
11:25:56.168 [JavaFX Application Thread] DEBUG FXGL                 - Saving FXGL system data
11:25:56.172 [JavaFX Application Thread] DEBUG DesktopFSService     - Writing to: system\fxgl.bundle
11:25:56.183 [JavaFX Application Thread] DEBUG FXGL                 - Closing logger and exiting JavaFX
