10:58:16.297 [main                     ] DEBUG GameApplication      - Logger initialized
10:58:16.326 [main                     ] DEBUG GameApplication      - Logging settings
Title: Whack a teacher
Version: 1.0
Width: 768
Height: 1024
Fullscreen: false
Intro: false
Menus: false
Profiling: false
Single step:false
App Mode: DEVELOPER
Menu Key: ESCAPE
Stage Style: DECORATED
Scene Factory: class com.almasb.fxgl.app.SceneFactory
Dialog Factory: class com.almasb.fxgl.ui.FXGLDialogFactory
UI Factory: class com.almasb.fxgl.ui.FXGLUIFactory

10:58:16.583 [JavaFX Application Thread] DEBUG Engine               - Initializing FXGL
10:58:16.583 [JavaFX Application Thread] INFO  Engine               - FXGL-11.7 (05.01.2020 09.46) on WINDOWS (J:11.0.4 FX:10.0.2-internal)
10:58:16.583 [JavaFX Application Thread] INFO  Engine               - Source code and latest versions at: https://github.com/AlmasB/FXGL
10:58:16.584 [JavaFX Application Thread] INFO  Engine               -              Join the FXGL chat at: https://gitter.im/AlmasB/FXGL
10:58:16.584 [JavaFX Application Thread] DEBUG Engine               - Initializing environment variables
10:58:16.589 [JavaFX Application Thread] DEBUG Engine               - Logging environment variables
10:58:16.589 [JavaFX Application Thread] DEBUG Engine               - achievements: []
10:58:16.589 [JavaFX Application Thread] DEBUG Engine               - sceneStack: com.almasb.fxgl.app.Engine@3622eb3e
10:58:16.589 [JavaFX Application Thread] DEBUG Engine               - language: ObjectProperty [value: ENGLISH]
10:58:16.589 [JavaFX Application Thread] DEBUG Engine               - isCloseConfirmation: false
10:58:16.589 [JavaFX Application Thread] DEBUG Engine               - isProfilingEnabled: false
10:58:16.589 [JavaFX Application Thread] DEBUG Engine               - soundNotification: core/notification.wav
10:58:16.590 [JavaFX Application Thread] DEBUG Engine               - devShowBBoxProperty: BooleanProperty [value: false]
10:58:16.591 [JavaFX Application Thread] DEBUG Engine               - pixelsPerMeter: 50.0
10:58:16.591 [JavaFX Application Thread] DEBUG Engine               - overlayRoot: Group@41715d71
10:58:16.591 [JavaFX Application Thread] DEBUG Engine               - soundMenuBack: menu/back.wav
10:58:16.591 [JavaFX Application Thread] DEBUG Engine               - appIcon: fxgl_icon.png
10:58:16.591 [JavaFX Application Thread] DEBUG Engine               - isFullScreenAllowed: false
10:58:16.591 [JavaFX Application Thread] DEBUG Engine               - isIntroEnabled: false
10:58:16.591 [JavaFX Application Thread] DEBUG Engine               - eventBus: com.almasb.fxgl.event.EventBus@60686233
10:58:16.591 [JavaFX Application Thread] DEBUG Engine               - fontMono: lucida_console.ttf
10:58:16.592 [JavaFX Application Thread] DEBUG Engine               - soundMenuSelect: menu/select.wav
10:58:16.592 [JavaFX Application Thread] DEBUG Engine               - isWindows: true
10:58:16.592 [JavaFX Application Thread] DEBUG Engine               - isMobile: false
10:58:16.592 [JavaFX Application Thread] DEBUG Engine               - height: 1024
10:58:16.592 [JavaFX Application Thread] DEBUG Engine               - isExperimentalNative: false
10:58:16.592 [JavaFX Application Thread] DEBUG Engine               - cSSList: [fxgl_dark.css]
10:58:16.592 [JavaFX Application Thread] DEBUG Engine               - isSingleStep: false
10:58:16.592 [JavaFX Application Thread] DEBUG Engine               - fontGame: Abel-Regular.ttf
10:58:16.592 [JavaFX Application Thread] DEBUG Engine               - menuKey: ESCAPE
10:58:16.593 [JavaFX Application Thread] DEBUG Engine               - devShowPositionProperty: BooleanProperty [value: false]
10:58:16.593 [JavaFX Application Thread] DEBUG Engine               - versionCheckDays: 7
10:58:16.593 [JavaFX Application Thread] DEBUG Engine               - masterTimer: com.almasb.fxgl.time.Timer@41320e1b
10:58:16.593 [JavaFX Application Thread] DEBUG Engine               - configClass: Optional.empty
10:58:16.593 [JavaFX Application Thread] DEBUG Engine               - isFullScreenFromStart: false
10:58:16.593 [JavaFX Application Thread] DEBUG Engine               - version: 1.0
10:58:16.593 [JavaFX Application Thread] DEBUG Engine               - fullScreen: BooleanProperty [value: false]
10:58:16.593 [JavaFX Application Thread] DEBUG Engine               - randomSeed: -1
10:58:16.594 [JavaFX Application Thread] DEBUG Engine               - dialogFactory: com.almasb.fxgl.ui.FXGLDialogFactory@592c64da
10:58:16.594 [JavaFX Application Thread] DEBUG Engine               - applicationMode: DEVELOPER
10:58:16.594 [JavaFX Application Thread] DEBUG Engine               - isMac: false
10:58:16.594 [JavaFX Application Thread] DEBUG Engine               - urlGoogleForms: https://goo.gl/forms/6wrMnOBxTE1fEpOy2
10:58:16.594 [JavaFX Application Thread] DEBUG Engine               - isMenuEnabled: false
10:58:16.594 [JavaFX Application Thread] DEBUG Engine               - urlPOM: https://raw.githubusercontent.com/AlmasB/FXGL/master/pom.xml
10:58:16.594 [JavaFX Application Thread] DEBUG Engine               - profileName: user.profile
10:58:16.594 [JavaFX Application Thread] DEBUG Engine               - notificationViewClass: class com.almasb.fxgl.notification.view.XboxNotificationView
10:58:16.594 [JavaFX Application Thread] DEBUG Engine               - devSensorColorProperty: ObjectProperty [value: 0xffff00ff]
10:58:16.594 [JavaFX Application Thread] DEBUG Engine               - sceneFactory: com.almasb.fxgl.app.SceneFactory@12fd205b
10:58:16.595 [JavaFX Application Thread] DEBUG Engine               - dataFileExt: .dat
10:58:16.595 [JavaFX Application Thread] DEBUG Engine               - stageStyle: DECORATED
10:58:16.595 [JavaFX Application Thread] DEBUG Engine               - isManualResizeEnabled: false
10:58:16.595 [JavaFX Application Thread] DEBUG Engine               - title: Whack a teacher
10:58:16.595 [JavaFX Application Thread] DEBUG Engine               - platform: WINDOWS
10:58:16.595 [JavaFX Application Thread] DEBUG Engine               - devBBoxColorProperty: ObjectProperty [value: 0xff0000ff]
10:58:16.595 [JavaFX Application Thread] DEBUG Engine               - isDesktop: true
10:58:16.595 [JavaFX Application Thread] DEBUG Engine               - credits: []
10:58:16.595 [JavaFX Application Thread] DEBUG Engine               - globalMusicVolumeProperty: DoubleProperty [value: 0.5]
10:58:16.595 [JavaFX Application Thread] DEBUG Engine               - isPreserveResizeRatio: false
10:58:16.595 [JavaFX Application Thread] DEBUG Engine               - uIFactory: com.almasb.fxgl.ui.FXGLUIFactory@31a7a1cd
10:58:16.596 [JavaFX Application Thread] DEBUG Engine               - fontText: Courier-Prime.ttf
10:58:16.596 [JavaFX Application Thread] DEBUG Engine               - isExperimentalTiledLargeMap: false
10:58:16.596 [JavaFX Application Thread] DEBUG Engine               - secondsIn24h: 60
10:58:16.596 [JavaFX Application Thread] DEBUG Engine               - runtimeInfo: RuntimeInfo(platform=WINDOWS, version=11.7, build=05.01.2020 09.46)
10:58:16.596 [JavaFX Application Thread] DEBUG Engine               - soundMenuPress: menu/press.wav
10:58:16.596 [JavaFX Application Thread] DEBUG Engine               - isLinux: false
10:58:16.596 [JavaFX Application Thread] DEBUG Engine               - urlGithub: https://github.com/AlmasB/FXGL
10:58:16.596 [JavaFX Application Thread] DEBUG Engine               - profileDir: profiles/
10:58:16.596 [JavaFX Application Thread] DEBUG Engine               - isDeveloperMenuEnabled: false
10:58:16.596 [JavaFX Application Thread] DEBUG Engine               - globalSoundVolumeProperty: DoubleProperty [value: 0.5]
10:58:16.596 [JavaFX Application Thread] DEBUG Engine               - isBrowser: false
10:58:16.596 [JavaFX Application Thread] DEBUG Engine               - urlLeaderboard: http://fxgl-top.herokuapp.com/
10:58:16.596 [JavaFX Application Thread] DEBUG Engine               - globalSoundVolume: 0.5
10:58:16.597 [JavaFX Application Thread] DEBUG Engine               - saveDir: saves/
10:58:16.597 [JavaFX Application Thread] DEBUG Engine               - engineServices: [class com.almasb.fxgl.audio.AudioPlayer, class com.almasb.fxgl.notification.impl.NotificationServiceProvider, class com.almasb.fxgl.achievement.AchievementManager, class com.almasb.fxgl.cutscene.CutsceneService, class com.almasb.fxgl.minigames.MiniGameService]
10:58:16.597 [JavaFX Application Thread] DEBUG Engine               - globalMusicVolume: 0.5
10:58:16.597 [JavaFX Application Thread] DEBUG Engine               - width: 768
10:58:16.597 [JavaFX Application Thread] DEBUG Engine               - saveFileExt: .sav
10:58:16.597 [JavaFX Application Thread] DEBUG Engine               - isAndroid: false
10:58:16.597 [JavaFX Application Thread] DEBUG Engine               - fontUI: VarelaRound-Regular.ttf
10:58:16.597 [JavaFX Application Thread] DEBUG Engine               - enabledMenuItems: []
10:58:16.597 [JavaFX Application Thread] DEBUG Engine               - isIOS: false
10:58:16.600 [JavaFX Application Thread] DEBUG Engine               - Adding new engine service: class com.almasb.fxgl.audio.AudioPlayer
10:58:16.601 [JavaFX Application Thread] DEBUG Engine               - Adding new engine service: class com.almasb.fxgl.notification.impl.NotificationServiceProvider
10:58:16.602 [JavaFX Application Thread] DEBUG Engine               - Adding new engine service: class com.almasb.fxgl.achievement.AchievementManager
10:58:16.602 [JavaFX Application Thread] DEBUG Engine               - Adding new engine service: class com.almasb.fxgl.cutscene.CutsceneService
10:58:16.602 [JavaFX Application Thread] DEBUG Engine               - Adding new engine service: class com.almasb.fxgl.minigames.MiniGameService
10:58:16.605 [JavaFX Application Thread] DEBUG Engine               - Loading localizations
10:58:16.607 [JavaFX Application Thread] DEBUG AssetLoader          - Loading from file system: /assets/properties/languages/english.properties
10:58:16.608 [JavaFX Application Thread] DEBUG AssetLoader          - Loading from file system: /assets/properties/languages/french.properties
10:58:16.609 [JavaFX Application Thread] DEBUG AssetLoader          - Loading from file system: /assets/properties/languages/german.properties
10:58:16.610 [JavaFX Application Thread] DEBUG AssetLoader          - Loading from file system: /assets/properties/languages/russian.properties
10:58:16.611 [JavaFX Application Thread] DEBUG AssetLoader          - Loading from file system: /assets/properties/languages/hungarian.properties
10:58:16.612 [JavaFX Application Thread] DEBUG Engine               - Registering font factories
10:58:16.613 [JavaFX Application Thread] DEBUG AssetLoader          - Loading from file system: /assets/ui/fonts/VarelaRound-Regular.ttf
10:58:16.869 [JavaFX Application Thread] DEBUG AssetLoader          - Loading from file system: /assets/ui/fonts/Abel-Regular.ttf
10:58:16.876 [JavaFX Application Thread] DEBUG AssetLoader          - Loading from file system: /assets/ui/fonts/lucida_console.ttf
10:58:16.886 [JavaFX Application Thread] DEBUG AssetLoader          - Loading from file system: /assets/ui/fonts/Courier-Prime.ttf
10:58:16.895 [JavaFX Application Thread] DEBUG Engine               - Setting UI factory
10:58:16.964 [JavaFX Application Thread] DEBUG AssetLoader          - Loading from file system: /assets/textures/fxgl_logo.png
10:58:17.024 [JavaFX Application Thread] DEBUG MainWindow           - Creating a JavaFX scene
10:58:17.024 [JavaFX Application Thread] DEBUG MainWindow           - Target size > screen size
10:58:17.056 [JavaFX Application Thread] DEBUG MainWindow           - Target settings size: 768.0 x 1024.0
10:58:17.056 [JavaFX Application Thread] DEBUG MainWindow           - Scaled scene size:    623.0 x 864.0
10:58:17.056 [JavaFX Application Thread] DEBUG MainWindow           - Scaled ratio: (0.8111979166666666, 0.84375)
10:58:17.057 [JavaFX Application Thread] DEBUG MainWindow           - Set initial scene to FXGLStartupScene
10:58:17.065 [JavaFX Application Thread] DEBUG AssetLoader          - Loading from file system: /assets/textures/fxgl_icon.png
10:58:17.079 [JavaFX Application Thread] DEBUG Engine               - Applying CSS: fxgl_dark.css
10:58:17.079 [JavaFX Application Thread] DEBUG AssetLoader          - Loading from file system: /assets/ui/css/fxgl_dark.css
10:58:17.081 [JavaFX Application Thread] DEBUG AssetLoader          - Loading from file system: /assets/ui/cursors/fxgl_default.png
10:58:17.082 [JavaFX Application Thread] DEBUG MainWindow           - Opening main window
10:58:17.195 [JavaFX Application Thread] DEBUG MainWindow           - Window border size: (14.5999755859375, 37.5999755859375)
10:58:17.195 [JavaFX Application Thread] DEBUG MainWindow           - Scaled size: 623.0 x 864.0
10:58:17.195 [JavaFX Application Thread] DEBUG MainWindow           - Scaled ratio: (0.8111979166666666, 0.84375)
10:58:17.195 [JavaFX Application Thread] DEBUG MainWindow           - Scene size: 623.0 x 864.0
10:58:17.195 [JavaFX Application Thread] DEBUG MainWindow           - Stage size: 637.5999755859375 x 901.5999755859375
10:58:17.205 [FXGL Background Thread 1 ] DEBUG FS                   - Loaded FSServiceImpl
10:58:17.205 [FXGL Background Thread 1 ] DEBUG Engine               - Loading FXGL system data
10:58:17.212 [FXGL Background Thread 1 ] DEBUG FSServiceImpl        - Reading from: C:\Users\mikpe\IdeaProjects\Whack_A_Teacher\system\fxgl.bundle
10:58:17.220 [FXGL Background Thread 1 ] DEBUG Engine               - Bundle FXGL: {}
10:58:17.220 [FXGL Background Thread 1 ] DEBUG Engine               - Initializing application scenes
10:58:17.248 [FXGL Background Thread 1 ] DEBUG GameWorld            - Game world initialized
10:58:17.303 [FXGL Background Thread 1 ] DEBUG PhysicsWorld         - Physics world initialized: appHeight=1024, physics.ppm=50,0
10:58:17.306 [FXGL Background Thread 1 ] DEBUG GameScene            - Game scene initialized: 768x1024
10:58:17.340 [FXGL Background Thread 1 ] DEBUG Input                - Registered new binding: Resume - Esc
10:58:17.340 [FXGL Background Thread 1 ] DEBUG AssetLoader          - Loading from file system: /assets/textures/pause_menu_bg.png
10:58:17.365 [FXGL Background Thread 1 ] DEBUG Input                - Registered new binding: Pause - Esc
10:58:17.365 [FXGL Background Thread 1 ] DEBUG Engine               - Application scenes initialized
10:58:17.373 [JavaFX Application Thread] DEBUG Engine               - Running preInit()
10:58:17.374 [JavaFX Application Thread] DEBUG Input                - Registered new binding: Screenshot - P
10:58:17.375 [JavaFX Application Thread] DEBUG Input                - Registered new binding: System info dump - CTRL+9
10:58:17.375 [JavaFX Application Thread] DEBUG Input                - Registered new binding: Restart - CTRL+R
10:58:17.375 [JavaFX Application Thread] DEBUG Engine               - generateDefaultProfile()
10:58:17.375 [JavaFX Application Thread] DEBUG Engine               - Creating default profile
10:58:17.375 [JavaFX Application Thread] DEBUG EventBus             - Firing event: SaveEvent
10:58:17.388 [JavaFX Application Thread] INFO  Engine               - FXGL initialization took: 0,783 sec
10:58:17.389 [JavaFX Application Thread] DEBUG LoopRunner           - Starting loop
10:58:17.399 [JavaFX Application Thread] DEBUG FXGLStartupScene     - STARTUP
10:58:17.399 [JavaFX Application Thread] DEBUG Engine               - Starting new game
10:58:17.405 [JavaFX Application Thread] DEBUG Input                - Clearing active input actions
10:58:17.406 [FXGL Background Thread 1 ] DEBUG InitAppTask          - Clearing previous game
10:58:17.406 [FXGL Background Thread 1 ] DEBUG GameWorld            - Clearing game world
10:58:17.406 [FXGL Background Thread 1 ] DEBUG PhysicsWorld         - Clearing physics world
10:58:17.407 [FXGL Background Thread 1 ] DEBUG GameScene            - Clearing game scene
10:58:17.407 [FXGL Background Thread 1 ] DEBUG InitAppTask          - Initializing Game
10:58:17.416 [FXGL Background Thread 1 ] DEBUG AssetLoader          - Loading from file system: /assets/textures/hammer.jpg
10:58:17.416 [JavaFX Application Thread] DEBUG Engine               - Removing overlay from FXGLStartupScene and adding to LoadingScene
10:58:17.417 [JavaFX Application Thread] DEBUG MainWindow           - FXGLStartupScene -> LoadingScene
10:58:17.431 [FXGL Background Thread 1 ] DEBUG AssetLoader          - Loading from file system: /assets/music/BHT.mp3
10:58:17.548 [FXGL Background Thread 1 ] DEBUG AudioPlayer          - Playing music com.almasb.fxgl.audio.Music@497ce82b
10:58:17.550 [FXGL Background Thread 1 ] DEBUG InitAppTask          - Initializing Physics
10:58:17.552 [FXGL Background Thread 1 ] DEBUG InitAppTask          - Initializing UI
10:58:17.552 [FXGL Background Thread 1 ] DEBUG InitAppTask          - Initialization Complete
10:58:17.552 [FXGL Background Thread 1 ] INFO  InitAppTask          - Game initialization took: 0,146 sec
10:58:17.559 [JavaFX Application Thread] DEBUG Input                - Clearing active input actions
10:58:17.570 [JavaFX Application Thread] DEBUG Engine               - Removing overlay from LoadingScene and adding to GameScene
10:58:17.570 [JavaFX Application Thread] DEBUG MainWindow           - LoadingScene -> GameScene
10:58:19.522 [JavaFX Application Thread] DEBUG AssetLoader          - Loading from file system: /assets/textures/anders.jpg
10:58:19.826 [JavaFX Application Thread] DEBUG AssetLoader          - Loading from file system: /assets/sounds/slap.wav
10:58:20.435 [JavaFX Application Thread] DEBUG AssetLoader          - Loading from file system: /assets/textures/andras.jpg
10:58:20.881 [JavaFX Application Thread] DEBUG AssetLoader          - Loading from cache: /assets/sounds/slap.wav
10:58:21.347 [JavaFX Application Thread] DEBUG AssetLoader          - Loading from cache: /assets/textures/anders.jpg
10:58:21.776 [JavaFX Application Thread] DEBUG AssetLoader          - Loading from cache: /assets/sounds/slap.wav
10:58:23.187 [JavaFX Application Thread] DEBUG AssetLoader          - Loading from file system: /assets/textures/karsten.jpg
10:58:23.192 [JavaFX Application Thread] DEBUG AssetLoader          - Loading from cache: /assets/textures/andras.jpg
10:58:23.201 [JavaFX Application Thread] DEBUG AssetLoader          - Loading from cache: /assets/textures/anders.jpg
10:58:23.921 [JavaFX Application Thread] DEBUG AssetLoader          - Loading from cache: /assets/sounds/slap.wav
10:58:23.937 [JavaFX Application Thread] DEBUG AssetLoader          - Loading from cache: /assets/sounds/slap.wav
10:58:23.953 [JavaFX Application Thread] DEBUG AssetLoader          - Loading from cache: /assets/sounds/slap.wav
10:58:25.011 [JavaFX Application Thread] DEBUG AssetLoader          - Loading from cache: /assets/textures/anders.jpg
10:58:25.633 [JavaFX Application Thread] DEBUG AssetLoader          - Loading from cache: /assets/sounds/slap.wav
10:58:25.905 [JavaFX Application Thread] DEBUG AssetLoader          - Loading from cache: /assets/textures/andras.jpg
10:58:26.433 [JavaFX Application Thread] DEBUG AssetLoader          - Loading from cache: /assets/sounds/slap.wav
10:58:26.897 [JavaFX Application Thread] DEBUG AssetLoader          - Loading from cache: /assets/textures/anders.jpg
10:58:27.361 [JavaFX Application Thread] DEBUG AssetLoader          - Loading from cache: /assets/sounds/slap.wav
10:58:28.577 [JavaFX Application Thread] DEBUG AssetLoader          - Loading from cache: /assets/textures/karsten.jpg
10:58:28.579 [JavaFX Application Thread] DEBUG AssetLoader          - Loading from cache: /assets/textures/andras.jpg
10:58:28.593 [JavaFX Application Thread] DEBUG AssetLoader          - Loading from cache: /assets/textures/anders.jpg
10:58:29.029 [JavaFX Application Thread] DEBUG AssetLoader          - Loading from cache: /assets/sounds/slap.wav
10:58:29.030 [JavaFX Application Thread] DEBUG AssetLoader          - Loading from cache: /assets/sounds/slap.wav
10:58:29.042 [JavaFX Application Thread] DEBUG AssetLoader          - Loading from cache: /assets/sounds/slap.wav
10:58:30.369 [JavaFX Application Thread] DEBUG AssetLoader          - Loading from cache: /assets/textures/anders.jpg
10:58:31.121 [JavaFX Application Thread] DEBUG AssetLoader          - Loading from cache: /assets/sounds/slap.wav
10:58:31.281 [JavaFX Application Thread] DEBUG AssetLoader          - Loading from cache: /assets/textures/andras.jpg
10:58:31.761 [JavaFX Application Thread] DEBUG AssetLoader          - Loading from cache: /assets/sounds/slap.wav
10:58:32.241 [JavaFX Application Thread] DEBUG AssetLoader          - Loading from cache: /assets/textures/anders.jpg
10:58:32.722 [JavaFX Application Thread] DEBUG AssetLoader          - Loading from cache: /assets/sounds/slap.wav
10:58:34.066 [JavaFX Application Thread] DEBUG AssetLoader          - Loading from cache: /assets/textures/karsten.jpg
10:58:34.082 [JavaFX Application Thread] DEBUG AssetLoader          - Loading from cache: /assets/textures/andras.jpg
10:58:34.113 [JavaFX Application Thread] DEBUG AssetLoader          - Loading from cache: /assets/textures/anders.jpg
10:58:34.705 [JavaFX Application Thread] DEBUG AssetLoader          - Loading from cache: /assets/sounds/slap.wav
10:58:34.721 [JavaFX Application Thread] DEBUG AssetLoader          - Loading from cache: /assets/sounds/slap.wav
10:58:34.997 [JavaFX Application Thread] DEBUG AssetLoader          - Loading from cache: /assets/sounds/slap.wav
10:58:36.034 [JavaFX Application Thread] DEBUG AssetLoader          - Loading from cache: /assets/textures/anders.jpg
10:58:36.978 [JavaFX Application Thread] DEBUG AssetLoader          - Loading from cache: /assets/textures/andras.jpg
10:58:37.083 [JavaFX Application Thread] DEBUG Engine               - Exiting FXGL
10:58:37.084 [JavaFX Application Thread] DEBUG Engine               - Shutting down background threads
10:58:37.084 [JavaFX Application Thread] DEBUG Engine               - Saving FXGL system data
10:58:37.086 [JavaFX Application Thread] DEBUG FSServiceImpl        - Writing to: C:\Users\mikpe\IdeaProjects\Whack_A_Teacher\system\fxgl.bundle
10:58:37.088 [JavaFX Application Thread] DEBUG Engine               - Closing logger and exiting JavaFX
