11:29:18.467 [main                     ] DEBUG GameApplication      - Logger initialized
11:29:18.493 [main                     ] DEBUG GameApplication      - Logging settings
Title: Whack a teacher
Version: 1.0
Width: 1024
Height: 768
Fullscreen: false
Intro: false
Menus: false
Profiling: false
Single step:false
App Mode: DEVELOPER
Menu Key: ESCAPE
Stage Style: DECORATED
Scene Factory: class com.almasb.fxgl.app.SceneFactory
Dialog Factory: class com.almasb.fxgl.ui.FXGLDialogFactory
UI Factory: class com.almasb.fxgl.ui.FXGLUIFactory

11:29:18.753 [JavaFX Application Thread] DEBUG Engine               - Initializing FXGL
11:29:18.753 [JavaFX Application Thread] INFO  Engine               - FXGL-11.7 (05.01.2020 09.46) on WINDOWS (J:11.0.4 FX:10.0.2-internal)
11:29:18.753 [JavaFX Application Thread] INFO  Engine               - Source code and latest versions at: https://github.com/AlmasB/FXGL
11:29:18.754 [JavaFX Application Thread] INFO  Engine               -              Join the FXGL chat at: https://gitter.im/AlmasB/FXGL
11:29:18.754 [JavaFX Application Thread] DEBUG Engine               - Initializing environment variables
11:29:18.755 [JavaFX Application Thread] DEBUG Engine               - Logging environment variables
11:29:18.755 [JavaFX Application Thread] DEBUG Engine               - achievements: []
11:29:18.755 [JavaFX Application Thread] DEBUG Engine               - sceneStack: com.almasb.fxgl.app.Engine@8fbdfc8
11:29:18.756 [JavaFX Application Thread] DEBUG Engine               - language: ObjectProperty [value: ENGLISH]
11:29:18.756 [JavaFX Application Thread] DEBUG Engine               - isCloseConfirmation: false
11:29:18.756 [JavaFX Application Thread] DEBUG Engine               - isProfilingEnabled: false
11:29:18.756 [JavaFX Application Thread] DEBUG Engine               - soundNotification: core/notification.wav
11:29:18.756 [JavaFX Application Thread] DEBUG Engine               - devShowBBoxProperty: BooleanProperty [value: false]
11:29:18.757 [JavaFX Application Thread] DEBUG Engine               - pixelsPerMeter: 50.0
11:29:18.757 [JavaFX Application Thread] DEBUG Engine               - overlayRoot: Group@591fdcdf
11:29:18.757 [JavaFX Application Thread] DEBUG Engine               - soundMenuBack: menu/back.wav
11:29:18.757 [JavaFX Application Thread] DEBUG Engine               - appIcon: fxgl_icon.png
11:29:18.758 [JavaFX Application Thread] DEBUG Engine               - isFullScreenAllowed: false
11:29:18.758 [JavaFX Application Thread] DEBUG Engine               - isIntroEnabled: false
11:29:18.758 [JavaFX Application Thread] DEBUG Engine               - eventBus: com.almasb.fxgl.event.EventBus@6d6f9307
11:29:18.758 [JavaFX Application Thread] DEBUG Engine               - fontMono: lucida_console.ttf
11:29:18.758 [JavaFX Application Thread] DEBUG Engine               - soundMenuSelect: menu/select.wav
11:29:18.758 [JavaFX Application Thread] DEBUG Engine               - isWindows: true
11:29:18.758 [JavaFX Application Thread] DEBUG Engine               - isMobile: false
11:29:18.759 [JavaFX Application Thread] DEBUG Engine               - height: 768
11:29:18.759 [JavaFX Application Thread] DEBUG Engine               - isExperimentalNative: false
11:29:18.759 [JavaFX Application Thread] DEBUG Engine               - cSSList: [fxgl_dark.css]
11:29:18.759 [JavaFX Application Thread] DEBUG Engine               - isSingleStep: false
11:29:18.759 [JavaFX Application Thread] DEBUG Engine               - fontGame: Abel-Regular.ttf
11:29:18.759 [JavaFX Application Thread] DEBUG Engine               - menuKey: ESCAPE
11:29:18.759 [JavaFX Application Thread] DEBUG Engine               - devShowPositionProperty: BooleanProperty [value: false]
11:29:18.759 [JavaFX Application Thread] DEBUG Engine               - versionCheckDays: 7
11:29:18.759 [JavaFX Application Thread] DEBUG Engine               - masterTimer: com.almasb.fxgl.time.Timer@3b3c04fd
11:29:18.759 [JavaFX Application Thread] DEBUG Engine               - configClass: Optional.empty
11:29:18.759 [JavaFX Application Thread] DEBUG Engine               - isFullScreenFromStart: false
11:29:18.760 [JavaFX Application Thread] DEBUG Engine               - version: 1.0
11:29:18.760 [JavaFX Application Thread] DEBUG Engine               - fullScreen: BooleanProperty [value: false]
11:29:18.760 [JavaFX Application Thread] DEBUG Engine               - randomSeed: -1
11:29:18.760 [JavaFX Application Thread] DEBUG Engine               - dialogFactory: com.almasb.fxgl.ui.FXGLDialogFactory@5e4f6e40
11:29:18.760 [JavaFX Application Thread] DEBUG Engine               - applicationMode: DEVELOPER
11:29:18.760 [JavaFX Application Thread] DEBUG Engine               - isMac: false
11:29:18.760 [JavaFX Application Thread] DEBUG Engine               - urlGoogleForms: https://goo.gl/forms/6wrMnOBxTE1fEpOy2
11:29:18.760 [JavaFX Application Thread] DEBUG Engine               - isMenuEnabled: false
11:29:18.760 [JavaFX Application Thread] DEBUG Engine               - profileName: user.profile
11:29:18.760 [JavaFX Application Thread] DEBUG Engine               - urlPOM: https://raw.githubusercontent.com/AlmasB/FXGL/master/pom.xml
11:29:18.760 [JavaFX Application Thread] DEBUG Engine               - notificationViewClass: class com.almasb.fxgl.notification.view.XboxNotificationView
11:29:18.761 [JavaFX Application Thread] DEBUG Engine               - devSensorColorProperty: ObjectProperty [value: 0xffff00ff]
11:29:18.761 [JavaFX Application Thread] DEBUG Engine               - sceneFactory: com.almasb.fxgl.app.SceneFactory@7911b872
11:29:18.761 [JavaFX Application Thread] DEBUG Engine               - dataFileExt: .dat
11:29:18.761 [JavaFX Application Thread] DEBUG Engine               - stageStyle: DECORATED
11:29:18.761 [JavaFX Application Thread] DEBUG Engine               - isManualResizeEnabled: false
11:29:18.761 [JavaFX Application Thread] DEBUG Engine               - title: Whack a teacher
11:29:18.761 [JavaFX Application Thread] DEBUG Engine               - platform: WINDOWS
11:29:18.761 [JavaFX Application Thread] DEBUG Engine               - devBBoxColorProperty: ObjectProperty [value: 0xff0000ff]
11:29:18.761 [JavaFX Application Thread] DEBUG Engine               - isDesktop: true
11:29:18.761 [JavaFX Application Thread] DEBUG Engine               - globalMusicVolumeProperty: DoubleProperty [value: 0.5]
11:29:18.761 [JavaFX Application Thread] DEBUG Engine               - credits: []
11:29:18.762 [JavaFX Application Thread] DEBUG Engine               - uIFactory: com.almasb.fxgl.ui.FXGLUIFactory@68f7fbfc
11:29:18.762 [JavaFX Application Thread] DEBUG Engine               - isPreserveResizeRatio: false
11:29:18.762 [JavaFX Application Thread] DEBUG Engine               - fontText: Courier-Prime.ttf
11:29:18.762 [JavaFX Application Thread] DEBUG Engine               - isExperimentalTiledLargeMap: false
11:29:18.762 [JavaFX Application Thread] DEBUG Engine               - secondsIn24h: 60
11:29:18.762 [JavaFX Application Thread] DEBUG Engine               - runtimeInfo: RuntimeInfo(platform=WINDOWS, version=11.7, build=05.01.2020 09.46)
11:29:18.762 [JavaFX Application Thread] DEBUG Engine               - isLinux: false
11:29:18.762 [JavaFX Application Thread] DEBUG Engine               - soundMenuPress: menu/press.wav
11:29:18.762 [JavaFX Application Thread] DEBUG Engine               - urlGithub: https://github.com/AlmasB/FXGL
11:29:18.762 [JavaFX Application Thread] DEBUG Engine               - profileDir: profiles/
11:29:18.762 [JavaFX Application Thread] DEBUG Engine               - globalSoundVolumeProperty: DoubleProperty [value: 0.5]
11:29:18.762 [JavaFX Application Thread] DEBUG Engine               - isDeveloperMenuEnabled: false
11:29:18.762 [JavaFX Application Thread] DEBUG Engine               - isBrowser: false
11:29:18.763 [JavaFX Application Thread] DEBUG Engine               - globalSoundVolume: 0.5
11:29:18.763 [JavaFX Application Thread] DEBUG Engine               - urlLeaderboard: http://fxgl-top.herokuapp.com/
11:29:18.763 [JavaFX Application Thread] DEBUG Engine               - saveDir: saves/
11:29:18.763 [JavaFX Application Thread] DEBUG Engine               - engineServices: [class com.almasb.fxgl.audio.AudioPlayer, class com.almasb.fxgl.notification.impl.NotificationServiceProvider, class com.almasb.fxgl.achievement.AchievementManager, class com.almasb.fxgl.cutscene.CutsceneService, class com.almasb.fxgl.minigames.MiniGameService]
11:29:18.763 [JavaFX Application Thread] DEBUG Engine               - globalMusicVolume: 0.5
11:29:18.763 [JavaFX Application Thread] DEBUG Engine               - width: 1024
11:29:18.763 [JavaFX Application Thread] DEBUG Engine               - saveFileExt: .sav
11:29:18.763 [JavaFX Application Thread] DEBUG Engine               - isAndroid: false
11:29:18.763 [JavaFX Application Thread] DEBUG Engine               - fontUI: VarelaRound-Regular.ttf
11:29:18.763 [JavaFX Application Thread] DEBUG Engine               - enabledMenuItems: []
11:29:18.763 [JavaFX Application Thread] DEBUG Engine               - isIOS: false
11:29:18.766 [JavaFX Application Thread] DEBUG Engine               - Adding new engine service: class com.almasb.fxgl.audio.AudioPlayer
11:29:18.767 [JavaFX Application Thread] DEBUG Engine               - Adding new engine service: class com.almasb.fxgl.notification.impl.NotificationServiceProvider
11:29:18.767 [JavaFX Application Thread] DEBUG Engine               - Adding new engine service: class com.almasb.fxgl.achievement.AchievementManager
11:29:18.768 [JavaFX Application Thread] DEBUG Engine               - Adding new engine service: class com.almasb.fxgl.cutscene.CutsceneService
11:29:18.768 [JavaFX Application Thread] DEBUG Engine               - Adding new engine service: class com.almasb.fxgl.minigames.MiniGameService
11:29:18.770 [JavaFX Application Thread] DEBUG Engine               - Loading localizations
11:29:18.772 [JavaFX Application Thread] DEBUG AssetLoader          - Loading from file system: /assets/properties/languages/english.properties
11:29:18.773 [JavaFX Application Thread] DEBUG AssetLoader          - Loading from file system: /assets/properties/languages/french.properties
11:29:18.774 [JavaFX Application Thread] DEBUG AssetLoader          - Loading from file system: /assets/properties/languages/german.properties
11:29:18.775 [JavaFX Application Thread] DEBUG AssetLoader          - Loading from file system: /assets/properties/languages/russian.properties
11:29:18.776 [JavaFX Application Thread] DEBUG AssetLoader          - Loading from file system: /assets/properties/languages/hungarian.properties
11:29:18.777 [JavaFX Application Thread] DEBUG Engine               - Registering font factories
11:29:18.777 [JavaFX Application Thread] DEBUG AssetLoader          - Loading from file system: /assets/ui/fonts/VarelaRound-Regular.ttf
11:29:19.018 [JavaFX Application Thread] DEBUG AssetLoader          - Loading from file system: /assets/ui/fonts/Abel-Regular.ttf
11:29:19.025 [JavaFX Application Thread] DEBUG AssetLoader          - Loading from file system: /assets/ui/fonts/lucida_console.ttf
11:29:19.036 [JavaFX Application Thread] DEBUG AssetLoader          - Loading from file system: /assets/ui/fonts/Courier-Prime.ttf
11:29:19.045 [JavaFX Application Thread] DEBUG Engine               - Setting UI factory
11:29:19.114 [JavaFX Application Thread] DEBUG AssetLoader          - Loading from file system: /assets/textures/fxgl_logo.png
11:29:19.170 [JavaFX Application Thread] DEBUG MainWindow           - Creating a JavaFX scene
11:29:19.207 [JavaFX Application Thread] DEBUG MainWindow           - Target settings size: 1024.0 x 768.0
11:29:19.207 [JavaFX Application Thread] DEBUG MainWindow           - Scaled scene size:    1024.0 x 768.0
11:29:19.207 [JavaFX Application Thread] DEBUG MainWindow           - Scaled ratio: (1.0, 1.0)
11:29:19.208 [JavaFX Application Thread] DEBUG MainWindow           - Set initial scene to FXGLStartupScene
11:29:19.216 [JavaFX Application Thread] DEBUG AssetLoader          - Loading from file system: /assets/textures/fxgl_icon.png
11:29:19.226 [JavaFX Application Thread] DEBUG Engine               - Applying CSS: fxgl_dark.css
11:29:19.227 [JavaFX Application Thread] DEBUG AssetLoader          - Loading from file system: /assets/ui/css/fxgl_dark.css
11:29:19.229 [JavaFX Application Thread] DEBUG AssetLoader          - Loading from file system: /assets/ui/cursors/fxgl_default.png
11:29:19.230 [JavaFX Application Thread] DEBUG MainWindow           - Opening main window
11:29:19.377 [JavaFX Application Thread] DEBUG MainWindow           - Window border size: (14.4000244140625, 37.5999755859375)
11:29:19.378 [JavaFX Application Thread] DEBUG MainWindow           - Scaled size: 1024.0 x 768.0
11:29:19.378 [JavaFX Application Thread] DEBUG MainWindow           - Scaled ratio: (1.0, 1.0)
11:29:19.378 [JavaFX Application Thread] DEBUG MainWindow           - Scene size: 1024.0 x 768.0
11:29:19.378 [JavaFX Application Thread] DEBUG MainWindow           - Stage size: 1038.4000244140625 x 805.5999755859375
11:29:19.388 [FXGL Background Thread 1 ] DEBUG FS                   - Loaded FSServiceImpl
11:29:19.388 [FXGL Background Thread 1 ] DEBUG Engine               - Loading FXGL system data
11:29:19.392 [FXGL Background Thread 1 ] DEBUG FSServiceImpl        - Reading from: C:\Users\mikpe\IdeaProjects\Whack_A_Teacher\system\fxgl.bundle
11:29:19.402 [FXGL Background Thread 1 ] DEBUG Engine               - Bundle FXGL: {}
11:29:19.402 [FXGL Background Thread 1 ] DEBUG Engine               - Initializing application scenes
11:29:19.431 [FXGL Background Thread 1 ] DEBUG GameWorld            - Game world initialized
11:29:19.493 [FXGL Background Thread 1 ] DEBUG PhysicsWorld         - Physics world initialized: appHeight=768, physics.ppm=50,0
11:29:19.495 [FXGL Background Thread 1 ] DEBUG GameScene            - Game scene initialized: 1024x768
11:29:19.523 [FXGL Background Thread 1 ] DEBUG Input                - Registered new binding: Resume - Esc
11:29:19.523 [FXGL Background Thread 1 ] DEBUG AssetLoader          - Loading from file system: /assets/textures/pause_menu_bg.png
11:29:19.546 [FXGL Background Thread 1 ] DEBUG Input                - Registered new binding: Pause - Esc
11:29:19.546 [FXGL Background Thread 1 ] DEBUG Engine               - Application scenes initialized
11:29:19.548 [JavaFX Application Thread] DEBUG Engine               - Running preInit()
11:29:19.549 [JavaFX Application Thread] DEBUG Input                - Registered new binding: Screenshot - P
11:29:19.550 [JavaFX Application Thread] DEBUG Input                - Registered new binding: System info dump - CTRL+9
11:29:19.550 [JavaFX Application Thread] DEBUG Input                - Registered new binding: Restart - CTRL+R
11:29:19.550 [JavaFX Application Thread] DEBUG Engine               - generateDefaultProfile()
11:29:19.551 [JavaFX Application Thread] DEBUG Engine               - Creating default profile
11:29:19.551 [JavaFX Application Thread] DEBUG EventBus             - Firing event: SaveEvent
11:29:19.561 [JavaFX Application Thread] INFO  Engine               - FXGL initialization took: 0,790 sec
11:29:19.561 [JavaFX Application Thread] DEBUG LoopRunner           - Starting loop
11:29:19.567 [JavaFX Application Thread] DEBUG FXGLStartupScene     - STARTUP
11:29:19.567 [JavaFX Application Thread] DEBUG Engine               - Starting new game
11:29:19.572 [JavaFX Application Thread] DEBUG Input                - Clearing active input actions
11:29:19.572 [FXGL Background Thread 1 ] DEBUG InitAppTask          - Clearing previous game
11:29:19.573 [FXGL Background Thread 1 ] DEBUG GameWorld            - Clearing game world
11:29:19.573 [FXGL Background Thread 1 ] DEBUG PhysicsWorld         - Clearing physics world
11:29:19.573 [FXGL Background Thread 1 ] DEBUG GameScene            - Clearing game scene
11:29:19.573 [FXGL Background Thread 1 ] DEBUG InitAppTask          - Initializing Game
11:29:19.575 [FXGL Background Thread 1 ] DEBUG AssetLoader          - Loading from file system: /assets/textures/background.png
11:29:19.583 [JavaFX Application Thread] DEBUG Engine               - Removing overlay from FXGLStartupScene and adding to LoadingScene
11:29:19.583 [JavaFX Application Thread] DEBUG MainWindow           - FXGLStartupScene -> LoadingScene
11:29:19.594 [FXGL Background Thread 1 ] DEBUG AssetLoader          - Loading from file system: /assets/textures/hammer.jpg
11:29:19.606 [FXGL Background Thread 1 ] DEBUG AssetLoader          - Loading from file system: /assets/music/BHT.mp3
11:29:19.704 [FXGL Background Thread 1 ] DEBUG AudioPlayer          - Playing music com.almasb.fxgl.audio.Music@699f00df
11:29:19.705 [FXGL Background Thread 1 ] DEBUG InitAppTask          - Initializing Physics
11:29:19.707 [FXGL Background Thread 1 ] DEBUG InitAppTask          - Initializing UI
11:29:19.707 [FXGL Background Thread 1 ] DEBUG InitAppTask          - Initialization Complete
11:29:19.708 [FXGL Background Thread 1 ] INFO  InitAppTask          - Game initialization took: 0,136 sec
11:29:19.721 [JavaFX Application Thread] DEBUG Input                - Clearing active input actions
11:29:19.726 [JavaFX Application Thread] DEBUG Engine               - Removing overlay from LoadingScene and adding to GameScene
11:29:19.726 [JavaFX Application Thread] DEBUG MainWindow           - LoadingScene -> GameScene
11:29:21.678 [JavaFX Application Thread] DEBUG AssetLoader          - Loading from file system: /assets/textures/anders.jpg
11:29:21.686 [JavaFX Application Thread] DEBUG AssetLoader          - Loading from file system: /assets/sounds/slap.wav
11:29:22.572 [JavaFX Application Thread] DEBUG AssetLoader          - Loading from file system: /assets/textures/andras.jpg
11:29:22.922 [JavaFX Application Thread] DEBUG AssetLoader          - Loading from cache: /assets/sounds/slap.wav
11:29:23.451 [JavaFX Application Thread] DEBUG AssetLoader          - Loading from cache: /assets/textures/anders.jpg
11:29:23.452 [JavaFX Application Thread] DEBUG AssetLoader          - Loading from cache: /assets/sounds/slap.wav
11:29:25.209 [JavaFX Application Thread] DEBUG AssetLoader          - Loading from file system: /assets/textures/karsten.jpg
11:29:25.226 [JavaFX Application Thread] DEBUG AssetLoader          - Loading from cache: /assets/textures/andras.jpg
11:29:25.241 [JavaFX Application Thread] DEBUG AssetLoader          - Loading from cache: /assets/textures/anders.jpg
11:29:25.769 [JavaFX Application Thread] DEBUG AssetLoader          - Loading from cache: /assets/sounds/slap.wav
11:29:25.897 [JavaFX Application Thread] DEBUG AssetLoader          - Loading from cache: /assets/sounds/slap.wav
11:29:26.186 [JavaFX Application Thread] DEBUG AssetLoader          - Loading from cache: /assets/sounds/slap.wav
11:29:27.131 [JavaFX Application Thread] DEBUG AssetLoader          - Loading from cache: /assets/textures/anders.jpg
11:29:27.466 [JavaFX Application Thread] DEBUG AssetLoader          - Loading from cache: /assets/sounds/slap.wav
11:29:28.042 [JavaFX Application Thread] DEBUG AssetLoader          - Loading from cache: /assets/textures/andras.jpg
11:29:28.043 [JavaFX Application Thread] DEBUG AssetLoader          - Loading from cache: /assets/sounds/slap.wav
11:29:29.002 [JavaFX Application Thread] DEBUG AssetLoader          - Loading from cache: /assets/textures/anders.jpg
11:29:30.922 [JavaFX Application Thread] DEBUG AssetLoader          - Loading from cache: /assets/textures/karsten.jpg
11:29:30.937 [JavaFX Application Thread] DEBUG AssetLoader          - Loading from cache: /assets/textures/andras.jpg
11:29:30.938 [JavaFX Application Thread] DEBUG AssetLoader          - Loading from cache: /assets/sounds/slap.wav
11:29:30.970 [JavaFX Application Thread] DEBUG AssetLoader          - Loading from cache: /assets/textures/anders.jpg
11:29:31.530 [JavaFX Application Thread] DEBUG AssetLoader          - Loading from cache: /assets/sounds/slap.wav
11:29:31.785 [JavaFX Application Thread] DEBUG AssetLoader          - Loading from cache: /assets/sounds/slap.wav
11:29:31.801 [JavaFX Application Thread] DEBUG AssetLoader          - Loading from cache: /assets/sounds/slap.wav
11:29:32.793 [JavaFX Application Thread] DEBUG AssetLoader          - Loading from cache: /assets/textures/anders.jpg
11:29:33.209 [JavaFX Application Thread] DEBUG AssetLoader          - Loading from cache: /assets/sounds/slap.wav
11:29:33.675 [JavaFX Application Thread] DEBUG AssetLoader          - Loading from cache: /assets/textures/andras.jpg
11:29:34.186 [JavaFX Application Thread] DEBUG AssetLoader          - Loading from cache: /assets/sounds/slap.wav
11:29:34.634 [JavaFX Application Thread] DEBUG AssetLoader          - Loading from cache: /assets/textures/anders.jpg
11:29:35.050 [JavaFX Application Thread] DEBUG AssetLoader          - Loading from cache: /assets/sounds/slap.wav
11:29:36.459 [JavaFX Application Thread] DEBUG AssetLoader          - Loading from cache: /assets/textures/karsten.jpg
11:29:36.461 [JavaFX Application Thread] DEBUG AssetLoader          - Loading from cache: /assets/sounds/slap.wav
11:29:36.474 [JavaFX Application Thread] DEBUG AssetLoader          - Loading from cache: /assets/textures/andras.jpg
11:29:36.491 [JavaFX Application Thread] DEBUG AssetLoader          - Loading from cache: /assets/textures/anders.jpg
11:29:36.922 [JavaFX Application Thread] DEBUG AssetLoader          - Loading from cache: /assets/sounds/slap.wav
11:29:37.242 [JavaFX Application Thread] DEBUG AssetLoader          - Loading from cache: /assets/sounds/slap.wav
11:29:38.282 [JavaFX Application Thread] DEBUG AssetLoader          - Loading from cache: /assets/textures/anders.jpg
11:29:38.954 [JavaFX Application Thread] DEBUG AssetLoader          - Loading from cache: /assets/sounds/slap.wav
11:29:39.241 [JavaFX Application Thread] DEBUG AssetLoader          - Loading from cache: /assets/textures/andras.jpg
11:29:39.625 [JavaFX Application Thread] DEBUG AssetLoader          - Loading from cache: /assets/sounds/slap.wav
11:29:40.218 [JavaFX Application Thread] DEBUG AssetLoader          - Loading from cache: /assets/textures/anders.jpg
11:29:40.874 [JavaFX Application Thread] DEBUG AssetLoader          - Loading from cache: /assets/sounds/slap.wav
11:29:41.818 [JavaFX Application Thread] DEBUG AssetLoader          - Loading from cache: /assets/textures/karsten.jpg
11:29:41.834 [JavaFX Application Thread] DEBUG AssetLoader          - Loading from cache: /assets/textures/andras.jpg
11:29:41.881 [JavaFX Application Thread] DEBUG AssetLoader          - Loading from cache: /assets/textures/anders.jpg
11:29:42.394 [JavaFX Application Thread] DEBUG AssetLoader          - Loading from cache: /assets/sounds/slap.wav
11:29:42.698 [JavaFX Application Thread] DEBUG AssetLoader          - Loading from cache: /assets/sounds/slap.wav
11:29:43.051 [JavaFX Application Thread] DEBUG AssetLoader          - Loading from cache: /assets/sounds/slap.wav
11:29:43.738 [JavaFX Application Thread] DEBUG AssetLoader          - Loading from cache: /assets/textures/anders.jpg
11:29:44.554 [JavaFX Application Thread] DEBUG AssetLoader          - Loading from cache: /assets/sounds/slap.wav
11:29:44.650 [JavaFX Application Thread] DEBUG AssetLoader          - Loading from cache: /assets/textures/andras.jpg
11:29:44.858 [JavaFX Application Thread] DEBUG AssetLoader          - Loading from cache: /assets/sounds/slap.wav
11:29:45.721 [JavaFX Application Thread] DEBUG AssetLoader          - Loading from cache: /assets/textures/anders.jpg
11:29:46.137 [JavaFX Application Thread] DEBUG AssetLoader          - Loading from cache: /assets/sounds/slap.wav
11:29:47.338 [JavaFX Application Thread] DEBUG AssetLoader          - Loading from cache: /assets/textures/karsten.jpg
11:29:47.402 [JavaFX Application Thread] DEBUG AssetLoader          - Loading from cache: /assets/textures/andras.jpg
11:29:47.467 [JavaFX Application Thread] DEBUG AssetLoader          - Loading from cache: /assets/textures/anders.jpg
11:29:47.722 [JavaFX Application Thread] DEBUG AssetLoader          - Loading from cache: /assets/sounds/slap.wav
11:29:47.802 [JavaFX Application Thread] DEBUG AssetLoader          - Loading from cache: /assets/sounds/slap.wav
11:29:48.170 [JavaFX Application Thread] DEBUG AssetLoader          - Loading from cache: /assets/sounds/slap.wav
11:29:49.291 [JavaFX Application Thread] DEBUG AssetLoader          - Loading from cache: /assets/textures/anders.jpg
11:29:49.594 [JavaFX Application Thread] DEBUG AssetLoader          - Loading from cache: /assets/sounds/slap.wav
11:29:50.121 [JavaFX Application Thread] DEBUG AssetLoader          - Loading from cache: /assets/textures/andras.jpg
11:29:50.479 [JavaFX Application Thread] DEBUG Engine               - Exiting FXGL
11:29:50.479 [JavaFX Application Thread] DEBUG Engine               - Shutting down background threads
11:29:50.479 [JavaFX Application Thread] DEBUG Engine               - Saving FXGL system data
11:29:50.481 [JavaFX Application Thread] DEBUG FSServiceImpl        - Writing to: C:\Users\mikpe\IdeaProjects\Whack_A_Teacher\system\fxgl.bundle
11:29:50.483 [JavaFX Application Thread] DEBUG Engine               - Closing logger and exiting JavaFX
