23:48:20.718 [main                     ] DEBUG GameApplication      - Logger initialized
23:48:20.748 [main                     ] DEBUG GameApplication      - Logging settings
Title: Whack a teacher
Version: 1.0
Width: 1024
Height: 768
Fullscreen: false
Intro: false
Menus: true
Profiling: false
Single step:false
App Mode: DEVELOPER
Menu Key: ESCAPE
Stage Style: DECORATED
Scene Factory: class demo.WhackApp$1
Dialog Factory: class com.almasb.fxgl.ui.FXGLDialogFactory
UI Factory: class com.almasb.fxgl.ui.FXGLUIFactory

23:48:21.002 [JavaFX Application Thread] DEBUG Engine               - Initializing FXGL
23:48:21.002 [JavaFX Application Thread] INFO  Engine               - FXGL-11.7 (05.01.2020 09.46) on WINDOWS (J:11.0.5 FX:10.0.2-internal)
23:48:21.002 [JavaFX Application Thread] INFO  Engine               - Source code and latest versions at: https://github.com/AlmasB/FXGL
23:48:21.002 [JavaFX Application Thread] INFO  Engine               -              Join the FXGL chat at: https://gitter.im/AlmasB/FXGL
23:48:21.002 [JavaFX Application Thread] DEBUG Engine               - Initializing environment variables
23:48:21.004 [JavaFX Application Thread] DEBUG Engine               - Logging environment variables
23:48:21.004 [JavaFX Application Thread] DEBUG Engine               - achievements: []
23:48:21.004 [JavaFX Application Thread] DEBUG Engine               - sceneStack: com.almasb.fxgl.app.Engine@5d600470
23:48:21.005 [JavaFX Application Thread] DEBUG Engine               - language: ObjectProperty [value: ENGLISH]
23:48:21.005 [JavaFX Application Thread] DEBUG Engine               - isCloseConfirmation: false
23:48:21.005 [JavaFX Application Thread] DEBUG Engine               - isProfilingEnabled: false
23:48:21.005 [JavaFX Application Thread] DEBUG Engine               - soundNotification: core/notification.wav
23:48:21.005 [JavaFX Application Thread] DEBUG Engine               - devShowBBoxProperty: BooleanProperty [value: false]
23:48:21.006 [JavaFX Application Thread] DEBUG Engine               - pixelsPerMeter: 50.0
23:48:21.006 [JavaFX Application Thread] DEBUG Engine               - overlayRoot: Group@38635d18
23:48:21.006 [JavaFX Application Thread] DEBUG Engine               - appIcon: fxgl_icon.png
23:48:21.006 [JavaFX Application Thread] DEBUG Engine               - soundMenuBack: menu/back.wav
23:48:21.006 [JavaFX Application Thread] DEBUG Engine               - isFullScreenAllowed: false
23:48:21.007 [JavaFX Application Thread] DEBUG Engine               - isIntroEnabled: false
23:48:21.007 [JavaFX Application Thread] DEBUG Engine               - eventBus: com.almasb.fxgl.event.EventBus@2e006e6f
23:48:21.007 [JavaFX Application Thread] DEBUG Engine               - fontMono: lucida_console.ttf
23:48:21.007 [JavaFX Application Thread] DEBUG Engine               - soundMenuSelect: menu/select.wav
23:48:21.007 [JavaFX Application Thread] DEBUG Engine               - isWindows: true
23:48:21.007 [JavaFX Application Thread] DEBUG Engine               - isMobile: false
23:48:21.007 [JavaFX Application Thread] DEBUG Engine               - height: 768
23:48:21.007 [JavaFX Application Thread] DEBUG Engine               - isExperimentalNative: false
23:48:21.008 [JavaFX Application Thread] DEBUG Engine               - isSingleStep: false
23:48:21.008 [JavaFX Application Thread] DEBUG Engine               - cSSList: [fxgl_dark.css]
23:48:21.008 [JavaFX Application Thread] DEBUG Engine               - fontGame: Abel-Regular.ttf
23:48:21.008 [JavaFX Application Thread] DEBUG Engine               - menuKey: ESCAPE
23:48:21.008 [JavaFX Application Thread] DEBUG Engine               - devShowPositionProperty: BooleanProperty [value: false]
23:48:21.008 [JavaFX Application Thread] DEBUG Engine               - versionCheckDays: 7
23:48:21.008 [JavaFX Application Thread] DEBUG Engine               - masterTimer: com.almasb.fxgl.time.Timer@731eac5b
23:48:21.008 [JavaFX Application Thread] DEBUG Engine               - configClass: Optional.empty
23:48:21.008 [JavaFX Application Thread] DEBUG Engine               - isFullScreenFromStart: false
23:48:21.009 [JavaFX Application Thread] DEBUG Engine               - version: 1.0
23:48:21.009 [JavaFX Application Thread] DEBUG Engine               - fullScreen: BooleanProperty [value: false]
23:48:21.009 [JavaFX Application Thread] DEBUG Engine               - randomSeed: -1
23:48:21.009 [JavaFX Application Thread] DEBUG Engine               - dialogFactory: com.almasb.fxgl.ui.FXGLDialogFactory@50536cd4
23:48:21.009 [JavaFX Application Thread] DEBUG Engine               - applicationMode: DEVELOPER
23:48:21.009 [JavaFX Application Thread] DEBUG Engine               - isMac: false
23:48:21.009 [JavaFX Application Thread] DEBUG Engine               - urlGoogleForms: https://goo.gl/forms/6wrMnOBxTE1fEpOy2
23:48:21.009 [JavaFX Application Thread] DEBUG Engine               - isMenuEnabled: true
23:48:21.009 [JavaFX Application Thread] DEBUG Engine               - urlPOM: https://raw.githubusercontent.com/AlmasB/FXGL/master/pom.xml
23:48:21.009 [JavaFX Application Thread] DEBUG Engine               - profileName: user.profile
23:48:21.010 [JavaFX Application Thread] DEBUG Engine               - devSensorColorProperty: ObjectProperty [value: 0xffff00ff]
23:48:21.010 [JavaFX Application Thread] DEBUG Engine               - notificationViewClass: class com.almasb.fxgl.notification.view.XboxNotificationView
23:48:21.010 [JavaFX Application Thread] DEBUG Engine               - dataFileExt: .dat
23:48:21.010 [JavaFX Application Thread] DEBUG Engine               - sceneFactory: demo.WhackApp$1@727a705b
23:48:21.010 [JavaFX Application Thread] DEBUG Engine               - stageStyle: DECORATED
23:48:21.010 [JavaFX Application Thread] DEBUG Engine               - isManualResizeEnabled: false
23:48:21.010 [JavaFX Application Thread] DEBUG Engine               - title: Whack a teacher
23:48:21.010 [JavaFX Application Thread] DEBUG Engine               - platform: WINDOWS
23:48:21.010 [JavaFX Application Thread] DEBUG Engine               - devBBoxColorProperty: ObjectProperty [value: 0xff0000ff]
23:48:21.010 [JavaFX Application Thread] DEBUG Engine               - isDesktop: true
23:48:21.010 [JavaFX Application Thread] DEBUG Engine               - credits: []
23:48:21.010 [JavaFX Application Thread] DEBUG Engine               - globalMusicVolumeProperty: DoubleProperty [value: 0.5]
23:48:21.011 [JavaFX Application Thread] DEBUG Engine               - isPreserveResizeRatio: false
23:48:21.011 [JavaFX Application Thread] DEBUG Engine               - uIFactory: com.almasb.fxgl.ui.FXGLUIFactory@5f240b6d
23:48:21.011 [JavaFX Application Thread] DEBUG Engine               - fontText: Courier-Prime.ttf
23:48:21.011 [JavaFX Application Thread] DEBUG Engine               - isExperimentalTiledLargeMap: false
23:48:21.011 [JavaFX Application Thread] DEBUG Engine               - secondsIn24h: 60
23:48:21.011 [JavaFX Application Thread] DEBUG Engine               - runtimeInfo: RuntimeInfo(platform=WINDOWS, version=11.7, build=05.01.2020 09.46)
23:48:21.011 [JavaFX Application Thread] DEBUG Engine               - isLinux: false
23:48:21.011 [JavaFX Application Thread] DEBUG Engine               - urlGithub: https://github.com/AlmasB/FXGL
23:48:21.011 [JavaFX Application Thread] DEBUG Engine               - soundMenuPress: menu/press.wav
23:48:21.011 [JavaFX Application Thread] DEBUG Engine               - profileDir: profiles/
23:48:21.011 [JavaFX Application Thread] DEBUG Engine               - isDeveloperMenuEnabled: false
23:48:21.011 [JavaFX Application Thread] DEBUG Engine               - globalSoundVolumeProperty: DoubleProperty [value: 0.5]
23:48:21.011 [JavaFX Application Thread] DEBUG Engine               - isBrowser: false
23:48:21.011 [JavaFX Application Thread] DEBUG Engine               - globalSoundVolume: 0.5
23:48:21.012 [JavaFX Application Thread] DEBUG Engine               - urlLeaderboard: http://fxgl-top.herokuapp.com/
23:48:21.012 [JavaFX Application Thread] DEBUG Engine               - saveDir: saves/
23:48:21.012 [JavaFX Application Thread] DEBUG Engine               - engineServices: [class com.almasb.fxgl.audio.AudioPlayer, class com.almasb.fxgl.notification.impl.NotificationServiceProvider, class com.almasb.fxgl.achievement.AchievementManager, class com.almasb.fxgl.cutscene.CutsceneService, class com.almasb.fxgl.minigames.MiniGameService]
23:48:21.012 [JavaFX Application Thread] DEBUG Engine               - globalMusicVolume: 0.5
23:48:21.012 [JavaFX Application Thread] DEBUG Engine               - width: 1024
23:48:21.012 [JavaFX Application Thread] DEBUG Engine               - saveFileExt: .sav
23:48:21.012 [JavaFX Application Thread] DEBUG Engine               - isAndroid: false
23:48:21.012 [JavaFX Application Thread] DEBUG Engine               - fontUI: VarelaRound-Regular.ttf
23:48:21.012 [JavaFX Application Thread] DEBUG Engine               - isIOS: false
23:48:21.012 [JavaFX Application Thread] DEBUG Engine               - enabledMenuItems: []
23:48:21.014 [JavaFX Application Thread] DEBUG Engine               - Adding new engine service: class com.almasb.fxgl.audio.AudioPlayer
23:48:21.014 [JavaFX Application Thread] DEBUG Engine               - Adding new engine service: class com.almasb.fxgl.notification.impl.NotificationServiceProvider
23:48:21.014 [JavaFX Application Thread] DEBUG Engine               - Adding new engine service: class com.almasb.fxgl.achievement.AchievementManager
23:48:21.015 [JavaFX Application Thread] DEBUG Engine               - Adding new engine service: class com.almasb.fxgl.cutscene.CutsceneService
23:48:21.015 [JavaFX Application Thread] DEBUG Engine               - Adding new engine service: class com.almasb.fxgl.minigames.MiniGameService
23:48:21.017 [JavaFX Application Thread] DEBUG Engine               - Loading localizations
23:48:21.023 [JavaFX Application Thread] DEBUG AssetLoader          - Loading from file system: /assets/properties/languages/english.properties
23:48:21.026 [JavaFX Application Thread] DEBUG AssetLoader          - Loading from file system: /assets/properties/languages/french.properties
23:48:21.028 [JavaFX Application Thread] DEBUG AssetLoader          - Loading from file system: /assets/properties/languages/german.properties
23:48:21.029 [JavaFX Application Thread] DEBUG AssetLoader          - Loading from file system: /assets/properties/languages/russian.properties
23:48:21.031 [JavaFX Application Thread] DEBUG AssetLoader          - Loading from file system: /assets/properties/languages/hungarian.properties
23:48:21.032 [JavaFX Application Thread] DEBUG Engine               - Registering font factories
23:48:21.033 [JavaFX Application Thread] DEBUG AssetLoader          - Loading from file system: /assets/ui/fonts/VarelaRound-Regular.ttf
23:48:21.271 [JavaFX Application Thread] DEBUG AssetLoader          - Loading from file system: /assets/ui/fonts/Abel-Regular.ttf
23:48:21.281 [JavaFX Application Thread] DEBUG AssetLoader          - Loading from file system: /assets/ui/fonts/lucida_console.ttf
23:48:21.291 [JavaFX Application Thread] DEBUG AssetLoader          - Loading from file system: /assets/ui/fonts/Courier-Prime.ttf
23:48:21.300 [JavaFX Application Thread] DEBUG Engine               - Setting UI factory
23:48:21.374 [JavaFX Application Thread] DEBUG AssetLoader          - Loading from file system: /assets/textures/fxgl_logo.png
23:48:21.431 [JavaFX Application Thread] DEBUG MainWindow           - Creating a JavaFX scene
23:48:21.465 [JavaFX Application Thread] DEBUG MainWindow           - Target settings size: 1024.0 x 768.0
23:48:21.465 [JavaFX Application Thread] DEBUG MainWindow           - Scaled scene size:    1024.0 x 768.0
23:48:21.465 [JavaFX Application Thread] DEBUG MainWindow           - Scaled ratio: (1.0, 1.0)
23:48:21.466 [JavaFX Application Thread] DEBUG MainWindow           - Set initial scene to FXGLStartupScene
23:48:21.474 [JavaFX Application Thread] DEBUG AssetLoader          - Loading from file system: /assets/textures/fxgl_icon.png
23:48:21.484 [JavaFX Application Thread] DEBUG Engine               - Applying CSS: fxgl_dark.css
23:48:21.485 [JavaFX Application Thread] DEBUG AssetLoader          - Loading from file system: /assets/ui/css/fxgl_dark.css
23:48:21.487 [JavaFX Application Thread] DEBUG AssetLoader          - Loading from file system: /assets/ui/cursors/fxgl_default.png
23:48:21.488 [JavaFX Application Thread] DEBUG MainWindow           - Opening main window
23:48:21.617 [JavaFX Application Thread] DEBUG MainWindow           - Window border size: (14.4000244140625, 37.5999755859375)
23:48:21.617 [JavaFX Application Thread] DEBUG MainWindow           - Scaled size: 1024.0 x 768.0
23:48:21.617 [JavaFX Application Thread] DEBUG MainWindow           - Scaled ratio: (1.0, 1.0)
23:48:21.617 [JavaFX Application Thread] DEBUG MainWindow           - Scene size: 1024.0 x 768.0
23:48:21.617 [JavaFX Application Thread] DEBUG MainWindow           - Stage size: 1038.4000244140625 x 805.5999755859375
23:48:21.629 [FXGL Background Thread 1 ] DEBUG FS                   - Loaded FSServiceImpl
23:48:21.629 [FXGL Background Thread 1 ] DEBUG Engine               - Loading FXGL system data
23:48:21.633 [FXGL Background Thread 1 ] DEBUG FSServiceImpl        - Reading from: C:\Users\mikpe\IdeaProjects\Whack_A_Teacher\system\fxgl.bundle
23:48:21.644 [FXGL Background Thread 1 ] DEBUG Engine               - Bundle FXGL: {}
23:48:21.644 [FXGL Background Thread 1 ] DEBUG Engine               - Initializing application scenes
23:48:21.672 [FXGL Background Thread 1 ] DEBUG GameWorld            - Game world initialized
23:48:21.731 [FXGL Background Thread 1 ] DEBUG PhysicsWorld         - Physics world initialized: appHeight=768, physics.ppm=50,0
23:48:21.733 [FXGL Background Thread 1 ] DEBUG GameScene            - Game scene initialized: 1024x768
23:48:21.764 [FXGL Background Thread 1 ] DEBUG AssetLoader          - Loading from file system: /assets/textures/background.png
23:48:21.811 [FXGL Background Thread 1 ] DEBUG AssetLoader          - Loading from file system: /assets/textures/particles/trace_horizontal.png
23:48:21.830 [FXGL Background Thread 1 ] DEBUG FXGL.DefaultMenu     - createMenuBodyGameMenu()
23:48:21.839 [FXGL Background Thread 1 ] DEBUG FXGL.DefaultMenu     - createOptionsMenu()
23:48:21.842 [FXGL Background Thread 1 ] DEBUG AssetLoader          - Loading from file system: /assets/textures/particles/smoke.png
23:48:21.879 [FXGL Background Thread 1 ] DEBUG Engine               - Application scenes initialized
23:48:21.881 [JavaFX Application Thread] DEBUG Engine               - Running preInit()
23:48:21.890 [JavaFX Application Thread] DEBUG Input                - Registered new binding: Screenshot - P
23:48:21.891 [JavaFX Application Thread] DEBUG Input                - Registered new binding: System info dump - CTRL+9
23:48:21.891 [JavaFX Application Thread] DEBUG Input                - Registered new binding: Restart - CTRL+R
23:48:21.891 [JavaFX Application Thread] DEBUG Engine               - generateDefaultProfile()
23:48:21.891 [JavaFX Application Thread] DEBUG Engine               - Creating default profile
23:48:21.891 [JavaFX Application Thread] DEBUG EventBus             - Firing event: SaveEvent
23:48:21.901 [JavaFX Application Thread] INFO  Engine               - FXGL initialization took: 0,883 sec
23:48:21.901 [JavaFX Application Thread] DEBUG LoopRunner           - Starting loop
23:48:21.917 [JavaFX Application Thread] DEBUG FXGLStartupScene     - STARTUP
23:48:21.917 [JavaFX Application Thread] DEBUG Input                - Clearing active input actions
23:48:21.929 [JavaFX Application Thread] DEBUG Engine               - Removing overlay from FXGLStartupScene and adding to WhackMainMenu
23:48:21.930 [JavaFX Application Thread] DEBUG MainWindow           - FXGLStartupScene -> WhackMainMenu
23:48:22.853 [JavaFX Application Thread] DEBUG Menu                 - fireNewGame()
23:48:22.853 [JavaFX Application Thread] DEBUG Engine               - Starting new game
23:48:22.861 [JavaFX Application Thread] DEBUG Input                - Clearing active input actions
23:48:22.861 [FXGL Background Thread 1 ] DEBUG InitAppTask          - Clearing previous game
23:48:22.862 [FXGL Background Thread 1 ] DEBUG GameWorld            - Clearing game world
23:48:22.862 [FXGL Background Thread 1 ] DEBUG PhysicsWorld         - Clearing physics world
23:48:22.862 [FXGL Background Thread 1 ] DEBUG GameScene            - Clearing game scene
23:48:22.862 [FXGL Background Thread 1 ] DEBUG InitAppTask          - Initializing Game
23:48:22.874 [JavaFX Application Thread] DEBUG Engine               - Removing overlay from WhackMainMenu and adding to LoadingScene
23:48:22.875 [JavaFX Application Thread] DEBUG MainWindow           - WhackMainMenu -> LoadingScene
23:48:22.880 [FXGL Background Thread 1 ] DEBUG AssetLoader          - Loading from cache: /assets/textures/background.png
23:48:22.888 [FXGL Background Thread 1 ] DEBUG AssetLoader          - Loading from file system: /assets/textures/hammer3.jpg
23:48:22.900 [FXGL Background Thread 1 ] DEBUG AssetLoader          - Loading from file system: /assets/music/BHT.mp3
23:48:22.982 [FXGL Background Thread 1 ] DEBUG AudioPlayer          - Playing music com.almasb.fxgl.audio.Music@4380dde
23:48:22.984 [FXGL Background Thread 1 ] DEBUG InitAppTask          - Initializing Physics
23:48:22.986 [FXGL Background Thread 1 ] DEBUG InitAppTask          - Initializing UI
23:48:22.988 [FXGL Background Thread 1 ] DEBUG InitAppTask          - Initialization Complete
23:48:22.989 [FXGL Background Thread 1 ] INFO  InitAppTask          - Game initialization took: 0,127 sec
23:48:22.990 [JavaFX Application Thread] DEBUG Input                - Clearing active input actions
23:48:22.999 [JavaFX Application Thread] DEBUG Engine               - Removing overlay from LoadingScene and adding to GameScene
23:48:22.999 [JavaFX Application Thread] DEBUG MainWindow           - LoadingScene -> GameScene
23:48:25.018 [JavaFX Application Thread] DEBUG AssetLoader          - Loading from file system: /assets/textures/andras.jpg
23:48:25.578 [JavaFX Application Thread] DEBUG AssetLoader          - Loading from file system: /assets/sounds/baby.wav
23:48:25.900 [JavaFX Application Thread] DEBUG AssetLoader          - Loading from file system: /assets/textures/anders.jpg
23:48:26.361 [JavaFX Application Thread] DEBUG AssetLoader          - Loading from file system: /assets/sounds/ree.wav
23:48:26.826 [JavaFX Application Thread] DEBUG AssetLoader          - Loading from cache: /assets/textures/andras.jpg
23:48:27.289 [JavaFX Application Thread] DEBUG AssetLoader          - Loading from cache: /assets/sounds/baby.wav
23:48:28.667 [JavaFX Application Thread] DEBUG AssetLoader          - Loading from file system: /assets/textures/karsten.jpg
23:48:28.675 [JavaFX Application Thread] DEBUG AssetLoader          - Loading from cache: /assets/textures/anders.jpg
23:48:28.682 [JavaFX Application Thread] DEBUG AssetLoader          - Loading from cache: /assets/textures/andras.jpg
23:48:29.113 [JavaFX Application Thread] DEBUG AssetLoader          - Loading from cache: /assets/sounds/ree.wav
23:48:29.113 [JavaFX Application Thread] DEBUG AssetLoader          - Loading from cache: /assets/sounds/baby.wav
23:48:29.177 [JavaFX Application Thread] DEBUG AssetLoader          - Loading from file system: /assets/sounds/cyka.wav
23:48:30.489 [JavaFX Application Thread] DEBUG AssetLoader          - Loading from cache: /assets/textures/andras.jpg
23:48:30.921 [JavaFX Application Thread] DEBUG AssetLoader          - Loading from cache: /assets/sounds/baby.wav
23:48:31.353 [JavaFX Application Thread] DEBUG AssetLoader          - Loading from cache: /assets/textures/anders.jpg
23:48:31.865 [JavaFX Application Thread] DEBUG AssetLoader          - Loading from cache: /assets/sounds/ree.wav
23:48:32.363 [JavaFX Application Thread] DEBUG AssetLoader          - Loading from cache: /assets/textures/andras.jpg
23:48:32.826 [JavaFX Application Thread] DEBUG AssetLoader          - Loading from cache: /assets/sounds/baby.wav
23:48:34.138 [JavaFX Application Thread] DEBUG AssetLoader          - Loading from cache: /assets/textures/karsten.jpg
23:48:34.146 [JavaFX Application Thread] DEBUG AssetLoader          - Loading from cache: /assets/textures/anders.jpg
23:48:34.154 [JavaFX Application Thread] DEBUG AssetLoader          - Loading from cache: /assets/textures/andras.jpg
23:48:34.249 [JavaFX Application Thread] DEBUG AssetLoader          - Loading from cache: /assets/sounds/cyka.wav
23:48:34.633 [JavaFX Application Thread] DEBUG AssetLoader          - Loading from cache: /assets/sounds/ree.wav
23:48:34.841 [JavaFX Application Thread] DEBUG AssetLoader          - Loading from cache: /assets/sounds/baby.wav
23:48:36.027 [JavaFX Application Thread] DEBUG AssetLoader          - Loading from cache: /assets/textures/andras.jpg
23:48:36.489 [JavaFX Application Thread] DEBUG AssetLoader          - Loading from cache: /assets/sounds/baby.wav
23:48:36.923 [JavaFX Application Thread] DEBUG AssetLoader          - Loading from cache: /assets/textures/anders.jpg
23:48:37.353 [JavaFX Application Thread] DEBUG AssetLoader          - Loading from cache: /assets/sounds/ree.wav
23:48:37.835 [JavaFX Application Thread] DEBUG AssetLoader          - Loading from cache: /assets/textures/andras.jpg
23:48:38.297 [JavaFX Application Thread] DEBUG AssetLoader          - Loading from cache: /assets/sounds/baby.wav
23:48:39.612 [JavaFX Application Thread] DEBUG AssetLoader          - Loading from cache: /assets/textures/karsten.jpg
23:48:39.625 [JavaFX Application Thread] DEBUG AssetLoader          - Loading from cache: /assets/textures/anders.jpg
23:48:39.642 [JavaFX Application Thread] DEBUG AssetLoader          - Loading from cache: /assets/sounds/ree.wav
23:48:39.657 [JavaFX Application Thread] DEBUG AssetLoader          - Loading from cache: /assets/textures/andras.jpg
23:48:40.025 [JavaFX Application Thread] DEBUG AssetLoader          - Loading from cache: /assets/sounds/cyka.wav
23:48:40.057 [JavaFX Application Thread] DEBUG AssetLoader          - Loading from cache: /assets/sounds/baby.wav
23:48:41.482 [JavaFX Application Thread] DEBUG AssetLoader          - Loading from cache: /assets/textures/andras.jpg
23:48:41.674 [JavaFX Application Thread] DEBUG AssetLoader          - Loading from cache: /assets/sounds/baby.wav
23:48:42.153 [JavaFX Application Thread] DEBUG AssetLoader          - Loading from cache: /assets/textures/anders.jpg
23:48:42.585 [JavaFX Application Thread] DEBUG AssetLoader          - Loading from cache: /assets/sounds/ree.wav
23:48:43.083 [JavaFX Application Thread] DEBUG AssetLoader          - Loading from cache: /assets/textures/andras.jpg
23:48:43.545 [JavaFX Application Thread] DEBUG AssetLoader          - Loading from cache: /assets/sounds/baby.wav
23:48:44.905 [JavaFX Application Thread] DEBUG AssetLoader          - Loading from cache: /assets/textures/karsten.jpg
23:48:44.921 [JavaFX Application Thread] DEBUG AssetLoader          - Loading from cache: /assets/textures/anders.jpg
23:48:44.970 [JavaFX Application Thread] DEBUG AssetLoader          - Loading from cache: /assets/textures/andras.jpg
23:48:45.401 [JavaFX Application Thread] DEBUG AssetLoader          - Loading from cache: /assets/sounds/cyka.wav
23:48:45.833 [JavaFX Application Thread] DEBUG AssetLoader          - Loading from cache: /assets/sounds/baby.wav
23:48:45.833 [JavaFX Application Thread] DEBUG AssetLoader          - Loading from cache: /assets/sounds/ree.wav
23:48:46.890 [JavaFX Application Thread] DEBUG AssetLoader          - Loading from cache: /assets/textures/andras.jpg
23:48:47.369 [JavaFX Application Thread] DEBUG AssetLoader          - Loading from cache: /assets/sounds/baby.wav
23:48:47.731 [JavaFX Application Thread] DEBUG AssetLoader          - Loading from cache: /assets/textures/anders.jpg
23:48:48.282 [JavaFX Application Thread] DEBUG AssetLoader          - Loading from cache: /assets/sounds/ree.wav
23:48:48.778 [JavaFX Application Thread] DEBUG AssetLoader          - Loading from cache: /assets/textures/andras.jpg
23:48:49.401 [JavaFX Application Thread] DEBUG AssetLoader          - Loading from cache: /assets/sounds/baby.wav
23:48:50.521 [JavaFX Application Thread] DEBUG AssetLoader          - Loading from cache: /assets/textures/karsten.jpg
23:48:50.585 [JavaFX Application Thread] DEBUG AssetLoader          - Loading from cache: /assets/textures/anders.jpg
23:48:50.650 [JavaFX Application Thread] DEBUG AssetLoader          - Loading from cache: /assets/textures/andras.jpg
23:48:50.985 [JavaFX Application Thread] DEBUG AssetLoader          - Loading from cache: /assets/sounds/cyka.wav
23:48:51.482 [JavaFX Application Thread] DEBUG AssetLoader          - Loading from cache: /assets/sounds/ree.wav
23:48:51.737 [JavaFX Application Thread] DEBUG AssetLoader          - Loading from cache: /assets/sounds/baby.wav
23:48:52.444 [JavaFX Application Thread] DEBUG AssetLoader          - Loading from cache: /assets/textures/andras.jpg
23:48:52.857 [JavaFX Application Thread] DEBUG AssetLoader          - Loading from cache: /assets/sounds/baby.wav
23:48:53.322 [JavaFX Application Thread] DEBUG AssetLoader          - Loading from cache: /assets/textures/anders.jpg
23:48:53.833 [JavaFX Application Thread] DEBUG AssetLoader          - Loading from cache: /assets/sounds/ree.wav
23:48:54.297 [JavaFX Application Thread] DEBUG AssetLoader          - Loading from cache: /assets/textures/andras.jpg
23:48:54.761 [JavaFX Application Thread] DEBUG AssetLoader          - Loading from cache: /assets/sounds/baby.wav
23:48:56.025 [JavaFX Application Thread] DEBUG AssetLoader          - Loading from cache: /assets/textures/karsten.jpg
23:48:56.089 [JavaFX Application Thread] DEBUG AssetLoader          - Loading from cache: /assets/textures/anders.jpg
23:48:56.171 [JavaFX Application Thread] DEBUG AssetLoader          - Loading from cache: /assets/textures/andras.jpg
23:48:56.637 [JavaFX Application Thread] DEBUG AssetLoader          - Loading from cache: /assets/sounds/ree.wav
23:48:56.665 [JavaFX Application Thread] DEBUG AssetLoader          - Loading from cache: /assets/sounds/cyka.wav
23:48:56.988 [JavaFX Application Thread] DEBUG AssetLoader          - Loading from cache: /assets/sounds/baby.wav
23:48:56.990 [JavaFX Application Thread] DEBUG MainWindow           - Push state: DialogSubState
23:48:56.990 [JavaFX Application Thread] DEBUG Input                - Clearing active input actions
23:48:56.995 [JavaFX Application Thread] DEBUG Engine               - Removing overlay from GameScene and adding to DialogSubState
23:48:56.995 [JavaFX Application Thread] DEBUG MainWindow           - GameScene -> DialogSubState
23:48:56.995 [JavaFX Application Thread] DEBUG AssetLoader          - Loading from cache: /assets/music/BHT.mp3
23:48:56.995 [JavaFX Application Thread] DEBUG AudioPlayer          - Playing music com.almasb.fxgl.audio.Music@4380dde
23:48:56.995 [JavaFX Application Thread] DEBUG AudioPlayer          - Stopping music com.almasb.fxgl.audio.Music@4380dde
23:48:58.877 [JavaFX Application Thread] DEBUG MainWindow           - Pop state: DialogSubState
23:48:58.877 [JavaFX Application Thread] DEBUG Input                - Clearing active input actions
23:48:58.878 [JavaFX Application Thread] DEBUG Engine               - Removing overlay from DialogSubState and adding to GameScene
23:48:58.878 [JavaFX Application Thread] DEBUG MainWindow           - GameScene <- DialogSubState
23:48:58.878 [JavaFX Application Thread] DEBUG Input                - Clearing active input actions
23:48:58.883 [JavaFX Application Thread] DEBUG Engine               - Removing overlay from GameScene and adding to WhackMainMenu
23:48:58.884 [JavaFX Application Thread] DEBUG MainWindow           - GameScene -> WhackMainMenu
23:49:07.162 [JavaFX Application Thread] DEBUG Engine               - Exiting FXGL
23:49:07.162 [JavaFX Application Thread] DEBUG Engine               - Shutting down background threads
23:49:07.163 [JavaFX Application Thread] DEBUG Engine               - Saving FXGL system data
23:49:07.165 [JavaFX Application Thread] DEBUG FSServiceImpl        - Writing to: C:\Users\mikpe\IdeaProjects\Whack_A_Teacher\system\fxgl.bundle
23:49:07.170 [JavaFX Application Thread] DEBUG Engine               - Closing logger and exiting JavaFX
