11:31:22.977 [main                     ] DEBUG GameApplication      - Logger initialized
11:31:23.020 [main                     ] DEBUG GameApplication      - Logging settings
Title: Whack a teacher
Version: 1.0
Width: 1024
Height: 768
Fullscreen: false
Intro: false
Menus: true
Profiling: false
Single step:false
App Mode: DEVELOPER
Menu Key: ESCAPE
Stage Style: DECORATED
Scene Factory: class demo.WhackApp$1
Dialog Factory: class com.almasb.fxgl.ui.FXGLDialogFactory
UI Factory: class com.almasb.fxgl.ui.FXGLUIFactory

11:31:23.493 [JavaFX Application Thread] DEBUG Engine               - Initializing FXGL
11:31:23.494 [JavaFX Application Thread] INFO  Engine               - FXGL-11.7 (05.01.2020 09.46) on WINDOWS (J:11.0.5 FX:10.0.2-internal)
11:31:23.501 [JavaFX Application Thread] INFO  Engine               - Source code and latest versions at: https://github.com/AlmasB/FXGL
11:31:23.501 [JavaFX Application Thread] INFO  Engine               -              Join the FXGL chat at: https://gitter.im/AlmasB/FXGL
11:31:23.502 [JavaFX Application Thread] DEBUG Engine               - Initializing environment variables
11:31:23.505 [JavaFX Application Thread] DEBUG Engine               - Logging environment variables
11:31:23.506 [JavaFX Application Thread] DEBUG Engine               - achievements: []
11:31:23.506 [JavaFX Application Thread] DEBUG Engine               - sceneStack: com.almasb.fxgl.app.Engine@60dab63b
11:31:23.506 [JavaFX Application Thread] DEBUG Engine               - language: ObjectProperty [value: ENGLISH]
11:31:23.507 [JavaFX Application Thread] DEBUG Engine               - isCloseConfirmation: false
11:31:23.507 [JavaFX Application Thread] DEBUG Engine               - isProfilingEnabled: false
11:31:23.507 [JavaFX Application Thread] DEBUG Engine               - soundNotification: core/notification.wav
11:31:23.508 [JavaFX Application Thread] DEBUG Engine               - devShowBBoxProperty: BooleanProperty [value: false]
11:31:23.510 [JavaFX Application Thread] DEBUG Engine               - pixelsPerMeter: 50.0
11:31:23.511 [JavaFX Application Thread] DEBUG Engine               - overlayRoot: Group@6e1e7790
11:31:23.511 [JavaFX Application Thread] DEBUG Engine               - soundMenuBack: menu/back.wav
11:31:23.512 [JavaFX Application Thread] DEBUG Engine               - appIcon: fxgl_icon.png
11:31:23.512 [JavaFX Application Thread] DEBUG Engine               - isFullScreenAllowed: false
11:31:23.513 [JavaFX Application Thread] DEBUG Engine               - isIntroEnabled: false
11:31:23.513 [JavaFX Application Thread] DEBUG Engine               - eventBus: com.almasb.fxgl.event.EventBus@2d2343ad
11:31:23.513 [JavaFX Application Thread] DEBUG Engine               - fontMono: lucida_console.ttf
11:31:23.514 [JavaFX Application Thread] DEBUG Engine               - soundMenuSelect: menu/select.wav
11:31:23.514 [JavaFX Application Thread] DEBUG Engine               - isWindows: true
11:31:23.514 [JavaFX Application Thread] DEBUG Engine               - isMobile: false
11:31:23.515 [JavaFX Application Thread] DEBUG Engine               - height: 768
11:31:23.515 [JavaFX Application Thread] DEBUG Engine               - isExperimentalNative: false
11:31:23.516 [JavaFX Application Thread] DEBUG Engine               - isSingleStep: false
11:31:23.516 [JavaFX Application Thread] DEBUG Engine               - cSSList: [fxgl_dark.css]
11:31:23.517 [JavaFX Application Thread] DEBUG Engine               - fontGame: Abel-Regular.ttf
11:31:23.517 [JavaFX Application Thread] DEBUG Engine               - menuKey: ESCAPE
11:31:23.517 [JavaFX Application Thread] DEBUG Engine               - devShowPositionProperty: BooleanProperty [value: false]
11:31:23.517 [JavaFX Application Thread] DEBUG Engine               - versionCheckDays: 7
11:31:23.518 [JavaFX Application Thread] DEBUG Engine               - masterTimer: com.almasb.fxgl.time.Timer@187d535c
11:31:23.518 [JavaFX Application Thread] DEBUG Engine               - configClass: Optional.empty
11:31:23.518 [JavaFX Application Thread] DEBUG Engine               - isFullScreenFromStart: false
11:31:23.519 [JavaFX Application Thread] DEBUG Engine               - version: 1.0
11:31:23.519 [JavaFX Application Thread] DEBUG Engine               - fullScreen: BooleanProperty [value: false]
11:31:23.519 [JavaFX Application Thread] DEBUG Engine               - randomSeed: -1
11:31:23.520 [JavaFX Application Thread] DEBUG Engine               - dialogFactory: com.almasb.fxgl.ui.FXGLDialogFactory@5260d158
11:31:23.520 [JavaFX Application Thread] DEBUG Engine               - applicationMode: DEVELOPER
11:31:23.520 [JavaFX Application Thread] DEBUG Engine               - isMac: false
11:31:23.520 [JavaFX Application Thread] DEBUG Engine               - urlGoogleForms: https://goo.gl/forms/6wrMnOBxTE1fEpOy2
11:31:23.521 [JavaFX Application Thread] DEBUG Engine               - isMenuEnabled: true
11:31:23.521 [JavaFX Application Thread] DEBUG Engine               - urlPOM: https://raw.githubusercontent.com/AlmasB/FXGL/master/pom.xml
11:31:23.521 [JavaFX Application Thread] DEBUG Engine               - profileName: user.profile
11:31:23.522 [JavaFX Application Thread] DEBUG Engine               - devSensorColorProperty: ObjectProperty [value: 0xffff00ff]
11:31:23.522 [JavaFX Application Thread] DEBUG Engine               - notificationViewClass: class com.almasb.fxgl.notification.view.XboxNotificationView
11:31:23.523 [JavaFX Application Thread] DEBUG Engine               - sceneFactory: demo.WhackApp$1@4fdf8e73
11:31:23.523 [JavaFX Application Thread] DEBUG Engine               - dataFileExt: .dat
11:31:23.523 [JavaFX Application Thread] DEBUG Engine               - stageStyle: DECORATED
11:31:23.523 [JavaFX Application Thread] DEBUG Engine               - isManualResizeEnabled: false
11:31:23.524 [JavaFX Application Thread] DEBUG Engine               - title: Whack a teacher
11:31:23.524 [JavaFX Application Thread] DEBUG Engine               - platform: WINDOWS
11:31:23.525 [JavaFX Application Thread] DEBUG Engine               - devBBoxColorProperty: ObjectProperty [value: 0xff0000ff]
11:31:23.525 [JavaFX Application Thread] DEBUG Engine               - isDesktop: true
11:31:23.525 [JavaFX Application Thread] DEBUG Engine               - credits: []
11:31:23.525 [JavaFX Application Thread] DEBUG Engine               - globalMusicVolumeProperty: DoubleProperty [value: 0.5]
11:31:23.526 [JavaFX Application Thread] DEBUG Engine               - isPreserveResizeRatio: false
11:31:23.526 [JavaFX Application Thread] DEBUG Engine               - uIFactory: com.almasb.fxgl.ui.FXGLUIFactory@7856920e
11:31:23.526 [JavaFX Application Thread] DEBUG Engine               - fontText: Courier-Prime.ttf
11:31:23.527 [JavaFX Application Thread] DEBUG Engine               - isExperimentalTiledLargeMap: false
11:31:23.527 [JavaFX Application Thread] DEBUG Engine               - secondsIn24h: 60
11:31:23.527 [JavaFX Application Thread] DEBUG Engine               - runtimeInfo: RuntimeInfo(platform=WINDOWS, version=11.7, build=05.01.2020 09.46)
11:31:23.527 [JavaFX Application Thread] DEBUG Engine               - isLinux: false
11:31:23.528 [JavaFX Application Thread] DEBUG Engine               - soundMenuPress: menu/press.wav
11:31:23.528 [JavaFX Application Thread] DEBUG Engine               - urlGithub: https://github.com/AlmasB/FXGL
11:31:23.528 [JavaFX Application Thread] DEBUG Engine               - profileDir: profiles/
11:31:23.528 [JavaFX Application Thread] DEBUG Engine               - isDeveloperMenuEnabled: false
11:31:23.528 [JavaFX Application Thread] DEBUG Engine               - globalSoundVolumeProperty: DoubleProperty [value: 0.5]
11:31:23.529 [JavaFX Application Thread] DEBUG Engine               - isBrowser: false
11:31:23.529 [JavaFX Application Thread] DEBUG Engine               - urlLeaderboard: http://fxgl-top.herokuapp.com/
11:31:23.529 [JavaFX Application Thread] DEBUG Engine               - globalSoundVolume: 0.5
11:31:23.529 [JavaFX Application Thread] DEBUG Engine               - saveDir: saves/
11:31:23.529 [JavaFX Application Thread] DEBUG Engine               - engineServices: [class com.almasb.fxgl.audio.AudioPlayer, class com.almasb.fxgl.notification.impl.NotificationServiceProvider, class com.almasb.fxgl.achievement.AchievementManager, class com.almasb.fxgl.cutscene.CutsceneService, class com.almasb.fxgl.minigames.MiniGameService]
11:31:23.530 [JavaFX Application Thread] DEBUG Engine               - globalMusicVolume: 0.5
11:31:23.530 [JavaFX Application Thread] DEBUG Engine               - width: 1024
11:31:23.530 [JavaFX Application Thread] DEBUG Engine               - saveFileExt: .sav
11:31:23.530 [JavaFX Application Thread] DEBUG Engine               - isAndroid: false
11:31:23.531 [JavaFX Application Thread] DEBUG Engine               - fontUI: VarelaRound-Regular.ttf
11:31:23.531 [JavaFX Application Thread] DEBUG Engine               - isIOS: false
11:31:23.531 [JavaFX Application Thread] DEBUG Engine               - enabledMenuItems: []
11:31:23.536 [JavaFX Application Thread] DEBUG Engine               - Adding new engine service: class com.almasb.fxgl.audio.AudioPlayer
11:31:23.538 [JavaFX Application Thread] DEBUG Engine               - Adding new engine service: class com.almasb.fxgl.notification.impl.NotificationServiceProvider
11:31:23.539 [JavaFX Application Thread] DEBUG Engine               - Adding new engine service: class com.almasb.fxgl.achievement.AchievementManager
11:31:23.541 [JavaFX Application Thread] DEBUG Engine               - Adding new engine service: class com.almasb.fxgl.cutscene.CutsceneService
11:31:23.541 [JavaFX Application Thread] DEBUG Engine               - Adding new engine service: class com.almasb.fxgl.minigames.MiniGameService
11:31:23.547 [JavaFX Application Thread] DEBUG Engine               - Loading localizations
11:31:23.552 [JavaFX Application Thread] DEBUG AssetLoader          - Loading from file system: /assets/properties/languages/english.properties
11:31:23.561 [JavaFX Application Thread] DEBUG AssetLoader          - Loading from file system: /assets/properties/languages/french.properties
11:31:23.565 [JavaFX Application Thread] DEBUG AssetLoader          - Loading from file system: /assets/properties/languages/german.properties
11:31:23.569 [JavaFX Application Thread] DEBUG AssetLoader          - Loading from file system: /assets/properties/languages/russian.properties
11:31:23.573 [JavaFX Application Thread] DEBUG AssetLoader          - Loading from file system: /assets/properties/languages/hungarian.properties
11:31:23.578 [JavaFX Application Thread] DEBUG Engine               - Registering font factories
11:31:23.579 [JavaFX Application Thread] DEBUG AssetLoader          - Loading from file system: /assets/ui/fonts/VarelaRound-Regular.ttf
11:31:24.093 [JavaFX Application Thread] DEBUG AssetLoader          - Loading from file system: /assets/ui/fonts/Abel-Regular.ttf
11:31:24.109 [JavaFX Application Thread] DEBUG AssetLoader          - Loading from file system: /assets/ui/fonts/lucida_console.ttf
11:31:24.129 [JavaFX Application Thread] DEBUG AssetLoader          - Loading from file system: /assets/ui/fonts/Courier-Prime.ttf
11:31:24.146 [JavaFX Application Thread] DEBUG Engine               - Setting UI factory
11:31:24.276 [JavaFX Application Thread] DEBUG AssetLoader          - Loading from file system: /assets/textures/fxgl_logo.png
11:31:24.391 [JavaFX Application Thread] DEBUG MainWindow           - Creating a JavaFX scene
11:31:24.460 [JavaFX Application Thread] DEBUG MainWindow           - Target settings size: 1024.0 x 768.0
11:31:24.462 [JavaFX Application Thread] DEBUG MainWindow           - Scaled scene size:    1024.0 x 768.0
11:31:24.462 [JavaFX Application Thread] DEBUG MainWindow           - Scaled ratio: (1.0, 1.0)
11:31:24.464 [JavaFX Application Thread] DEBUG MainWindow           - Set initial scene to FXGLStartupScene
11:31:24.481 [JavaFX Application Thread] DEBUG AssetLoader          - Loading from file system: /assets/textures/fxgl_icon.png
11:31:24.510 [JavaFX Application Thread] DEBUG Engine               - Applying CSS: fxgl_dark.css
11:31:24.510 [JavaFX Application Thread] DEBUG AssetLoader          - Loading from file system: /assets/ui/css/fxgl_dark.css
11:31:24.515 [JavaFX Application Thread] DEBUG AssetLoader          - Loading from file system: /assets/ui/cursors/fxgl_default.png
11:31:24.519 [JavaFX Application Thread] DEBUG MainWindow           - Opening main window
11:31:24.770 [JavaFX Application Thread] DEBUG MainWindow           - Window border size: (14.4000244140625, 37.5999755859375)
11:31:24.770 [JavaFX Application Thread] DEBUG MainWindow           - Scaled size: 1024.0 x 768.0
11:31:24.771 [JavaFX Application Thread] DEBUG MainWindow           - Scaled ratio: (1.0, 1.0)
11:31:24.771 [JavaFX Application Thread] DEBUG MainWindow           - Scene size: 1024.0 x 768.0
11:31:24.771 [JavaFX Application Thread] DEBUG MainWindow           - Stage size: 1038.4000244140625 x 805.5999755859375
11:31:24.789 [FXGL Background Thread 1 ] DEBUG FS                   - Loaded FSServiceImpl
11:31:24.789 [FXGL Background Thread 1 ] DEBUG Engine               - Loading FXGL system data
11:31:24.799 [FXGL Background Thread 1 ] DEBUG FSServiceImpl        - Reading from: C:\Users\mikpe\IdeaProjects\Whack_A_Teacher\system\fxgl.bundle
11:31:24.818 [FXGL Background Thread 1 ] DEBUG Engine               - Bundle FXGL: {}
11:31:24.819 [FXGL Background Thread 1 ] DEBUG Engine               - Initializing application scenes
11:31:24.866 [FXGL Background Thread 1 ] DEBUG GameWorld            - Game world initialized
11:31:24.968 [FXGL Background Thread 1 ] DEBUG PhysicsWorld         - Physics world initialized: appHeight=768, physics.ppm=50,0
11:31:24.971 [FXGL Background Thread 1 ] DEBUG GameScene            - Game scene initialized: 1024x768
11:31:25.021 [FXGL Background Thread 1 ] DEBUG AssetLoader          - Loading from file system: /assets/textures/background.png
11:31:25.071 [FXGL Background Thread 1 ] DEBUG AssetLoader          - Loading from cache: /assets/textures/background.png
11:31:25.076 [FXGL Background Thread 1 ] DEBUG Engine               - Application scenes initialized
11:31:25.082 [JavaFX Application Thread] DEBUG Engine               - Running preInit()
11:31:25.100 [JavaFX Application Thread] DEBUG Input                - Registered new binding: Screenshot - P
11:31:25.100 [JavaFX Application Thread] DEBUG Input                - Registered new binding: System info dump - CTRL+9
11:31:25.101 [JavaFX Application Thread] DEBUG Input                - Registered new binding: Restart - CTRL+R
11:31:25.101 [JavaFX Application Thread] DEBUG Engine               - generateDefaultProfile()
11:31:25.101 [JavaFX Application Thread] DEBUG Engine               - Creating default profile
11:31:25.101 [JavaFX Application Thread] DEBUG EventBus             - Firing event: SaveEvent
11:31:25.126 [JavaFX Application Thread] INFO  Engine               - FXGL initialization took: 1,578 sec
11:31:25.126 [JavaFX Application Thread] DEBUG LoopRunner           - Starting loop
11:31:25.143 [JavaFX Application Thread] DEBUG FXGLStartupScene     - STARTUP
11:31:25.143 [JavaFX Application Thread] DEBUG Input                - Clearing active input actions
11:31:25.166 [JavaFX Application Thread] DEBUG Engine               - Removing overlay from FXGLStartupScene and adding to WhackMainMenu
11:31:25.166 [JavaFX Application Thread] DEBUG MainWindow           - FXGLStartupScene -> WhackMainMenu
11:31:27.461 [JavaFX Application Thread] DEBUG Menu                 - fireNewGame()
11:31:27.461 [JavaFX Application Thread] DEBUG Engine               - Starting new game
11:31:27.476 [JavaFX Application Thread] DEBUG Input                - Clearing active input actions
11:31:27.477 [FXGL Background Thread 1 ] DEBUG InitAppTask          - Clearing previous game
11:31:27.478 [FXGL Background Thread 1 ] DEBUG GameWorld            - Clearing game world
11:31:27.478 [FXGL Background Thread 1 ] DEBUG PhysicsWorld         - Clearing physics world
11:31:27.478 [FXGL Background Thread 1 ] DEBUG GameScene            - Clearing game scene
11:31:27.479 [FXGL Background Thread 1 ] DEBUG InitAppTask          - Initializing Game
11:31:27.512 [FXGL Background Thread 1 ] DEBUG AssetLoader          - Loading from cache: /assets/textures/background.png
11:31:27.516 [JavaFX Application Thread] DEBUG Engine               - Removing overlay from WhackMainMenu and adding to LoadingScene
11:31:27.517 [JavaFX Application Thread] DEBUG MainWindow           - WhackMainMenu -> LoadingScene
11:31:27.530 [FXGL Background Thread 1 ] DEBUG AssetLoader          - Loading from file system: /assets/textures/hammer3.jpg
11:31:27.568 [FXGL Background Thread 1 ] DEBUG AssetLoader          - Loading from file system: /assets/music/BHT.mp3
11:31:27.754 [FXGL Background Thread 1 ] DEBUG AudioPlayer          - Playing music com.almasb.fxgl.audio.Music@74812083
11:31:27.756 [FXGL Background Thread 1 ] DEBUG InitAppTask          - Initializing Physics
11:31:27.759 [FXGL Background Thread 1 ] DEBUG InitAppTask          - Initializing UI
11:31:27.762 [FXGL Background Thread 1 ] DEBUG InitAppTask          - Initialization Complete
11:31:27.763 [FXGL Background Thread 1 ] INFO  InitAppTask          - Game initialization took: 0,286 sec
11:31:27.766 [JavaFX Application Thread] DEBUG Input                - Clearing active input actions
11:31:27.784 [JavaFX Application Thread] DEBUG Engine               - Removing overlay from LoadingScene and adding to GameScene
11:31:27.784 [JavaFX Application Thread] DEBUG MainWindow           - LoadingScene -> GameScene
11:31:29.751 [JavaFX Application Thread] DEBUG AssetLoader          - Loading from file system: /assets/textures/andras.jpg
11:31:30.467 [JavaFX Application Thread] DEBUG AssetLoader          - Loading from file system: /assets/sounds/baby.wav
11:31:30.960 [JavaFX Application Thread] DEBUG AssetLoader          - Loading from file system: /assets/textures/anders.jpg
11:31:31.566 [JavaFX Application Thread] DEBUG AssetLoader          - Loading from file system: /assets/sounds/ree.wav
11:31:31.759 [JavaFX Application Thread] DEBUG AssetLoader          - Loading from cache: /assets/textures/andras.jpg
11:31:32.301 [JavaFX Application Thread] DEBUG AssetLoader          - Loading from cache: /assets/sounds/baby.wav
11:31:33.646 [JavaFX Application Thread] DEBUG AssetLoader          - Loading from cache: /assets/textures/anders.jpg
11:31:33.650 [JavaFX Application Thread] DEBUG AssetLoader          - Loading from cache: /assets/textures/andras.jpg
11:31:33.653 [JavaFX Application Thread] DEBUG AssetLoader          - Loading from file system: /assets/textures/karsten.jpg
11:31:34.174 [JavaFX Application Thread] DEBUG AssetLoader          - Loading from cache: /assets/sounds/baby.wav
11:31:34.621 [JavaFX Application Thread] DEBUG AssetLoader          - Loading from file system: /assets/sounds/cyka.wav
11:31:35.118 [JavaFX Application Thread] DEBUG AssetLoader          - Loading from cache: /assets/sounds/ree.wav
11:31:35.695 [JavaFX Application Thread] DEBUG AssetLoader          - Loading from cache: /assets/textures/andras.jpg
11:31:36.365 [JavaFX Application Thread] DEBUG AssetLoader          - Loading from cache: /assets/sounds/baby.wav
11:31:36.664 [JavaFX Application Thread] DEBUG AssetLoader          - Loading from cache: /assets/textures/anders.jpg
11:31:36.846 [JavaFX Application Thread] DEBUG AssetLoader          - Loading from cache: /assets/sounds/ree.wav
11:31:37.511 [JavaFX Application Thread] DEBUG AssetLoader          - Loading from cache: /assets/textures/andras.jpg
11:31:38.043 [JavaFX Application Thread] DEBUG AssetLoader          - Loading from cache: /assets/sounds/baby.wav
11:31:39.436 [JavaFX Application Thread] DEBUG AssetLoader          - Loading from cache: /assets/textures/anders.jpg
11:31:39.439 [JavaFX Application Thread] DEBUG AssetLoader          - Loading from cache: /assets/textures/karsten.jpg
11:31:39.442 [JavaFX Application Thread] DEBUG AssetLoader          - Loading from cache: /assets/textures/andras.jpg
11:31:39.981 [JavaFX Application Thread] DEBUG AssetLoader          - Loading from cache: /assets/sounds/cyka.wav
11:31:40.558 [JavaFX Application Thread] DEBUG AssetLoader          - Loading from cache: /assets/sounds/ree.wav
11:31:40.973 [JavaFX Application Thread] DEBUG AssetLoader          - Loading from cache: /assets/sounds/baby.wav
11:31:41.379 [JavaFX Application Thread] DEBUG AssetLoader          - Loading from cache: /assets/textures/andras.jpg
11:31:41.998 [JavaFX Application Thread] DEBUG AssetLoader          - Loading from cache: /assets/sounds/baby.wav
11:31:42.349 [JavaFX Application Thread] DEBUG AssetLoader          - Loading from cache: /assets/textures/anders.jpg
11:31:42.894 [JavaFX Application Thread] DEBUG AssetLoader          - Loading from cache: /assets/sounds/ree.wav
11:31:43.357 [JavaFX Application Thread] DEBUG AssetLoader          - Loading from cache: /assets/textures/andras.jpg
11:31:43.853 [JavaFX Application Thread] DEBUG AssetLoader          - Loading from cache: /assets/sounds/baby.wav
11:31:45.215 [JavaFX Application Thread] DEBUG AssetLoader          - Loading from cache: /assets/textures/karsten.jpg
11:31:45.225 [JavaFX Application Thread] DEBUG AssetLoader          - Loading from cache: /assets/textures/anders.jpg
11:31:45.244 [JavaFX Application Thread] DEBUG AssetLoader          - Loading from cache: /assets/textures/andras.jpg
11:31:45.727 [JavaFX Application Thread] DEBUG AssetLoader          - Loading from cache: /assets/sounds/baby.wav
11:31:45.998 [JavaFX Application Thread] DEBUG AssetLoader          - Loading from cache: /assets/sounds/ree.wav
11:31:46.460 [JavaFX Application Thread] DEBUG AssetLoader          - Loading from cache: /assets/sounds/cyka.wav
11:31:47.119 [JavaFX Application Thread] DEBUG AssetLoader          - Loading from cache: /assets/textures/andras.jpg
11:31:47.725 [JavaFX Application Thread] DEBUG AssetLoader          - Loading from cache: /assets/sounds/baby.wav
11:31:48.095 [JavaFX Application Thread] DEBUG AssetLoader          - Loading from cache: /assets/textures/anders.jpg
11:31:48.589 [JavaFX Application Thread] DEBUG AssetLoader          - Loading from cache: /assets/sounds/ree.wav
11:31:48.988 [JavaFX Application Thread] DEBUG AssetLoader          - Loading from cache: /assets/textures/andras.jpg
11:31:49.295 [JavaFX Application Thread] DEBUG AssetLoader          - Loading from cache: /assets/sounds/baby.wav
11:31:50.670 [JavaFX Application Thread] DEBUG AssetLoader          - Loading from cache: /assets/textures/karsten.jpg
11:31:50.702 [JavaFX Application Thread] DEBUG AssetLoader          - Loading from cache: /assets/textures/anders.jpg
11:31:50.734 [JavaFX Application Thread] DEBUG AssetLoader          - Loading from cache: /assets/textures/andras.jpg
11:31:51.213 [JavaFX Application Thread] DEBUG AssetLoader          - Loading from cache: /assets/sounds/cyka.wav
11:31:51.469 [JavaFX Application Thread] DEBUG AssetLoader          - Loading from cache: /assets/sounds/baby.wav
11:31:51.757 [JavaFX Application Thread] DEBUG AssetLoader          - Loading from cache: /assets/sounds/ree.wav
11:31:52.478 [JavaFX Application Thread] DEBUG AssetLoader          - Loading from cache: /assets/textures/andras.jpg
11:31:53.006 [JavaFX Application Thread] DEBUG AssetLoader          - Loading from cache: /assets/sounds/baby.wav
11:31:53.295 [JavaFX Application Thread] DEBUG AssetLoader          - Loading from cache: /assets/textures/anders.jpg
11:31:53.806 [JavaFX Application Thread] DEBUG AssetLoader          - Loading from cache: /assets/sounds/ree.wav
11:31:54.291 [JavaFX Application Thread] DEBUG AssetLoader          - Loading from cache: /assets/textures/andras.jpg
11:31:54.894 [JavaFX Application Thread] DEBUG AssetLoader          - Loading from cache: /assets/sounds/baby.wav
11:31:56.063 [JavaFX Application Thread] DEBUG AssetLoader          - Loading from cache: /assets/textures/karsten.jpg
11:31:56.125 [JavaFX Application Thread] DEBUG AssetLoader          - Loading from cache: /assets/textures/anders.jpg
11:31:56.174 [JavaFX Application Thread] DEBUG AssetLoader          - Loading from cache: /assets/textures/andras.jpg
11:31:56.541 [JavaFX Application Thread] DEBUG AssetLoader          - Loading from cache: /assets/sounds/cyka.wav
11:31:56.928 [JavaFX Application Thread] DEBUG AssetLoader          - Loading from cache: /assets/sounds/ree.wav
11:31:57.150 [JavaFX Application Thread] DEBUG AssetLoader          - Loading from cache: /assets/sounds/baby.wav
11:31:58.143 [JavaFX Application Thread] DEBUG AssetLoader          - Loading from cache: /assets/textures/andras.jpg
11:31:58.702 [JavaFX Application Thread] DEBUG AssetLoader          - Loading from cache: /assets/sounds/baby.wav
11:31:59.006 [JavaFX Application Thread] DEBUG AssetLoader          - Loading from cache: /assets/textures/anders.jpg
11:31:59.487 [JavaFX Application Thread] DEBUG AssetLoader          - Loading from cache: /assets/sounds/ree.wav
11:31:59.998 [JavaFX Application Thread] DEBUG AssetLoader          - Loading from cache: /assets/textures/andras.jpg
11:32:00.477 [JavaFX Application Thread] DEBUG AssetLoader          - Loading from cache: /assets/sounds/baby.wav
11:32:01.695 [JavaFX Application Thread] DEBUG AssetLoader          - Loading from cache: /assets/textures/karsten.jpg
11:32:01.743 [JavaFX Application Thread] DEBUG AssetLoader          - Loading from cache: /assets/textures/anders.jpg
11:32:01.758 [JavaFX Application Thread] DEBUG AssetLoader          - Loading from cache: /assets/sounds/cyka.wav
11:32:01.807 [JavaFX Application Thread] DEBUG AssetLoader          - Loading from cache: /assets/textures/andras.jpg
11:32:02.254 [JavaFX Application Thread] DEBUG AssetLoader          - Loading from cache: /assets/sounds/ree.wav
11:32:02.429 [JavaFX Application Thread] DEBUG AssetLoader          - Loading from cache: /assets/sounds/baby.wav
11:32:02.463 [JavaFX Application Thread] DEBUG MainWindow           - Push state: DialogSubState
11:32:02.464 [JavaFX Application Thread] DEBUG Input                - Clearing active input actions
11:32:02.491 [JavaFX Application Thread] DEBUG Engine               - Removing overlay from GameScene and adding to DialogSubState
11:32:02.491 [JavaFX Application Thread] DEBUG MainWindow           - GameScene -> DialogSubState
11:32:02.493 [JavaFX Application Thread] DEBUG AssetLoader          - Loading from cache: /assets/music/BHT.mp3
11:32:02.493 [JavaFX Application Thread] DEBUG AudioPlayer          - Playing music com.almasb.fxgl.audio.Music@74812083
11:32:02.493 [JavaFX Application Thread] DEBUG AudioPlayer          - Stopping music com.almasb.fxgl.audio.Music@74812083
11:32:04.818 [JavaFX Application Thread] DEBUG MainWindow           - Pop state: DialogSubState
11:32:04.818 [JavaFX Application Thread] DEBUG Input                - Clearing active input actions
11:32:04.820 [JavaFX Application Thread] DEBUG Engine               - Removing overlay from DialogSubState and adding to GameScene
11:32:04.820 [JavaFX Application Thread] DEBUG MainWindow           - GameScene <- DialogSubState
11:32:04.820 [JavaFX Application Thread] DEBUG Input                - Clearing active input actions
11:32:04.834 [JavaFX Application Thread] DEBUG Engine               - Removing overlay from GameScene and adding to WhackMainMenu
11:32:04.835 [JavaFX Application Thread] DEBUG MainWindow           - GameScene -> WhackMainMenu
12:09:13.134 [JavaFX Application Thread] DEBUG Engine               - Exiting FXGL
12:09:13.134 [JavaFX Application Thread] DEBUG Engine               - Shutting down background threads
12:09:13.135 [JavaFX Application Thread] DEBUG Engine               - Saving FXGL system data
12:09:13.144 [JavaFX Application Thread] DEBUG FSServiceImpl        - Writing to: C:\Users\mikpe\IdeaProjects\Whack_A_Teacher\system\fxgl.bundle
12:09:13.154 [JavaFX Application Thread] DEBUG Engine               - Closing logger and exiting JavaFX
