11:09:04.647 [main                     ] DEBUG GameApplication      - Logger initialized
11:09:04.678 [main                     ] DEBUG GameApplication      - Logging settings
Title: Whack a teacher
Version: 1.0
Width: 1024
Height: 768
Fullscreen: false
Intro: false
Menus: false
Profiling: false
Single step:false
App Mode: DEVELOPER
Menu Key: ESCAPE
Stage Style: DECORATED
Scene Factory: class com.almasb.fxgl.app.SceneFactory
Dialog Factory: class com.almasb.fxgl.ui.FXGLDialogFactory
UI Factory: class com.almasb.fxgl.ui.FXGLUIFactory

11:09:04.949 [JavaFX Application Thread] DEBUG Engine               - Initializing FXGL
11:09:04.949 [JavaFX Application Thread] INFO  Engine               - FXGL-11.7 (05.01.2020 09.46) on WINDOWS (J:11.0.4 FX:10.0.2-internal)
11:09:04.950 [JavaFX Application Thread] INFO  Engine               - Source code and latest versions at: https://github.com/AlmasB/FXGL
11:09:04.950 [JavaFX Application Thread] INFO  Engine               -              Join the FXGL chat at: https://gitter.im/AlmasB/FXGL
11:09:04.950 [JavaFX Application Thread] DEBUG Engine               - Initializing environment variables
11:09:04.955 [JavaFX Application Thread] DEBUG Engine               - Logging environment variables
11:09:04.956 [JavaFX Application Thread] DEBUG Engine               - achievements: []
11:09:04.956 [JavaFX Application Thread] DEBUG Engine               - sceneStack: com.almasb.fxgl.app.Engine@64f414a3
11:09:04.956 [JavaFX Application Thread] DEBUG Engine               - language: ObjectProperty [value: ENGLISH]
11:09:04.957 [JavaFX Application Thread] DEBUG Engine               - isCloseConfirmation: false
11:09:04.957 [JavaFX Application Thread] DEBUG Engine               - isProfilingEnabled: false
11:09:04.957 [JavaFX Application Thread] DEBUG Engine               - soundNotification: core/notification.wav
11:09:04.957 [JavaFX Application Thread] DEBUG Engine               - devShowBBoxProperty: BooleanProperty [value: false]
11:09:04.958 [JavaFX Application Thread] DEBUG Engine               - pixelsPerMeter: 50.0
11:09:04.959 [JavaFX Application Thread] DEBUG Engine               - overlayRoot: Group@1f2ada00
11:09:04.959 [JavaFX Application Thread] DEBUG Engine               - soundMenuBack: menu/back.wav
11:09:04.959 [JavaFX Application Thread] DEBUG Engine               - appIcon: fxgl_icon.png
11:09:04.959 [JavaFX Application Thread] DEBUG Engine               - isFullScreenAllowed: false
11:09:04.959 [JavaFX Application Thread] DEBUG Engine               - isIntroEnabled: false
11:09:04.959 [JavaFX Application Thread] DEBUG Engine               - eventBus: com.almasb.fxgl.event.EventBus@40cbdcb1
11:09:04.959 [JavaFX Application Thread] DEBUG Engine               - fontMono: lucida_console.ttf
11:09:04.959 [JavaFX Application Thread] DEBUG Engine               - soundMenuSelect: menu/select.wav
11:09:04.959 [JavaFX Application Thread] DEBUG Engine               - isWindows: true
11:09:04.960 [JavaFX Application Thread] DEBUG Engine               - isMobile: false
11:09:04.960 [JavaFX Application Thread] DEBUG Engine               - height: 768
11:09:04.960 [JavaFX Application Thread] DEBUG Engine               - isExperimentalNative: false
11:09:04.960 [JavaFX Application Thread] DEBUG Engine               - isSingleStep: false
11:09:04.960 [JavaFX Application Thread] DEBUG Engine               - cSSList: [fxgl_dark.css]
11:09:04.960 [JavaFX Application Thread] DEBUG Engine               - fontGame: Abel-Regular.ttf
11:09:04.960 [JavaFX Application Thread] DEBUG Engine               - menuKey: ESCAPE
11:09:04.960 [JavaFX Application Thread] DEBUG Engine               - devShowPositionProperty: BooleanProperty [value: false]
11:09:04.960 [JavaFX Application Thread] DEBUG Engine               - versionCheckDays: 7
11:09:04.961 [JavaFX Application Thread] DEBUG Engine               - masterTimer: com.almasb.fxgl.time.Timer@4de9907
11:09:04.961 [JavaFX Application Thread] DEBUG Engine               - configClass: Optional.empty
11:09:04.961 [JavaFX Application Thread] DEBUG Engine               - isFullScreenFromStart: false
11:09:04.961 [JavaFX Application Thread] DEBUG Engine               - version: 1.0
11:09:04.961 [JavaFX Application Thread] DEBUG Engine               - fullScreen: BooleanProperty [value: false]
11:09:04.961 [JavaFX Application Thread] DEBUG Engine               - randomSeed: -1
11:09:04.961 [JavaFX Application Thread] DEBUG Engine               - dialogFactory: com.almasb.fxgl.ui.FXGLDialogFactory@75510745
11:09:04.961 [JavaFX Application Thread] DEBUG Engine               - applicationMode: DEVELOPER
11:09:04.961 [JavaFX Application Thread] DEBUG Engine               - isMac: false
11:09:04.961 [JavaFX Application Thread] DEBUG Engine               - urlGoogleForms: https://goo.gl/forms/6wrMnOBxTE1fEpOy2
11:09:04.961 [JavaFX Application Thread] DEBUG Engine               - isMenuEnabled: false
11:09:04.962 [JavaFX Application Thread] DEBUG Engine               - profileName: user.profile
11:09:04.962 [JavaFX Application Thread] DEBUG Engine               - urlPOM: https://raw.githubusercontent.com/AlmasB/FXGL/master/pom.xml
11:09:04.962 [JavaFX Application Thread] DEBUG Engine               - notificationViewClass: class com.almasb.fxgl.notification.view.XboxNotificationView
11:09:04.962 [JavaFX Application Thread] DEBUG Engine               - devSensorColorProperty: ObjectProperty [value: 0xffff00ff]
11:09:04.962 [JavaFX Application Thread] DEBUG Engine               - sceneFactory: com.almasb.fxgl.app.SceneFactory@3ce23935
11:09:04.962 [JavaFX Application Thread] DEBUG Engine               - dataFileExt: .dat
11:09:04.962 [JavaFX Application Thread] DEBUG Engine               - stageStyle: DECORATED
11:09:04.962 [JavaFX Application Thread] DEBUG Engine               - isManualResizeEnabled: false
11:09:04.962 [JavaFX Application Thread] DEBUG Engine               - title: Whack a teacher
11:09:04.962 [JavaFX Application Thread] DEBUG Engine               - platform: WINDOWS
11:09:04.963 [JavaFX Application Thread] DEBUG Engine               - devBBoxColorProperty: ObjectProperty [value: 0xff0000ff]
11:09:04.963 [JavaFX Application Thread] DEBUG Engine               - isDesktop: true
11:09:04.963 [JavaFX Application Thread] DEBUG Engine               - credits: []
11:09:04.963 [JavaFX Application Thread] DEBUG Engine               - globalMusicVolumeProperty: DoubleProperty [value: 0.5]
11:09:04.963 [JavaFX Application Thread] DEBUG Engine               - isPreserveResizeRatio: false
11:09:04.963 [JavaFX Application Thread] DEBUG Engine               - uIFactory: com.almasb.fxgl.ui.FXGLUIFactory@2252544c
11:09:04.963 [JavaFX Application Thread] DEBUG Engine               - fontText: Courier-Prime.ttf
11:09:04.963 [JavaFX Application Thread] DEBUG Engine               - isExperimentalTiledLargeMap: false
11:09:04.963 [JavaFX Application Thread] DEBUG Engine               - secondsIn24h: 60
11:09:04.963 [JavaFX Application Thread] DEBUG Engine               - runtimeInfo: RuntimeInfo(platform=WINDOWS, version=11.7, build=05.01.2020 09.46)
11:09:04.963 [JavaFX Application Thread] DEBUG Engine               - isLinux: false
11:09:04.963 [JavaFX Application Thread] DEBUG Engine               - soundMenuPress: menu/press.wav
11:09:04.964 [JavaFX Application Thread] DEBUG Engine               - urlGithub: https://github.com/AlmasB/FXGL
11:09:04.964 [JavaFX Application Thread] DEBUG Engine               - profileDir: profiles/
11:09:04.964 [JavaFX Application Thread] DEBUG Engine               - isDeveloperMenuEnabled: false
11:09:04.964 [JavaFX Application Thread] DEBUG Engine               - globalSoundVolumeProperty: DoubleProperty [value: 0.5]
11:09:04.964 [JavaFX Application Thread] DEBUG Engine               - isBrowser: false
11:09:04.964 [JavaFX Application Thread] DEBUG Engine               - urlLeaderboard: http://fxgl-top.herokuapp.com/
11:09:04.964 [JavaFX Application Thread] DEBUG Engine               - globalSoundVolume: 0.5
11:09:04.964 [JavaFX Application Thread] DEBUG Engine               - saveDir: saves/
11:09:04.964 [JavaFX Application Thread] DEBUG Engine               - engineServices: [class com.almasb.fxgl.audio.AudioPlayer, class com.almasb.fxgl.notification.impl.NotificationServiceProvider, class com.almasb.fxgl.achievement.AchievementManager, class com.almasb.fxgl.cutscene.CutsceneService, class com.almasb.fxgl.minigames.MiniGameService]
11:09:04.964 [JavaFX Application Thread] DEBUG Engine               - globalMusicVolume: 0.5
11:09:04.964 [JavaFX Application Thread] DEBUG Engine               - width: 1024
11:09:04.965 [JavaFX Application Thread] DEBUG Engine               - saveFileExt: .sav
11:09:04.965 [JavaFX Application Thread] DEBUG Engine               - isAndroid: false
11:09:04.965 [JavaFX Application Thread] DEBUG Engine               - fontUI: VarelaRound-Regular.ttf
11:09:04.965 [JavaFX Application Thread] DEBUG Engine               - enabledMenuItems: []
11:09:04.965 [JavaFX Application Thread] DEBUG Engine               - isIOS: false
11:09:04.967 [JavaFX Application Thread] DEBUG Engine               - Adding new engine service: class com.almasb.fxgl.audio.AudioPlayer
11:09:04.968 [JavaFX Application Thread] DEBUG Engine               - Adding new engine service: class com.almasb.fxgl.notification.impl.NotificationServiceProvider
11:09:04.969 [JavaFX Application Thread] DEBUG Engine               - Adding new engine service: class com.almasb.fxgl.achievement.AchievementManager
11:09:04.969 [JavaFX Application Thread] DEBUG Engine               - Adding new engine service: class com.almasb.fxgl.cutscene.CutsceneService
11:09:04.969 [JavaFX Application Thread] DEBUG Engine               - Adding new engine service: class com.almasb.fxgl.minigames.MiniGameService
11:09:04.972 [JavaFX Application Thread] DEBUG Engine               - Loading localizations
11:09:04.973 [JavaFX Application Thread] DEBUG AssetLoader          - Loading from file system: /assets/properties/languages/english.properties
11:09:04.975 [JavaFX Application Thread] DEBUG AssetLoader          - Loading from file system: /assets/properties/languages/french.properties
11:09:04.976 [JavaFX Application Thread] DEBUG AssetLoader          - Loading from file system: /assets/properties/languages/german.properties
11:09:04.978 [JavaFX Application Thread] DEBUG AssetLoader          - Loading from file system: /assets/properties/languages/russian.properties
11:09:04.978 [JavaFX Application Thread] DEBUG AssetLoader          - Loading from file system: /assets/properties/languages/hungarian.properties
11:09:04.980 [JavaFX Application Thread] DEBUG Engine               - Registering font factories
11:09:04.980 [JavaFX Application Thread] DEBUG AssetLoader          - Loading from file system: /assets/ui/fonts/VarelaRound-Regular.ttf
11:09:05.215 [JavaFX Application Thread] DEBUG AssetLoader          - Loading from file system: /assets/ui/fonts/Abel-Regular.ttf
11:09:05.224 [JavaFX Application Thread] DEBUG AssetLoader          - Loading from file system: /assets/ui/fonts/lucida_console.ttf
11:09:05.234 [JavaFX Application Thread] DEBUG AssetLoader          - Loading from file system: /assets/ui/fonts/Courier-Prime.ttf
11:09:05.242 [JavaFX Application Thread] DEBUG Engine               - Setting UI factory
11:09:05.311 [JavaFX Application Thread] DEBUG AssetLoader          - Loading from file system: /assets/textures/fxgl_logo.png
11:09:05.365 [JavaFX Application Thread] DEBUG MainWindow           - Creating a JavaFX scene
11:09:05.396 [JavaFX Application Thread] DEBUG MainWindow           - Target settings size: 1024.0 x 768.0
11:09:05.396 [JavaFX Application Thread] DEBUG MainWindow           - Scaled scene size:    1024.0 x 768.0
11:09:05.397 [JavaFX Application Thread] DEBUG MainWindow           - Scaled ratio: (1.0, 1.0)
11:09:05.397 [JavaFX Application Thread] DEBUG MainWindow           - Set initial scene to FXGLStartupScene
11:09:05.404 [JavaFX Application Thread] DEBUG AssetLoader          - Loading from file system: /assets/textures/fxgl_icon.png
11:09:05.416 [JavaFX Application Thread] DEBUG Engine               - Applying CSS: fxgl_dark.css
11:09:05.417 [JavaFX Application Thread] DEBUG AssetLoader          - Loading from file system: /assets/ui/css/fxgl_dark.css
11:09:05.419 [JavaFX Application Thread] DEBUG AssetLoader          - Loading from file system: /assets/ui/cursors/fxgl_default.png
11:09:05.421 [JavaFX Application Thread] DEBUG MainWindow           - Opening main window
11:09:05.543 [JavaFX Application Thread] DEBUG MainWindow           - Window border size: (14.4000244140625, 37.5999755859375)
11:09:05.543 [JavaFX Application Thread] DEBUG MainWindow           - Scaled size: 1024.0 x 768.0
11:09:05.544 [JavaFX Application Thread] DEBUG MainWindow           - Scaled ratio: (1.0, 1.0)
11:09:05.544 [JavaFX Application Thread] DEBUG MainWindow           - Scene size: 1024.0 x 768.0
11:09:05.544 [JavaFX Application Thread] DEBUG MainWindow           - Stage size: 1038.4000244140625 x 805.5999755859375
11:09:05.561 [FXGL Background Thread 1 ] DEBUG FS                   - Loaded FSServiceImpl
11:09:05.561 [FXGL Background Thread 1 ] DEBUG Engine               - Loading FXGL system data
11:09:05.568 [FXGL Background Thread 1 ] DEBUG FSServiceImpl        - Reading from: C:\Users\mikpe\IdeaProjects\Whack_A_Teacher\system\fxgl.bundle
11:09:05.582 [FXGL Background Thread 1 ] DEBUG Engine               - Bundle FXGL: {}
11:09:05.582 [FXGL Background Thread 1 ] DEBUG Engine               - Initializing application scenes
11:09:05.610 [FXGL Background Thread 1 ] DEBUG GameWorld            - Game world initialized
11:09:05.663 [FXGL Background Thread 1 ] DEBUG PhysicsWorld         - Physics world initialized: appHeight=768, physics.ppm=50,0
11:09:05.665 [FXGL Background Thread 1 ] DEBUG GameScene            - Game scene initialized: 1024x768
11:09:05.694 [FXGL Background Thread 1 ] DEBUG Input                - Registered new binding: Resume - Esc
11:09:05.695 [FXGL Background Thread 1 ] DEBUG AssetLoader          - Loading from file system: /assets/textures/pause_menu_bg.png
11:09:05.715 [FXGL Background Thread 1 ] DEBUG Input                - Registered new binding: Pause - Esc
11:09:05.715 [FXGL Background Thread 1 ] DEBUG Engine               - Application scenes initialized
11:09:05.723 [JavaFX Application Thread] DEBUG Engine               - Running preInit()
11:09:05.723 [JavaFX Application Thread] DEBUG Input                - Registered new binding: Screenshot - P
11:09:05.724 [JavaFX Application Thread] DEBUG Input                - Registered new binding: System info dump - CTRL+9
11:09:05.724 [JavaFX Application Thread] DEBUG Input                - Registered new binding: Restart - CTRL+R
11:09:05.724 [JavaFX Application Thread] DEBUG Engine               - generateDefaultProfile()
11:09:05.724 [JavaFX Application Thread] DEBUG Engine               - Creating default profile
11:09:05.724 [JavaFX Application Thread] DEBUG EventBus             - Firing event: SaveEvent
11:09:05.734 [JavaFX Application Thread] INFO  Engine               - FXGL initialization took: 0,763 sec
11:09:05.735 [JavaFX Application Thread] DEBUG LoopRunner           - Starting loop
11:09:05.744 [JavaFX Application Thread] DEBUG FXGLStartupScene     - STARTUP
11:09:05.744 [JavaFX Application Thread] DEBUG Engine               - Starting new game
11:09:05.749 [JavaFX Application Thread] DEBUG Input                - Clearing active input actions
11:09:05.750 [FXGL Background Thread 1 ] DEBUG InitAppTask          - Clearing previous game
11:09:05.750 [FXGL Background Thread 1 ] DEBUG GameWorld            - Clearing game world
11:09:05.750 [FXGL Background Thread 1 ] DEBUG PhysicsWorld         - Clearing physics world
11:09:05.750 [FXGL Background Thread 1 ] DEBUG GameScene            - Clearing game scene
11:09:05.750 [FXGL Background Thread 1 ] DEBUG InitAppTask          - Initializing Game
11:09:05.752 [FXGL Background Thread 1 ] DEBUG AssetLoader          - Loading from file system: /assets/textures/background.png
11:09:05.759 [JavaFX Application Thread] DEBUG Engine               - Removing overlay from FXGLStartupScene and adding to LoadingScene
11:09:05.759 [JavaFX Application Thread] DEBUG MainWindow           - FXGLStartupScene -> LoadingScene
11:09:05.768 [FXGL Background Thread 1 ] DEBUG AssetLoader          - Loading from file system: /assets/textures/hammer.jpg
11:09:05.779 [FXGL Background Thread 1 ] DEBUG AssetLoader          - Loading from file system: /assets/music/BHT.mp3
11:09:05.893 [FXGL Background Thread 1 ] DEBUG AudioPlayer          - Playing music com.almasb.fxgl.audio.Music@7338a709
11:09:05.894 [FXGL Background Thread 1 ] DEBUG InitAppTask          - Initializing Physics
11:09:05.896 [FXGL Background Thread 1 ] DEBUG InitAppTask          - Initializing UI
11:09:05.896 [FXGL Background Thread 1 ] DEBUG InitAppTask          - Initialization Complete
11:09:05.897 [FXGL Background Thread 1 ] INFO  InitAppTask          - Game initialization took: 0,146 sec
11:09:05.900 [JavaFX Application Thread] DEBUG Input                - Clearing active input actions
11:09:05.913 [JavaFX Application Thread] DEBUG Engine               - Removing overlay from LoadingScene and adding to GameScene
11:09:05.914 [JavaFX Application Thread] DEBUG MainWindow           - LoadingScene -> GameScene
11:09:07.853 [JavaFX Application Thread] DEBUG AssetLoader          - Loading from file system: /assets/textures/anders.jpg
11:09:08.797 [JavaFX Application Thread] DEBUG AssetLoader          - Loading from file system: /assets/textures/andras.jpg
11:09:09.807 [JavaFX Application Thread] DEBUG AssetLoader          - Loading from cache: /assets/textures/anders.jpg
11:09:11.565 [JavaFX Application Thread] DEBUG AssetLoader          - Loading from file system: /assets/textures/karsten.jpg
11:09:11.569 [JavaFX Application Thread] DEBUG AssetLoader          - Loading from cache: /assets/textures/andras.jpg
11:09:11.580 [JavaFX Application Thread] DEBUG AssetLoader          - Loading from cache: /assets/textures/anders.jpg
11:09:13.501 [JavaFX Application Thread] DEBUG AssetLoader          - Loading from cache: /assets/textures/anders.jpg
11:09:14.380 [JavaFX Application Thread] DEBUG AssetLoader          - Loading from cache: /assets/textures/andras.jpg
11:09:15.357 [JavaFX Application Thread] DEBUG AssetLoader          - Loading from cache: /assets/textures/anders.jpg
11:09:17.054 [JavaFX Application Thread] DEBUG AssetLoader          - Loading from cache: /assets/textures/karsten.jpg
11:09:17.060 [JavaFX Application Thread] DEBUG AssetLoader          - Loading from cache: /assets/textures/andras.jpg
11:09:17.085 [JavaFX Application Thread] DEBUG AssetLoader          - Loading from cache: /assets/textures/anders.jpg
11:09:18.959 [JavaFX Application Thread] DEBUG AssetLoader          - Loading from cache: /assets/textures/anders.jpg
11:09:19.901 [JavaFX Application Thread] DEBUG AssetLoader          - Loading from cache: /assets/textures/andras.jpg
11:09:20.208 [JavaFX Application Thread] DEBUG Engine               - Exiting FXGL
11:09:20.208 [JavaFX Application Thread] DEBUG Engine               - Shutting down background threads
11:09:20.208 [JavaFX Application Thread] DEBUG Engine               - Saving FXGL system data
11:09:20.212 [JavaFX Application Thread] DEBUG FSServiceImpl        - Writing to: C:\Users\mikpe\IdeaProjects\Whack_A_Teacher\system\fxgl.bundle
11:09:20.215 [JavaFX Application Thread] DEBUG Engine               - Closing logger and exiting JavaFX
