11:44:52.011 [main                     ] DEBUG GameApplication      - Logger initialized
11:44:52.053 [main                     ] DEBUG GameApplication      - Logging settings
Title: Whack a teacher
Version: 1.0
Width: 1024
Height: 768
Fullscreen: false
Intro: false
Menus: false
Profiling: false
Single step:false
App Mode: DEVELOPER
Menu Key: ESCAPE
Stage Style: DECORATED
Scene Factory: class com.almasb.fxgl.app.SceneFactory
Dialog Factory: class com.almasb.fxgl.ui.FXGLDialogFactory
UI Factory: class com.almasb.fxgl.ui.FXGLUIFactory

11:44:52.463 [JavaFX Application Thread] DEBUG Engine               - Initializing FXGL
11:44:52.463 [JavaFX Application Thread] INFO  Engine               - FXGL-11.7 (05.01.2020 09.46) on WINDOWS (J:11.0.4 FX:10.0.2-internal)
11:44:52.463 [JavaFX Application Thread] INFO  Engine               - Source code and latest versions at: https://github.com/AlmasB/FXGL
11:44:52.464 [JavaFX Application Thread] INFO  Engine               -              Join the FXGL chat at: https://gitter.im/AlmasB/FXGL
11:44:52.464 [JavaFX Application Thread] DEBUG Engine               - Initializing environment variables
11:44:52.472 [JavaFX Application Thread] DEBUG Engine               - Logging environment variables
11:44:52.473 [JavaFX Application Thread] DEBUG Engine               - achievements: []
11:44:52.473 [JavaFX Application Thread] DEBUG Engine               - sceneStack: com.almasb.fxgl.app.Engine@7ecdc99d
11:44:52.473 [JavaFX Application Thread] DEBUG Engine               - language: ObjectProperty [value: ENGLISH]
11:44:52.473 [JavaFX Application Thread] DEBUG Engine               - isCloseConfirmation: false
11:44:52.474 [JavaFX Application Thread] DEBUG Engine               - isProfilingEnabled: false
11:44:52.474 [JavaFX Application Thread] DEBUG Engine               - soundNotification: core/notification.wav
11:44:52.474 [JavaFX Application Thread] DEBUG Engine               - devShowBBoxProperty: BooleanProperty [value: false]
11:44:52.476 [JavaFX Application Thread] DEBUG Engine               - pixelsPerMeter: 50.0
11:44:52.476 [JavaFX Application Thread] DEBUG Engine               - overlayRoot: Group@398bc88f
11:44:52.476 [JavaFX Application Thread] DEBUG Engine               - soundMenuBack: menu/back.wav
11:44:52.476 [JavaFX Application Thread] DEBUG Engine               - appIcon: fxgl_icon.png
11:44:52.476 [JavaFX Application Thread] DEBUG Engine               - isFullScreenAllowed: false
11:44:52.477 [JavaFX Application Thread] DEBUG Engine               - isIntroEnabled: false
11:44:52.477 [JavaFX Application Thread] DEBUG Engine               - eventBus: com.almasb.fxgl.event.EventBus@454527b6
11:44:52.477 [JavaFX Application Thread] DEBUG Engine               - fontMono: lucida_console.ttf
11:44:52.477 [JavaFX Application Thread] DEBUG Engine               - soundMenuSelect: menu/select.wav
11:44:52.477 [JavaFX Application Thread] DEBUG Engine               - isWindows: true
11:44:52.478 [JavaFX Application Thread] DEBUG Engine               - isMobile: false
11:44:52.478 [JavaFX Application Thread] DEBUG Engine               - height: 768
11:44:52.478 [JavaFX Application Thread] DEBUG Engine               - isExperimentalNative: false
11:44:52.479 [JavaFX Application Thread] DEBUG Engine               - cSSList: [fxgl_dark.css]
11:44:52.479 [JavaFX Application Thread] DEBUG Engine               - isSingleStep: false
11:44:52.479 [JavaFX Application Thread] DEBUG Engine               - fontGame: Abel-Regular.ttf
11:44:52.479 [JavaFX Application Thread] DEBUG Engine               - menuKey: ESCAPE
11:44:52.479 [JavaFX Application Thread] DEBUG Engine               - devShowPositionProperty: BooleanProperty [value: false]
11:44:52.479 [JavaFX Application Thread] DEBUG Engine               - versionCheckDays: 7
11:44:52.480 [JavaFX Application Thread] DEBUG Engine               - masterTimer: com.almasb.fxgl.time.Timer@55d48fa2
11:44:52.480 [JavaFX Application Thread] DEBUG Engine               - configClass: Optional.empty
11:44:52.480 [JavaFX Application Thread] DEBUG Engine               - isFullScreenFromStart: false
11:44:52.480 [JavaFX Application Thread] DEBUG Engine               - version: 1.0
11:44:52.480 [JavaFX Application Thread] DEBUG Engine               - fullScreen: BooleanProperty [value: false]
11:44:52.480 [JavaFX Application Thread] DEBUG Engine               - randomSeed: -1
11:44:52.481 [JavaFX Application Thread] DEBUG Engine               - dialogFactory: com.almasb.fxgl.ui.FXGLDialogFactory@36594578
11:44:52.481 [JavaFX Application Thread] DEBUG Engine               - applicationMode: DEVELOPER
11:44:52.481 [JavaFX Application Thread] DEBUG Engine               - isMac: false
11:44:52.481 [JavaFX Application Thread] DEBUG Engine               - urlGoogleForms: https://goo.gl/forms/6wrMnOBxTE1fEpOy2
11:44:52.481 [JavaFX Application Thread] DEBUG Engine               - isMenuEnabled: false
11:44:52.481 [JavaFX Application Thread] DEBUG Engine               - urlPOM: https://raw.githubusercontent.com/AlmasB/FXGL/master/pom.xml
11:44:52.482 [JavaFX Application Thread] DEBUG Engine               - profileName: user.profile
11:44:52.482 [JavaFX Application Thread] DEBUG Engine               - notificationViewClass: class com.almasb.fxgl.notification.view.XboxNotificationView
11:44:52.482 [JavaFX Application Thread] DEBUG Engine               - devSensorColorProperty: ObjectProperty [value: 0xffff00ff]
11:44:52.482 [JavaFX Application Thread] DEBUG Engine               - sceneFactory: com.almasb.fxgl.app.SceneFactory@51f12c8c
11:44:52.482 [JavaFX Application Thread] DEBUG Engine               - dataFileExt: .dat
11:44:52.482 [JavaFX Application Thread] DEBUG Engine               - stageStyle: DECORATED
11:44:52.483 [JavaFX Application Thread] DEBUG Engine               - isManualResizeEnabled: false
11:44:52.483 [JavaFX Application Thread] DEBUG Engine               - title: Whack a teacher
11:44:52.483 [JavaFX Application Thread] DEBUG Engine               - platform: WINDOWS
11:44:52.483 [JavaFX Application Thread] DEBUG Engine               - devBBoxColorProperty: ObjectProperty [value: 0xff0000ff]
11:44:52.483 [JavaFX Application Thread] DEBUG Engine               - isDesktop: true
11:44:52.483 [JavaFX Application Thread] DEBUG Engine               - credits: []
11:44:52.484 [JavaFX Application Thread] DEBUG Engine               - globalMusicVolumeProperty: DoubleProperty [value: 0.5]
11:44:52.484 [JavaFX Application Thread] DEBUG Engine               - isPreserveResizeRatio: false
11:44:52.484 [JavaFX Application Thread] DEBUG Engine               - uIFactory: com.almasb.fxgl.ui.FXGLUIFactory@3de5d993
11:44:52.484 [JavaFX Application Thread] DEBUG Engine               - fontText: Courier-Prime.ttf
11:44:52.485 [JavaFX Application Thread] DEBUG Engine               - isExperimentalTiledLargeMap: false
11:44:52.485 [JavaFX Application Thread] DEBUG Engine               - secondsIn24h: 60
11:44:52.485 [JavaFX Application Thread] DEBUG Engine               - runtimeInfo: RuntimeInfo(platform=WINDOWS, version=11.7, build=05.01.2020 09.46)
11:44:52.485 [JavaFX Application Thread] DEBUG Engine               - isLinux: false
11:44:52.486 [JavaFX Application Thread] DEBUG Engine               - urlGithub: https://github.com/AlmasB/FXGL
11:44:52.486 [JavaFX Application Thread] DEBUG Engine               - soundMenuPress: menu/press.wav
11:44:52.486 [JavaFX Application Thread] DEBUG Engine               - profileDir: profiles/
11:44:52.486 [JavaFX Application Thread] DEBUG Engine               - isDeveloperMenuEnabled: false
11:44:52.486 [JavaFX Application Thread] DEBUG Engine               - globalSoundVolumeProperty: DoubleProperty [value: 0.5]
11:44:52.487 [JavaFX Application Thread] DEBUG Engine               - isBrowser: false
11:44:52.487 [JavaFX Application Thread] DEBUG Engine               - globalSoundVolume: 0.5
11:44:52.487 [JavaFX Application Thread] DEBUG Engine               - urlLeaderboard: http://fxgl-top.herokuapp.com/
11:44:52.487 [JavaFX Application Thread] DEBUG Engine               - saveDir: saves/
11:44:52.487 [JavaFX Application Thread] DEBUG Engine               - engineServices: [class com.almasb.fxgl.audio.AudioPlayer, class com.almasb.fxgl.notification.impl.NotificationServiceProvider, class com.almasb.fxgl.achievement.AchievementManager, class com.almasb.fxgl.cutscene.CutsceneService, class com.almasb.fxgl.minigames.MiniGameService]
11:44:52.488 [JavaFX Application Thread] DEBUG Engine               - globalMusicVolume: 0.5
11:44:52.488 [JavaFX Application Thread] DEBUG Engine               - width: 1024
11:44:52.488 [JavaFX Application Thread] DEBUG Engine               - saveFileExt: .sav
11:44:52.488 [JavaFX Application Thread] DEBUG Engine               - isAndroid: false
11:44:52.488 [JavaFX Application Thread] DEBUG Engine               - fontUI: VarelaRound-Regular.ttf
11:44:52.488 [JavaFX Application Thread] DEBUG Engine               - enabledMenuItems: []
11:44:52.488 [JavaFX Application Thread] DEBUG Engine               - isIOS: false
11:44:52.492 [JavaFX Application Thread] DEBUG Engine               - Adding new engine service: class com.almasb.fxgl.audio.AudioPlayer
11:44:52.494 [JavaFX Application Thread] DEBUG Engine               - Adding new engine service: class com.almasb.fxgl.notification.impl.NotificationServiceProvider
11:44:52.494 [JavaFX Application Thread] DEBUG Engine               - Adding new engine service: class com.almasb.fxgl.achievement.AchievementManager
11:44:52.495 [JavaFX Application Thread] DEBUG Engine               - Adding new engine service: class com.almasb.fxgl.cutscene.CutsceneService
11:44:52.496 [JavaFX Application Thread] DEBUG Engine               - Adding new engine service: class com.almasb.fxgl.minigames.MiniGameService
11:44:52.499 [JavaFX Application Thread] DEBUG Engine               - Loading localizations
11:44:52.502 [JavaFX Application Thread] DEBUG AssetLoader          - Loading from file system: /assets/properties/languages/english.properties
11:44:52.505 [JavaFX Application Thread] DEBUG AssetLoader          - Loading from file system: /assets/properties/languages/french.properties
11:44:52.506 [JavaFX Application Thread] DEBUG AssetLoader          - Loading from file system: /assets/properties/languages/german.properties
11:44:52.507 [JavaFX Application Thread] DEBUG AssetLoader          - Loading from file system: /assets/properties/languages/russian.properties
11:44:52.508 [JavaFX Application Thread] DEBUG AssetLoader          - Loading from file system: /assets/properties/languages/hungarian.properties
11:44:52.510 [JavaFX Application Thread] DEBUG Engine               - Registering font factories
11:44:52.511 [JavaFX Application Thread] DEBUG AssetLoader          - Loading from file system: /assets/ui/fonts/VarelaRound-Regular.ttf
11:44:52.923 [JavaFX Application Thread] DEBUG AssetLoader          - Loading from file system: /assets/ui/fonts/Abel-Regular.ttf
11:44:52.935 [JavaFX Application Thread] DEBUG AssetLoader          - Loading from file system: /assets/ui/fonts/lucida_console.ttf
11:44:52.949 [JavaFX Application Thread] DEBUG AssetLoader          - Loading from file system: /assets/ui/fonts/Courier-Prime.ttf
11:44:52.961 [JavaFX Application Thread] DEBUG Engine               - Setting UI factory
11:44:53.071 [JavaFX Application Thread] DEBUG AssetLoader          - Loading from file system: /assets/textures/fxgl_logo.png
11:44:53.163 [JavaFX Application Thread] DEBUG MainWindow           - Creating a JavaFX scene
11:44:53.219 [JavaFX Application Thread] DEBUG MainWindow           - Target settings size: 1024.0 x 768.0
11:44:53.219 [JavaFX Application Thread] DEBUG MainWindow           - Scaled scene size:    1024.0 x 768.0
11:44:53.219 [JavaFX Application Thread] DEBUG MainWindow           - Scaled ratio: (1.0, 1.0)
11:44:53.221 [JavaFX Application Thread] DEBUG MainWindow           - Set initial scene to FXGLStartupScene
11:44:53.231 [JavaFX Application Thread] DEBUG AssetLoader          - Loading from file system: /assets/textures/fxgl_icon.png
11:44:53.245 [JavaFX Application Thread] DEBUG Engine               - Applying CSS: fxgl_dark.css
11:44:53.245 [JavaFX Application Thread] DEBUG AssetLoader          - Loading from file system: /assets/ui/css/fxgl_dark.css
11:44:53.248 [JavaFX Application Thread] DEBUG AssetLoader          - Loading from file system: /assets/ui/cursors/fxgl_default.png
11:44:53.250 [JavaFX Application Thread] DEBUG MainWindow           - Opening main window
11:44:53.447 [JavaFX Application Thread] DEBUG MainWindow           - Window border size: (14.4000244140625, 37.5999755859375)
11:44:53.447 [JavaFX Application Thread] DEBUG MainWindow           - Scaled size: 1024.0 x 768.0
11:44:53.447 [JavaFX Application Thread] DEBUG MainWindow           - Scaled ratio: (1.0, 1.0)
11:44:53.447 [JavaFX Application Thread] DEBUG MainWindow           - Scene size: 1024.0 x 768.0
11:44:53.448 [JavaFX Application Thread] DEBUG MainWindow           - Stage size: 1038.4000244140625 x 805.5999755859375
11:44:53.461 [FXGL Background Thread 1 ] DEBUG FS                   - Loaded FSServiceImpl
11:44:53.461 [FXGL Background Thread 1 ] DEBUG Engine               - Loading FXGL system data
11:44:53.468 [FXGL Background Thread 1 ] DEBUG FSServiceImpl        - Reading from: C:\Users\mikpe\IdeaProjects\Whack_A_Teacher\system\fxgl.bundle
11:44:53.483 [FXGL Background Thread 1 ] DEBUG Engine               - Bundle FXGL: {}
11:44:53.483 [FXGL Background Thread 1 ] DEBUG Engine               - Initializing application scenes
11:44:53.521 [FXGL Background Thread 1 ] DEBUG GameWorld            - Game world initialized
11:44:53.594 [FXGL Background Thread 1 ] DEBUG PhysicsWorld         - Physics world initialized: appHeight=768, physics.ppm=50,0
11:44:53.598 [FXGL Background Thread 1 ] DEBUG GameScene            - Game scene initialized: 1024x768
11:44:53.635 [FXGL Background Thread 1 ] DEBUG Input                - Registered new binding: Resume - Esc
11:44:53.636 [FXGL Background Thread 1 ] DEBUG AssetLoader          - Loading from file system: /assets/textures/pause_menu_bg.png
11:44:53.669 [FXGL Background Thread 1 ] DEBUG Input                - Registered new binding: Pause - Esc
11:44:53.669 [FXGL Background Thread 1 ] DEBUG Engine               - Application scenes initialized
11:44:53.674 [JavaFX Application Thread] DEBUG Engine               - Running preInit()
11:44:53.675 [JavaFX Application Thread] DEBUG Input                - Registered new binding: Screenshot - P
11:44:53.676 [JavaFX Application Thread] DEBUG Input                - Registered new binding: System info dump - CTRL+9
11:44:53.676 [JavaFX Application Thread] DEBUG Input                - Registered new binding: Restart - CTRL+R
11:44:53.676 [JavaFX Application Thread] DEBUG Engine               - generateDefaultProfile()
11:44:53.676 [JavaFX Application Thread] DEBUG Engine               - Creating default profile
11:44:53.677 [JavaFX Application Thread] DEBUG EventBus             - Firing event: SaveEvent
11:44:53.697 [JavaFX Application Thread] INFO  Engine               - FXGL initialization took: 1,198 sec
11:44:53.698 [JavaFX Application Thread] DEBUG LoopRunner           - Starting loop
11:44:53.722 [JavaFX Application Thread] DEBUG FXGLStartupScene     - STARTUP
11:44:53.722 [JavaFX Application Thread] DEBUG Engine               - Starting new game
11:44:53.731 [JavaFX Application Thread] DEBUG Input                - Clearing active input actions
11:44:53.732 [FXGL Background Thread 1 ] DEBUG InitAppTask          - Clearing previous game
11:44:53.732 [FXGL Background Thread 1 ] DEBUG GameWorld            - Clearing game world
11:44:53.732 [FXGL Background Thread 1 ] DEBUG PhysicsWorld         - Clearing physics world
11:44:53.732 [FXGL Background Thread 1 ] DEBUG GameScene            - Clearing game scene
11:44:53.732 [FXGL Background Thread 1 ] DEBUG InitAppTask          - Initializing Game
11:44:53.736 [FXGL Background Thread 1 ] DEBUG AssetLoader          - Loading from file system: /assets/textures/background.png
11:44:53.747 [JavaFX Application Thread] DEBUG Engine               - Removing overlay from FXGLStartupScene and adding to LoadingScene
11:44:53.747 [JavaFX Application Thread] DEBUG MainWindow           - FXGLStartupScene -> LoadingScene
11:44:53.766 [FXGL Background Thread 1 ] DEBUG AssetLoader          - Loading from file system: /assets/textures/hammer3.jpg
11:44:53.786 [FXGL Background Thread 1 ] DEBUG AssetLoader          - Loading from file system: /assets/music/BHT.mp3
11:44:53.939 [FXGL Background Thread 1 ] DEBUG AudioPlayer          - Playing music com.almasb.fxgl.audio.Music@526965f
11:44:53.940 [FXGL Background Thread 1 ] DEBUG InitAppTask          - Initializing Physics
11:44:53.944 [FXGL Background Thread 1 ] DEBUG InitAppTask          - Initializing UI
11:44:53.944 [FXGL Background Thread 1 ] DEBUG InitAppTask          - Initialization Complete
11:44:53.944 [FXGL Background Thread 1 ] INFO  InitAppTask          - Game initialization took: 0,213 sec
11:44:53.953 [JavaFX Application Thread] DEBUG Input                - Clearing active input actions
11:44:53.967 [JavaFX Application Thread] DEBUG Engine               - Removing overlay from LoadingScene and adding to GameScene
11:44:53.969 [JavaFX Application Thread] DEBUG MainWindow           - LoadingScene -> GameScene
11:44:55.954 [JavaFX Application Thread] DEBUG AssetLoader          - Loading from file system: /assets/textures/anders.jpg
11:44:56.580 [JavaFX Application Thread] DEBUG AssetLoader          - Loading from file system: /assets/sounds/slap.wav
11:44:56.900 [JavaFX Application Thread] DEBUG AssetLoader          - Loading from file system: /assets/textures/andras.jpg
11:44:57.346 [JavaFX Application Thread] DEBUG AssetLoader          - Loading from cache: /assets/sounds/slap.wav
11:44:57.825 [JavaFX Application Thread] DEBUG AssetLoader          - Loading from cache: /assets/textures/anders.jpg
11:44:58.161 [JavaFX Application Thread] DEBUG AssetLoader          - Loading from cache: /assets/sounds/slap.wav
11:44:59.617 [JavaFX Application Thread] DEBUG AssetLoader          - Loading from file system: /assets/textures/karsten.jpg
11:44:59.621 [JavaFX Application Thread] DEBUG AssetLoader          - Loading from cache: /assets/textures/andras.jpg
11:44:59.629 [JavaFX Application Thread] DEBUG AssetLoader          - Loading from cache: /assets/textures/anders.jpg
11:45:00.097 [JavaFX Application Thread] DEBUG AssetLoader          - Loading from cache: /assets/sounds/slap.wav
11:45:00.385 [JavaFX Application Thread] DEBUG AssetLoader          - Loading from cache: /assets/sounds/slap.wav
11:45:00.689 [JavaFX Application Thread] DEBUG AssetLoader          - Loading from cache: /assets/sounds/slap.wav
11:45:01.521 [JavaFX Application Thread] DEBUG AssetLoader          - Loading from cache: /assets/textures/anders.jpg
11:45:02.001 [JavaFX Application Thread] DEBUG AssetLoader          - Loading from cache: /assets/sounds/slap.wav
11:45:02.430 [JavaFX Application Thread] DEBUG AssetLoader          - Loading from cache: /assets/textures/andras.jpg
11:45:02.929 [JavaFX Application Thread] DEBUG AssetLoader          - Loading from cache: /assets/sounds/slap.wav
11:45:03.346 [JavaFX Application Thread] DEBUG AssetLoader          - Loading from cache: /assets/textures/anders.jpg
11:45:03.777 [JavaFX Application Thread] DEBUG AssetLoader          - Loading from cache: /assets/sounds/slap.wav
11:45:04.965 [JavaFX Application Thread] DEBUG AssetLoader          - Loading from cache: /assets/textures/karsten.jpg
11:45:04.979 [JavaFX Application Thread] DEBUG AssetLoader          - Loading from cache: /assets/textures/andras.jpg
11:45:05.009 [JavaFX Application Thread] DEBUG AssetLoader          - Loading from cache: /assets/textures/anders.jpg
11:45:05.539 [JavaFX Application Thread] DEBUG AssetLoader          - Loading from cache: /assets/sounds/slap.wav
11:45:05.809 [JavaFX Application Thread] DEBUG AssetLoader          - Loading from cache: /assets/sounds/slap.wav
11:45:06.209 [JavaFX Application Thread] DEBUG AssetLoader          - Loading from cache: /assets/sounds/slap.wav
11:45:07.014 [JavaFX Application Thread] DEBUG AssetLoader          - Loading from cache: /assets/textures/anders.jpg
11:45:07.713 [JavaFX Application Thread] DEBUG AssetLoader          - Loading from cache: /assets/sounds/slap.wav
11:45:07.954 [JavaFX Application Thread] DEBUG AssetLoader          - Loading from cache: /assets/textures/andras.jpg
11:45:08.369 [JavaFX Application Thread] DEBUG AssetLoader          - Loading from cache: /assets/sounds/slap.wav
11:45:08.898 [JavaFX Application Thread] DEBUG AssetLoader          - Loading from cache: /assets/textures/anders.jpg
11:45:09.410 [JavaFX Application Thread] DEBUG AssetLoader          - Loading from cache: /assets/sounds/slap.wav
11:45:10.754 [JavaFX Application Thread] DEBUG AssetLoader          - Loading from cache: /assets/textures/karsten.jpg
11:45:10.770 [JavaFX Application Thread] DEBUG AssetLoader          - Loading from cache: /assets/textures/andras.jpg
11:45:10.801 [JavaFX Application Thread] DEBUG AssetLoader          - Loading from cache: /assets/textures/anders.jpg
11:45:11.121 [JavaFX Application Thread] DEBUG AssetLoader          - Loading from cache: /assets/sounds/slap.wav
11:45:11.169 [JavaFX Application Thread] DEBUG AssetLoader          - Loading from cache: /assets/sounds/slap.wav
11:45:11.553 [JavaFX Application Thread] DEBUG AssetLoader          - Loading from cache: /assets/sounds/slap.wav
11:45:12.657 [JavaFX Application Thread] DEBUG AssetLoader          - Loading from cache: /assets/textures/anders.jpg
11:45:13.027 [JavaFX Application Thread] DEBUG AssetLoader          - Loading from cache: /assets/sounds/slap.wav
11:45:13.512 [JavaFX Application Thread] DEBUG AssetLoader          - Loading from cache: /assets/textures/andras.jpg
11:45:13.905 [JavaFX Application Thread] DEBUG AssetLoader          - Loading from cache: /assets/sounds/slap.wav
11:45:14.467 [JavaFX Application Thread] DEBUG AssetLoader          - Loading from cache: /assets/textures/anders.jpg
11:45:14.481 [JavaFX Application Thread] DEBUG AssetLoader          - Loading from cache: /assets/sounds/slap.wav
11:45:16.034 [JavaFX Application Thread] DEBUG AssetLoader          - Loading from cache: /assets/textures/karsten.jpg
11:45:16.049 [JavaFX Application Thread] DEBUG AssetLoader          - Loading from cache: /assets/textures/andras.jpg
11:45:16.097 [JavaFX Application Thread] DEBUG AssetLoader          - Loading from cache: /assets/textures/anders.jpg
11:45:16.417 [JavaFX Application Thread] DEBUG AssetLoader          - Loading from cache: /assets/sounds/slap.wav
11:45:16.885 [JavaFX Application Thread] DEBUG AssetLoader          - Loading from cache: /assets/sounds/slap.wav
11:45:17.138 [JavaFX Application Thread] DEBUG AssetLoader          - Loading from cache: /assets/sounds/slap.wav
11:45:17.906 [JavaFX Application Thread] DEBUG AssetLoader          - Loading from cache: /assets/textures/anders.jpg
11:45:18.274 [JavaFX Application Thread] DEBUG AssetLoader          - Loading from cache: /assets/sounds/slap.wav
11:45:18.819 [JavaFX Application Thread] DEBUG AssetLoader          - Loading from cache: /assets/textures/andras.jpg
11:45:19.185 [JavaFX Application Thread] DEBUG AssetLoader          - Loading from cache: /assets/sounds/slap.wav
11:45:19.729 [JavaFX Application Thread] DEBUG AssetLoader          - Loading from cache: /assets/textures/anders.jpg
11:45:20.017 [JavaFX Application Thread] DEBUG AssetLoader          - Loading from cache: /assets/sounds/slap.wav
11:45:21.242 [JavaFX Application Thread] DEBUG AssetLoader          - Loading from cache: /assets/textures/karsten.jpg
11:45:21.298 [JavaFX Application Thread] DEBUG AssetLoader          - Loading from cache: /assets/textures/andras.jpg
11:45:21.362 [JavaFX Application Thread] DEBUG AssetLoader          - Loading from cache: /assets/textures/anders.jpg
11:45:21.873 [JavaFX Application Thread] DEBUG AssetLoader          - Loading from cache: /assets/sounds/slap.wav
11:45:22.148 [JavaFX Application Thread] DEBUG AssetLoader          - Loading from cache: /assets/sounds/slap.wav
11:45:22.481 [JavaFX Application Thread] DEBUG AssetLoader          - Loading from cache: /assets/sounds/slap.wav
11:45:23.282 [JavaFX Application Thread] DEBUG AssetLoader          - Loading from cache: /assets/textures/anders.jpg
11:45:23.746 [JavaFX Application Thread] DEBUG AssetLoader          - Loading from cache: /assets/sounds/slap.wav
11:45:24.142 [JavaFX Application Thread] DEBUG AssetLoader          - Loading from cache: /assets/textures/andras.jpg
11:45:24.577 [JavaFX Application Thread] DEBUG AssetLoader          - Loading from cache: /assets/sounds/slap.wav
11:45:24.977 [JavaFX Application Thread] DEBUG AssetLoader          - Loading from cache: /assets/textures/anders.jpg
11:45:25.409 [JavaFX Application Thread] DEBUG AssetLoader          - Loading from cache: /assets/sounds/slap.wav
11:45:26.353 [JavaFX Application Thread] DEBUG AssetLoader          - Loading from cache: /assets/textures/karsten.jpg
11:45:26.402 [JavaFX Application Thread] DEBUG AssetLoader          - Loading from cache: /assets/textures/andras.jpg
11:45:26.482 [JavaFX Application Thread] DEBUG AssetLoader          - Loading from cache: /assets/textures/anders.jpg
11:45:26.690 [JavaFX Application Thread] DEBUG AssetLoader          - Loading from cache: /assets/sounds/slap.wav
11:45:26.946 [JavaFX Application Thread] DEBUG AssetLoader          - Loading from cache: /assets/sounds/slap.wav
11:45:27.169 [JavaFX Application Thread] DEBUG AssetLoader          - Loading from cache: /assets/sounds/slap.wav
11:45:28.321 [JavaFX Application Thread] DEBUG AssetLoader          - Loading from cache: /assets/textures/anders.jpg
11:45:28.817 [JavaFX Application Thread] DEBUG AssetLoader          - Loading from cache: /assets/sounds/slap.wav
11:45:29.105 [JavaFX Application Thread] DEBUG AssetLoader          - Loading from cache: /assets/textures/andras.jpg
11:45:29.521 [JavaFX Application Thread] DEBUG AssetLoader          - Loading from cache: /assets/sounds/slap.wav
11:45:30.001 [JavaFX Application Thread] DEBUG AssetLoader          - Loading from cache: /assets/textures/anders.jpg
11:45:30.481 [JavaFX Application Thread] DEBUG AssetLoader          - Loading from cache: /assets/sounds/slap.wav
11:45:31.361 [JavaFX Application Thread] DEBUG AssetLoader          - Loading from cache: /assets/textures/karsten.jpg
11:45:31.475 [JavaFX Application Thread] DEBUG AssetLoader          - Loading from cache: /assets/textures/andras.jpg
11:45:31.570 [JavaFX Application Thread] DEBUG AssetLoader          - Loading from cache: /assets/textures/anders.jpg
11:45:31.698 [JavaFX Application Thread] DEBUG AssetLoader          - Loading from cache: /assets/sounds/slap.wav
11:45:31.761 [JavaFX Application Thread] DEBUG AssetLoader          - Loading from cache: /assets/sounds/slap.wav
11:45:32.161 [JavaFX Application Thread] DEBUG AssetLoader          - Loading from cache: /assets/sounds/slap.wav
11:45:33.426 [JavaFX Application Thread] DEBUG AssetLoader          - Loading from cache: /assets/textures/anders.jpg
11:45:33.710 [JavaFX Application Thread] DEBUG Engine               - Exiting FXGL
11:45:33.710 [JavaFX Application Thread] DEBUG Engine               - Shutting down background threads
11:45:33.710 [JavaFX Application Thread] DEBUG Engine               - Saving FXGL system data
11:45:33.715 [JavaFX Application Thread] DEBUG FSServiceImpl        - Writing to: C:\Users\mikpe\IdeaProjects\Whack_A_Teacher\system\fxgl.bundle
11:45:33.719 [JavaFX Application Thread] DEBUG Engine               - Closing logger and exiting JavaFX
